2025-01-30 18:55:05.474 [info] 2025-01-30T11:55:04.129Z extension INFO  Activating extension... [
  {
    id: 'mongodb.mongodb-vscode',
    version: '1.11.0',
    mode: 'Production',
    kind: 'UI',
    extensionPath: '/home/aditya/.vscode/extensions/mongodb.mongodb-vscode-1.11.0',
    logPath: '/home/aditya/.config/Code/logs/20250130T185500/window1/exthost/mongodb.mongodb-vscode',
    workspaceStoragePath: '/home/aditya/.config/Code/User/workspaceStorage/3719229b2efcd0f5ed52c77c0ef502bf/mongodb.mongodb-vscode',
    globalStoragePath: '/home/aditya/.config/Code/User/globalStorage/mongodb.mongodb-vscode',
    defaultConnectionSavingLocation: 'Global',
    buildInfo: {
      nodeVersion: 'v20.18.1',
      runtimePlatform: 'linux',
      runtimeArch: 'x64'
    }
  }
]

2025-01-30 18:55:05.474 [info] 2025-01-30T11:55:04.132Z language server controller INFO  Creating MongoDB Language Server... [
  {
    extensionPath: '/home/aditya/.vscode/extensions/mongodb.mongodb-vscode-1.11.0',
    languageServer: {
      id: 'mongodbLanguageServer',
      name: 'MongoDB Language Server',
      path: '/home/aditya/.vscode/extensions/mongodb.mongodb-vscode-1.11.0/dist/languageServer.js',
      documentSelector: '[{"pattern":"**/*.mongodb.js"},{"pattern":"**/*.mongodb"}]'
    }
  }
]

2025-01-30 18:55:05.474 [info] 2025-01-30T11:55:04.145Z telemetry INFO  Segment analytics activated [ { anonymousId: '03007e80-99c1-4060-99cb-848ae588190c' } ]

2025-01-30 18:55:05.474 [info] 2025-01-30T11:55:04.146Z participant INFO  Chat participant created [ { participantId: 'mongodb.participant' } ]

2025-01-30 18:55:05.474 [info] 2025-01-30T11:55:04.147Z language server controller INFO  Starting the language server... []

2025-01-30 18:55:05.474 [info] 2025-01-30T11:55:05.263Z language server controller INFO  MongoDBService initialized. Sending default settings... {"extensionPath":"/home/aditya/.vscode/extensions/mongodb.mongodb-vscode-1.11.0","connectionId":null,"hasConnectionString":false,"hasConnectionOptions":false} []

2025-01-30 18:55:05.857 [info] 2025-01-30T11:55:05.849Z extension INFO  Deactivating extension... []

2025-01-30 18:55:05.857 [info] 2025-01-30T11:55:05.849Z connection controller INFO  Disconnect called, currently connected to [ null ]

2025-01-30 18:55:05.857 [info] 2025-01-30T11:55:05.850Z language server controller INFO  Changing MongoDBService active connection... [ { connectionId: null } ]

2025-01-30 18:55:05.857 [info] 2025-01-30T11:55:05.850Z connection controller ERROR Unable to disconnect: no active connection []

2025-01-30 18:55:05.857 [info] 2025-01-30T11:55:05.853Z connection controller INFO  Disconnect called, currently connected to [ null ]

2025-01-30 18:55:05.858 [info] 2025-01-30T11:55:05.854Z language server controller INFO  Changing MongoDBService active connection... [ { connectionId: null } ]

2025-01-30 18:55:05.858 [info] 2025-01-30T11:55:05.854Z connection controller ERROR Unable to disconnect: no active connection []

2025-01-30 18:55:05.858 [info] 2025-01-30T11:55:05.857Z language server controller INFO  Deactivating the language server... []

2025-01-30 18:55:05.858 [info] 2025-01-30T11:55:05.858Z language server controller INFO  Deactivating the language server... []

