(VSCode) 2025-01-31 02:10:13.376 [INFO]: No proxy settings found
(VSCode) 2025-01-31 02:10:17.455 [INFO]: Checking network connection...
(VSCode) 2025-01-31 02:10:28.432 [ERROR]: 
      Network Test Response Summary:
      Code: ECONNRESET,
      Message: Request timed out,
      Error Message: socket hang up
      Proxy Headers: undefined,
      Certificate Info:
        Valid From: ,
        Valid To: ,
      Expired: false,
      
(VSCode) 2025-01-31 02:10:28.844 [INFO]: Creating manager directory: /tmp/9778b877-6ff7-4279-b808-092335bf8ec2/codeium/manager
(VSCode) 2025-01-31 02:10:34.286 [INFO]: Using cached LS with valid crc32: /home/aditya/.vscode/extensions/codeium.codeium-1.30.18/dist/1922b6ec8869ef782574fa5f5951f1c5e172c7b6/language_server_linux_x64
(VSCode) 2025-01-31 02:10:34.346 [INFO]: Language server started
2025/01/31 02:10:34 maxprocs: Leaving GOMAXPROCS=8: CPU quota undefined
I0131 02:10:34.694763 21647 main.go:568] [Language Server Manager] Setting GOMAXPROCS to 8
I0131 02:10:34.694942 21647 main.go:707] [Language Server Manager] Release 1.30.18 (1922b6ec8869ef782574fa5f5951f1c5e172c7b6)
I0131 02:10:34.695026 21647 main.go:786] [Language Server Manager] Starting language server manager with pid 21647
I0131 02:10:34.695253 21647 main.go:123] [Language Server Manager] Manager acquired its lock file /tmp/9778b877-6ff7-4279-b808-092335bf8ec2/codeium/manager/locks/manager.lock
I0131 02:10:34.696870 21647 main.go:264] [Language Server Manager] Waiting for random port file in /tmp/9778b877-6ff7-4279-b808-092335bf8ec2/codeium/manager/child_random_port_1738264234695489478_5748882922993743189 to be created
2025/01/31 02:10:34 maxprocs: Leaving GOMAXPROCS=8: CPU quota undefined
I0131 02:10:35.049740 21660 main.go:568] Setting GOMAXPROCS to 4
I0131 02:10:35.050169 21660 main.go:780] Starting language server process with pid 21660
I0131 02:10:35.050284 21660 server.go:220] Language server will attempt to listen on host 127.0.0.1
I0131 02:10:35.050595 21660 server.go:227] Language server listening on random port at 41691
I0131 02:10:35.887480 21660 unleash.go:92] Initializing Unleash
I0131 02:10:36.629663 21660 unleash.go:112] Successfully initialized Unleash
I0131 02:10:36.630388 21660 server.go:297] Extension server port not specified; skipping extension server client creation
I0131 02:10:36.667389 21660 web_server.go:258] Chat Web Server listening at ws://127.0.0.1:46211
E0131 02:10:36.708364 21660 client_manager.go:275] Metadata is nil when trying to refresh user JWT
I0131 02:10:36.709729 21660 server.go:528] Successfully created API server client
I0131 02:10:36.858901 21660 server.go:546] Successfully initialized tokenizer
I0131 02:10:37.919089 21660 server.go:721] Local search is enabled, will index local files.
I0131 02:10:37.919159 21660 server.go:725] Using 2 indexer workers
I0131 02:10:37.925527 21660 sqlite_faiss_db_client.go:64] Successfully created embedding search database in 6ms
I0131 02:10:37.926466 21660 indexer.go:213] Using 4 embed workers
I0131 02:10:37.926563 21660 search_provider.go:274] Successfully created and started indexer
I0131 02:10:37.926696 21660 search_provider.go:304] Successfully created embedding search provider
I0131 02:10:38.345902 21660 server.go:813] Successfully created completion provider
I0131 02:10:38.346008 21660 server.go:862] Child process attempting to acquire lock file /tmp/9778b877-6ff7-4279-b808-092335bf8ec2/codeium/manager/locks/child_lock_1738264234695585723_5383740017891421716
I0131 02:10:38.346168 21660 server.go:870] Child process acquired lock file /tmp/9778b877-6ff7-4279-b808-092335bf8ec2/codeium/manager/locks/child_lock_1738264234695585723_5383740017891421716
I0131 02:10:38.369205 21660 server.go:356] LSP listening on random port at 37369
37369
I0131 02:10:38.413732 21647 main.go:300] [Language Server Manager] Found random server port 41691
I0131 02:10:38.413838 21647 main.go:301] [Language Server Manager] Found random lsp port 37369
I0131 02:10:38.413915 21647 main.go:308] [Language Server Manager] Attempting to connect to language server at 127.0.0.1:41691
I0131 02:10:38.428542 21647 main.go:177] [Language Server Manager] Fixing language server port at 41691
I0131 02:10:38.428608 21647 main.go:360] [Language Server Manager] Successfully connected to new language server at 127.0.0.1:41691
(VSCode) 2025-01-31 02:10:38.483 [INFO]: Found language server running on port 41691
I0131 02:10:38.534033 21660 utils.go:228] Analyzing workspace files for /home/aditya/dotfiles
I0131 02:10:38.534298 21660 utils.go:282] Done analyzing workspace files for /home/aditya/dotfiles
(VSCode) 2025-01-31 02:10:38.997 [INFO]: openAllTextDocuments took 142.27364900000248ms
I0131 02:10:39.797527 21660 lazy_model.go:31] Successfully created embedding store
(VSCode) 2025-01-31 02:17:16.758 [ERROR]: Illegal value for `line`
(VSCode) 2025-01-31 02:17:16.791 [ERROR]: Illegal value for `line`
(VSCode) 2025-01-31 02:17:16.894 [INFO]: Codeium is not enabled for the current document.
(VSCode) 2025-01-31 02:17:17.858 [INFO]: Codeium is not enabled for the current document.
