Locating server…
Checking if /home/aditya/dotfiles/.config/nwg-dock-hyprland/style.css may be Tailwind-related…
Checking if /home/aditya/dotfiles/.config/nwg-dock-hyprland/style.css may be Tailwind-related…
Checking if /home/aditya/dotfiles/.config/gtk-4.0/gtk-dark.css may be Tailwind-related…
Checking if /home/aditya/dotfiles/.config/gtk-4.0/gtk-dark.css may be Tailwind-related…
Checking if /home/aditya/dotfiles/.config/gtk-4.0/gtk.css may be Tailwind-related…
Checking if /home/aditya/dotfiles/.config/gtk-4.0/gtk.css may be Tailwind-related…
Checking if /home/aditya/dotfiles/.config/wal/templates/colors-wlogout.css may be Tailwind-related…
Checking if /home/aditya/dotfiles/.config/wal/templates/colors-wlogout.css may be Tailwind-related…
Checking if /home/aditya/dotfiles/.config/wal/templates/colors-waybar.css may be Tailwind-related…
Checking if /home/aditya/dotfiles/.config/waybar/style.css may be Tailwind-related…
Checking if /home/aditya/dotfiles/.config/wal/templates/colors-waybar.css may be Tailwind-related…
Checking if /home/aditya/dotfiles/.config/wlogout/style.css may be Tailwind-related…
Checking if /home/aditya/dotfiles/.config/waybar/style.css may be Tailwind-related…
Booting server...
Checking if /home/aditya/dotfiles/.config/wlogout/style.css may be Tailwind-related…
Setting up server…
Listening for messages…
Searching for Tailwind CSS projects in the workspace's folders.
{"tailwind":{"version":"3.4.4","features":["layer:base","separator:root","content-list","jit","css-at-config-as-project","relative-content-paths","transpiled-configs"],"isDefaultVersion":true},"path":"/home/aditya/dotfiles/.config/wlogout/style.css"}
[Global] Creating projects: []
[Global] Preparing projects...
[Global] Initializing projects...
[Global] Initialized 0 projects
[Info  - 2:17:14 AM] [GLOBAL] No matching project for document {
  fsPath: '/home/aditya/dotfiles/.config/kitty/kitty.conf',
  normalPath: '/home/aditya/dotfiles/.config/kitty/kitty.conf'
}
[Info  - 2:19:39 AM] [GLOBAL] No matching project for document {
  fsPath: '/home/aditya/dotfiles/.config/waybar/config.jsonc',
  normalPath: '/home/aditya/dotfiles/.config/waybar/config.jsonc'
}
