2025-02-01 11:26:38.105 [info] Reading sessions from keychain...
2025-02-01 11:26:38.105 [info] Getting sessions for all scopes...
2025-02-01 11:26:38.105 [info] Getting sessions for all scopes...
2025-02-01 11:26:38.105 [info] Got stored sessions!
2025-02-01 11:26:38.105 [info] Got 3 verified sessions.
2025-02-01 11:26:38.106 [info] Got 3 sessions for ...
2025-02-01 11:26:38.106 [info] Got 3 sessions for ...
2025-02-01 11:26:38.167 [info] Getting sessions for all scopes...
2025-02-01 11:26:38.168 [info] Got 3 sessions for ...
2025-02-01 11:26:38.169 [info] Getting sessions for all scopes...
2025-02-01 11:26:38.169 [info] Got 3 sessions for ...
2025-02-01 11:26:38.170 [info] Getting sessions for all scopes...
2025-02-01 11:26:38.170 [info] Got 3 sessions for ...
2025-02-01 11:26:38.171 [info] Getting sessions for all scopes...
2025-02-01 11:26:38.171 [info] Got 3 sessions for ...
2025-02-01 11:26:38.172 [info] Getting sessions for all scopes...
2025-02-01 11:26:38.172 [info] Got 3 sessions for ...
2025-02-01 11:26:39.571 [info] Getting sessions for all scopes...
2025-02-01 11:26:39.571 [info] Got 3 sessions for ...
2025-02-01 11:26:39.627 [info] Getting sessions for user:email...
2025-02-01 11:26:39.627 [info] Got 1 sessions for user:email...
2025-02-01 11:26:42.542 [info] Getting sessions for all scopes...
2025-02-01 11:26:42.542 [info] Got 3 sessions for ...
2025-02-01 11:27:14.295 [info] Getting sessions for read:user,repo,user:email,workflow...
2025-02-01 11:27:14.296 [info] Got 1 sessions for read:user,repo,user:email,workflow...
2025-02-01 11:27:14.297 [info] Getting sessions for all scopes...
2025-02-01 11:27:14.297 [info] Got 3 sessions for ...
2025-02-01 11:27:14.298 [info] Getting sessions for all scopes...
2025-02-01 11:27:14.298 [info] Got 3 sessions for ...
2025-02-01 11:27:15.855 [info] Getting sessions for read:user,repo,user:email,workflow...
2025-02-01 11:27:15.855 [info] Got 1 sessions for read:user,repo,user:email,workflow...
2025-02-01 11:27:16.512 [info] Getting sessions for all scopes...
2025-02-01 11:27:16.512 [info] Got 3 sessions for ...
2025-02-01 11:27:16.513 [info] Getting sessions for all scopes...
2025-02-01 11:27:16.513 [info] Got 3 sessions for ...
2025-02-01 11:27:29.086 [info] Getting sessions for read:user,repo,user:email,workflow...
2025-02-01 11:27:29.086 [info] Got 1 sessions for read:user,repo,user:email,workflow...
2025-02-01 11:27:30.695 [info] Getting sessions for all scopes...
2025-02-01 11:27:30.696 [info] Got 3 sessions for ...
2025-02-01 11:27:30.697 [info] Getting sessions for all scopes...
2025-02-01 11:27:30.697 [info] Got 3 sessions for ...
2025-02-01 11:27:30.783 [info] Getting sessions for read:user,repo,user:email,workflow...
2025-02-01 11:27:30.783 [info] Got 1 sessions for read:user,repo,user:email,workflow...
2025-02-01 11:27:30.899 [info] Getting sessions for all scopes...
2025-02-01 11:27:30.899 [info] Got 3 sessions for ...
2025-02-01 11:27:30.907 [info] Getting sessions for read:user,repo,user:email,workflow...
2025-02-01 11:27:30.908 [info] Got 1 sessions for read:user,repo,user:email,workflow...
2025-02-01 11:27:30.952 [info] Getting sessions for read:user,repo,user:email,workflow...
2025-02-01 11:27:30.953 [info] Got 1 sessions for read:user,repo,user:email,workflow...
2025-02-01 11:27:32.564 [info] Getting sessions for all scopes...
2025-02-01 11:27:32.564 [info] Got 3 sessions for ...
2025-02-01 11:27:32.619 [info] Getting sessions for read:user,repo,user:email,workflow...
2025-02-01 11:27:32.619 [info] Got 1 sessions for read:user,repo,user:email,workflow...
2025-02-01 11:42:32.647 [info] Getting sessions for all scopes...
2025-02-01 11:42:32.647 [info] Got 3 sessions for ...
2025-02-01 11:42:32.655 [info] Getting sessions for read:user,repo,user:email,workflow...
2025-02-01 11:42:32.655 [info] Got 1 sessions for read:user,repo,user:email,workflow...
2025-02-01 11:42:32.662 [info] Getting sessions for all scopes...
2025-02-01 11:42:32.662 [info] Got 3 sessions for ...
2025-02-01 11:42:32.668 [info] Getting sessions for read:user,repo,user:email,workflow...
2025-02-01 11:42:32.668 [info] Got 1 sessions for read:user,repo,user:email,workflow...
2025-02-01 11:52:29.577 [info] Getting sessions for read:user,repo,user:email,workflow...
2025-02-01 11:52:29.577 [info] Got 1 sessions for read:user,repo,user:email,workflow...
2025-02-01 11:52:30.624 [info] Getting sessions for all scopes...
2025-02-01 11:52:30.625 [info] Got 3 sessions for ...
2025-02-01 11:52:30.629 [info] Getting sessions for read:user,repo,user:email,workflow...
2025-02-01 11:52:30.629 [info] Got 1 sessions for read:user,repo,user:email,workflow...
2025-02-01 11:52:32.209 [info] Getting sessions for all scopes...
2025-02-01 11:52:32.209 [info] Got 3 sessions for ...
2025-02-01 11:52:32.210 [info] Getting sessions for all scopes...
2025-02-01 11:52:32.210 [info] Got 3 sessions for ...
2025-02-01 11:52:32.214 [info] Getting sessions for read:user,repo,user:email,workflow...
2025-02-01 11:52:32.214 [info] Got 1 sessions for read:user,repo,user:email,workflow...
2025-02-01 11:52:32.218 [info] Getting sessions for all scopes...
2025-02-01 11:52:32.218 [info] Got 3 sessions for ...
2025-02-01 11:52:32.223 [info] Getting sessions for read:user,repo,user:email,workflow...
2025-02-01 11:52:32.223 [info] Got 1 sessions for read:user,repo,user:email,workflow...
2025-02-01 11:52:32.253 [info] Getting sessions for all scopes...
2025-02-01 11:52:32.253 [info] Got 3 sessions for ...
2025-02-01 11:52:32.259 [info] Getting sessions for read:user,repo,user:email,workflow...
2025-02-01 11:52:32.259 [info] Got 1 sessions for read:user,repo,user:email,workflow...
2025-02-01 12:07:32.272 [info] Getting sessions for all scopes...
2025-02-01 12:07:32.273 [info] Got 3 sessions for ...
2025-02-01 12:07:32.276 [info] Getting sessions for read:user,repo,user:email,workflow...
2025-02-01 12:07:32.277 [info] Got 1 sessions for read:user,repo,user:email,workflow...
2025-02-01 12:07:32.282 [info] Getting sessions for all scopes...
2025-02-01 12:07:32.283 [info] Got 3 sessions for ...
2025-02-01 12:07:32.287 [info] Getting sessions for read:user,repo,user:email,workflow...
2025-02-01 12:07:32.287 [info] Got 1 sessions for read:user,repo,user:email,workflow...
2025-02-01 12:07:43.979 [info] Getting sessions for all scopes...
2025-02-01 12:07:43.979 [info] Got 3 sessions for ...
2025-02-01 12:07:43.984 [info] Getting sessions for read:user,repo,user:email,workflow...
2025-02-01 12:07:43.984 [info] Got 1 sessions for read:user,repo,user:email,workflow...
2025-02-01 12:17:31.123 [info] Getting sessions for read:user,repo,user:email,workflow...
2025-02-01 12:17:31.123 [info] Got 1 sessions for read:user,repo,user:email,workflow...
2025-02-01 12:17:32.207 [info] Getting sessions for all scopes...
2025-02-01 12:17:32.207 [info] Got 3 sessions for ...
2025-02-01 12:17:32.211 [info] Getting sessions for read:user,repo,user:email,workflow...
2025-02-01 12:17:32.211 [info] Got 1 sessions for read:user,repo,user:email,workflow...
2025-02-01 12:17:36.878 [info] Getting sessions for all scopes...
2025-02-01 12:17:36.878 [info] Got 3 sessions for ...
2025-02-01 12:17:36.880 [info] Getting sessions for all scopes...
2025-02-01 12:17:36.880 [info] Got 3 sessions for ...
2025-02-01 12:17:36.887 [info] Getting sessions for read:user,repo,user:email,workflow...
2025-02-01 12:17:36.887 [info] Got 1 sessions for read:user,repo,user:email,workflow...
2025-02-01 12:17:36.892 [info] Getting sessions for all scopes...
2025-02-01 12:17:36.892 [info] Got 3 sessions for ...
2025-02-01 12:17:36.896 [info] Getting sessions for read:user,repo,user:email,workflow...
2025-02-01 12:17:36.896 [info] Got 1 sessions for read:user,repo,user:email,workflow...
2025-02-01 12:17:36.916 [info] Getting sessions for all scopes...
2025-02-01 12:17:36.917 [info] Got 3 sessions for ...
2025-02-01 12:17:36.920 [info] Getting sessions for read:user,repo,user:email,workflow...
2025-02-01 12:17:36.920 [info] Got 1 sessions for read:user,repo,user:email,workflow...
2025-02-01 12:17:36.934 [info] Getting sessions for all scopes...
2025-02-01 12:17:36.934 [info] Got 3 sessions for ...
2025-02-01 12:17:36.938 [info] Getting sessions for read:user,repo,user:email,workflow...
2025-02-01 12:17:36.939 [info] Got 1 sessions for read:user,repo,user:email,workflow...
