2025-01-30 18:55:05.474 [info] Reading sessions from keychain...
2025-01-30 18:55:05.474 [info] Getting sessions for all scopes...
2025-01-30 18:55:05.474 [info] Getting sessions for all scopes...
2025-01-30 18:55:05.474 [info] Getting sessions for all scopes...
2025-01-30 18:55:05.474 [info] Got stored sessions!
2025-01-30 18:55:05.474 [info] Got 3 verified sessions.
2025-01-30 18:55:05.474 [info] Got 3 sessions for ...
2025-01-30 18:55:05.474 [info] Got 3 sessions for ...
2025-01-30 18:55:05.474 [info] Got 3 sessions for ...
2025-01-30 18:55:05.474 [info] Getting sessions for user:email...
2025-01-30 18:55:05.474 [info] Got 1 sessions for user:email...
2025-01-30 18:55:05.474 [info] Getting sessions for all scopes...
2025-01-30 18:55:05.474 [info] Got 3 sessions for ...
2025-01-30 18:55:05.474 [info] Getting sessions for all scopes...
2025-01-30 18:55:05.474 [info] Got 3 sessions for ...
2025-01-30 18:55:05.474 [info] Getting sessions for all scopes...
2025-01-30 18:55:05.474 [info] Got 3 sessions for ...
2025-01-30 18:55:05.474 [info] Getting sessions for all scopes...
2025-01-30 18:55:05.474 [info] Got 3 sessions for ...
2025-01-30 18:55:05.474 [info] Getting sessions for all scopes...
2025-01-30 18:55:05.474 [info] Got 3 sessions for ...
2025-01-30 18:55:05.474 [info] Getting sessions for all scopes...
2025-01-30 18:55:05.474 [info] Got 3 sessions for ...
