2025-01-31 23:11:19.898 [info] [main] Log level: Info
2025-01-31 23:11:19.898 [info] [main] Validating found git in: "git"
2025-01-31 23:11:19.898 [info] [main] Using git "2.48.1" from "git"
2025-01-31 23:11:19.898 [info] [Model][doInitialScan] Initial repository scan started
2025-01-31 23:11:19.898 [info] > git rev-parse --show-toplevel [73ms]
2025-01-31 23:11:19.898 [info] > git rev-parse --git-dir --git-common-dir [239ms]
2025-01-31 23:11:19.898 [info] [Model][openRepository] Opened repository: /home/aditya/.config
2025-01-31 23:11:19.991 [info] > git rev-parse --show-toplevel [53ms]
2025-01-31 23:11:19.993 [info] > git config --get commit.template [74ms]
2025-01-31 23:11:20.128 [info] > git for-each-ref --format=%(refname)%00%(upstream:short)%00%(objectname)%00%(upstream:track)%00%(upstream:remotename)%00%(upstream:remoteref) refs/heads/master refs/remotes/master [104ms]
2025-01-31 23:11:34.841 [info] > git check-ignore -v -z --stdin [2648ms]
2025-01-31 23:11:35.499 [info] > git check-ignore -v -z --stdin [565ms]
2025-01-31 23:11:35.605 [info] > git status -z -uall [177ms]
2025-01-31 23:11:35.622 [info] > git for-each-ref --sort -committerdate --format %(refname) %(objectname) %(*objectname) [154ms]
2025-01-31 23:11:35.933 [info] > git for-each-ref --format=%(refname)%00%(upstream:short)%00%(objectname)%00%(upstream:track)%00%(upstream:remotename)%00%(upstream:remoteref) refs/heads/master refs/remotes/master [227ms]
2025-01-31 23:11:36.457 [info] > git config --local branch.master.vscode-merge-base [488ms]
2025-01-31 23:11:36.457 [warning] [Git][config] git config failed: Failed to execute git
2025-01-31 23:11:36.493 [info] > git config --get commit.template [585ms]
2025-01-31 23:11:36.534 [info] > git reflog master --grep-reflog=branch: Created from *. [42ms]
2025-01-31 23:11:36.636 [info] > git symbolic-ref --short refs/remotes/origin/HEAD [66ms]
2025-01-31 23:11:36.636 [info] fatal: ref refs/remotes/origin/HEAD is not a symbolic ref
2025-01-31 23:11:36.637 [warning] [Repository][getDefaultBranch] Failed to get default branch details: Failed to execute git.
2025-01-31 23:11:36.868 [info] > git merge-base refs/heads/master refs/remotes/origin/master [192ms]
2025-01-31 23:11:36.917 [info] > git for-each-ref --format=%(refname)%00%(upstream:short)%00%(objectname)%00%(upstream:track)%00%(upstream:remotename)%00%(upstream:remoteref) refs/heads/master refs/remotes/master [296ms]
2025-01-31 23:11:36.997 [info] > git diff --name-status -z --diff-filter=ADMR 277894b0be25fc3e95a7621696eb769202923e30...refs/remotes/origin/master [80ms]
2025-01-31 23:11:44.192 [info] > git status -z -uall [417ms]
2025-01-31 23:11:44.193 [info] > git for-each-ref --sort -committerdate --format %(refname) %(objectname) %(*objectname) [377ms]
2025-01-31 23:11:45.090 [info] > git config --get commit.template [494ms]
2025-01-31 23:11:45.374 [info] > git for-each-ref --format=%(refname)%00%(upstream:short)%00%(objectname)%00%(upstream:track)%00%(upstream:remotename)%00%(upstream:remoteref) refs/heads/master refs/remotes/master [107ms]
2025-01-31 23:11:45.984 [info] > git check-ignore -v -z --stdin [22ms]
2025-01-31 23:11:46.161 [info] > git status -z -uall [124ms]
2025-01-31 23:11:46.161 [info] > git for-each-ref --sort -committerdate --format %(refname) %(objectname) %(*objectname) [84ms]
2025-01-31 23:11:46.268 [info] > git rev-parse --show-toplevel [31ms]
2025-01-31 23:11:46.469 [info] > git rev-parse --show-toplevel [41ms]
2025-01-31 23:11:46.743 [info] > git rev-parse --show-toplevel [207ms]
2025-01-31 23:11:46.834 [info] > git rev-parse --show-toplevel [40ms]
2025-01-31 23:11:46.888 [info] > git rev-parse --show-toplevel [10ms]
2025-01-31 23:11:46.951 [info] > git rev-parse --show-toplevel [11ms]
2025-01-31 23:11:47.065 [info] > git rev-parse --show-toplevel [62ms]
2025-01-31 23:11:47.137 [info] > git rev-parse --show-toplevel [13ms]
2025-01-31 23:11:47.362 [info] > git rev-parse --show-toplevel [178ms]
2025-01-31 23:11:47.546 [info] > git rev-parse --show-toplevel [116ms]
2025-01-31 23:11:47.669 [info] > git rev-parse --show-toplevel [44ms]
2025-01-31 23:11:47.755 [info] > git rev-parse --show-toplevel [6ms]
2025-01-31 23:11:47.800 [info] > git rev-parse --show-toplevel [5ms]
2025-01-31 23:11:47.846 [info] > git rev-parse --show-toplevel [8ms]
2025-01-31 23:11:47.897 [info] > git rev-parse --show-toplevel [4ms]
2025-01-31 23:11:47.941 [info] > git rev-parse --show-toplevel [3ms]
2025-01-31 23:11:48.079 [info] > git rev-parse --show-toplevel [98ms]
2025-01-31 23:11:48.150 [info] > git rev-parse --show-toplevel [9ms]
2025-01-31 23:11:48.202 [info] > git rev-parse --show-toplevel [5ms]
2025-01-31 23:11:48.248 [info] > git rev-parse --show-toplevel [4ms]
2025-01-31 23:11:48.312 [info] > git rev-parse --show-toplevel [11ms]
2025-01-31 23:11:48.362 [info] > git rev-parse --show-toplevel [6ms]
2025-01-31 23:11:48.429 [info] > git rev-parse --show-toplevel [8ms]
2025-01-31 23:11:48.493 [info] > git rev-parse --show-toplevel [10ms]
2025-01-31 23:11:48.619 [info] > git rev-parse --show-toplevel [68ms]
2025-01-31 23:11:48.824 [info] > git rev-parse --show-toplevel [19ms]
2025-01-31 23:11:48.967 [info] > git rev-parse --show-toplevel [31ms]
2025-01-31 23:11:49.174 [info] > git rev-parse --show-toplevel [159ms]
2025-01-31 23:11:49.308 [info] > git rev-parse --show-toplevel [13ms]
2025-01-31 23:11:49.365 [info] > git rev-parse --show-toplevel [7ms]
2025-01-31 23:11:49.432 [info] > git rev-parse --show-toplevel [9ms]
2025-01-31 23:11:49.504 [info] > git rev-parse --show-toplevel [9ms]
2025-01-31 23:11:49.582 [info] > git rev-parse --show-toplevel [14ms]
2025-01-31 23:11:49.657 [info] > git rev-parse --show-toplevel [11ms]
2025-01-31 23:11:49.729 [info] > git rev-parse --show-toplevel [24ms]
2025-01-31 23:11:49.779 [info] > git rev-parse --show-toplevel [5ms]
2025-01-31 23:11:49.834 [info] > git rev-parse --show-toplevel [11ms]
2025-01-31 23:11:49.835 [info] [Model][doInitialScan] Initial repository scan completed - repositories (1), closed repositories (0), parent repositories (0), unsafe repositories (0)
2025-01-31 23:11:49.938 [info] > git show --textconv :waybar/config.jsonc [57ms]
2025-01-31 23:11:49.940 [info] > git ls-files --stage -- /home/aditya/.config/waybar/config.jsonc [9ms]
2025-01-31 23:11:50.018 [info] > git cat-file -s aa6038d43a8cf8233d83985b6df2f5eb0a40d2ad [12ms]
2025-01-31 23:11:50.253 [info] > git blame --root --incremental 277894b0be25fc3e95a7621696eb769202923e30 -- /home/aditya/.config/waybar/config.jsonc [68ms]
2025-01-31 23:11:52.008 [info] > git config --get commit.template [16ms]
2025-01-31 23:11:52.062 [info] > git for-each-ref --format=%(refname)%00%(upstream:short)%00%(objectname)%00%(upstream:track)%00%(upstream:remotename)%00%(upstream:remoteref) refs/heads/master refs/remotes/master [7ms]
2025-01-31 23:11:52.175 [info] > git for-each-ref --sort -committerdate --format %(refname) %(objectname) %(*objectname) [7ms]
2025-01-31 23:11:52.234 [info] > git status -z -uall [114ms]
2025-01-31 23:11:55.817 [info] > git show --textconv :rofi/bluetooth-menu.rasi [48ms]
2025-01-31 23:11:55.820 [info] > git ls-files --stage -- /home/aditya/.config/rofi/bluetooth-menu.rasi [6ms]
2025-01-31 23:11:57.343 [info] > git config --get commit.template [44ms]
2025-01-31 23:11:57.345 [info] > git for-each-ref --format=%(refname)%00%(upstream:short)%00%(objectname)%00%(upstream:track)%00%(upstream:remotename)%00%(upstream:remoteref) refs/heads/master refs/remotes/master [4ms]
2025-01-31 23:11:57.459 [info] > git for-each-ref --sort -committerdate --format %(refname) %(objectname) %(*objectname) [5ms]
2025-01-31 23:11:57.506 [info] > git status -z -uall [108ms]
2025-01-31 23:12:02.582 [info] > git config --get commit.template [11ms]
2025-01-31 23:12:02.668 [info] > git for-each-ref --format=%(refname)%00%(upstream:short)%00%(objectname)%00%(upstream:track)%00%(upstream:remotename)%00%(upstream:remoteref) refs/heads/master refs/remotes/master [31ms]
2025-01-31 23:12:02.791 [info] > git for-each-ref --sort -committerdate --format %(refname) %(objectname) %(*objectname) [8ms]
2025-01-31 23:12:02.854 [info] > git status -z -uall [118ms]
2025-01-31 23:12:02.873 [info] > git check-ignore -v -z --stdin [20ms]
2025-01-31 23:12:14.417 [info] > git show --textconv :rofi/power-menu.rasi [55ms]
2025-01-31 23:12:14.424 [info] > git ls-files --stage -- /home/aditya/.config/rofi/power-menu.rasi [12ms]
2025-01-31 23:17:47.563 [info] > git for-each-ref --format=%(refname)%00%(upstream:short)%00%(objectname)%00%(upstream:track)%00%(upstream:remotename)%00%(upstream:remoteref) refs/heads/master refs/remotes/master [10ms]
2025-01-31 23:17:47.566 [info] > git config --get commit.template [71ms]
2025-01-31 23:17:47.715 [info] > git for-each-ref --sort -committerdate --format %(refname) %(objectname) %(*objectname) [10ms]
2025-01-31 23:17:47.764 [info] > git status -z -uall [130ms]
2025-01-31 23:17:52.850 [info] > git config --get commit.template [9ms]
2025-01-31 23:17:52.918 [info] > git for-each-ref --format=%(refname)%00%(upstream:short)%00%(objectname)%00%(upstream:track)%00%(upstream:remotename)%00%(upstream:remoteref) refs/heads/master refs/remotes/master [5ms]
2025-01-31 23:17:53.031 [info] > git for-each-ref --sort -committerdate --format %(refname) %(objectname) %(*objectname) [7ms]
2025-01-31 23:17:53.081 [info] > git status -z -uall [110ms]
2025-01-31 23:17:53.407 [info] > git check-ignore -v -z --stdin [9ms]
2025-01-31 23:17:56.547 [info] > git check-ignore -v -z --stdin [10ms]
2025-01-31 23:17:58.161 [info] > git config --get commit.template [8ms]
2025-01-31 23:17:58.224 [info] > git for-each-ref --format=%(refname)%00%(upstream:short)%00%(objectname)%00%(upstream:track)%00%(upstream:remotename)%00%(upstream:remoteref) refs/heads/master refs/remotes/master [5ms]
2025-01-31 23:17:58.333 [info] > git for-each-ref --sort -committerdate --format %(refname) %(objectname) %(*objectname) [6ms]
2025-01-31 23:17:58.377 [info] > git status -z -uall [103ms]
2025-01-31 23:17:59.535 [info] > git check-ignore -v -z --stdin [5ms]
2025-01-31 23:18:02.841 [info] > git show --textconv :hypr/hyprland.conf [55ms]
2025-01-31 23:18:02.846 [info] > git ls-files --stage -- /home/aditya/.config/hypr/hyprland.conf [9ms]
2025-01-31 23:18:03.457 [info] > git config --get commit.template [7ms]
2025-01-31 23:18:03.540 [info] > git for-each-ref --format=%(refname)%00%(upstream:short)%00%(objectname)%00%(upstream:track)%00%(upstream:remotename)%00%(upstream:remoteref) refs/heads/master refs/remotes/master [13ms]
2025-01-31 23:18:03.700 [info] > git for-each-ref --sort -committerdate --format %(refname) %(objectname) %(*objectname) [28ms]
2025-01-31 23:18:03.770 [info] > git status -z -uall [156ms]
2025-01-31 23:18:08.976 [info] > git config --get commit.template [56ms]
2025-01-31 23:18:08.978 [info] > git for-each-ref --format=%(refname)%00%(upstream:short)%00%(objectname)%00%(upstream:track)%00%(upstream:remotename)%00%(upstream:remoteref) refs/heads/master refs/remotes/master [7ms]
2025-01-31 23:18:09.103 [info] > git for-each-ref --sort -committerdate --format %(refname) %(objectname) %(*objectname) [12ms]
2025-01-31 23:18:09.143 [info] > git status -z -uall [112ms]
2025-01-31 23:18:11.453 [info] > git check-ignore -v -z --stdin [5ms]
2025-01-31 23:18:14.236 [info] > git config --get commit.template [7ms]
2025-01-31 23:18:14.293 [info] > git for-each-ref --format=%(refname)%00%(upstream:short)%00%(objectname)%00%(upstream:track)%00%(upstream:remotename)%00%(upstream:remoteref) refs/heads/master refs/remotes/master [3ms]
2025-01-31 23:18:14.419 [info] > git for-each-ref --sort -committerdate --format %(refname) %(objectname) %(*objectname) [8ms]
2025-01-31 23:18:14.520 [info] > git status -z -uall [171ms]
2025-01-31 23:18:16.172 [info] > git show --textconv :hypr/conf/keybinding.conf [57ms]
2025-01-31 23:18:16.179 [info] > git ls-files --stage -- /home/aditya/.config/hypr/conf/keybinding.conf [12ms]
2025-01-31 23:18:19.603 [info] > git config --get commit.template [5ms]
2025-01-31 23:18:19.657 [info] > git for-each-ref --format=%(refname)%00%(upstream:short)%00%(objectname)%00%(upstream:track)%00%(upstream:remotename)%00%(upstream:remoteref) refs/heads/master refs/remotes/master [4ms]
2025-01-31 23:18:19.773 [info] > git for-each-ref --sort -committerdate --format %(refname) %(objectname) %(*objectname) [11ms]
2025-01-31 23:18:19.828 [info] > git status -z -uall [121ms]
2025-01-31 23:18:22.185 [info] > git check-ignore -v -z --stdin [8ms]
2025-01-31 23:18:23.296 [info] > git show --textconv :hypr/conf/keybindings/fr.conf [56ms]
2025-01-31 23:18:23.304 [info] > git ls-files --stage -- /home/aditya/.config/hypr/conf/keybindings/fr.conf [12ms]
2025-01-31 23:18:24.839 [info] > git blame --root --incremental 277894b0be25fc3e95a7621696eb769202923e30 -- /home/aditya/.config/hypr/conf/keybindings/fr.conf [32ms]
2025-01-31 23:18:24.839 [info] fatal: no such path hypr/conf/keybindings/fr.conf in 277894b0be25fc3e95a7621696eb769202923e30
2025-01-31 23:18:24.908 [info] > git config --get commit.template [8ms]
2025-01-31 23:18:24.964 [info] > git for-each-ref --format=%(refname)%00%(upstream:short)%00%(objectname)%00%(upstream:track)%00%(upstream:remotename)%00%(upstream:remoteref) refs/heads/master refs/remotes/master [7ms]
2025-01-31 23:18:25.073 [info] > git for-each-ref --sort -committerdate --format %(refname) %(objectname) %(*objectname) [6ms]
2025-01-31 23:18:25.117 [info] > git status -z -uall [101ms]
2025-01-31 23:18:30.210 [info] > git config --get commit.template [16ms]
2025-01-31 23:18:30.276 [info] > git for-each-ref --format=%(refname)%00%(upstream:short)%00%(objectname)%00%(upstream:track)%00%(upstream:remotename)%00%(upstream:remoteref) refs/heads/master refs/remotes/master [6ms]
2025-01-31 23:18:30.386 [info] > git for-each-ref --sort -committerdate --format %(refname) %(objectname) %(*objectname) [10ms]
2025-01-31 23:18:30.424 [info] > git status -z -uall [97ms]
2025-01-31 23:18:32.806 [info] > git show --textconv :hypr/conf/keybindings/default.conf [58ms]
2025-01-31 23:18:32.819 [info] > git ls-files --stage -- /home/aditya/.config/hypr/conf/keybindings/default.conf [17ms]
2025-01-31 23:18:33.115 [info] > git blame --root --incremental 277894b0be25fc3e95a7621696eb769202923e30 -- /home/aditya/.config/hypr/conf/keybindings/default.conf [9ms]
2025-01-31 23:18:33.115 [info] fatal: no such path hypr/conf/keybindings/default.conf in 277894b0be25fc3e95a7621696eb769202923e30
2025-01-31 23:18:35.558 [info] > git config --get commit.template [68ms]
2025-01-31 23:18:35.560 [info] > git for-each-ref --format=%(refname)%00%(upstream:short)%00%(objectname)%00%(upstream:track)%00%(upstream:remotename)%00%(upstream:remoteref) refs/heads/master refs/remotes/master [6ms]
2025-01-31 23:18:35.667 [info] > git for-each-ref --sort -committerdate --format %(refname) %(objectname) %(*objectname) [8ms]
2025-01-31 23:18:35.704 [info] > git status -z -uall [94ms]
2025-01-31 23:18:40.818 [info] > git config --get commit.template [49ms]
2025-01-31 23:18:40.822 [info] > git for-each-ref --format=%(refname)%00%(upstream:short)%00%(objectname)%00%(upstream:track)%00%(upstream:remotename)%00%(upstream:remoteref) refs/heads/master refs/remotes/master [6ms]
2025-01-31 23:18:40.929 [info] > git for-each-ref --sort -committerdate --format %(refname) %(objectname) %(*objectname) [7ms]
2025-01-31 23:18:40.973 [info] > git status -z -uall [100ms]
2025-01-31 23:18:46.042 [info] > git config --get commit.template [4ms]
2025-01-31 23:18:46.095 [info] > git for-each-ref --format=%(refname)%00%(upstream:short)%00%(objectname)%00%(upstream:track)%00%(upstream:remotename)%00%(upstream:remoteref) refs/heads/master refs/remotes/master [4ms]
2025-01-31 23:18:46.197 [info] > git for-each-ref --sort -committerdate --format %(refname) %(objectname) %(*objectname) [5ms]
2025-01-31 23:18:46.243 [info] > git status -z -uall [99ms]
2025-01-31 23:18:51.356 [info] > git config --get commit.template [49ms]
2025-01-31 23:18:51.359 [info] > git for-each-ref --format=%(refname)%00%(upstream:short)%00%(objectname)%00%(upstream:track)%00%(upstream:remotename)%00%(upstream:remoteref) refs/heads/master refs/remotes/master [6ms]
2025-01-31 23:18:51.462 [info] > git for-each-ref --sort -committerdate --format %(refname) %(objectname) %(*objectname) [6ms]
2025-01-31 23:18:51.506 [info] > git status -z -uall [100ms]
2025-01-31 23:18:56.580 [info] > git config --get commit.template [5ms]
2025-01-31 23:18:56.634 [info] > git for-each-ref --format=%(refname)%00%(upstream:short)%00%(objectname)%00%(upstream:track)%00%(upstream:remotename)%00%(upstream:remoteref) refs/heads/master refs/remotes/master [5ms]
2025-01-31 23:18:56.737 [info] > git for-each-ref --sort -committerdate --format %(refname) %(objectname) %(*objectname) [6ms]
2025-01-31 23:18:56.776 [info] > git status -z -uall [93ms]
2025-01-31 23:19:01.843 [info] > git config --get commit.template [4ms]
2025-01-31 23:19:01.894 [info] > git for-each-ref --format=%(refname)%00%(upstream:short)%00%(objectname)%00%(upstream:track)%00%(upstream:remotename)%00%(upstream:remoteref) refs/heads/master refs/remotes/master [4ms]
2025-01-31 23:19:02.001 [info] > git for-each-ref --sort -committerdate --format %(refname) %(objectname) %(*objectname) [5ms]
2025-01-31 23:19:02.041 [info] > git status -z -uall [93ms]
2025-01-31 23:19:07.171 [info] > git config --get commit.template [59ms]
2025-01-31 23:19:07.174 [info] > git for-each-ref --format=%(refname)%00%(upstream:short)%00%(objectname)%00%(upstream:track)%00%(upstream:remotename)%00%(upstream:remoteref) refs/heads/master refs/remotes/master [9ms]
2025-01-31 23:19:07.298 [info] > git for-each-ref --sort -committerdate --format %(refname) %(objectname) %(*objectname) [6ms]
2025-01-31 23:19:07.349 [info] > git status -z -uall [120ms]
2025-01-31 23:19:12.478 [info] > git config --get commit.template [55ms]
2025-01-31 23:19:12.480 [info] > git for-each-ref --format=%(refname)%00%(upstream:short)%00%(objectname)%00%(upstream:track)%00%(upstream:remotename)%00%(upstream:remoteref) refs/heads/master refs/remotes/master [8ms]
2025-01-31 23:19:12.606 [info] > git for-each-ref --sort -committerdate --format %(refname) %(objectname) %(*objectname) [7ms]
2025-01-31 23:19:12.651 [info] > git status -z -uall [111ms]
2025-01-31 23:19:17.719 [info] > git config --get commit.template [3ms]
2025-01-31 23:19:17.770 [info] > git for-each-ref --format=%(refname)%00%(upstream:short)%00%(objectname)%00%(upstream:track)%00%(upstream:remotename)%00%(upstream:remoteref) refs/heads/master refs/remotes/master [5ms]
2025-01-31 23:19:17.871 [info] > git for-each-ref --sort -committerdate --format %(refname) %(objectname) %(*objectname) [6ms]
2025-01-31 23:19:17.911 [info] > git status -z -uall [92ms]
2025-01-31 23:19:23.030 [info] > git config --get commit.template [51ms]
2025-01-31 23:19:23.032 [info] > git for-each-ref --format=%(refname)%00%(upstream:short)%00%(objectname)%00%(upstream:track)%00%(upstream:remotename)%00%(upstream:remoteref) refs/heads/master refs/remotes/master [6ms]
2025-01-31 23:19:23.133 [info] > git for-each-ref --sort -committerdate --format %(refname) %(objectname) %(*objectname) [6ms]
2025-01-31 23:19:23.172 [info] > git status -z -uall [93ms]
2025-01-31 23:19:28.295 [info] > git config --get commit.template [54ms]
2025-01-31 23:19:28.301 [info] > git for-each-ref --format=%(refname)%00%(upstream:short)%00%(objectname)%00%(upstream:track)%00%(upstream:remotename)%00%(upstream:remoteref) refs/heads/master refs/remotes/master [10ms]
2025-01-31 23:19:28.465 [info] > git for-each-ref --sort -committerdate --format %(refname) %(objectname) %(*objectname) [46ms]
2025-01-31 23:19:28.488 [info] > git status -z -uall [131ms]
2025-01-31 23:19:33.557 [info] > git config --get commit.template [4ms]
2025-01-31 23:19:33.608 [info] > git for-each-ref --format=%(refname)%00%(upstream:short)%00%(objectname)%00%(upstream:track)%00%(upstream:remotename)%00%(upstream:remoteref) refs/heads/master refs/remotes/master [4ms]
2025-01-31 23:19:33.712 [info] > git for-each-ref --sort -committerdate --format %(refname) %(objectname) %(*objectname) [7ms]
2025-01-31 23:19:33.752 [info] > git status -z -uall [96ms]
2025-01-31 23:19:38.881 [info] > git config --get commit.template [54ms]
2025-01-31 23:19:38.891 [info] > git for-each-ref --format=%(refname)%00%(upstream:short)%00%(objectname)%00%(upstream:track)%00%(upstream:remotename)%00%(upstream:remoteref) refs/heads/master refs/remotes/master [15ms]
2025-01-31 23:19:39.011 [info] > git for-each-ref --sort -committerdate --format %(refname) %(objectname) %(*objectname) [15ms]
2025-01-31 23:19:39.058 [info] > git status -z -uall [118ms]
2025-01-31 23:19:44.184 [info] > git config --get commit.template [55ms]
2025-01-31 23:19:44.187 [info] > git for-each-ref --format=%(refname)%00%(upstream:short)%00%(objectname)%00%(upstream:track)%00%(upstream:remotename)%00%(upstream:remoteref) refs/heads/master refs/remotes/master [7ms]
2025-01-31 23:19:44.312 [info] > git for-each-ref --sort -committerdate --format %(refname) %(objectname) %(*objectname) [7ms]
2025-01-31 23:19:44.351 [info] > git status -z -uall [114ms]
2025-01-31 23:19:49.468 [info] > git config --get commit.template [51ms]
2025-01-31 23:19:49.470 [info] > git for-each-ref --format=%(refname)%00%(upstream:short)%00%(objectname)%00%(upstream:track)%00%(upstream:remotename)%00%(upstream:remoteref) refs/heads/master refs/remotes/master [6ms]
2025-01-31 23:19:49.568 [info] > git for-each-ref --sort -committerdate --format %(refname) %(objectname) %(*objectname) [6ms]
2025-01-31 23:19:49.604 [info] > git status -z -uall [89ms]
2025-01-31 23:19:54.679 [info] > git config --get commit.template [12ms]
2025-01-31 23:19:54.736 [info] > git for-each-ref --format=%(refname)%00%(upstream:short)%00%(objectname)%00%(upstream:track)%00%(upstream:remotename)%00%(upstream:remoteref) refs/heads/master refs/remotes/master [8ms]
2025-01-31 23:19:54.855 [info] > git for-each-ref --sort -committerdate --format %(refname) %(objectname) %(*objectname) [8ms]
2025-01-31 23:19:54.893 [info] > git status -z -uall [105ms]
2025-01-31 23:20:00.008 [info] > git config --get commit.template [52ms]
2025-01-31 23:20:00.011 [info] > git for-each-ref --format=%(refname)%00%(upstream:short)%00%(objectname)%00%(upstream:track)%00%(upstream:remotename)%00%(upstream:remoteref) refs/heads/master refs/remotes/master [7ms]
2025-01-31 23:20:00.123 [info] > git for-each-ref --sort -committerdate --format %(refname) %(objectname) %(*objectname) [7ms]
2025-01-31 23:20:00.160 [info] > git status -z -uall [96ms]
2025-01-31 23:20:05.230 [info] > git config --get commit.template [4ms]
2025-01-31 23:20:05.282 [info] > git for-each-ref --format=%(refname)%00%(upstream:short)%00%(objectname)%00%(upstream:track)%00%(upstream:remotename)%00%(upstream:remoteref) refs/heads/master refs/remotes/master [5ms]
2025-01-31 23:20:05.394 [info] > git for-each-ref --sort -committerdate --format %(refname) %(objectname) %(*objectname) [17ms]
2025-01-31 23:20:05.428 [info] > git status -z -uall [98ms]
2025-01-31 23:20:10.552 [info] > git config --get commit.template [54ms]
2025-01-31 23:20:10.555 [info] > git for-each-ref --format=%(refname)%00%(upstream:short)%00%(objectname)%00%(upstream:track)%00%(upstream:remotename)%00%(upstream:remoteref) refs/heads/master refs/remotes/master [6ms]
2025-01-31 23:20:10.659 [info] > git for-each-ref --sort -committerdate --format %(refname) %(objectname) %(*objectname) [7ms]
2025-01-31 23:20:10.695 [info] > git status -z -uall [92ms]
2025-01-31 23:20:15.766 [info] > git config --get commit.template [4ms]
2025-01-31 23:20:15.832 [info] > git for-each-ref --format=%(refname)%00%(upstream:short)%00%(objectname)%00%(upstream:track)%00%(upstream:remotename)%00%(upstream:remoteref) refs/heads/master refs/remotes/master [11ms]
2025-01-31 23:20:15.944 [info] > git for-each-ref --sort -committerdate --format %(refname) %(objectname) %(*objectname) [8ms]
2025-01-31 23:20:15.979 [info] > git status -z -uall [96ms]
2025-01-31 23:20:21.104 [info] > git config --get commit.template [56ms]
2025-01-31 23:20:21.106 [info] > git for-each-ref --format=%(refname)%00%(upstream:short)%00%(objectname)%00%(upstream:track)%00%(upstream:remotename)%00%(upstream:remoteref) refs/heads/master refs/remotes/master [6ms]
2025-01-31 23:20:21.211 [info] > git for-each-ref --sort -committerdate --format %(refname) %(objectname) %(*objectname) [7ms]
2025-01-31 23:20:21.257 [info] > git status -z -uall [102ms]
2025-01-31 23:20:26.329 [info] > git config --get commit.template [4ms]
2025-01-31 23:20:26.384 [info] > git for-each-ref --format=%(refname)%00%(upstream:short)%00%(objectname)%00%(upstream:track)%00%(upstream:remotename)%00%(upstream:remoteref) refs/heads/master refs/remotes/master [8ms]
2025-01-31 23:20:26.487 [info] > git for-each-ref --sort -committerdate --format %(refname) %(objectname) %(*objectname) [7ms]
2025-01-31 23:20:26.525 [info] > git status -z -uall [94ms]
2025-01-31 23:20:31.637 [info] > git config --get commit.template [50ms]
2025-01-31 23:20:31.640 [info] > git for-each-ref --format=%(refname)%00%(upstream:short)%00%(objectname)%00%(upstream:track)%00%(upstream:remotename)%00%(upstream:remoteref) refs/heads/master refs/remotes/master [6ms]
2025-01-31 23:20:31.741 [info] > git for-each-ref --sort -committerdate --format %(refname) %(objectname) %(*objectname) [6ms]
2025-01-31 23:20:31.780 [info] > git status -z -uall [92ms]
2025-01-31 23:20:36.902 [info] > git config --get commit.template [53ms]
2025-01-31 23:20:36.904 [info] > git for-each-ref --format=%(refname)%00%(upstream:short)%00%(objectname)%00%(upstream:track)%00%(upstream:remotename)%00%(upstream:remoteref) refs/heads/master refs/remotes/master [6ms]
2025-01-31 23:20:37.023 [info] > git for-each-ref --sort -committerdate --format %(refname) %(objectname) %(*objectname) [12ms]
2025-01-31 23:20:37.058 [info] > git status -z -uall [107ms]
2025-01-31 23:20:42.135 [info] > git config --get commit.template [5ms]
2025-01-31 23:20:42.194 [info] > git for-each-ref --format=%(refname)%00%(upstream:short)%00%(objectname)%00%(upstream:track)%00%(upstream:remotename)%00%(upstream:remoteref) refs/heads/master refs/remotes/master [5ms]
2025-01-31 23:20:42.316 [info] > git for-each-ref --sort -committerdate --format %(refname) %(objectname) %(*objectname) [7ms]
2025-01-31 23:20:42.357 [info] > git status -z -uall [112ms]
2025-01-31 23:20:47.431 [info] > git config --get commit.template [5ms]
2025-01-31 23:20:47.490 [info] > git for-each-ref --format=%(refname)%00%(upstream:short)%00%(objectname)%00%(upstream:track)%00%(upstream:remotename)%00%(upstream:remoteref) refs/heads/master refs/remotes/master [6ms]
2025-01-31 23:20:47.602 [info] > git for-each-ref --sort -committerdate --format %(refname) %(objectname) %(*objectname) [7ms]
2025-01-31 23:20:47.653 [info] > git status -z -uall [112ms]
2025-01-31 23:20:52.725 [info] > git config --get commit.template [4ms]
2025-01-31 23:20:52.783 [info] > git for-each-ref --format=%(refname)%00%(upstream:short)%00%(objectname)%00%(upstream:track)%00%(upstream:remotename)%00%(upstream:remoteref) refs/heads/master refs/remotes/master [5ms]
2025-01-31 23:20:52.880 [info] > git for-each-ref --sort -committerdate --format %(refname) %(objectname) %(*objectname) [5ms]
2025-01-31 23:20:52.927 [info] > git status -z -uall [97ms]
2025-01-31 23:20:58.002 [info] > git config --get commit.template [9ms]
2025-01-31 23:20:58.053 [info] > git for-each-ref --format=%(refname)%00%(upstream:short)%00%(objectname)%00%(upstream:track)%00%(upstream:remotename)%00%(upstream:remoteref) refs/heads/master refs/remotes/master [4ms]
2025-01-31 23:20:58.158 [info] > git for-each-ref --sort -committerdate --format %(refname) %(objectname) %(*objectname) [6ms]
2025-01-31 23:20:58.196 [info] > git status -z -uall [92ms]
2025-01-31 23:21:03.305 [info] > git config --get commit.template [50ms]
2025-01-31 23:21:03.307 [info] > git for-each-ref --format=%(refname)%00%(upstream:short)%00%(objectname)%00%(upstream:track)%00%(upstream:remotename)%00%(upstream:remoteref) refs/heads/master refs/remotes/master [6ms]
2025-01-31 23:21:03.415 [info] > git for-each-ref --sort -committerdate --format %(refname) %(objectname) %(*objectname) [6ms]
2025-01-31 23:21:03.453 [info] > git status -z -uall [97ms]
2025-01-31 23:21:08.573 [info] > git config --get commit.template [49ms]
2025-01-31 23:21:08.575 [info] > git for-each-ref --format=%(refname)%00%(upstream:short)%00%(objectname)%00%(upstream:track)%00%(upstream:remotename)%00%(upstream:remoteref) refs/heads/master refs/remotes/master [6ms]
2025-01-31 23:21:08.677 [info] > git for-each-ref --sort -committerdate --format %(refname) %(objectname) %(*objectname) [6ms]
2025-01-31 23:21:08.712 [info] > git status -z -uall [90ms]
2025-01-31 23:21:13.829 [info] > git config --get commit.template [50ms]
2025-01-31 23:21:13.831 [info] > git for-each-ref --format=%(refname)%00%(upstream:short)%00%(objectname)%00%(upstream:track)%00%(upstream:remotename)%00%(upstream:remoteref) refs/heads/master refs/remotes/master [6ms]
2025-01-31 23:21:13.928 [info] > git for-each-ref --sort -committerdate --format %(refname) %(objectname) %(*objectname) [4ms]
2025-01-31 23:21:13.968 [info] > git status -z -uall [91ms]
2025-01-31 23:21:16.883 [info] > git check-ignore -v -z --stdin [9ms]
2025-01-31 23:21:19.094 [info] > git config --get commit.template [52ms]
2025-01-31 23:21:19.098 [info] > git for-each-ref --format=%(refname)%00%(upstream:short)%00%(objectname)%00%(upstream:track)%00%(upstream:remotename)%00%(upstream:remoteref) refs/heads/master refs/remotes/master [6ms]
2025-01-31 23:21:19.205 [info] > git for-each-ref --sort -committerdate --format %(refname) %(objectname) %(*objectname) [5ms]
2025-01-31 23:21:19.253 [info] > git status -z -uall [103ms]
2025-01-31 23:21:21.512 [info] > git check-ignore -v -z --stdin [5ms]
2025-01-31 23:21:23.896 [info] > git check-ignore -v -z --stdin [5ms]
2025-01-31 23:21:24.322 [info] > git config --get commit.template [5ms]
2025-01-31 23:21:24.376 [info] > git for-each-ref --format=%(refname)%00%(upstream:short)%00%(objectname)%00%(upstream:track)%00%(upstream:remotename)%00%(upstream:remoteref) refs/heads/master refs/remotes/master [4ms]
2025-01-31 23:21:24.482 [info] > git for-each-ref --sort -committerdate --format %(refname) %(objectname) %(*objectname) [8ms]
2025-01-31 23:21:24.562 [info] > git status -z -uall [138ms]
2025-01-31 23:21:27.664 [info] > git show --textconv :ml4w/settings/emojipicker.sh [81ms]
2025-01-31 23:21:27.669 [info] > git ls-files --stage -- /home/aditya/.config/ml4w/settings/emojipicker.sh [14ms]
2025-01-31 23:21:28.412 [info] > git blame --root --incremental 277894b0be25fc3e95a7621696eb769202923e30 -- /home/aditya/.config/ml4w/settings/emojipicker.sh [17ms]
2025-01-31 23:21:28.412 [info] fatal: no such path ml4w/settings/emojipicker.sh in 277894b0be25fc3e95a7621696eb769202923e30
2025-01-31 23:21:29.633 [info] > git config --get commit.template [4ms]
2025-01-31 23:21:29.681 [info] > git for-each-ref --format=%(refname)%00%(upstream:short)%00%(objectname)%00%(upstream:track)%00%(upstream:remotename)%00%(upstream:remoteref) refs/heads/master refs/remotes/master [4ms]
2025-01-31 23:21:29.773 [info] > git for-each-ref --sort -committerdate --format %(refname) %(objectname) %(*objectname) [7ms]
2025-01-31 23:21:29.806 [info] > git status -z -uall [83ms]
2025-01-31 23:21:34.921 [info] > git config --get commit.template [50ms]
2025-01-31 23:21:34.923 [info] > git for-each-ref --format=%(refname)%00%(upstream:short)%00%(objectname)%00%(upstream:track)%00%(upstream:remotename)%00%(upstream:remoteref) refs/heads/master refs/remotes/master [6ms]
2025-01-31 23:21:35.032 [info] > git for-each-ref --sort -committerdate --format %(refname) %(objectname) %(*objectname) [13ms]
2025-01-31 23:21:35.063 [info] > git status -z -uall [93ms]
2025-01-31 23:21:44.674 [info] > git config --get commit.template [61ms]
2025-01-31 23:21:44.678 [info] > git for-each-ref --format=%(refname)%00%(upstream:short)%00%(objectname)%00%(upstream:track)%00%(upstream:remotename)%00%(upstream:remoteref) refs/heads/master refs/remotes/master [6ms]
2025-01-31 23:21:44.788 [info] > git for-each-ref --sort -committerdate --format %(refname) %(objectname) %(*objectname) [11ms]
2025-01-31 23:21:44.825 [info] > git status -z -uall [98ms]
2025-01-31 23:21:49.953 [info] > git config --get commit.template [54ms]
2025-01-31 23:21:49.955 [info] > git for-each-ref --format=%(refname)%00%(upstream:short)%00%(objectname)%00%(upstream:track)%00%(upstream:remotename)%00%(upstream:remoteref) refs/heads/master refs/remotes/master [6ms]
2025-01-31 23:21:50.056 [info] > git for-each-ref --sort -committerdate --format %(refname) %(objectname) %(*objectname) [4ms]
2025-01-31 23:21:50.098 [info] > git status -z -uall [94ms]
2025-01-31 23:21:51.047 [info] > git check-ignore -v -z --stdin [5ms]
2025-01-31 23:21:55.221 [info] > git config --get commit.template [53ms]
2025-01-31 23:21:55.223 [info] > git for-each-ref --format=%(refname)%00%(upstream:short)%00%(objectname)%00%(upstream:track)%00%(upstream:remotename)%00%(upstream:remoteref) refs/heads/master refs/remotes/master [6ms]
2025-01-31 23:21:55.338 [info] > git for-each-ref --sort -committerdate --format %(refname) %(objectname) %(*objectname) [8ms]
2025-01-31 23:21:55.381 [info] > git status -z -uall [107ms]
2025-01-31 23:22:00.448 [info] > git config --get commit.template [4ms]
2025-01-31 23:22:00.500 [info] > git for-each-ref --format=%(refname)%00%(upstream:short)%00%(objectname)%00%(upstream:track)%00%(upstream:remotename)%00%(upstream:remoteref) refs/heads/master refs/remotes/master [5ms]
2025-01-31 23:22:00.622 [info] > git for-each-ref --sort -committerdate --format %(refname) %(objectname) %(*objectname) [10ms]
2025-01-31 23:22:00.664 [info] > git status -z -uall [108ms]
2025-01-31 23:22:02.709 [info] > git show --textconv :ml4w/scripts/shell.sh [66ms]
2025-01-31 23:22:02.714 [info] > git ls-files --stage -- /home/aditya/.config/ml4w/scripts/shell.sh [9ms]
2025-01-31 23:22:05.735 [info] > git config --get commit.template [5ms]
2025-01-31 23:22:05.789 [info] > git for-each-ref --format=%(refname)%00%(upstream:short)%00%(objectname)%00%(upstream:track)%00%(upstream:remotename)%00%(upstream:remoteref) refs/heads/master refs/remotes/master [4ms]
2025-01-31 23:22:05.905 [info] > git for-each-ref --sort -committerdate --format %(refname) %(objectname) %(*objectname) [9ms]
2025-01-31 23:22:05.978 [info] > git status -z -uall [138ms]
2025-01-31 23:22:11.058 [info] > git config --get commit.template [5ms]
2025-01-31 23:22:11.122 [info] > git for-each-ref --format=%(refname)%00%(upstream:short)%00%(objectname)%00%(upstream:track)%00%(upstream:remotename)%00%(upstream:remoteref) refs/heads/master refs/remotes/master [7ms]
2025-01-31 23:22:11.251 [info] > git for-each-ref --sort -committerdate --format %(refname) %(objectname) %(*objectname) [10ms]
2025-01-31 23:22:11.303 [info] > git status -z -uall [120ms]
2025-01-31 23:22:13.444 [info] > git check-ignore -v -z --stdin [6ms]
2025-01-31 23:22:16.378 [info] > git config --get commit.template [4ms]
2025-01-31 23:22:16.432 [info] > git for-each-ref --format=%(refname)%00%(upstream:short)%00%(objectname)%00%(upstream:track)%00%(upstream:remotename)%00%(upstream:remoteref) refs/heads/master refs/remotes/master [4ms]
2025-01-31 23:22:16.603 [info] > git status -z -uall [120ms]
2025-01-31 23:22:16.603 [info] > git for-each-ref --sort -committerdate --format %(refname) %(objectname) %(*objectname) [69ms]
2025-01-31 23:22:21.685 [info] > git config --get commit.template [4ms]
2025-01-31 23:22:21.749 [info] > git for-each-ref --format=%(refname)%00%(upstream:short)%00%(objectname)%00%(upstream:track)%00%(upstream:remotename)%00%(upstream:remoteref) refs/heads/master refs/remotes/master [4ms]
2025-01-31 23:22:21.867 [info] > git for-each-ref --sort -committerdate --format %(refname) %(objectname) %(*objectname) [7ms]
2025-01-31 23:22:21.912 [info] > git status -z -uall [115ms]
2025-01-31 23:22:26.989 [info] > git config --get commit.template [14ms]
2025-01-31 23:22:27.042 [info] > git for-each-ref --format=%(refname)%00%(upstream:short)%00%(objectname)%00%(upstream:track)%00%(upstream:remotename)%00%(upstream:remoteref) refs/heads/master refs/remotes/master [4ms]
2025-01-31 23:22:27.157 [info] > git for-each-ref --sort -committerdate --format %(refname) %(objectname) %(*objectname) [7ms]
2025-01-31 23:22:27.182 [info] > git status -z -uall [93ms]
2025-01-31 23:27:36.057 [info] > git config --get commit.template [8ms]
2025-01-31 23:27:36.112 [info] > git for-each-ref --format=%(refname)%00%(upstream:short)%00%(objectname)%00%(upstream:track)%00%(upstream:remotename)%00%(upstream:remoteref) refs/heads/master refs/remotes/master [5ms]
2025-01-31 23:27:36.223 [info] > git for-each-ref --sort -committerdate --format %(refname) %(objectname) %(*objectname) [7ms]
2025-01-31 23:27:36.264 [info] > git status -z -uall [101ms]
2025-01-31 23:27:40.182 [info] > git check-ignore -v -z --stdin [6ms]
2025-01-31 23:27:41.398 [info] > git config --get commit.template [56ms]
2025-01-31 23:27:41.400 [info] > git for-each-ref --format=%(refname)%00%(upstream:short)%00%(objectname)%00%(upstream:track)%00%(upstream:remotename)%00%(upstream:remoteref) refs/heads/master refs/remotes/master [8ms]
2025-01-31 23:27:41.514 [info] > git for-each-ref --sort -committerdate --format %(refname) %(objectname) %(*objectname) [7ms]
2025-01-31 23:27:41.559 [info] > git status -z -uall [105ms]
2025-01-31 23:27:46.573 [info] > git show --textconv :rofi/config.rasi [64ms]
2025-01-31 23:27:46.580 [info] > git ls-files --stage -- /home/aditya/.config/rofi/config.rasi [11ms]
2025-01-31 23:27:46.649 [info] > git config --get commit.template [6ms]
2025-01-31 23:27:46.721 [info] > git for-each-ref --format=%(refname)%00%(upstream:short)%00%(objectname)%00%(upstream:track)%00%(upstream:remotename)%00%(upstream:remoteref) refs/heads/master refs/remotes/master [10ms]
2025-01-31 23:27:46.825 [info] > git for-each-ref --sort -committerdate --format %(refname) %(objectname) %(*objectname) [6ms]
2025-01-31 23:27:46.873 [info] > git status -z -uall [102ms]
2025-01-31 23:27:51.975 [info] > git config --get commit.template [44ms]
2025-01-31 23:27:51.977 [info] > git for-each-ref --format=%(refname)%00%(upstream:short)%00%(objectname)%00%(upstream:track)%00%(upstream:remotename)%00%(upstream:remoteref) refs/heads/master refs/remotes/master [5ms]
2025-01-31 23:27:52.077 [info] > git for-each-ref --sort -committerdate --format %(refname) %(objectname) %(*objectname) [5ms]
2025-01-31 23:27:52.111 [info] > git status -z -uall [90ms]
2025-01-31 23:27:57.221 [info] > git config --get commit.template [51ms]
2025-01-31 23:27:57.223 [info] > git for-each-ref --format=%(refname)%00%(upstream:short)%00%(objectname)%00%(upstream:track)%00%(upstream:remotename)%00%(upstream:remoteref) refs/heads/master refs/remotes/master [6ms]
2025-01-31 23:27:57.314 [info] > git for-each-ref --sort -committerdate --format %(refname) %(objectname) %(*objectname) [4ms]
2025-01-31 23:27:57.349 [info] > git status -z -uall [83ms]
2025-01-31 23:28:02.410 [info] > git config --get commit.template [4ms]
2025-01-31 23:28:02.454 [info] > git for-each-ref --format=%(refname)%00%(upstream:short)%00%(objectname)%00%(upstream:track)%00%(upstream:remotename)%00%(upstream:remoteref) refs/heads/master refs/remotes/master [4ms]
2025-01-31 23:28:02.543 [info] > git for-each-ref --sort -committerdate --format %(refname) %(objectname) %(*objectname) [4ms]
2025-01-31 23:28:02.578 [info] > git status -z -uall [82ms]
2025-01-31 23:28:07.647 [info] > git config --get commit.template [5ms]
2025-01-31 23:28:07.702 [info] > git for-each-ref --format=%(refname)%00%(upstream:short)%00%(objectname)%00%(upstream:track)%00%(upstream:remotename)%00%(upstream:remoteref) refs/heads/master refs/remotes/master [4ms]
2025-01-31 23:28:07.840 [info] > git for-each-ref --sort -committerdate --format %(refname) %(objectname) %(*objectname) [12ms]
2025-01-31 23:28:07.903 [info] > git status -z -uall [136ms]
2025-01-31 23:28:12.997 [info] > git config --get commit.template [11ms]
2025-01-31 23:28:13.102 [info] > git for-each-ref --format=%(refname)%00%(upstream:short)%00%(objectname)%00%(upstream:track)%00%(upstream:remotename)%00%(upstream:remoteref) refs/heads/master refs/remotes/master [33ms]
2025-01-31 23:28:13.288 [info] > git for-each-ref --sort -committerdate --format %(refname) %(objectname) %(*objectname) [9ms]
2025-01-31 23:28:13.332 [info] > git status -z -uall [103ms]
2025-01-31 23:28:17.421 [info] > git show --textconv :rofi/config-themes.rasi [52ms]
2025-01-31 23:28:17.427 [info] > git ls-files --stage -- /home/aditya/.config/rofi/config-themes.rasi [10ms]
2025-01-31 23:28:18.453 [info] > git config --get commit.template [51ms]
2025-01-31 23:28:18.456 [info] > git for-each-ref --format=%(refname)%00%(upstream:short)%00%(objectname)%00%(upstream:track)%00%(upstream:remotename)%00%(upstream:remoteref) refs/heads/master refs/remotes/master [7ms]
2025-01-31 23:28:18.567 [info] > git for-each-ref --sort -committerdate --format %(refname) %(objectname) %(*objectname) [7ms]
2025-01-31 23:28:18.607 [info] > git status -z -uall [97ms]
2025-01-31 23:28:21.532 [info] > git blame --root --incremental 277894b0be25fc3e95a7621696eb769202923e30 -- /home/aditya/.config/rofi/config-themes.rasi [14ms]
2025-01-31 23:28:21.532 [info] fatal: no such path rofi/config-themes.rasi in 277894b0be25fc3e95a7621696eb769202923e30
2025-01-31 23:28:23.679 [info] > git config --get commit.template [5ms]
2025-01-31 23:28:23.732 [info] > git for-each-ref --format=%(refname)%00%(upstream:short)%00%(objectname)%00%(upstream:track)%00%(upstream:remotename)%00%(upstream:remoteref) refs/heads/master refs/remotes/master [4ms]
2025-01-31 23:28:23.840 [info] > git for-each-ref --sort -committerdate --format %(refname) %(objectname) %(*objectname) [8ms]
2025-01-31 23:28:23.875 [info] > git status -z -uall [94ms]
2025-01-31 23:28:49.054 [info] > git config --get commit.template [10ms]
2025-01-31 23:28:49.138 [info] > git for-each-ref --format=%(refname)%00%(upstream:short)%00%(objectname)%00%(upstream:track)%00%(upstream:remotename)%00%(upstream:remoteref) refs/heads/master refs/remotes/master [10ms]
2025-01-31 23:28:49.347 [info] > git for-each-ref --sort -committerdate --format %(refname) %(objectname) %(*objectname) [16ms]
2025-01-31 23:28:49.423 [info] > git status -z -uall [166ms]
2025-01-31 23:28:54.553 [info] > git for-each-ref --format=%(refname)%00%(upstream:short)%00%(objectname)%00%(upstream:track)%00%(upstream:remotename)%00%(upstream:remoteref) refs/heads/master refs/remotes/master [7ms]
2025-01-31 23:28:54.554 [info] > git config --get commit.template [56ms]
2025-01-31 23:28:54.662 [info] > git for-each-ref --sort -committerdate --format %(refname) %(objectname) %(*objectname) [8ms]
2025-01-31 23:28:54.706 [info] > git status -z -uall [101ms]
2025-01-31 23:28:59.771 [info] > git config --get commit.template [5ms]
2025-01-31 23:28:59.822 [info] > git for-each-ref --format=%(refname)%00%(upstream:short)%00%(objectname)%00%(upstream:track)%00%(upstream:remotename)%00%(upstream:remoteref) refs/heads/master refs/remotes/master [4ms]
2025-01-31 23:28:59.934 [info] > git for-each-ref --sort -committerdate --format %(refname) %(objectname) %(*objectname) [9ms]
2025-01-31 23:28:59.961 [info] > git status -z -uall [91ms]
