2025-01-31 15:45:08.871 [info] 2025-01-31T08:45:08.627Z extension INFO  Activating extension... [
  {
    id: 'mongodb.mongodb-vscode',
    version: '1.12.0',
    mode: 'Production',
    kind: 'UI',
    extensionPath: '/home/aditya/.vscode/extensions/mongodb.mongodb-vscode-1.12.0',
    logPath: '/home/aditya/.config/Code/logs/20250131T154408/window1/exthost/mongodb.mongodb-vscode',
    workspaceStoragePath: '/home/aditya/.config/Code/User/workspaceStorage/39b0fba7c784b77d6142c781588e1e76/mongodb.mongodb-vscode',
    globalStoragePath: '/home/aditya/.config/Code/User/globalStorage/mongodb.mongodb-vscode',
    defaultConnectionSavingLocation: 'Global',
    buildInfo: {
      nodeVersion: 'v20.18.1',
      runtimePlatform: 'linux',
      runtimeArch: 'x64'
    }
  }
]

2025-01-31 15:45:08.871 [info] 2025-01-31T08:45:08.638Z language server controller INFO  Creating MongoDB Language Server... [
  {
    extensionPath: '/home/aditya/.vscode/extensions/mongodb.mongodb-vscode-1.12.0',
    languageServer: {
      id: 'mongodbLanguageServer',
      name: 'MongoDB Language Server',
      path: '/home/aditya/.vscode/extensions/mongodb.mongodb-vscode-1.12.0/dist/languageServer.js',
      documentSelector: '[{"pattern":"**/*.mongodb.js"},{"pattern":"**/*.mongodb"}]'
    }
  }
]

2025-01-31 15:45:08.871 [info] 2025-01-31T08:45:08.684Z telemetry INFO  Segment analytics activated [ { anonymousId: '03007e80-99c1-4060-99cb-848ae588190c' } ]

2025-01-31 15:45:08.871 [info] 2025-01-31T08:45:08.685Z participant INFO  Chat participant created [ { participantId: 'mongodb.participant' } ]

2025-01-31 15:45:08.871 [info] 2025-01-31T08:45:08.691Z language server controller INFO  Starting the language server... []

2025-01-31 15:45:10.573 [info] 2025-01-31T08:45:10.572Z language server controller INFO  MongoDBService initialized. Sending default settings... {"extensionPath":"/home/aditya/.vscode/extensions/mongodb.mongodb-vscode-1.12.0","connectionId":null,"hasConnectionString":false,"hasConnectionOptions":false} []

2025-01-31 15:59:27.078 [info] 2025-01-31T08:59:26.990Z extension INFO  Deactivating extension... []

2025-01-31 15:59:27.078 [info] 2025-01-31T08:59:26.990Z connection controller INFO  Disconnect called, currently connected to [ null ]

2025-01-31 15:59:27.078 [info] 2025-01-31T08:59:26.994Z language server controller INFO  Changing MongoDBService active connection... [ { connectionId: null } ]

2025-01-31 15:59:27.078 [info] 2025-01-31T08:59:26.994Z connection controller ERROR Unable to disconnect: no active connection []

2025-01-31 15:59:27.079 [info] 2025-01-31T08:59:27.004Z connection controller INFO  Disconnect called, currently connected to [ null ]

2025-01-31 15:59:27.079 [info] 2025-01-31T08:59:27.005Z language server controller INFO  Changing MongoDBService active connection... [ { connectionId: null } ]

2025-01-31 15:59:27.079 [info] 2025-01-31T08:59:27.006Z connection controller ERROR Unable to disconnect: no active connection []

2025-01-31 15:59:27.089 [info] 2025-01-31T08:59:27.078Z language server controller INFO  Deactivating the language server... []

2025-01-31 15:59:27.089 [info] 2025-01-31T08:59:27.079Z language server controller INFO  Deactivating the language server... []

