2025-01-31 02:09:52.870 [info] Using settings sync service https://vscode-sync.trafficmanager.net/
2025-01-31 02:09:52.870 [info] Auto Sync is enabled.
2025-01-31 02:09:52.870 [info] Auto Sync: Suspended until auth token is available.
2025-01-31 02:10:00.929 [info] Auto Sync: Triggered by Interval
2025-01-31 02:10:00.929 [info] Sync started.
2025-01-31 02:10:02.613 [info] Settings: No changes found during synchronizing settings.
2025-01-31 02:10:03.014 [info] Keybindings: No changes found during synchronizing keybindings.
2025-01-31 02:10:03.038 [info] Snippets: No changes found during synchronizing snippets.
2025-01-31 02:10:03.048 [info] Tasks: No changes found during synchronizing tasks.
2025-01-31 02:10:03.066 [info] GlobalState: No changes found during synchronizing ui state.
2025-01-31 02:10:03.283 [info] Extensions: No changes found during synchronizing extensions.
2025-01-31 02:10:03.296 [info] Profiles: No changes found during synchronizing profiles.
2025-01-31 02:10:03.302 [info] Sync done. Took 2379ms
2025-01-31 02:11:52.128 [info] Auto Sync: Triggered by Activity
2025-01-31 02:11:52.129 [info] Sync started.
2025-01-31 02:11:52.276 [info] Settings: No changes found during synchronizing settings.
2025-01-31 02:11:52.289 [info] Keybindings: No changes found during synchronizing keybindings.
2025-01-31 02:11:52.308 [info] Snippets: No changes found during synchronizing snippets.
2025-01-31 02:11:52.319 [info] Tasks: No changes found during synchronizing tasks.
2025-01-31 02:11:52.339 [info] GlobalState: No changes found during synchronizing ui state.
2025-01-31 02:11:52.898 [info] Extensions: No changes found during synchronizing extensions.
2025-01-31 02:11:52.907 [info] Profiles: No changes found during synchronizing profiles.
2025-01-31 02:11:52.912 [info] Sync done. Took 786ms
2025-01-31 02:13:20.174 [info] Auto Sync: Triggered by Activity
2025-01-31 02:13:20.175 [info] Sync started.
2025-01-31 02:13:20.290 [info] Settings: No changes found during synchronizing settings.
2025-01-31 02:13:20.300 [info] Keybindings: No changes found during synchronizing keybindings.
2025-01-31 02:13:20.316 [info] Snippets: No changes found during synchronizing snippets.
2025-01-31 02:13:20.326 [info] Tasks: No changes found during synchronizing tasks.
2025-01-31 02:13:20.341 [info] GlobalState: No changes found during synchronizing ui state.
2025-01-31 02:13:20.703 [info] Extensions: No changes found during synchronizing extensions.
2025-01-31 02:13:20.710 [info] Profiles: No changes found during synchronizing profiles.
2025-01-31 02:13:20.715 [info] Sync done. Took 542ms
2025-01-31 02:14:55.861 [info] Auto Sync: Triggered by Activity
2025-01-31 02:14:55.862 [info] Sync started.
2025-01-31 02:14:56.023 [info] Settings: No changes found during synchronizing settings.
2025-01-31 02:14:56.035 [info] Keybindings: No changes found during synchronizing keybindings.
2025-01-31 02:14:56.052 [info] Snippets: No changes found during synchronizing snippets.
2025-01-31 02:14:56.062 [info] Tasks: No changes found during synchronizing tasks.
2025-01-31 02:14:56.082 [info] GlobalState: No changes found during synchronizing ui state.
2025-01-31 02:14:56.563 [info] Extensions: No changes found during synchronizing extensions.
2025-01-31 02:14:56.569 [info] Profiles: No changes found during synchronizing profiles.
2025-01-31 02:14:56.573 [info] Sync done. Took 716ms
2025-01-31 02:17:05.157 [info] Auto Sync: Triggered by Activity
2025-01-31 02:17:05.158 [info] Sync started.
2025-01-31 02:17:05.269 [info] Settings: No changes found during synchronizing settings.
2025-01-31 02:17:05.283 [info] Keybindings: No changes found during synchronizing keybindings.
2025-01-31 02:17:05.302 [info] Snippets: No changes found during synchronizing snippets.
2025-01-31 02:17:05.311 [info] Tasks: No changes found during synchronizing tasks.
2025-01-31 02:17:05.326 [info] GlobalState: No changes found during synchronizing ui state.
2025-01-31 02:17:05.664 [info] Extensions: No changes found during synchronizing extensions.
2025-01-31 02:17:05.669 [info] Profiles: No changes found during synchronizing profiles.
2025-01-31 02:17:05.675 [info] Sync done. Took 519ms
2025-01-31 02:18:04.094 [info] Auto Sync: Triggered by Activity
2025-01-31 02:18:04.095 [info] Sync started.
2025-01-31 02:18:04.297 [info] Settings: No changes found during synchronizing settings.
2025-01-31 02:18:04.307 [info] Keybindings: No changes found during synchronizing keybindings.
2025-01-31 02:18:04.321 [info] Snippets: No changes found during synchronizing snippets.
2025-01-31 02:18:04.331 [info] Tasks: No changes found during synchronizing tasks.
2025-01-31 02:18:04.346 [info] GlobalState: No changes found during synchronizing ui state.
2025-01-31 02:18:04.706 [info] Extensions: No changes found during synchronizing extensions.
2025-01-31 02:18:04.710 [info] Profiles: No changes found during synchronizing profiles.
2025-01-31 02:18:04.715 [info] Sync done. Took 623ms
2025-01-31 02:18:24.653 [info] Auto Sync: Triggered by Activity
2025-01-31 02:18:24.654 [info] Sync started.
2025-01-31 02:18:24.772 [info] Settings: No changes found during synchronizing settings.
2025-01-31 02:18:24.781 [info] Keybindings: No changes found during synchronizing keybindings.
2025-01-31 02:18:24.795 [info] Snippets: No changes found during synchronizing snippets.
2025-01-31 02:18:24.805 [info] Tasks: No changes found during synchronizing tasks.
2025-01-31 02:18:24.822 [info] GlobalState: No changes found during synchronizing ui state.
2025-01-31 02:18:25.214 [info] Extensions: No changes found during synchronizing extensions.
2025-01-31 02:18:25.221 [info] Profiles: No changes found during synchronizing profiles.
2025-01-31 02:18:25.225 [info] Sync done. Took 576ms
2025-01-31 02:19:33.612 [info] Auto Sync: Triggered by Activity
2025-01-31 02:19:33.613 [info] Sync started.
2025-01-31 02:19:33.727 [info] Settings: No changes found during synchronizing settings.
2025-01-31 02:19:33.741 [info] Keybindings: No changes found during synchronizing keybindings.
2025-01-31 02:19:33.756 [info] Snippets: No changes found during synchronizing snippets.
2025-01-31 02:19:33.766 [info] Tasks: No changes found during synchronizing tasks.
2025-01-31 02:19:33.783 [info] GlobalState: No changes found during synchronizing ui state.
2025-01-31 02:19:34.113 [info] Extensions: No changes found during synchronizing extensions.
2025-01-31 02:19:34.118 [info] Profiles: No changes found during synchronizing profiles.
2025-01-31 02:19:34.123 [info] Sync done. Took 513ms
2025-01-31 02:24:21.405 [info] Auto Sync: Triggered by Activity
2025-01-31 02:24:21.406 [info] Sync started.
2025-01-31 02:24:22.127 [info] Settings: No changes found during synchronizing settings.
2025-01-31 02:24:22.137 [info] Keybindings: No changes found during synchronizing keybindings.
2025-01-31 02:24:22.150 [info] Snippets: No changes found during synchronizing snippets.
2025-01-31 02:24:22.158 [info] Tasks: No changes found during synchronizing tasks.
2025-01-31 02:24:22.175 [info] GlobalState: No changes found during synchronizing ui state.
2025-01-31 02:24:22.506 [info] Extensions: No changes found during synchronizing extensions.
2025-01-31 02:24:22.512 [info] Profiles: No changes found during synchronizing profiles.
2025-01-31 02:24:22.516 [info] Sync done. Took 1114ms
2025-01-31 02:24:38.904 [info] Auto Sync: Triggered by Activity
2025-01-31 02:24:38.905 [info] Sync started.
2025-01-31 02:24:39.039 [info] Settings: No changes found during synchronizing settings.
2025-01-31 02:24:39.048 [info] Keybindings: No changes found during synchronizing keybindings.
2025-01-31 02:24:39.061 [info] Snippets: No changes found during synchronizing snippets.
2025-01-31 02:24:39.070 [info] Tasks: No changes found during synchronizing tasks.
2025-01-31 02:24:39.089 [info] GlobalState: No changes found during synchronizing ui state.
2025-01-31 02:24:39.391 [info] Extensions: No changes found during synchronizing extensions.
2025-01-31 02:24:39.395 [info] Profiles: No changes found during synchronizing profiles.
2025-01-31 02:24:39.399 [info] Sync done. Took 497ms
2025-01-31 02:24:55.106 [info] Auto Sync: Triggered by Activity
2025-01-31 02:24:55.107 [info] Sync started.
2025-01-31 02:24:55.495 [info] Settings: No changes found during synchronizing settings.
2025-01-31 02:24:55.508 [info] Keybindings: No changes found during synchronizing keybindings.
2025-01-31 02:24:55.524 [info] Snippets: No changes found during synchronizing snippets.
2025-01-31 02:24:55.534 [info] Tasks: No changes found during synchronizing tasks.
2025-01-31 02:24:55.559 [info] GlobalState: No changes found during synchronizing ui state.
2025-01-31 02:24:55.898 [info] Extensions: No changes found during synchronizing extensions.
2025-01-31 02:24:55.902 [info] Profiles: No changes found during synchronizing profiles.
2025-01-31 02:24:55.907 [info] Sync done. Took 805ms
2025-01-31 02:25:37.003 [info] Auto Sync: Triggered by Activity
2025-01-31 02:25:37.004 [info] Sync started.
2025-01-31 02:25:37.106 [info] Settings: No changes found during synchronizing settings.
2025-01-31 02:25:37.115 [info] Keybindings: No changes found during synchronizing keybindings.
2025-01-31 02:25:37.129 [info] Snippets: No changes found during synchronizing snippets.
2025-01-31 02:25:37.138 [info] Tasks: No changes found during synchronizing tasks.
2025-01-31 02:25:37.152 [info] GlobalState: No changes found during synchronizing ui state.
2025-01-31 02:25:37.461 [info] Extensions: No changes found during synchronizing extensions.
2025-01-31 02:25:37.465 [info] Profiles: No changes found during synchronizing profiles.
2025-01-31 02:25:37.469 [info] Sync done. Took 468ms
