2025-02-02 17:51:39.042 [info] Reading sessions from keychain...
2025-02-02 17:51:39.042 [info] Getting sessions for all scopes...
2025-02-02 17:51:39.042 [info] Getting sessions for all scopes...
2025-02-02 17:51:39.042 [info] Getting sessions for all scopes...
2025-02-02 17:51:39.042 [info] Getting sessions for user:email...
2025-02-02 17:51:39.042 [info] Getting sessions for all scopes...
2025-02-02 17:51:39.042 [info] Getting sessions for all scopes...
2025-02-02 17:51:39.042 [info] Getting sessions for all scopes...
2025-02-02 17:51:39.042 [info] Getting sessions for all scopes...
2025-02-02 17:51:39.042 [info] Getting sessions for all scopes...
2025-02-02 17:51:39.042 [info] Got stored sessions!
2025-02-02 17:51:39.042 [info] Got 3 verified sessions.
2025-02-02 17:51:39.042 [info] Got 3 sessions for ...
2025-02-02 17:51:39.042 [info] Got 3 sessions for ...
2025-02-02 17:51:39.042 [info] Got 3 sessions for ...
2025-02-02 17:51:39.042 [info] Got 1 sessions for user:email...
2025-02-02 17:51:39.042 [info] Got 3 sessions for ...
2025-02-02 17:51:39.042 [info] Got 3 sessions for ...
2025-02-02 17:51:39.042 [info] Got 3 sessions for ...
2025-02-02 17:51:39.042 [info] Got 3 sessions for ...
2025-02-02 17:51:39.042 [info] Got 3 sessions for ...
2025-02-02 17:51:40.822 [info] Getting sessions for all scopes...
2025-02-02 17:51:40.822 [info] Got 3 sessions for ...
2025-02-02 17:51:56.397 [info] Getting sessions for read:user,repo,user:email,workflow...
2025-02-02 17:51:56.397 [info] Got 1 sessions for read:user,repo,user:email,workflow...
2025-02-02 17:52:00.165 [info] Getting sessions for read:user,repo,user:email,workflow...
2025-02-02 17:52:00.165 [info] Got 1 sessions for read:user,repo,user:email,workflow...
2025-02-02 17:52:00.165 [info] Getting sessions for all scopes...
2025-02-02 17:52:00.165 [info] Got 3 sessions for ...
2025-02-02 17:52:00.166 [info] Getting sessions for all scopes...
2025-02-02 17:52:00.166 [info] Got 3 sessions for ...
2025-02-02 17:52:01.002 [info] Getting sessions for read:user,repo,user:email,workflow...
2025-02-02 17:52:01.002 [info] Got 1 sessions for read:user,repo,user:email,workflow...
2025-02-02 17:52:09.582 [info] Getting sessions for all scopes...
2025-02-02 17:52:09.582 [info] Got 3 sessions for ...
2025-02-02 17:52:10.392 [info] Getting sessions for read:user,repo,user:email,workflow...
2025-02-02 17:52:10.393 [info] Got 1 sessions for read:user,repo,user:email,workflow...
2025-02-02 17:52:10.393 [info] Getting sessions for read:user,repo,user:email,workflow...
2025-02-02 17:52:10.393 [info] Got 1 sessions for read:user,repo,user:email,workflow...
2025-02-02 17:52:10.867 [info] Getting sessions for all scopes...
2025-02-02 17:52:10.867 [info] Got 3 sessions for ...
2025-02-02 17:52:11.123 [info] Getting sessions for read:user,repo,user:email,workflow...
2025-02-02 17:52:11.123 [info] Got 1 sessions for read:user,repo,user:email,workflow...
2025-02-02 17:52:11.171 [info] Getting sessions for all scopes...
2025-02-02 17:52:11.171 [info] Got 3 sessions for ...
2025-02-02 17:52:11.744 [info] Getting sessions for read:user,repo,user:email,workflow...
2025-02-02 17:52:11.744 [info] Got 1 sessions for read:user,repo,user:email,workflow...
2025-02-02 17:52:12.920 [info] Getting sessions for all scopes...
2025-02-02 17:52:12.920 [info] Got 3 sessions for ...
2025-02-02 17:52:12.921 [info] Getting sessions for all scopes...
2025-02-02 17:52:12.921 [info] Got 3 sessions for ...
2025-02-02 17:52:13.250 [info] Getting sessions for read:user,repo,user:email,workflow...
2025-02-02 17:52:13.250 [info] Got 1 sessions for read:user,repo,user:email,workflow...
2025-02-02 17:52:13.357 [info] Getting sessions for all scopes...
2025-02-02 17:52:13.357 [info] Got 3 sessions for ...
2025-02-02 17:52:13.456 [info] Getting sessions for read:user,repo,user:email,workflow...
2025-02-02 17:52:13.456 [info] Got 1 sessions for read:user,repo,user:email,workflow...
2025-02-02 17:52:13.827 [info] Getting sessions for all scopes...
2025-02-02 17:52:13.828 [info] Got 3 sessions for ...
2025-02-02 17:52:14.004 [info] Getting sessions for read:user,repo,user:email,workflow...
2025-02-02 17:52:14.004 [info] Got 1 sessions for read:user,repo,user:email,workflow...
2025-02-02 17:52:16.653 [info] Getting sessions for all scopes...
2025-02-02 17:52:16.653 [info] Got 3 sessions for ...
2025-02-02 17:52:16.654 [info] Getting sessions for read:user,repo,user:email,workflow...
2025-02-02 17:52:16.654 [info] Got 1 sessions for read:user,repo,user:email,workflow...
2025-02-02 17:52:16.902 [info] Getting sessions for read:user,repo,user:email,workflow...
2025-02-02 17:52:16.902 [info] Got 1 sessions for read:user,repo,user:email,workflow...
