2025-01-29 20:59:45.451 [info] Extension host with pid 112065 started
2025-01-29 20:59:45.451 [info] Skipping acquiring lock for /home/aditya/.config/Code/User/workspaceStorage/3719229b2efcd0f5ed52c77c0ef502bf.
2025-01-29 20:59:45.948 [info] ExtensionService#_doActivateExtension vscode.github-authentication, startup: false, activationEvent: 'onAuthenticationRequest:github'
2025-01-29 20:59:46.024 [info] ExtensionService#_doActivateExtension mongodb.mongodb-vscode, startup: false, activationEvent: 'onLanguage:plaintext'
2025-01-29 20:59:46.981 [info] ExtensionService#_doActivateExtension vscode.emmet, startup: false, activationEvent: 'onLanguage'
2025-01-29 20:59:47.005 [info] ExtensionService#_doActivateExtension vscode.css-language-features, startup: false, activationEvent: 'onLanguage:css'
2025-01-29 20:59:47.063 [info] ExtensionService#_doActivateExtension chinchiheather.vscode-margin-colours, startup: false, activationEvent: 'onLanguage:css'
2025-01-29 20:59:47.163 [info] Extension host terminating: renderer closed the MessagePort
2025-01-29 20:59:47.169 [error] Canceled: Canceled
	at Fc (file:///opt/visual-studio-code/resources/app/out/vs/workbench/api/node/extensionHostProcess.js:7:1122)
	at file:///opt/visual-studio-code/resources/app/out/vs/workbench/api/node/extensionHostProcess.js:32:112153
	at Array.forEach (<anonymous>)
	at Dy.dispose (file:///opt/visual-studio-code/resources/app/out/vs/workbench/api/node/extensionHostProcess.js:32:112093)
	at zz.terminate (file:///opt/visual-studio-code/resources/app/out/vs/workbench/api/node/extensionHostProcess.js:119:10082)
	at QC.terminate (file:///opt/visual-studio-code/resources/app/out/vs/workbench/api/node/extensionHostProcess.js:120:1424)
	at Zi (file:///opt/visual-studio-code/resources/app/out/vs/workbench/api/node/extensionHostProcess.js:175:15080)
	at MessagePortMain.<anonymous> (file:///opt/visual-studio-code/resources/app/out/vs/workbench/api/node/extensionHostProcess.js:175:11628)
	at MessagePortMain.emit (node:events:518:28)
	at MessagePortMain._internalPort.emit (node:electron/js2c/utility_init:2:2949) setContext undefined
2025-01-29 20:59:47.169 [info] Extension host with pid 112065 exiting with code 0
