2025-02-01 19:04:32.785 [info] Reading sessions from keychain...
2025-02-01 19:04:32.785 [info] Getting sessions for all scopes...
2025-02-01 19:04:32.785 [info] Getting sessions for all scopes...
2025-02-01 19:04:32.785 [info] Getting sessions for all scopes...
2025-02-01 19:04:32.785 [info] Getting sessions for user:email...
2025-02-01 19:04:32.785 [info] Getting sessions for all scopes...
2025-02-01 19:04:32.785 [info] Getting sessions for all scopes...
2025-02-01 19:04:32.785 [info] Getting sessions for all scopes...
2025-02-01 19:04:32.785 [info] Getting sessions for all scopes...
2025-02-01 19:04:32.785 [info] Getting sessions for all scopes...
2025-02-01 19:04:32.785 [info] Got stored sessions!
2025-02-01 19:04:32.785 [info] Got 3 verified sessions.
2025-02-01 19:04:32.785 [info] Got 3 sessions for ...
2025-02-01 19:04:32.785 [info] Got 3 sessions for ...
2025-02-01 19:04:32.785 [info] Got 3 sessions for ...
2025-02-01 19:04:32.785 [info] Got 1 sessions for user:email...
2025-02-01 19:04:32.785 [info] Got 3 sessions for ...
2025-02-01 19:04:32.785 [info] Got 3 sessions for ...
2025-02-01 19:04:32.785 [info] Got 3 sessions for ...
2025-02-01 19:04:32.785 [info] Got 3 sessions for ...
2025-02-01 19:04:32.785 [info] Got 3 sessions for ...
2025-02-01 19:04:32.785 [info] Getting sessions for all scopes...
2025-02-01 19:04:32.785 [info] Got 3 sessions for ...
2025-02-01 19:04:49.432 [info] Getting sessions for read:user,repo,user:email,workflow...
2025-02-01 19:04:49.433 [info] Got 1 sessions for read:user,repo,user:email,workflow...
2025-02-01 19:04:53.937 [info] Getting sessions for read:user,repo,user:email,workflow...
2025-02-01 19:04:53.937 [info] Got 1 sessions for read:user,repo,user:email,workflow...
2025-02-01 19:04:53.938 [info] Getting sessions for all scopes...
2025-02-01 19:04:53.938 [info] Got 3 sessions for ...
2025-02-01 19:04:53.939 [info] Getting sessions for all scopes...
2025-02-01 19:04:53.939 [info] Got 3 sessions for ...
2025-02-01 19:04:55.029 [info] Getting sessions for read:user,repo,user:email,workflow...
2025-02-01 19:04:55.029 [info] Got 1 sessions for read:user,repo,user:email,workflow...
2025-02-01 19:04:56.314 [info] Getting sessions for all scopes...
2025-02-01 19:04:56.314 [info] Got 3 sessions for ...
2025-02-01 19:04:56.315 [info] Getting sessions for all scopes...
2025-02-01 19:04:56.315 [info] Got 3 sessions for ...
2025-02-01 19:05:04.337 [info] Getting sessions for read:user,repo,user:email,workflow...
2025-02-01 19:05:04.337 [info] Got 1 sessions for read:user,repo,user:email,workflow...
2025-02-01 19:05:04.876 [info] Getting sessions for read:user,repo,user:email,workflow...
2025-02-01 19:05:04.876 [info] Got 1 sessions for read:user,repo,user:email,workflow...
2025-02-01 19:05:06.111 [info] Getting sessions for all scopes...
2025-02-01 19:05:06.111 [info] Got 3 sessions for ...
2025-02-01 19:05:06.678 [info] Getting sessions for read:user,repo,user:email,workflow...
2025-02-01 19:05:06.678 [info] Got 1 sessions for read:user,repo,user:email,workflow...
2025-02-01 19:05:07.097 [info] Getting sessions for all scopes...
2025-02-01 19:05:07.098 [info] Got 3 sessions for ...
2025-02-01 19:05:07.420 [info] Getting sessions for read:user,repo,user:email,workflow...
2025-02-01 19:05:07.420 [info] Got 1 sessions for read:user,repo,user:email,workflow...
2025-02-01 19:05:07.542 [info] Getting sessions for all scopes...
2025-02-01 19:05:07.542 [info] Got 3 sessions for ...
2025-02-01 19:05:07.767 [info] Getting sessions for read:user,repo,user:email,workflow...
2025-02-01 19:05:07.767 [info] Got 1 sessions for read:user,repo,user:email,workflow...
2025-02-01 19:05:07.845 [info] Getting sessions for read:user,repo,user:email,workflow...
2025-02-01 19:05:07.846 [info] Got 1 sessions for read:user,repo,user:email,workflow...
2025-02-01 19:05:09.422 [info] Getting sessions for all scopes...
2025-02-01 19:05:09.422 [info] Got 3 sessions for ...
2025-02-01 19:05:09.655 [info] Getting sessions for read:user,repo,user:email,workflow...
2025-02-01 19:05:09.655 [info] Got 1 sessions for read:user,repo,user:email,workflow...
2025-02-01 19:07:58.562 [info] Getting sessions for read:user,repo,user:email,workflow...
2025-02-01 19:07:58.562 [info] Got 1 sessions for read:user,repo,user:email,workflow...
2025-02-01 19:10:13.595 [info] Getting sessions for read:user,repo,user:email,workflow...
2025-02-01 19:10:13.595 [info] Got 1 sessions for read:user,repo,user:email,workflow...
2025-02-01 19:15:56.059 [info] Getting sessions for read:user,repo,user:email,workflow...
2025-02-01 19:15:56.059 [info] Got 1 sessions for read:user,repo,user:email,workflow...
2025-02-01 19:17:27.457 [info] Getting sessions for read:user,repo,user:email,workflow...
2025-02-01 19:17:27.457 [info] Got 1 sessions for read:user,repo,user:email,workflow...
