2025-01-31 15:44:14.999 [info] Using settings sync service https://vscode-sync.trafficmanager.net/
2025-01-31 15:44:14.999 [info] Auto Sync is enabled.
2025-01-31 15:44:14.999 [info] Auto Sync: Suspended until auth token is available.
2025-01-31 15:44:22.406 [info] Auto Sync: Triggered by Interval
2025-01-31 15:44:22.428 [info] Sync started.
2025-01-31 15:44:22.508 [info] Request failed https://vscode-sync.trafficmanager.net/v1/manifest
2025-01-31 15:44:22.509 [error] RequestFailed (UserDataSyncError) syncResource:unknown operationId:unknown: Connection refused for the request 'https://vscode-sync.trafficmanager.net/v1/manifest'.
    at qh.D (file:///opt/visual-studio-code/resources/app/out/vs/code/electron-utility/sharedProcess/sharedProcessMain.js:105:22107)
    at async qh.manifest (file:///opt/visual-studio-code/resources/app/out/vs/code/electron-utility/sharedProcess/sharedProcessMain.js:105:19954)
    at async vu.createSyncTask (file:///opt/visual-studio-code/resources/app/out/vs/code/electron-utility/sharedProcess/sharedProcessMain.js:105:121443)
    at async vf.I (file:///opt/visual-studio-code/resources/app/out/vs/code/electron-utility/sharedProcess/sharedProcessMain.js:112:9288)
    at async vf.H (file:///opt/visual-studio-code/resources/app/out/vs/code/electron-utility/sharedProcess/sharedProcessMain.js:112:8932)
2025-01-31 15:44:22.509 [error] RequestFailed (UserDataSyncError) syncResource:unknown operationId:unknown: Connection refused for the request 'https://vscode-sync.trafficmanager.net/v1/manifest'.
    at qh.D (file:///opt/visual-studio-code/resources/app/out/vs/code/electron-utility/sharedProcess/sharedProcessMain.js:105:22107)
    at async qh.manifest (file:///opt/visual-studio-code/resources/app/out/vs/code/electron-utility/sharedProcess/sharedProcessMain.js:105:19954)
    at async vu.createSyncTask (file:///opt/visual-studio-code/resources/app/out/vs/code/electron-utility/sharedProcess/sharedProcessMain.js:105:121443)
    at async vf.I (file:///opt/visual-studio-code/resources/app/out/vs/code/electron-utility/sharedProcess/sharedProcessMain.js:112:9288)
    at async vf.H (file:///opt/visual-studio-code/resources/app/out/vs/code/electron-utility/sharedProcess/sharedProcessMain.js:112:8932)
2025-01-31 15:45:37.912 [info] Auto Sync: Triggered by Activity
2025-01-31 15:45:37.913 [info] Sync started.
2025-01-31 15:45:39.327 [info] Settings: No changes found during synchronizing settings.
2025-01-31 15:45:39.362 [info] Keybindings: No changes found during synchronizing keybindings.
2025-01-31 15:45:39.388 [info] Snippets: No changes found during synchronizing snippets.
2025-01-31 15:45:39.400 [info] Tasks: No changes found during synchronizing tasks.
2025-01-31 15:45:40.317 [info] GlobalState: Updated remote ui state. Updated: extension.features.state.
2025-01-31 15:45:40.332 [info] GlobalState: Updated last synchronized ui state
2025-01-31 15:45:40.761 [info] Extensions: No changes found during synchronizing extensions.
2025-01-31 15:45:40.768 [info] Profiles: No changes found during synchronizing profiles.
2025-01-31 15:45:40.777 [info] Sync done. Took 2874ms
2025-01-31 15:46:28.020 [info] Auto Sync: Triggered by Activity
2025-01-31 15:46:28.021 [info] Sync started.
2025-01-31 15:46:28.157 [info] Settings: No changes found during synchronizing settings.
2025-01-31 15:46:28.183 [info] Keybindings: No changes found during synchronizing keybindings.
2025-01-31 15:46:28.207 [info] Snippets: No changes found during synchronizing snippets.
2025-01-31 15:46:28.217 [info] Tasks: No changes found during synchronizing tasks.
2025-01-31 15:46:28.237 [info] GlobalState: No changes found during synchronizing ui state.
2025-01-31 15:46:28.694 [info] Extensions: No changes found during synchronizing extensions.
2025-01-31 15:46:28.701 [info] Profiles: No changes found during synchronizing profiles.
2025-01-31 15:46:28.706 [info] Sync done. Took 687ms
2025-01-31 15:46:53.710 [info] Auto Sync: Triggered by Activity
2025-01-31 15:46:53.711 [info] Sync started.
2025-01-31 15:46:53.903 [info] Settings: No changes found during synchronizing settings.
2025-01-31 15:46:53.912 [info] Keybindings: No changes found during synchronizing keybindings.
2025-01-31 15:46:53.928 [info] Snippets: No changes found during synchronizing snippets.
2025-01-31 15:46:53.937 [info] Tasks: No changes found during synchronizing tasks.
2025-01-31 15:46:53.956 [info] GlobalState: No changes found during synchronizing ui state.
2025-01-31 15:46:54.297 [info] Extensions: No changes found during synchronizing extensions.
2025-01-31 15:46:54.301 [info] Profiles: No changes found during synchronizing profiles.
2025-01-31 15:46:54.305 [info] Sync done. Took 597ms
2025-01-31 15:47:22.194 [info] Auto Sync: Triggered by Activity
2025-01-31 15:47:22.195 [info] Sync started.
2025-01-31 15:47:22.455 [info] Settings: No changes found during synchronizing settings.
2025-01-31 15:47:22.466 [info] Keybindings: No changes found during synchronizing keybindings.
2025-01-31 15:47:22.479 [info] Snippets: No changes found during synchronizing snippets.
2025-01-31 15:47:22.492 [info] Tasks: No changes found during synchronizing tasks.
2025-01-31 15:47:22.513 [info] GlobalState: No changes found during synchronizing ui state.
2025-01-31 15:47:22.935 [info] Extensions: No changes found during synchronizing extensions.
2025-01-31 15:47:22.939 [info] Profiles: No changes found during synchronizing profiles.
2025-01-31 15:47:22.945 [info] Sync done. Took 755ms
2025-01-31 15:50:39.350 [info] Auto Sync: Triggered by Activity
2025-01-31 15:50:39.351 [info] Sync started.
2025-01-31 15:50:39.652 [info] Settings: No changes found during synchronizing settings.
2025-01-31 15:50:39.678 [info] Keybindings: No changes found during synchronizing keybindings.
2025-01-31 15:50:39.696 [info] Snippets: No changes found during synchronizing snippets.
2025-01-31 15:50:39.707 [info] Tasks: No changes found during synchronizing tasks.
2025-01-31 15:50:39.725 [info] GlobalState: No changes found during synchronizing ui state.
2025-01-31 15:50:40.185 [info] Extensions: No changes found during synchronizing extensions.
2025-01-31 15:50:40.191 [info] Profiles: No changes found during synchronizing profiles.
2025-01-31 15:50:40.198 [info] Sync done. Took 850ms
2025-01-31 15:51:25.694 [info] Auto Sync: Triggered by Activity
2025-01-31 15:51:25.695 [info] Sync started.
2025-01-31 15:51:25.814 [info] Settings: No changes found during synchronizing settings.
2025-01-31 15:51:25.824 [info] Keybindings: No changes found during synchronizing keybindings.
2025-01-31 15:51:25.839 [info] Snippets: No changes found during synchronizing snippets.
2025-01-31 15:51:25.848 [info] Tasks: No changes found during synchronizing tasks.
2025-01-31 15:51:25.865 [info] GlobalState: No changes found during synchronizing ui state.
2025-01-31 15:51:26.301 [info] Extensions: No changes found during synchronizing extensions.
2025-01-31 15:51:26.310 [info] Profiles: No changes found during synchronizing profiles.
2025-01-31 15:51:26.316 [info] Sync done. Took 624ms
2025-01-31 15:52:10.756 [info] Auto Sync: Triggered by Activity
2025-01-31 15:52:10.757 [info] Sync started.
2025-01-31 15:52:10.888 [info] Settings: No changes found during synchronizing settings.
2025-01-31 15:52:10.897 [info] Keybindings: No changes found during synchronizing keybindings.
2025-01-31 15:52:10.910 [info] Snippets: No changes found during synchronizing snippets.
2025-01-31 15:52:10.920 [info] Tasks: No changes found during synchronizing tasks.
2025-01-31 15:52:10.934 [info] GlobalState: No changes found during synchronizing ui state.
2025-01-31 15:52:11.316 [info] Extensions: No changes found during synchronizing extensions.
2025-01-31 15:52:11.321 [info] Profiles: No changes found during synchronizing profiles.
2025-01-31 15:52:11.325 [info] Sync done. Took 571ms
2025-01-31 15:52:27.256 [info] Auto Sync: Triggered by Activity
2025-01-31 15:52:27.257 [info] Sync started.
2025-01-31 15:52:27.367 [info] Settings: No changes found during synchronizing settings.
2025-01-31 15:52:27.381 [info] Keybindings: No changes found during synchronizing keybindings.
2025-01-31 15:52:27.398 [info] Snippets: No changes found during synchronizing snippets.
2025-01-31 15:52:27.411 [info] Tasks: No changes found during synchronizing tasks.
2025-01-31 15:52:27.428 [info] GlobalState: No changes found during synchronizing ui state.
2025-01-31 15:52:27.812 [info] Extensions: No changes found during synchronizing extensions.
2025-01-31 15:52:27.816 [info] Profiles: No changes found during synchronizing profiles.
2025-01-31 15:52:27.822 [info] Sync done. Took 568ms
2025-01-31 15:53:32.879 [info] Auto Sync: Triggered by Activity
2025-01-31 15:53:32.879 [info] Sync started.
2025-01-31 15:53:32.997 [info] Settings: No changes found during synchronizing settings.
2025-01-31 15:53:33.007 [info] Keybindings: No changes found during synchronizing keybindings.
2025-01-31 15:53:33.023 [info] Snippets: No changes found during synchronizing snippets.
2025-01-31 15:53:33.032 [info] Tasks: No changes found during synchronizing tasks.
2025-01-31 15:53:33.051 [info] GlobalState: No changes found during synchronizing ui state.
2025-01-31 15:53:33.398 [info] Extensions: No changes found during synchronizing extensions.
2025-01-31 15:53:33.401 [info] Profiles: No changes found during synchronizing profiles.
2025-01-31 15:53:33.406 [info] Sync done. Took 528ms
2025-01-31 15:53:50.358 [info] Auto Sync: Triggered by Activity
2025-01-31 15:53:50.359 [info] Sync started.
2025-01-31 15:53:50.469 [info] Settings: No changes found during synchronizing settings.
2025-01-31 15:53:50.482 [info] Keybindings: No changes found during synchronizing keybindings.
2025-01-31 15:53:50.508 [info] Snippets: No changes found during synchronizing snippets.
2025-01-31 15:53:50.520 [info] Tasks: No changes found during synchronizing tasks.
2025-01-31 15:53:50.550 [info] GlobalState: No changes found during synchronizing ui state.
2025-01-31 15:53:51.061 [info] Extensions: No changes found during synchronizing extensions.
2025-01-31 15:53:51.069 [info] Profiles: No changes found during synchronizing profiles.
2025-01-31 15:53:51.074 [info] Sync done. Took 724ms
2025-01-31 15:54:31.928 [info] Auto Sync: Triggered by Activity
2025-01-31 15:54:31.928 [info] Sync started.
2025-01-31 15:54:32.054 [info] Settings: No changes found during synchronizing settings.
2025-01-31 15:54:32.070 [info] Keybindings: No changes found during synchronizing keybindings.
2025-01-31 15:54:32.090 [info] Snippets: No changes found during synchronizing snippets.
2025-01-31 15:54:32.105 [info] Tasks: No changes found during synchronizing tasks.
2025-01-31 15:54:32.126 [info] GlobalState: No changes found during synchronizing ui state.
2025-01-31 15:54:32.574 [info] Extensions: No changes found during synchronizing extensions.
2025-01-31 15:54:32.582 [info] Profiles: No changes found during synchronizing profiles.
2025-01-31 15:54:32.587 [info] Sync done. Took 662ms
2025-01-31 15:55:49.898 [info] Auto Sync: Triggered by Activity
2025-01-31 15:55:49.899 [info] Sync started.
2025-01-31 15:55:50.012 [info] Settings: No changes found during synchronizing settings.
2025-01-31 15:55:50.022 [info] Keybindings: No changes found during synchronizing keybindings.
2025-01-31 15:55:50.036 [info] Snippets: No changes found during synchronizing snippets.
2025-01-31 15:55:50.044 [info] Tasks: No changes found during synchronizing tasks.
2025-01-31 15:55:50.061 [info] GlobalState: No changes found during synchronizing ui state.
2025-01-31 15:55:50.456 [info] Extensions: No changes found during synchronizing extensions.
2025-01-31 15:55:50.461 [info] Profiles: No changes found during synchronizing profiles.
2025-01-31 15:55:50.466 [info] Sync done. Took 571ms
2025-01-31 15:56:39.818 [info] Auto Sync: Triggered by Activity
2025-01-31 15:56:39.819 [info] Sync started.
2025-01-31 15:56:39.919 [info] Settings: No changes found during synchronizing settings.
2025-01-31 15:56:39.931 [info] Keybindings: No changes found during synchronizing keybindings.
2025-01-31 15:56:39.947 [info] Snippets: No changes found during synchronizing snippets.
2025-01-31 15:56:39.956 [info] Tasks: No changes found during synchronizing tasks.
2025-01-31 15:56:39.973 [info] GlobalState: No changes found during synchronizing ui state.
2025-01-31 15:56:40.381 [info] Extensions: No changes found during synchronizing extensions.
2025-01-31 15:56:40.384 [info] Profiles: No changes found during synchronizing profiles.
2025-01-31 15:56:40.388 [info] Sync done. Took 571ms
2025-01-31 15:56:58.303 [info] Auto Sync: Triggered by Activity
2025-01-31 15:56:58.304 [info] Sync started.
2025-01-31 15:56:58.317 [info] Request failed https://vscode-sync.trafficmanager.net/v1/manifest
2025-01-31 15:56:58.318 [error] RequestFailed (UserDataSyncError) syncResource:unknown operationId:unknown: Connection refused for the request 'https://vscode-sync.trafficmanager.net/v1/manifest'.
    at qh.D (file:///opt/visual-studio-code/resources/app/out/vs/code/electron-utility/sharedProcess/sharedProcessMain.js:105:22107)
    at async qh.manifest (file:///opt/visual-studio-code/resources/app/out/vs/code/electron-utility/sharedProcess/sharedProcessMain.js:105:19954)
    at async vu.createSyncTask (file:///opt/visual-studio-code/resources/app/out/vs/code/electron-utility/sharedProcess/sharedProcessMain.js:105:121443)
    at async vf.I (file:///opt/visual-studio-code/resources/app/out/vs/code/electron-utility/sharedProcess/sharedProcessMain.js:112:9288)
    at async vf.H (file:///opt/visual-studio-code/resources/app/out/vs/code/electron-utility/sharedProcess/sharedProcessMain.js:112:8932)
2025-01-31 15:56:58.319 [error] RequestFailed (UserDataSyncError) syncResource:unknown operationId:unknown: Connection refused for the request 'https://vscode-sync.trafficmanager.net/v1/manifest'.
    at qh.D (file:///opt/visual-studio-code/resources/app/out/vs/code/electron-utility/sharedProcess/sharedProcessMain.js:105:22107)
    at async qh.manifest (file:///opt/visual-studio-code/resources/app/out/vs/code/electron-utility/sharedProcess/sharedProcessMain.js:105:19954)
    at async vu.createSyncTask (file:///opt/visual-studio-code/resources/app/out/vs/code/electron-utility/sharedProcess/sharedProcessMain.js:105:121443)
    at async vf.I (file:///opt/visual-studio-code/resources/app/out/vs/code/electron-utility/sharedProcess/sharedProcessMain.js:112:9288)
    at async vf.H (file:///opt/visual-studio-code/resources/app/out/vs/code/electron-utility/sharedProcess/sharedProcessMain.js:112:8932)
2025-01-31 15:57:36.048 [info] Auto Sync: Triggered by Activity
2025-01-31 15:57:36.049 [info] Sync started.
2025-01-31 15:57:36.056 [info] Request failed https://vscode-sync.trafficmanager.net/v1/manifest
2025-01-31 15:57:36.056 [error] RequestFailed (UserDataSyncError) syncResource:unknown operationId:unknown: Connection refused for the request 'https://vscode-sync.trafficmanager.net/v1/manifest'.
    at qh.D (file:///opt/visual-studio-code/resources/app/out/vs/code/electron-utility/sharedProcess/sharedProcessMain.js:105:22107)
    at async qh.manifest (file:///opt/visual-studio-code/resources/app/out/vs/code/electron-utility/sharedProcess/sharedProcessMain.js:105:19954)
    at async vu.createSyncTask (file:///opt/visual-studio-code/resources/app/out/vs/code/electron-utility/sharedProcess/sharedProcessMain.js:105:121443)
    at async vf.I (file:///opt/visual-studio-code/resources/app/out/vs/code/electron-utility/sharedProcess/sharedProcessMain.js:112:9288)
    at async vf.H (file:///opt/visual-studio-code/resources/app/out/vs/code/electron-utility/sharedProcess/sharedProcessMain.js:112:8932)
2025-01-31 15:57:36.057 [error] RequestFailed (UserDataSyncError) syncResource:unknown operationId:unknown: Connection refused for the request 'https://vscode-sync.trafficmanager.net/v1/manifest'.
    at qh.D (file:///opt/visual-studio-code/resources/app/out/vs/code/electron-utility/sharedProcess/sharedProcessMain.js:105:22107)
    at async qh.manifest (file:///opt/visual-studio-code/resources/app/out/vs/code/electron-utility/sharedProcess/sharedProcessMain.js:105:19954)
    at async vu.createSyncTask (file:///opt/visual-studio-code/resources/app/out/vs/code/electron-utility/sharedProcess/sharedProcessMain.js:105:121443)
    at async vf.I (file:///opt/visual-studio-code/resources/app/out/vs/code/electron-utility/sharedProcess/sharedProcessMain.js:112:9288)
    at async vf.H (file:///opt/visual-studio-code/resources/app/out/vs/code/electron-utility/sharedProcess/sharedProcessMain.js:112:8932)
2025-01-31 15:58:01.843 [info] Auto Sync: Triggered by Activity
2025-01-31 15:58:01.843 [info] Sync started.
2025-01-31 15:58:02.176 [info] Settings: No changes found during synchronizing settings.
2025-01-31 15:58:02.187 [info] Keybindings: No changes found during synchronizing keybindings.
2025-01-31 15:58:02.201 [info] Snippets: No changes found during synchronizing snippets.
2025-01-31 15:58:02.210 [info] Tasks: No changes found during synchronizing tasks.
2025-01-31 15:58:02.228 [info] GlobalState: No changes found during synchronizing ui state.
2025-01-31 15:58:02.568 [info] Extensions: No changes found during synchronizing extensions.
2025-01-31 15:58:02.572 [info] Profiles: No changes found during synchronizing profiles.
2025-01-31 15:58:02.576 [info] Sync done. Took 734ms
