[Server(907535) website-sekolah/] onInitialize
[Server(907535) website-sekolah/] Number of style sheets - 9
[Server(907535) website-sekolah/] setupInitialStylemap
[Server(907535) website-sekolah/] Document opened: globals.css.
[Server(907535) website-sekolah/] Document changed: globals.css. Invalidating Cache.
> 634
  nav 492 495
  h1 656 658
  h1 718 720
  ul 757 759
  li 824 826
  li 964 966
  ul 981 983
  div 1024 1027
  Menu 1089 1093
  Menu 1110 1114
  div 1134 1137
  ul 1178 1180
  h1 1411 1413
  h1 1477 1479
  li 1554 1556
  li 1715 1717
  ul 1732 1734
  nav 1740 1743
Invalid Selector
text-white 1610
  div 91 94
  div 170 173
  h2 223 225
  h2 320 322
  p 330 331
  p 521 522
  div 530 533
  div 541 544
  div 570 573
  div 634 637
  Image 647 652
  div 806 809
  div 818 821
  h3 831 833
  h3 898 900
  p 910 911
  p 1157 1158
  div 1168 1171
  div 1180 1183
  h3 1220 1222
  h3 1285 1287
  p 1297 1298
  p 1544 1545
  button 1555 1561
text-white is a "class"
Parsing app_globals_b52d8e.css
app_globals_b52d8e.css has 359 symbols
Searching through them all for /\.text-white(\[[^\]]*\]|:{1,2}[\w-()]+|\.[\w-]+|#[\w-]+)*\s*/
Done
Parsing %5Broot%20of%20the%20server%5D__9d1267._.css
%5Broot%20of%20the%20server%5D__9d1267._.css has 369 symbols
Searching through them all for /\.text-white(\[[^\]]*\]|:{1,2}[\w-()]+|\.[\w-]+|#[\w-]+)*\s*/
Done
Parsing app_globals_b52d8e.css
app_globals_b52d8e.css has 359 symbols
Searching through them all for /\.text-white(\[[^\]]*\]|:{1,2}[\w-()]+|\.[\w-]+|#[\w-]+)*\s*/
Done
Parsing %5Broot%20of%20the%20server%5D__9d1267._.css
%5Broot%20of%20the%20server%5D__9d1267._.css has 369 symbols
Searching through them all for /\.text-white(\[[^\]]*\]|:{1,2}[\w-()]+|\.[\w-]+|#[\w-]+)*\s*/
Done
max-sm:[400px] 132
  div 91 94
max-sm:[400px] is a "class"
app_globals_b52d8e.css has 359 symbols
Searching through them all for /\.max-sm:[400px](\[[^\]]*\]|:{1,2}[\w-()]+|\.[\w-]+|#[\w-]+)*\s*/
Done
%5Broot%20of%20the%20server%5D__9d1267._.css has 369 symbols
Searching through them all for /\.max-sm:[400px](\[[^\]]*\]|:{1,2}[\w-()]+|\.[\w-]+|#[\w-]+)*\s*/
Done
app_globals_b52d8e.css has 359 symbols
Searching through them all for /\.max-sm:[400px](\[[^\]]*\]|:{1,2}[\w-()]+|\.[\w-]+|#[\w-]+)*\s*/
Done
%5Broot%20of%20the%20server%5D__9d1267._.css has 369 symbols
Searching through them all for /\.max-sm:[400px](\[[^\]]*\]|:{1,2}[\w-()]+|\.[\w-]+|#[\w-]+)*\s*/
Done
Company 372
  nav 492 495
  h1 668 670
  h1 730 732
  ul 769 771
  li 836 838
  li 976 978
  ul 993 995
  div 1036 1039
  Menu 1101 1105
  Menu 1122 1126
  div 1146 1149
  ul 1190 1192
  h1 1423 1425
  h1 1489 1491
  li 1566 1568
  li 1727 1729
  ul 1744 1746
  nav 1752 1755
Invalid Selector
Resources 402
  nav 492 495
  h1 668 670
  h1 730 732
  ul 769 771
  li 836 838
  li 976 978
  ul 993 995
  div 1036 1039
  Menu 1101 1105
  Menu 1122 1126
  div 1146 1149
  ul 1190 1192
  h1 1423 1425
  h1 1489 1491
  li 1566 1568
  li 1727 1729
  ul 1744 1746
  nav 1752 1755
Invalid Selector
About 436
  nav 494 497
  h1 670 672
  h1 732 734
  ul 771 773
  li 838 840
  li 978 980
  ul 995 997
  div 1038 1041
  Menu 1103 1107
  Menu 1124 1128
  div 1148 1151
  ul 1192 1194
  h1 1425 1427
  h1 1491 1493
  li 1568 1570
  li 1729 1731
  ul 1746 1748
  nav 1754 1757
Invalid Selector
class= 53
  div 49 52
  div 83 86
  div 153 156
  h2 190 192
  h2 269 271
  p 284 285
  p 387 388
  div 400 403
  div 414 417
  div 495 498
  h3 574 576
  h3 658 660
  p 675 676
  p 811 812
  div 826 829
  div 842 845
  h3 921 923
  h3 1009 1011
  p 1026 1027
  p 1163 1164
  div 1178 1181
  div 1194 1197
  h3 1273 1275
  h3 1357 1359
  p 1374 1375
  p 1537 1538
  div 1552 1555
  div 1567 1570
  div 1580 1583
  div 1591 1594
Invalid Selector
[Server(907535) website-sekolah/] Document opened: globals.css.
[Server(907535) website-sekolah/] Document changed: globals.css. Invalidating Cache.
[Server(907535) website-sekolah/] Document changed: globals.css. Invalidating Cache.
[Server(907535) website-sekolah/] Document changed: globals.css. Invalidating Cache.
[Server(907535) website-sekolah/] Document changed: globals.css. Invalidating Cache.
bg-secondary 1307
  nav 494 497
  h1 693 695
  h1 755 757
  ul 794 796
  li 861 863
  li 1001 1003
  ul 1018 1020
  div 1061 1064
  Menu 1126 1130
  Menu 1147 1151
  div 1171 1174
  ul 1215 1217
  h1 1448 1450
  h1 1514 1516
  li 1591 1593
  li 1752 1754
  ul 1769 1771
  nav 1777 1780
Invalid Selector
cursor-pointer 1690
  nav 494 497
  h1 693 695
  h1 755 757
  ul 794 796
  li 861 863
  li 1001 1003
  ul 1018 1020
  div 1061 1064
  Menu 1126 1130
  Menu 1147 1151
  div 1171 1174
  ul 1215 1217
  h1 1444 1446
  h1 1510 1512
  li 1587 1589
cursor-pointer is a "class"
app_globals_b52d8e.css has 359 symbols
Searching through them all for /\.cursor-pointer(\[[^\]]*\]|:{1,2}[\w-()]+|\.[\w-]+|#[\w-]+)*\s*/
Done
%5Broot%20of%20the%20server%5D__9d1267._.css has 369 symbols
Searching through them all for /\.cursor-pointer(\[[^\]]*\]|:{1,2}[\w-()]+|\.[\w-]+|#[\w-]+)*\s*/
Done
app_globals_b52d8e.css has 359 symbols
Searching through them all for /\.cursor-pointer(\[[^\]]*\]|:{1,2}[\w-()]+|\.[\w-]+|#[\w-]+)*\s*/
Done
%5Broot%20of%20the%20server%5D__9d1267._.css has 369 symbols
Searching through them all for /\.cursor-pointer(\[[^\]]*\]|:{1,2}[\w-()]+|\.[\w-]+|#[\w-]+)*\s*/
Done
hover:bg-secondary 1639
  nav 494 497
  h1 693 695
  h1 755 757
  ul 794 796
  li 861 863
  li 1001 1003
  ul 1018 1020
  div 1061 1064
  Menu 1126 1130
  Menu 1147 1151
  div 1171 1174
  ul 1215 1217
  h1 1444 1446
  h1 1510 1512
  li 1587 1589
hover:bg-secondary is a "class"
app_globals_b52d8e.css has 359 symbols
Searching through them all for /\.hover:bg-secondary(\[[^\]]*\]|:{1,2}[\w-()]+|\.[\w-]+|#[\w-]+)*\s*/
Done
%5Broot%20of%20the%20server%5D__9d1267._.css has 369 symbols
Searching through them all for /\.hover:bg-secondary(\[[^\]]*\]|:{1,2}[\w-()]+|\.[\w-]+|#[\w-]+)*\s*/
Done
app_globals_b52d8e.css has 359 symbols
Searching through them all for /\.hover:bg-secondary(\[[^\]]*\]|:{1,2}[\w-()]+|\.[\w-]+|#[\w-]+)*\s*/
Done
%5Broot%20of%20the%20server%5D__9d1267._.css has 369 symbols
Searching through them all for /\.hover:bg-secondary(\[[^\]]*\]|:{1,2}[\w-()]+|\.[\w-]+|#[\w-]+)*\s*/
Done
text-indigo-700 590
  div 40 43
  div 75 78
  div 145 148
  h2 181 183
  h2 261 263
  p 271 272
  p 378 379
  div 387 390
  div 397 400
  div 477 480
  h3 554 556
text-indigo-700 is a "class"
app_globals_b52d8e.css has 359 symbols
Searching through them all for /\.text-indigo-700(\[[^\]]*\]|:{1,2}[\w-()]+|\.[\w-]+|#[\w-]+)*\s*/
Done
%5Broot%20of%20the%20server%5D__9d1267._.css has 369 symbols
Searching through them all for /\.text-indigo-700(\[[^\]]*\]|:{1,2}[\w-()]+|\.[\w-]+|#[\w-]+)*\s*/
Done
app_globals_b52d8e.css has 359 symbols
Searching through them all for /\.text-indigo-700(\[[^\]]*\]|:{1,2}[\w-()]+|\.[\w-]+|#[\w-]+)*\s*/
Done
%5Broot%20of%20the%20server%5D__9d1267._.css has 369 symbols
Searching through them all for /\.text-indigo-700(\[[^\]]*\]|:{1,2}[\w-()]+|\.[\w-]+|#[\w-]+)*\s*/
Done
className= 161
  div 91 94
  div 157 160
  h2 210 212
  h2 306 308
  p 316 317
  p 507 508
  div 516 519
  div 527 530
  div 561 564
  div 625 628
  Image 638 643
  div 797 800
  div 809 812
  h3 822 824
  h3 889 891
  p 901 902
  p 1148 1149
  div 1159 1162
  div 1171 1174
  h3 1211 1213
  h3 1276 1278
  p 1288 1289
  p 1535 1536
  div 1546 1549
  div 1558 1561
  Image 1571 1576
  div 1730 1733
  div 1742 1745
  div 1753 1756
  div 1763 1766
Invalid Selector
className= 161
  div 91 94
  div 157 160
  h2 210 212
  h2 306 308
  p 316 317
  p 507 508
  div 516 519
  div 527 530
  div 561 564
  div 625 628
  Image 638 643
  div 797 800
  div 809 812
  h3 822 824
  h3 889 891
  p 901 902
  p 1148 1149
  div 1159 1162
  div 1171 1174
  h3 1211 1213
  h3 1276 1278
  p 1288 1289
  p 1535 1536
  div 1546 1549
  div 1558 1561
  Image 1571 1576
  div 1730 1733
  div 1742 1745
  div 1753 1756
  div 1763 1766
Invalid Selector
[Server(907535) website-sekolah/] Document opened: globals.css.
[Server(907535) website-sekolah/] Document changed: globals.css. Invalidating Cache.
[Server(907535) website-sekolah/] Document changed: globals.css. Invalidating Cache.
[Server(907535) website-sekolah/] Document changed: globals.css. Invalidating Cache.
[Server(907535) website-sekolah/] Document changed: globals.css. Invalidating Cache.
[Server(907535) website-sekolah/] Document changed: globals.css. Invalidating Cache.
[Server(907535) website-sekolah/] Document changed: globals.css. Invalidating Cache.
ThemeToggle 1761
  nav 494 497
  h1 693 695
  h1 755 757
  ul 794 796
  li 861 863
  li 1001 1003
  ul 1018 1020
  div 1061 1064
  Menu 1126 1130
  Menu 1147 1151
  div 1171 1174
  ul 1215 1217
  h1 1444 1446
  h1 1510 1512
  li 1587 1589
  li 1744 1746
  ThemeToggle 1761 1772
  ul 1781 1783
  nav 1789 1792
Invalid Selector
outline 449
  DropdownMenu 381 393
  DropdownMenuTrigger 399 418
  Button 433 439
  Sun 477 480
  Moon 587 591
  span 706 710
  span 745 749
  Button 757 763
  DropdownMenuTrigger 770 789
  DropdownMenuContent 795 814
  DropdownMenuItem 833 849
  DropdownMenuItem 891 907
  DropdownMenuItem 914 930
  DropdownMenuItem 970 986
  DropdownMenuItem 993 1009
  DropdownMenuItem 1053 1069
  DropdownMenuContent 1076 1095
  DropdownMenu 1101 1113
Invalid Selector
DropdownMenuItem 968
  DropdownMenu 381 393
  DropdownMenuTrigger 399 418
  Button 433 439
  Sun 475 478
  Moon 585 589
  span 704 708
  span 743 747
  Button 755 761
  DropdownMenuTrigger 768 787
  DropdownMenuContent 793 812
  DropdownMenuItem 831 847
  DropdownMenuItem 889 905
  DropdownMenuItem 912 928
  DropdownMenuItem 968 984
  DropdownMenuItem 991 1007
  DropdownMenuItem 1051 1067
  DropdownMenuContent 1074 1093
  DropdownMenu 1099 1111
Invalid Selector
Button 259
  Button 259 265
  Sun 319 322
  Button 427 433
  Button 441 447
  Moon 502 506
  Button 619 625
Invalid Selector
useState( 282
  Button 321 327
  Sun 415 418
  Button 524 530
  Button 537 543
  Moon 630 634
  Button 748 754
Invalid Selector
light 296
  Button 356 362
  Sun 450 453
  Button 560 566
  Button 582 588
  Moon 677 681
  Button 796 802
Invalid Selector
setTheme( 373
  Button 351 357
  Sun 445 448
  Button 555 561
  Button 602 608
  Moon 697 701
  Button 808 814
Invalid Selector
setTheme( 624
  Button 351 357
  Sun 445 448
  Button 555 561
  Button 602 608
  Moon 697 701
  Button 808 814
Invalid Selector
icon 359
  Button 320 326
  Moon 546 550
  Sun 557 560
  Button 570 576
Invalid Selector
outline 340
  Button 320 326
  Moon 546 550
  Sun 557 560
  Button 570 576
Invalid Selector
lg 357
  Button 320 326
  Moon 542 546
  Sun 563 566
  Button 586 592
Invalid Selector
class= 50
  footer 43 49
  div 161 164
  a 213 214
  img 263 266
  a 357 358
  p 369 370
  a 603 604
  a 701 702
  p 705 706
  ul 718 720
  li 782 784
  a 799 800
  svg 843 846
  path 958 962
  svg 1307 1310
  a 1326 1327
  li 1341 1343
  li 1356 1358
  a 1373 1374
  svg 1417 1420
  circle 1520 1526
  path 1621 1625
  svg 2163 2166
  a 2182 2183
  li 2197 2199
  li 2212 2214
  a 2229 2230
  svg 2273 2276
  linearGradient 2368 2382
  stop 2487 2491
  stop 2546 2550
  stop 2607 2611
  stop 2667 2671
  stop 2727 2731
  linearGradient 2785 2799
  g 2818 2819
  g 2860 2861
  rect 2909 2913
  g 3010 3011
  path 3048 3052
  path 3259 3263
  path 3548 3552
  g 4013 4014
  g 4036 4037
  g 4057 4058
  svg 4076 4079
  a 4095 4096
  li 4110 4112
  li 4125 4127
  a 4142 4143
  svg 4186 4189
  path 4283 4287
  path 4440 4444
  svg 4723 4726
  a 4742 4743
  li 4757 4759
  ul 4771 4773
  div 4783 4786
  ul 4796 4798
  li 4888 4890
  div 4929 4932
  svg 5032 5035
  path 5155 5159
  svg 6712 6715
  div 6729 6732
  a 6745 6746
  small 6822 6827
  small 6847 6852
  strong 6867 6873
  strong 6888 6894
  a 6908 6909
  li 6921 6923
  li 6934 6936
  div 6975 6978
  svg 7078 7081
  path 7205 7209
  svg 7774 7777
  div 7791 7794
  a 7807 7808
  small 7884 7889
  small 7910 7915
  strong 7930 7936
  strong 7955 7961
  a 7975 7976
  li 7988 7990
  li 8001 8003
  div 8042 8045
  svg 8145 8148
  path 8270 8274
  path 8933 8937
  svg 9184 9187
  div 9201 9204
  a 9217 9218
  small 9294 9299
  small 9323 9328
  strong 9343 9349
  strong 9381 9387
  a 9401 9402
  li 9414 9416
  li 9427 9429
  div 9468 9471
  svg 9571 9574
  path 9690 9694
  svg 10316 10319
  div 10333 10336
  a 10349 10350
  small 10426 10431
  small 10451 10456
  strong 10471 10477
  strong 10491 10497
  a 10511 10512
  li 10524 10526
  ul 10536 10538
  hr 10548 10550
  div 10592 10595
  ul 10641 10643
  li 10685 10687
  a 10718 10719
  a 10816 10817
  li 10831 10833
  li 10846 10848
  a 10879 10880
  a 10975 10976
  li 10990 10992
  li 11005 11007
  a 11038 11039
  a 11128 11129
  li 11143 11145
  ul 11157 11159
  p 11170 11171
  p 11250 11251
  div 11261 11264
  footer 11272 11278
Invalid Selector
img 275
  footer 43 49
  div 165 168
  a 221 222
  img 275 278
img is a "html tag"
app_globals_b52d8e.css has 359 symbols
Searching through them all for /(^|[\s>+~])img(\[[^\]]*\]|:{1,2}[\w-()]+|\.[\w-]+|#[\w-]+)*\s*/
Done
%5Broot%20of%20the%20server%5D__9d1267._.css has 369 symbols
Searching through them all for /(^|[\s>+~])img(\[[^\]]*\]|:{1,2}[\w-()]+|\.[\w-]+|#[\w-]+)*\s*/
Done
app_globals_b52d8e.css has 359 symbols
Searching through them all for /(^|[\s>+~])img(\[[^\]]*\]|:{1,2}[\w-()]+|\.[\w-]+|#[\w-]+)*\s*/
Done
%5Broot%20of%20the%20server%5D__9d1267._.css has 369 symbols
Searching through them all for /(^|[\s>+~])img(\[[^\]]*\]|:{1,2}[\w-()]+|\.[\w-]+|#[\w-]+)*\s*/
Done
Image 275
  footer 43 49
  div 165 168
  a 221 222
  Image 275 280
  a 375 376
  p 387 388
  a 625 626
  a 727 728
  p 731 732
  ul 744 746
  li 812 814
  a 829 830
  svg 873 876
  path 992 996
  svg 1341 1344
  a 1360 1361
  li 1375 1377
  li 1390 1392
  a 1407 1408
  svg 1451 1454
  circle 1558 1564
  path 1659 1663
  svg 2201 2204
  a 2220 2221
  li 2235 2237
  li 2250 2252
  a 2267 2268
  svg 2311 2314
  linearGradient 2410 2424
  stop 2529 2533
  stop 2588 2592
  stop 2649 2653
  stop 2709 2713
  stop 2769 2773
  linearGradient 2827 2841
  g 2860 2861
  g 2902 2903
  rect 2951 2955
  g 3052 3053
  path 3090 3094
  path 3301 3305
  path 3590 3594
  g 4055 4056
  g 4078 4079
  g 4099 4100
  svg 4118 4121
  a 4137 4138
  li 4152 4154
  li 4167 4169
  a 4184 4185
  svg 4228 4231
  path 4329 4333
  path 4486 4490
  svg 4769 4772
  a 4788 4789
  li 4803 4805
  ul 4817 4819
  div 4829 4832
  ul 4842 4844
  li 4938 4940
  div 4983 4986
  svg 5090 5093
  path 5213 5217
  svg 6770 6773
  div 6787 6790
  a 6803 6804
  small 6884 6889
  small 6913 6918
  strong 6933 6939
  strong 6954 6960
  a 6974 6975
  li 6987 6989
  li 7000 7002
  div 7045 7048
  svg 7152 7155
  path 7279 7283
  svg 7848 7851
  div 7865 7868
  a 7881 7882
  small 7962 7967
  small 7992 7997
  strong 8012 8018
  strong 8037 8043
  a 8057 8058
  li 8070 8072
  li 8083 8085
  div 8128 8131
  svg 8235 8238
  path 8360 8364
  path 9023 9027
  svg 9274 9277
  div 9291 9294
  a 9307 9308
  small 9388 9393
  small 9421 9426
  strong 9441 9447
  strong 9479 9485
  a 9499 9500
  li 9512 9514
  li 9525 9527
  div 9570 9573
  svg 9677 9680
  path 9796 9800
  svg 10422 10425
  div 10439 10442
  a 10455 10456
  small 10536 10541
  small 10565 10570
  strong 10585 10591
  strong 10605 10611
  a 10625 10626
  li 10638 10640
  ul 10650 10652
  hr 10662 10664
  div 10710 10713
  ul 10763 10765
  li 10811 10813
  a 10848 10849
  a 10950 10951
  li 10965 10967
  li 10980 10982
  a 11017 11018
  a 11117 11118
  li 11132 11134
  li 11147 11149
  a 11184 11185
  a 11278 11279
  li 11293 11295
  ul 11307 11309
  p 11320 11321
  p 11404 11405
  div 11415 11418
  footer 11426 11432
Invalid Selector
Facebook 1328
  footer 127 133
  div 246 249
  a 303 304
  Image 363 368
  a 483 484
  p 491 492
  a 725 726
  a 828 829
  p 837 838
  ul 846 848
  li 909 911
  a 920 921
  Facebook 957 965
  a 1066 1067
  li 1076 1078
  li 1086 1088
  a 1097 1098
  Linkedin 1134 1142
  a 1243 1244
  li 1253 1255
  li 1263 1265
  a 1274 1275
  Facebook 1328 1336
  a 1437 1438
  li 1447 1449
  li 1457 1459
  a 1468 1469
  svg 1505 1508
  path 1598 1602
  path 1747 1751
  svg 2023 2026
  a 2036 2037
  li 2046 2048
  ul 2056 2058
  div 2065 2068
  ul 2075 2077
  li 2167 2169
  div 2207 2210
  svg 2308 2311
  path 2424 2428
  svg 3966 3969
  div 3978 3981
  a 3989 3990
  small 4064 4069
  small 4093 4098
  strong 4107 4113
  strong 4128 4134
  a 4143 4144
  li 4152 4154
  li 4161 4163
  div 4201 4204
  svg 4302 4305
  path 4422 4426
  svg 4953 4956
  div 4965 4968
  a 4976 4977
  small 5051 5056
  small 5081 5086
  strong 5095 5101
  strong 5120 5126
  a 5135 5136
  li 5144 5146
  li 5153 5155
  div 5193 5196
  svg 5294 5297
  path 5412 5416
  path 6036 6040
  svg 6249 6252
  div 6261 6264
  a 6272 6273
  small 6347 6352
  small 6380 6385
  strong 6394 6400
  strong 6432 6438
  a 6447 6448
  li 6456 6458
  li 6465 6467
  div 6505 6508
  svg 6606 6609
  path 6718 6722
  svg 7306 7309
  div 7318 7321
  a 7329 7330
  small 7404 7409
  small 7433 7438
  strong 7447 7453
  strong 7467 7473
  a 7482 7483
  li 7491 7493
  ul 7500 7502
  hr 7509 7511
  div 7554 7557
  ul 7603 7605
  li 7646 7648
  a 7677 7678
  a 7794 7795
  li 7804 7806
  li 7814 7816
  a 7845 7846
  a 7960 7961
  li 7970 7972
  li 7980 7982
  a 8011 8012
  a 8120 8121
  li 8130 8132
  ul 8140 8142
  p 8149 8150
  p 8233 8234
  div 8241 8244
  footer 8250 8256
Invalid Selector
Facebook 1517
  footer 138 144
  div 257 260
  a 314 315
  Image 374 379
  a 494 495
  p 502 503
  a 736 737
  a 839 840
  p 848 849
  ul 857 859
  li 920 922
  a 931 932
  Facebook 968 976
  a 1077 1078
  li 1087 1089
  li 1097 1099
  a 1108 1109
  Linkedin 1145 1153
  a 1254 1255
  li 1264 1266
  li 1274 1276
  a 1285 1286
  Instagram 1322 1331
  a 1432 1433
  li 1442 1444
  li 1452 1454
  a 1463 1464
  Facebook 1517 1525
  a 1626 1627
  li 1636 1638
  ul 1646 1648
  div 1655 1658
  ul 1665 1667
  li 1757 1759
  div 1797 1800
  svg 1898 1901
  path 2014 2018
  svg 3556 3559
  div 3568 3571
  a 3579 3580
  small 3654 3659
  small 3683 3688
  strong 3697 3703
  strong 3718 3724
  a 3733 3734
  li 3742 3744
  li 3751 3753
  div 3791 3794
  svg 3892 3895
  path 4012 4016
  svg 4543 4546
  div 4555 4558
  a 4566 4567
  small 4641 4646
  small 4671 4676
  strong 4685 4691
  strong 4710 4716
  a 4725 4726
  li 4734 4736
  li 4743 4745
  div 4783 4786
  svg 4884 4887
  path 5002 5006
  path 5626 5630
  svg 5839 5842
  div 5851 5854
  a 5862 5863
  small 5937 5942
  small 5970 5975
  strong 5984 5990
  strong 6022 6028
  a 6037 6038
  li 6046 6048
  li 6055 6057
  div 6095 6098
  svg 6196 6199
  path 6308 6312
  svg 6896 6899
  div 6908 6911
  a 6919 6920
  small 6994 6999
  small 7023 7028
  strong 7037 7043
  strong 7057 7063
  a 7072 7073
  li 7081 7083
  ul 7090 7092
  hr 7099 7101
  div 7144 7147
  ul 7193 7195
  li 7236 7238
  a 7267 7268
  a 7384 7385
  li 7394 7396
  li 7404 7406
  a 7435 7436
  a 7550 7551
  li 7560 7562
  li 7570 7572
  a 7601 7602
  a 7710 7711
  li 7720 7722
  ul 7730 7732
  p 7739 7740
  p 7823 7824
  div 7831 7834
  footer 7840 7846
Invalid Selector
Phone 2281
  footer 154 160
  div 273 276
  a 330 331
  Image 390 395
  a 510 511
  p 518 519
  a 752 753
  a 855 856
  p 864 865
  ul 873 875
  li 936 938
  a 947 948
  Facebook 984 992
  a 1093 1094
  li 1103 1105
  li 1113 1115
  a 1124 1125
  Linkedin 1161 1169
  a 1270 1271
  li 1280 1282
  li 1290 1292
  a 1301 1302
  Instagram 1338 1347
  a 1448 1449
  li 1458 1460
  li 1468 1470
  a 1479 1480
  Youtube 1516 1523
  a 1624 1625
  li 1634 1636
  ul 1644 1646
  div 1653 1656
  ul 1663 1665
  li 1755 1757
  div 1795 1798
  Phone 1896 1901
  div 1943 1946
  a 1954 1955
  small 2029 2034
  small 2058 2063
  strong 2072 2078
  strong 2093 2099
  a 2108 2109
  li 2117 2119
  li 2126 2128
  div 2166 2169
  Phone 2281 2286
  div 2328 2331
  a 2339 2340
  small 2414 2419
  small 2444 2449
  strong 2458 2464
  strong 2483 2489
  a 2498 2499
  li 2507 2509
  li 2516 2518
  div 2556 2559
  svg 2657 2660
  path 2775 2779
  path 3399 3403
  svg 3612 3615
  div 3624 3627
  a 3635 3636
  small 3710 3715
  small 3743 3748
  strong 3757 3763
  strong 3795 3801
  a 3810 3811
  li 3819 3821
  li 3828 3830
  div 3868 3871
  svg 3969 3972
  path 4081 4085
  svg 4669 4672
  div 4681 4684
  a 4692 4693
  small 4767 4772
  small 4796 4801
  strong 4810 4816
  strong 4830 4836
  a 4845 4846
  li 4854 4856
  ul 4863 4865
  hr 4872 4874
  div 4917 4920
  ul 4966 4968
  li 5009 5011
  a 5040 5041
  a 5157 5158
  li 5167 5169
  li 5177 5179
  a 5208 5209
  a 5323 5324
  li 5333 5335
  li 5343 5345
  a 5374 5375
  a 5483 5484
  li 5493 5495
  ul 5503 5505
  p 5512 5513
  p 5596 5597
  div 5604 5607
  footer 5613 5619
Invalid Selector
className= 2668
  footer 160 166
  div 279 282
  a 336 337
  Image 396 401
  a 516 517
  p 524 525
  a 758 759
  a 861 862
  p 870 871
  ul 879 881
  li 942 944
  a 953 954
  Facebook 990 998
  a 1099 1100
  li 1109 1111
  li 1119 1121
  a 1130 1131
  Linkedin 1167 1175
  a 1276 1277
  li 1286 1288
  li 1296 1298
  a 1307 1308
  Instagram 1344 1353
  a 1454 1455
  li 1464 1466
  li 1474 1476
  a 1485 1486
  Youtube 1522 1529
  a 1630 1631
  li 1640 1642
  ul 1650 1652
  div 1659 1662
  ul 1669 1671
  li 1761 1763
  div 1801 1804
  Phone 1902 1907
  div 1949 1952
  a 1960 1961
  small 2035 2040
  small 2064 2069
  strong 2078 2084
  strong 2099 2105
  a 2114 2115
  li 2123 2125
  li 2132 2134
  div 2172 2175
  Mail 2273 2277
  div 2319 2322
  a 2330 2331
  small 2405 2410
  small 2435 2440
  strong 2449 2455
  strong 2474 2480
  a 2489 2490
  li 2498 2500
  li 2507 2509
  div 2547 2550
  Phone 2662 2667
  div 2709 2712
  a 2720 2721
  small 2795 2800
  small 2828 2833
  strong 2842 2848
  strong 2880 2886
  a 2895 2896
  li 2904 2906
  li 2913 2915
  div 2953 2956
  svg 3054 3057
  path 3166 3170
  svg 3754 3757
  div 3766 3769
  a 3777 3778
  small 3852 3857
  small 3881 3886
  strong 3895 3901
  strong 3915 3921
  a 3930 3931
  li 3939 3941
  ul 3948 3950
  hr 3957 3959
  div 4002 4005
  ul 4051 4053
  li 4094 4096
  a 4125 4126
  a 4242 4243
  li 4252 4254
  li 4262 4264
  a 4293 4294
  a 4408 4409
  li 4418 4420
  li 4428 4430
  a 4459 4460
  a 4568 4569
  li 4578 4580
  ul 4588 4590
  p 4597 4598
  p 4681 4682
  div 4689 4692
  footer 4698 4704
Invalid Selector
Locate 2656
  footer 168 174
  div 287 290
  a 344 345
  Image 404 409
  a 524 525
  p 532 533
  a 766 767
  a 869 870
  p 878 879
  ul 887 889
  li 950 952
  a 961 962
  Facebook 998 1006
  a 1107 1108
  li 1117 1119
  li 1127 1129
  a 1138 1139
  Linkedin 1175 1183
  a 1284 1285
  li 1294 1296
  li 1304 1306
  a 1315 1316
  Instagram 1352 1361
  a 1462 1463
  li 1472 1474
  li 1482 1484
  a 1493 1494
  Youtube 1530 1537
  a 1638 1639
  li 1648 1650
  ul 1658 1660
  div 1667 1670
  ul 1677 1679
  li 1769 1771
  div 1809 1812
  Phone 1910 1915
  div 1957 1960
  a 1968 1969
  small 2043 2048
  small 2072 2077
  strong 2086 2092
  strong 2107 2113
  a 2122 2123
  li 2131 2133
  li 2140 2142
  div 2180 2183
  Mail 2281 2285
  div 2327 2330
  a 2338 2339
  small 2413 2418
  small 2443 2448
  strong 2457 2463
  strong 2482 2488
  a 2497 2498
  li 2506 2508
  li 2515 2517
  div 2555 2558
  Locate 2656 2662
  div 2704 2707
  a 2715 2716
  small 2790 2795
  small 2823 2828
  strong 2837 2843
  strong 2875 2881
  a 2890 2891
  li 2899 2901
  li 2908 2910
  div 2948 2951
  svg 3049 3052
  path 3161 3165
  svg 3749 3752
  div 3761 3764
  a 3772 3773
  small 3847 3852
  small 3876 3881
  strong 3890 3896
  strong 3910 3916
  a 3925 3926
  li 3934 3936
  ul 3943 3945
  hr 3952 3954
  div 3997 4000
  ul 4046 4048
  li 4089 4091
  a 4120 4121
  a 4237 4238
  li 4247 4249
  li 4257 4259
  a 4288 4289
  a 4403 4404
  li 4413 4415
  li 4423 4425
  a 4454 4455
  a 4563 4564
  li 4573 4575
  ul 4583 4585
  p 4592 4593
  p 4676 4677
  div 4684 4687
  footer 4693 4699
Invalid Selector
Phone 3071
  footer 176 182
  div 295 298
  a 352 353
  Image 412 417
  a 532 533
  p 540 541
  a 774 775
  a 877 878
  p 886 887
  ul 895 897
  li 958 960
  a 969 970
  Facebook 1006 1014
  a 1115 1116
  li 1125 1127
  li 1135 1137
  a 1146 1147
  Linkedin 1183 1191
  a 1292 1293
  li 1302 1304
  li 1312 1314
  a 1323 1324
  Instagram 1360 1369
  a 1470 1471
  li 1480 1482
  li 1490 1492
  a 1501 1502
  Youtube 1538 1545
  a 1646 1647
  li 1656 1658
  ul 1666 1668
  div 1675 1678
  ul 1685 1687
  li 1777 1779
  div 1817 1820
  Phone 1918 1923
  div 1965 1968
  a 1976 1977
  small 2051 2056
  small 2080 2085
  strong 2094 2100
  strong 2115 2121
  a 2130 2131
  li 2139 2141
  li 2148 2150
  div 2188 2191
  Mail 2289 2293
  div 2335 2338
  a 2346 2347
  small 2421 2426
  small 2451 2456
  strong 2465 2471
  strong 2490 2496
  a 2505 2506
  li 2514 2516
  li 2523 2525
  div 2563 2566
  MapPin 2664 2670
  div 2712 2715
  a 2723 2724
  small 2798 2803
  small 2831 2836
  strong 2845 2851
  strong 2883 2889
  a 2898 2899
  li 2907 2909
  li 2916 2918
  div 2956 2959
  Phone 3071 3076
  div 3118 3121
  a 3129 3130
  small 3204 3209
  small 3233 3238
  strong 3247 3253
  strong 3267 3273
  a 3282 3283
  li 3291 3293
  ul 3300 3302
  hr 3309 3311
  div 3354 3357
  ul 3403 3405
  li 3446 3448
  a 3477 3478
  a 3594 3595
  li 3604 3606
  li 3614 3616
  a 3645 3646
  a 3760 3761
  li 3770 3772
  li 3780 3782
  a 3811 3812
  a 3920 3921
  li 3930 3932
  ul 3940 3942
  p 3949 3950
  p 4033 4034
  div 4041 4044
  footer 4050 4056
Invalid Selector
text-gray-300 520
  footer 177 183
  div 249 252
  a 306 307
  Image 366 371
  a 486 487
  p 494 495
text-gray-300 is a "class"
app_globals_b52d8e.css has 359 symbols
Searching through them all for /\.text-gray-300(\[[^\]]*\]|:{1,2}[\w-()]+|\.[\w-]+|#[\w-]+)*\s*/
Done
%5Broot%20of%20the%20server%5D__9d1267._.css has 369 symbols
Searching through them all for /\.text-gray-300(\[[^\]]*\]|:{1,2}[\w-()]+|\.[\w-]+|#[\w-]+)*\s*/
Done
app_globals_b52d8e.css has 359 symbols
Searching through them all for /\.text-gray-300(\[[^\]]*\]|:{1,2}[\w-()]+|\.[\w-]+|#[\w-]+)*\s*/
Done
%5Broot%20of%20the%20server%5D__9d1267._.css has 369 symbols
Searching through them all for /\.text-gray-300(\[[^\]]*\]|:{1,2}[\w-()]+|\.[\w-]+|#[\w-]+)*\s*/
Done
[Server(907535) website-sekolah/] Document changed: globals.css. Invalidating Cache.
[Server(907535) website-sekolah/] Document changed: globals.css. Invalidating Cache.
[Server(907535) website-sekolah/] Document changed: globals.css. Invalidating Cache.
[Server(907535) website-sekolah/] Document changed: globals.css. Invalidating Cache.
[Server(907535) website-sekolah/] Document changed: globals.css. Invalidating Cache.
class= 1282
  div 85 88
  div 205 208
  h2 261 263
  h2 359 361
  p 372 373
  p 560 561
  div 572 575
  a 652 653
  a 927 928
  a 941 942
  a 1240 1241
  div 1253 1256
  div 1266 1269
  div 1278 1281
  img 1313 1316
  div 1453 1456
  div 1464 1467
Invalid Selector
img 1345
  div 85 88
  div 209 212
  h2 269 271
  h2 371 373
  p 384 385
  p 576 577
  div 588 591
  a 672 673
  a 951 952
  a 965 966
  a 1268 1269
  div 1281 1284
  div 1294 1297
  div 1306 1309
  img 1345 1348
img is a "html tag"
app_globals_b52d8e.css has 359 symbols
Searching through them all for /(^|[\s>+~])img(\[[^\]]*\]|:{1,2}[\w-()]+|\.[\w-]+|#[\w-]+)*\s*/
Done
%5Broot%20of%20the%20server%5D__9d1267._.css has 369 symbols
Searching through them all for /(^|[\s>+~])img(\[[^\]]*\]|:{1,2}[\w-()]+|\.[\w-]+|#[\w-]+)*\s*/
Done
app_globals_b52d8e.css has 359 symbols
Searching through them all for /(^|[\s>+~])img(\[[^\]]*\]|:{1,2}[\w-()]+|\.[\w-]+|#[\w-]+)*\s*/
Done
%5Broot%20of%20the%20server%5D__9d1267._.css has 369 symbols
Searching through them all for /(^|[\s>+~])img(\[[^\]]*\]|:{1,2}[\w-()]+|\.[\w-]+|#[\w-]+)*\s*/
Done
bg-blue-600 885
  footer 177 183
  div 248 251
  a 305 306
  Image 365 370
  a 499 500
  p 507 508
  p 726 727
  ul 735 737
  li 798 800
  a 809 810
  Facebook 846 854
bg-blue-600 is a "class"
app_globals_b52d8e.css has 359 symbols
Searching through them all for /\.bg-blue-600(\[[^\]]*\]|:{1,2}[\w-()]+|\.[\w-]+|#[\w-]+)*\s*/
Done
%5Broot%20of%20the%20server%5D__9d1267._.css has 369 symbols
Searching through them all for /\.bg-blue-600(\[[^\]]*\]|:{1,2}[\w-()]+|\.[\w-]+|#[\w-]+)*\s*/
Done
app_globals_b52d8e.css has 359 symbols
Searching through them all for /\.bg-blue-600(\[[^\]]*\]|:{1,2}[\w-()]+|\.[\w-]+|#[\w-]+)*\s*/
Done
%5Broot%20of%20the%20server%5D__9d1267._.css has 369 symbols
Searching through them all for /\.bg-blue-600(\[[^\]]*\]|:{1,2}[\w-()]+|\.[\w-]+|#[\w-]+)*\s*/
Done
flex 898
  footer 177 183
  div 248 251
  a 305 306
  Image 365 370
  a 499 500
  p 507 508
  p 726 727
  ul 735 737
  li 798 800
  a 809 810
  Facebook 846 854
flex is a "class"
app_globals_b52d8e.css has 359 symbols
Searching through them all for /\.flex(\[[^\]]*\]|:{1,2}[\w-()]+|\.[\w-]+|#[\w-]+)*\s*/
Done
%5Broot%20of%20the%20server%5D__9d1267._.css has 369 symbols
Searching through them all for /\.flex(\[[^\]]*\]|:{1,2}[\w-()]+|\.[\w-]+|#[\w-]+)*\s*/
Done
app_globals_b52d8e.css has 359 symbols
Searching through them all for /\.flex(\[[^\]]*\]|:{1,2}[\w-()]+|\.[\w-]+|#[\w-]+)*\s*/
Done
%5Broot%20of%20the%20server%5D__9d1267._.css has 369 symbols
Searching through them all for /\.flex(\[[^\]]*\]|:{1,2}[\w-()]+|\.[\w-]+|#[\w-]+)*\s*/
Done
text-gray-600 3723
  footer 177 183
  div 248 251
  a 305 306
  Image 365 370
  a 499 500
  p 507 508
  p 726 727
  ul 735 737
  li 798 800
  a 809 810
  Facebook 846 854
  a 931 932
  li 941 943
  li 972 974
  a 983 984
  Linkedin 1020 1028
  a 1105 1106
  li 1115 1117
  li 1125 1127
  a 1136 1137
  Instagram 1173 1182
  a 1259 1260
  li 1269 1271
  li 1279 1281
  a 1290 1291
  Youtube 1327 1334
  a 1411 1412
  li 1421 1423
  ul 1431 1433
  div 1440 1443
  ul 1450 1452
  li 1542 1544
  div 1582 1585
  Phone 1683 1688
  div 1730 1733
  a 1741 1742
  small 1816 1821
  small 1845 1850
  strong 1859 1865
  strong 1880 1886
  a 1895 1896
  li 1904 1906
  li 1913 1915
  div 1953 1956
  Mail 2054 2058
  div 2100 2103
  a 2111 2112
  small 2186 2191
  small 2216 2221
  strong 2230 2236
  strong 2255 2261
  a 2270 2271
  li 2279 2281
  li 2288 2290
  div 2328 2331
  MapPin 2429 2435
  div 2477 2480
  a 2488 2489
  small 2563 2568
  small 2596 2601
  strong 2610 2616
  strong 2648 2654
  a 2663 2664
  li 2672 2674
  li 2681 2683
  div 2721 2724
  Printer 2822 2829
  div 2871 2874
  a 2882 2883
  small 2957 2962
  small 2986 2991
  strong 3000 3006
  strong 3020 3026
  a 3035 3036
  li 3044 3046
  ul 3053 3055
  hr 3062 3064
  div 3107 3110
  ul 3156 3158
  li 3199 3201
  a 3230 3231
  a 3347 3348
  li 3357 3359
  li 3367 3369
  a 3398 3399
  a 3513 3514
  li 3523 3525
  li 3533 3535
  a 3564 3565
  a 3673 3674
  li 3683 3685
  ul 3693 3695
  p 3702 3703
text-gray-600 is a "class"
app_globals_b52d8e.css has 359 symbols
Searching through them all for /\.text-gray-600(\[[^\]]*\]|:{1,2}[\w-()]+|\.[\w-]+|#[\w-]+)*\s*/
Done
%5Broot%20of%20the%20server%5D__9d1267._.css has 369 symbols
Searching through them all for /\.text-gray-600(\[[^\]]*\]|:{1,2}[\w-()]+|\.[\w-]+|#[\w-]+)*\s*/
Done
app_globals_b52d8e.css has 359 symbols
Searching through them all for /\.text-gray-600(\[[^\]]*\]|:{1,2}[\w-()]+|\.[\w-]+|#[\w-]+)*\s*/
Done
%5Broot%20of%20the%20server%5D__9d1267._.css has 369 symbols
Searching through them all for /\.text-gray-600(\[[^\]]*\]|:{1,2}[\w-()]+|\.[\w-]+|#[\w-]+)*\s*/
Done
img 6358
  div 42 45
  div 81 84
  div 170 173
  div 180 183
  h2 264 266
  h2 376 378
  div 386 389
  div 484 487
  div 586 589
  img 628 631
  div 728 731
  div 741 744
  h4 771 773
  h4 828 830
  p 840 841
  p 900 901
  div 912 915
  button 953 959
  svg 1113 1116
  path 1219 1223
  svg 1482 1485
  button 1497 1503
  button 1514 1520
  svg 1675 1678
  path 1773 1777
  svg 2620 2623
  button 2635 2641
  button 2652 2658
  svg 2813 2816
  path 2909 2913
  svg 3280 3283
  button 3295 3301
  div 3312 3315
  div 3325 3328
  div 3337 3340
  div 3348 3351
  div 3450 3453
  img 3492 3495
  div 3592 3595
  div 3605 3608
  h4 3635 3637
  h4 3694 3696
  p 3706 3707
  p 3766 3767
  div 3778 3781
  button 3819 3825
  svg 3979 3982
  path 4085 4089
  svg 4348 4351
  button 4363 4369
  button 4380 4386
  svg 4541 4544
  path 4639 4643
  svg 5486 5489
  button 5501 5507
  button 5518 5524
  svg 5679 5682
  path 5775 5779
  svg 6146 6149
  button 6161 6167
  div 6178 6181
  div 6191 6194
  div 6203 6206
  div 6214 6217
  div 6316 6319
  img 6358 6361
img is a "html tag"
app_globals_b52d8e.css has 359 symbols
Searching through them all for /(^|[\s>+~])img(\[[^\]]*\]|:{1,2}[\w-()]+|\.[\w-]+|#[\w-]+)*\s*/
Done
%5Broot%20of%20the%20server%5D__9d1267._.css has 369 symbols
Searching through them all for /(^|[\s>+~])img(\[[^\]]*\]|:{1,2}[\w-()]+|\.[\w-]+|#[\w-]+)*\s*/
Done
app_globals_b52d8e.css has 359 symbols
Searching through them all for /(^|[\s>+~])img(\[[^\]]*\]|:{1,2}[\w-()]+|\.[\w-]+|#[\w-]+)*\s*/
Done
%5Broot%20of%20the%20server%5D__9d1267._.css has 369 symbols
Searching through them all for /(^|[\s>+~])img(\[[^\]]*\]|:{1,2}[\w-()]+|\.[\w-]+|#[\w-]+)*\s*/
Done
src= 3529
  div 75 78
  div 114 117
  div 203 206
  div 213 216
  h2 297 299
  h2 409 411
  div 419 422
  div 517 520
  div 619 622
  img 661 664
  div 761 764
  div 774 777
  h4 804 806
  h4 861 863
  p 873 874
  p 933 934
  div 945 948
  button 986 992
  svg 1146 1149
  path 1252 1256
  svg 1515 1518
  button 1530 1536
  button 1547 1553
  svg 1708 1711
  path 1806 1810
  svg 2653 2656
  button 2668 2674
  button 2685 2691
  svg 2846 2849
  path 2942 2946
  svg 3313 3316
  button 3328 3334
  div 3345 3348
  div 3358 3361
  div 3370 3373
  div 3381 3384
  div 3483 3486
  img 3525 3528
  div 3625 3628
  div 3638 3641
  h4 3668 3670
  h4 3727 3729
  p 3739 3740
  p 3799 3800
  div 3811 3814
  button 3852 3858
  svg 4012 4015
  path 4118 4122
  svg 4381 4384
  button 4396 4402
  button 4413 4419
  svg 4574 4577
  path 4672 4676
  svg 5519 5522
  button 5534 5540
  button 5551 5557
  svg 5712 5715
  path 5808 5812
  svg 6179 6182
  button 6194 6200
  div 6211 6214
  div 6224 6227
  div 6236 6239
  div 6247 6250
  div 6349 6352
  Image 6391 6396
  div 6529 6532
  div 6542 6545
  h4 6572 6574
  h4 6634 6636
  p 6646 6647
  p 6701 6702
  div 6713 6716
  button 6754 6760
  svg 6914 6917
  path 7020 7024
  svg 7283 7286
  button 7298 7304
  button 7315 7321
  svg 7476 7479
  path 7574 7578
  svg 8421 8424
  button 8436 8442
  button 8453 8459
  svg 8614 8617
  path 8710 8714
  svg 9081 9084
  button 9096 9102
  div 9113 9116
  div 9126 9129
  div 9138 9141
  div 9149 9152
  div 9159 9162
  div 9168 9171
Invalid Selector
src= 665
  div 75 78
  div 114 117
  div 203 206
  div 213 216
  h2 297 299
  h2 409 411
  div 419 422
  div 517 520
  div 619 622
  img 661 664
  div 761 764
  div 774 777
  h4 804 806
  h4 861 863
  p 873 874
  p 933 934
  div 945 948
  button 986 992
  svg 1146 1149
  path 1252 1256
  svg 1515 1518
  button 1530 1536
  button 1547 1553
  svg 1708 1711
  path 1806 1810
  svg 2653 2656
  button 2668 2674
  button 2685 2691
  svg 2846 2849
  path 2942 2946
  svg 3313 3316
  button 3328 3334
  div 3345 3348
  div 3358 3361
  div 3370 3373
  div 3381 3384
  div 3483 3486
  Image 3525 3530
  div 3659 3662
  div 3672 3675
  h4 3702 3704
  h4 3761 3763
  p 3773 3774
  p 3833 3834
  div 3845 3848
  button 3886 3892
  svg 4046 4049
  path 4152 4156
  svg 4415 4418
  button 4430 4436
  button 4447 4453
  svg 4608 4611
  path 4706 4710
  svg 5553 5556
  button 5568 5574
  button 5585 5591
  svg 5746 5749
  path 5842 5846
  svg 6213 6216
  button 6228 6234
  div 6245 6248
  div 6258 6261
  div 6270 6273
  div 6281 6284
  div 6383 6386
  Image 6425 6430
  div 6563 6566
  div 6576 6579
  h4 6606 6608
  h4 6668 6670
  p 6680 6681
  p 6735 6736
  div 6747 6750
  button 6788 6794
  svg 6948 6951
  path 7054 7058
  svg 7317 7320
  button 7332 7338
  button 7349 7355
  svg 7510 7513
  path 7608 7612
  svg 8455 8458
  button 8470 8476
  button 8487 8493
  svg 8648 8651
  path 8744 8748
  svg 9115 9118
  button 9130 9136
  div 9147 9150
  div 9160 9163
  div 9172 9175
  div 9183 9186
  div 9193 9196
  div 9202 9205
Invalid Selector
null 704
  div 75 78
  div 114 117
  div 203 206
  div 213 216
  h2 297 299
  h2 409 411
  div 419 422
  div 517 520
  div 619 622
  Image 661 666
  div 764 767
  div 777 780
  h4 807 809
  h4 864 866
  p 876 877
  p 936 937
  div 948 951
  button 989 995
  svg 1149 1152
  path 1255 1259
  svg 1518 1521
  button 1533 1539
  button 1550 1556
  svg 1711 1714
  path 1809 1813
  svg 2656 2659
  button 2671 2677
  button 2688 2694
  svg 2849 2852
  path 2945 2949
  svg 3316 3319
  button 3331 3337
  div 3348 3351
  div 3361 3364
  div 3373 3376
  div 3384 3387
  div 3486 3489
  Image 3528 3533
  div 3638 3641
  div 3651 3654
  h4 3681 3683
  h4 3740 3742
  p 3752 3753
  p 3812 3813
  div 3824 3827
  button 3865 3871
  svg 4025 4028
  path 4131 4135
  svg 4394 4397
  button 4409 4415
  button 4426 4432
  svg 4587 4590
  path 4685 4689
  svg 5532 5535
  button 5547 5553
  button 5564 5570
  svg 5725 5728
  path 5821 5825
  svg 6192 6195
  button 6207 6213
  div 6224 6227
  div 6237 6240
  div 6249 6252
  div 6260 6263
  div 6362 6365
  Image 6404 6409
  div 6518 6521
  div 6531 6534
  h4 6561 6563
  h4 6623 6625
  p 6635 6636
  p 6690 6691
  div 6702 6705
  button 6743 6749
  svg 6903 6906
  path 7009 7013
  svg 7272 7275
  button 7287 7293
  button 7304 7310
  svg 7465 7468
  path 7563 7567
  svg 8410 8413
  button 8425 8431
  button 8442 8448
  svg 8603 8606
  path 8699 8703
  svg 9070 9073
  button 9085 9091
  div 9102 9105
  div 9115 9118
  div 9127 9130
  div 9138 9141
  div 9148 9151
  div 9157 9160
Invalid Selector
