2025-01-31 00:40:24.727 [info] Experiment 'pythonRecommendTensorboardExt' is active
2025-01-31 00:40:24.727 [info] Experiment 'pythonTerminalEnvVarActivation' is active
2025-01-31 00:40:24.727 [info] Experiment 'pythonTestAdapter' is active
2025-01-31 00:40:24.840 [warning] Dir "/home/aditya/dotfiles/.pixi/envs" is not watchable (directory does not exist)
2025-01-31 00:40:24.994 [info] Starting Environment refresh
2025-01-31 00:40:24.994 [info] Searching for interpreters in posix paths locator
2025-01-31 00:40:25.012 [info] Searching for pyenv environments
2025-01-31 00:40:25.013 [info] Searching for conda environments
2025-01-31 00:40:25.014 [info] Searching for global virtual environments
2025-01-31 00:40:25.014 [info] Searching for custom virtual environments
2025-01-31 00:40:25.044 [info] pyenv is not installed
2025-01-31 00:40:25.044 [info] Finished searching for pyenv environments: 48 milliseconds
2025-01-31 00:40:25.045 [info] Finished searching for custom virtual envs: 45 milliseconds
2025-01-31 00:40:25.103 [info] > conda info --json
2025-01-31 00:40:25.164 [info] > hatch env show --json
2025-01-31 00:40:25.164 [info] cwd: .
2025-01-31 00:40:25.233 [info] > pyenv which python
2025-01-31 00:40:25.233 [info] cwd: .
2025-01-31 00:40:25.234 [info] Finished searching for global virtual envs: 235 milliseconds
2025-01-31 00:40:27.609 [info] Found: /bin/python --> /bin/python3.13
2025-01-31 00:40:27.615 [info] Found: /bin/python3 --> /bin/python3.13
2025-01-31 00:40:27.631 [info] Found: /bin/python3.13 --> /bin/python3.13
2025-01-31 00:40:27.744 [info] Found: /sbin/python --> /sbin/python3.13
2025-01-31 00:40:27.746 [info] Found: /sbin/python3 --> /sbin/python3.13
2025-01-31 00:40:27.747 [info] Found: /sbin/python3.13 --> /sbin/python3.13
2025-01-31 00:40:27.767 [info] Found: /usr/bin/python --> /usr/bin/python3.13
2025-01-31 00:40:27.768 [info] Found: /usr/bin/python3 --> /usr/bin/python3.13
2025-01-31 00:40:27.768 [info] Found: /usr/bin/python3.13 --> /usr/bin/python3.13
2025-01-31 00:40:27.847 [info] Found: /usr/sbin/python --> /usr/sbin/python3.13
2025-01-31 00:40:27.847 [info] Found: /usr/sbin/python3 --> /usr/sbin/python3.13
2025-01-31 00:40:27.848 [info] Found: /usr/sbin/python3.13 --> /usr/sbin/python3.13
2025-01-31 00:40:27.911 [info] > /bin/python -I ~/.vscode/extensions/ms-python.python-2024.22.2-linux-x64/python_files/get_output_via_markers.py ~/.vscode/extensions/ms-python.python-2024.22.2-linux-x64/python_files/interpreterInfo.py
2025-01-31 00:40:27.975 [info] > /sbin/python -I ~/.vscode/extensions/ms-python.python-2024.22.2-linux-x64/python_files/get_output_via_markers.py ~/.vscode/extensions/ms-python.python-2024.22.2-linux-x64/python_files/interpreterInfo.py
2025-01-31 00:40:28.002 [info] Finished searching for interpreters in posix paths locator: 3011 milliseconds
2025-01-31 00:40:28.026 [info] Environments refresh paths discovered (event): 3037 milliseconds
2025-01-31 00:40:28.026 [info] Environments refresh paths discovered: 3037 milliseconds
2025-01-31 00:40:28.089 [info] > /usr/bin/python -I ~/.vscode/extensions/ms-python.python-2024.22.2-linux-x64/python_files/get_output_via_markers.py ~/.vscode/extensions/ms-python.python-2024.22.2-linux-x64/python_files/interpreterInfo.py
2025-01-31 00:40:28.142 [info] > /usr/sbin/python -I ~/.vscode/extensions/ms-python.python-2024.22.2-linux-x64/python_files/get_output_via_markers.py ~/.vscode/extensions/ms-python.python-2024.22.2-linux-x64/python_files/interpreterInfo.py
2025-01-31 00:40:28.288 [info] Environments refresh finished (event): 3299 milliseconds
2025-01-31 00:40:28.309 [info] Environment refresh took 3321 milliseconds
2025-01-31 00:40:28.419 [info] Python interpreter path: /bin/python
2025-01-31 00:40:31.222 [info] Starting Pylance language server.
