2025-02-01 19:04:33.299 [info] [main] Log level: Info
2025-02-01 19:04:33.299 [info] [main] Validating found git in: "git"
2025-02-01 19:04:33.299 [info] [main] Using git "2.48.1" from "git"
2025-02-01 19:04:33.299 [info] [Model][doInitialScan] Initial repository scan started
2025-02-01 19:04:33.299 [info] > git rev-parse --show-toplevel [682ms]
2025-02-01 19:04:33.299 [info] > git rev-parse --git-dir --git-common-dir [258ms]
2025-02-01 19:04:33.299 [info] [Model][openRepository] Opened repository: /home/aditya/.config
2025-02-01 19:04:33.606 [info] > git rev-parse --show-toplevel [266ms]
2025-02-01 19:04:33.628 [info] > git config --get commit.template [307ms]
2025-02-01 19:04:33.712 [info] > git rev-parse --path-format=relative --show-toplevel [86ms]
2025-02-01 19:04:33.788 [info] > git for-each-ref --format=%(refname)%00%(upstream:short)%00%(objectname)%00%(upstream:track)%00%(upstream:remotename)%00%(upstream:remoteref) refs/heads/master refs/remotes/master [19ms]
2025-02-01 19:04:33.857 [info] > git for-each-ref --sort -committerdate --format %(refname) %(objectname) %(*objectname) [4ms]
2025-02-01 19:04:33.897 [info] > git rev-parse --show-toplevel [3ms]
2025-02-01 19:04:33.926 [info] > git rev-parse --show-toplevel [4ms]
2025-02-01 19:04:33.962 [info] > git rev-parse --show-toplevel [6ms]
2025-02-01 19:04:34.000 [info] > git status -z -uall [177ms]
2025-02-01 19:04:35.073 [info] > git check-ignore -v -z --stdin [808ms]
2025-02-01 19:04:35.180 [info] > git for-each-ref --format=%(refname)%00%(upstream:short)%00%(objectname)%00%(upstream:track)%00%(upstream:remotename)%00%(upstream:remoteref) refs/heads/master refs/remotes/master [949ms]
2025-02-01 19:04:35.219 [info] > git rev-parse --show-toplevel [1229ms]
2025-02-01 19:04:35.285 [info] > git config --local branch.master.vscode-merge-base [66ms]
2025-02-01 19:04:35.286 [warning] [Git][config] git config failed: Failed to execute git
2025-02-01 19:04:35.318 [info] > git config --get commit.template [255ms]
2025-02-01 19:04:49.488 [info] > git reflog master --grep-reflog=branch: Created from *. [14171ms]
2025-02-01 19:04:49.533 [info] > git rev-parse --show-toplevel [14259ms]
2025-02-01 19:04:52.870 [info] > git symbolic-ref --short refs/remotes/origin/HEAD [3337ms]
2025-02-01 19:04:52.871 [info] fatal: ref refs/remotes/origin/HEAD is not a symbolic ref
2025-02-01 19:04:52.871 [warning] [Repository][getDefaultBranch] Failed to get default branch details: Failed to execute git.
2025-02-01 19:04:53.687 [info] > git check-ignore -v -z --stdin [704ms]
2025-02-01 19:04:53.711 [info] > git merge-base refs/heads/master refs/remotes/origin/master [801ms]
2025-02-01 19:04:53.754 [info] > git rev-parse --show-toplevel [1117ms]
2025-02-01 19:04:53.755 [info] > git for-each-ref --format=%(refname)%00%(upstream:short)%00%(objectname)%00%(upstream:track)%00%(upstream:remotename)%00%(upstream:remoteref) refs/heads/master refs/remotes/master [1173ms]
2025-02-01 19:04:54.015 [info] > git diff --name-status -z --diff-filter=ADMR bd4f7c9918bd6707a6ad1be7bcbabfa2cf71cc94...refs/remotes/origin/master [262ms]
2025-02-01 19:04:54.286 [info] > git rev-parse --show-toplevel [306ms]
2025-02-01 19:04:54.789 [info] > git rev-parse --show-toplevel [297ms]
2025-02-01 19:04:54.904 [info] > git status -z -uall [234ms]
2025-02-01 19:04:54.906 [info] > git for-each-ref --sort -committerdate --format %(refname) %(objectname) %(*objectname) [180ms]
2025-02-01 19:04:55.347 [info] > git rev-parse --show-toplevel [456ms]
2025-02-01 19:04:56.137 [info] > git config --get commit.template [1059ms]
2025-02-01 19:04:56.226 [info] > git rev-parse --show-toplevel [115ms]
2025-02-01 19:05:04.187 [info] > git rev-parse --show-toplevel [7878ms]
2025-02-01 19:05:04.188 [info] > git for-each-ref --format=%(refname)%00%(upstream:short)%00%(objectname)%00%(upstream:track)%00%(upstream:remotename)%00%(upstream:remoteref) refs/heads/master refs/remotes/master [7921ms]
2025-02-01 19:05:04.662 [info] > git rev-parse --show-toplevel [124ms]
2025-02-01 19:05:04.982 [info] > git rev-parse --show-toplevel [110ms]
2025-02-01 19:05:05.067 [info] > git for-each-ref --sort -committerdate --format %(refname) %(objectname) %(*objectname) [89ms]
2025-02-01 19:05:05.078 [info] > git status -z -uall [151ms]
2025-02-01 19:05:05.078 [info] > git rev-parse --show-toplevel [24ms]
2025-02-01 19:05:06.008 [info] > git rev-parse --show-toplevel [784ms]
2025-02-01 19:05:06.123 [info] > git rev-parse --show-toplevel [15ms]
2025-02-01 19:05:06.581 [info] > git rev-parse --show-toplevel [57ms]
2025-02-01 19:05:06.886 [info] > git rev-parse --show-toplevel [217ms]
2025-02-01 19:05:07.221 [info] > git rev-parse --show-toplevel [224ms]
2025-02-01 19:05:07.307 [info] > git rev-parse --show-toplevel [36ms]
2025-02-01 19:05:07.424 [info] > git rev-parse --show-toplevel [59ms]
2025-02-01 19:05:07.481 [info] > git rev-parse --show-toplevel [9ms]
2025-02-01 19:05:07.546 [info] > git rev-parse --show-toplevel [16ms]
2025-02-01 19:05:07.682 [info] > git rev-parse --show-toplevel [78ms]
2025-02-01 19:05:07.844 [info] > git rev-parse --show-toplevel [106ms]
2025-02-01 19:05:08.079 [info] > git rev-parse --show-toplevel [90ms]
2025-02-01 19:05:09.415 [info] > git rev-parse --show-toplevel [106ms]
2025-02-01 19:05:09.590 [info] > git rev-parse --show-toplevel [101ms]
2025-02-01 19:05:09.654 [info] > git rev-parse --show-toplevel [11ms]
2025-02-01 19:05:09.724 [info] > git rev-parse --show-toplevel [18ms]
2025-02-01 19:05:09.803 [info] > git rev-parse --show-toplevel [11ms]
2025-02-01 19:05:09.878 [info] > git rev-parse --show-toplevel [27ms]
2025-02-01 19:05:09.926 [info] > git rev-parse --show-toplevel [5ms]
2025-02-01 19:05:09.977 [info] > git rev-parse --show-toplevel [8ms]
2025-02-01 19:05:10.035 [info] > git rev-parse --show-toplevel [10ms]
2025-02-01 19:05:10.105 [info] > git rev-parse --show-toplevel [26ms]
2025-02-01 19:05:10.161 [info] > git rev-parse --show-toplevel [5ms]
2025-02-01 19:05:10.214 [info] > git rev-parse --show-toplevel [8ms]
2025-02-01 19:05:10.302 [info] > git rev-parse --show-toplevel [25ms]
2025-02-01 19:05:10.306 [info] [Model][doInitialScan] Initial repository scan completed - repositories (1), closed repositories (0), parent repositories (1), unsafe repositories (0)
2025-02-01 19:05:10.434 [info] > git show --textconv :rofi/config-themes.rasi [73ms]
2025-02-01 19:05:10.442 [info] > git ls-files --stage -- /home/aditya/.config/rofi/config-themes.rasi [15ms]
2025-02-01 19:05:10.540 [info] > git blame --root --incremental bd4f7c9918bd6707a6ad1be7bcbabfa2cf71cc94 -- /home/aditya/.config/rofi/config-themes.rasi [16ms]
2025-02-01 19:05:10.541 [info] fatal: no such path rofi/config-themes.rasi in bd4f7c9918bd6707a6ad1be7bcbabfa2cf71cc94
2025-02-01 19:05:11.711 [info] > git config --get commit.template [13ms]
2025-02-01 19:05:11.787 [info] > git for-each-ref --format=%(refname)%00%(upstream:short)%00%(objectname)%00%(upstream:track)%00%(upstream:remotename)%00%(upstream:remoteref) refs/heads/master refs/remotes/master [8ms]
2025-02-01 19:05:11.897 [info] > git for-each-ref --sort -committerdate --format %(refname) %(objectname) %(*objectname) [6ms]
2025-02-01 19:05:11.968 [info] > git status -z -uall [127ms]
2025-02-01 19:05:17.135 [info] > git config --get commit.template [50ms]
2025-02-01 19:05:17.137 [info] > git for-each-ref --format=%(refname)%00%(upstream:short)%00%(objectname)%00%(upstream:track)%00%(upstream:remotename)%00%(upstream:remoteref) refs/heads/master refs/remotes/master [5ms]
2025-02-01 19:05:17.234 [info] > git for-each-ref --sort -committerdate --format %(refname) %(objectname) %(*objectname) [4ms]
2025-02-01 19:05:17.295 [info] > git status -z -uall [112ms]
2025-02-01 19:05:22.435 [info] > git config --get commit.template [10ms]
2025-02-01 19:05:22.492 [info] > git for-each-ref --format=%(refname)%00%(upstream:short)%00%(objectname)%00%(upstream:track)%00%(upstream:remotename)%00%(upstream:remoteref) refs/heads/master refs/remotes/master [5ms]
2025-02-01 19:05:22.602 [info] > git for-each-ref --sort -committerdate --format %(refname) %(objectname) %(*objectname) [13ms]
2025-02-01 19:05:22.665 [info] > git status -z -uall [125ms]
2025-02-01 19:05:27.907 [info] > git for-each-ref --format=%(refname)%00%(upstream:short)%00%(objectname)%00%(upstream:track)%00%(upstream:remotename)%00%(upstream:remoteref) refs/heads/master refs/remotes/master [5ms]
2025-02-01 19:05:27.907 [info] > git config --get commit.template [60ms]
2025-02-01 19:05:28.027 [info] > git for-each-ref --sort -committerdate --format %(refname) %(objectname) %(*objectname) [9ms]
2025-02-01 19:05:28.095 [info] > git status -z -uall [131ms]
2025-02-01 19:05:30.878 [info] > git rev-parse --show-toplevel [5ms]
2025-02-01 19:05:30.878 [info] fatal: not a git repository (or any of the parent directories): .git
2025-02-01 19:05:33.249 [info] > git config --get commit.template [7ms]
2025-02-01 19:05:33.314 [info] > git for-each-ref --format=%(refname)%00%(upstream:short)%00%(objectname)%00%(upstream:track)%00%(upstream:remotename)%00%(upstream:remoteref) refs/heads/master refs/remotes/master [8ms]
2025-02-01 19:05:33.438 [info] > git for-each-ref --sort -committerdate --format %(refname) %(objectname) %(*objectname) [6ms]
2025-02-01 19:05:33.502 [info] > git status -z -uall [128ms]
2025-02-01 19:06:12.730 [info] > git config --get commit.template [5ms]
2025-02-01 19:06:12.802 [info] > git for-each-ref --format=%(refname)%00%(upstream:short)%00%(objectname)%00%(upstream:track)%00%(upstream:remotename)%00%(upstream:remoteref) refs/heads/master refs/remotes/master [9ms]
2025-02-01 19:06:12.942 [info] > git for-each-ref --sort -committerdate --format %(refname) %(objectname) %(*objectname) [15ms]
2025-02-01 19:06:13.027 [info] > git status -z -uall [160ms]
2025-02-01 19:06:39.317 [info] > git config --get commit.template [10ms]
2025-02-01 19:06:39.372 [info] > git for-each-ref --format=%(refname)%00%(upstream:short)%00%(objectname)%00%(upstream:track)%00%(upstream:remotename)%00%(upstream:remoteref) refs/heads/master refs/remotes/master [7ms]
2025-02-01 19:06:39.482 [info] > git for-each-ref --sort -committerdate --format %(refname) %(objectname) %(*objectname) [9ms]
2025-02-01 19:06:39.563 [info] > git status -z -uall [140ms]
2025-02-01 19:06:44.715 [info] > git config --get commit.template [4ms]
2025-02-01 19:06:44.767 [info] > git for-each-ref --format=%(refname)%00%(upstream:short)%00%(objectname)%00%(upstream:track)%00%(upstream:remotename)%00%(upstream:remoteref) refs/heads/master refs/remotes/master [5ms]
2025-02-01 19:06:44.878 [info] > git for-each-ref --sort -committerdate --format %(refname) %(objectname) %(*objectname) [10ms]
2025-02-01 19:06:44.952 [info] > git status -z -uall [134ms]
2025-02-01 19:06:50.096 [info] > git config --get commit.template [5ms]
2025-02-01 19:06:50.153 [info] > git for-each-ref --format=%(refname)%00%(upstream:short)%00%(objectname)%00%(upstream:track)%00%(upstream:remotename)%00%(upstream:remoteref) refs/heads/master refs/remotes/master [5ms]
2025-02-01 19:06:50.255 [info] > git for-each-ref --sort -committerdate --format %(refname) %(objectname) %(*objectname) [6ms]
2025-02-01 19:06:50.317 [info] > git status -z -uall [116ms]
2025-02-01 19:06:55.462 [info] > git config --get commit.template [8ms]
2025-02-01 19:06:55.515 [info] > git for-each-ref --format=%(refname)%00%(upstream:short)%00%(objectname)%00%(upstream:track)%00%(upstream:remotename)%00%(upstream:remoteref) refs/heads/master refs/remotes/master [5ms]
2025-02-01 19:06:55.642 [info] > git for-each-ref --sort -committerdate --format %(refname) %(objectname) %(*objectname) [11ms]
2025-02-01 19:06:55.711 [info] > git status -z -uall [143ms]
2025-02-01 19:07:00.894 [info] > git for-each-ref --format=%(refname)%00%(upstream:short)%00%(objectname)%00%(upstream:track)%00%(upstream:remotename)%00%(upstream:remoteref) refs/heads/master refs/remotes/master [10ms]
2025-02-01 19:07:00.897 [info] > git config --get commit.template [66ms]
2025-02-01 19:07:01.077 [info] > git for-each-ref --sort -committerdate --format %(refname) %(objectname) %(*objectname) [12ms]
2025-02-01 19:07:01.144 [info] > git status -z -uall [135ms]
2025-02-01 19:07:06.269 [info] > git config --get commit.template [5ms]
2025-02-01 19:07:06.321 [info] > git for-each-ref --format=%(refname)%00%(upstream:short)%00%(objectname)%00%(upstream:track)%00%(upstream:remotename)%00%(upstream:remoteref) refs/heads/master refs/remotes/master [6ms]
2025-02-01 19:07:06.428 [info] > git for-each-ref --sort -committerdate --format %(refname) %(objectname) %(*objectname) [6ms]
2025-02-01 19:07:06.501 [info] > git status -z -uall [131ms]
