2025-01-31 22:15:14.616 [info] Reading sessions from keychain...
2025-01-31 22:15:14.616 [info] Getting sessions for all scopes...
2025-01-31 22:15:14.616 [info] Getting sessions for all scopes...
2025-01-31 22:15:14.616 [info] Getting sessions for all scopes...
2025-01-31 22:15:14.616 [info] Got stored sessions!
2025-01-31 22:15:14.616 [info] Got 3 verified sessions.
2025-01-31 22:15:14.616 [info] Got 3 sessions for ...
2025-01-31 22:15:14.616 [info] Got 3 sessions for ...
2025-01-31 22:15:14.616 [info] Got 3 sessions for ...
2025-01-31 22:15:14.616 [info] Getting sessions for user:email...
2025-01-31 22:15:14.616 [info] Got 1 sessions for user:email...
2025-01-31 22:15:14.616 [info] Getting sessions for all scopes...
2025-01-31 22:15:14.616 [info] Got 3 sessions for ...
2025-01-31 22:15:14.616 [info] Getting sessions for all scopes...
2025-01-31 22:15:14.616 [info] Got 3 sessions for ...
2025-01-31 22:15:14.616 [info] Getting sessions for all scopes...
2025-01-31 22:15:14.616 [info] Got 3 sessions for ...
2025-01-31 22:15:14.616 [info] Getting sessions for all scopes...
2025-01-31 22:15:14.616 [info] Got 3 sessions for ...
2025-01-31 22:15:14.616 [info] Getting sessions for all scopes...
2025-01-31 22:15:14.616 [info] Got 3 sessions for ...
2025-01-31 22:15:14.616 [info] Getting sessions for all scopes...
2025-01-31 22:15:14.616 [info] Got 3 sessions for ...
2025-01-31 22:15:33.574 [info] Getting sessions for read:user,repo,user:email,workflow...
2025-01-31 22:15:33.574 [info] Got 1 sessions for read:user,repo,user:email,workflow...
2025-01-31 22:15:33.575 [info] Getting sessions for all scopes...
2025-01-31 22:15:33.575 [info] Got 3 sessions for ...
2025-01-31 22:15:33.576 [info] Getting sessions for all scopes...
2025-01-31 22:15:33.576 [info] Got 3 sessions for ...
2025-01-31 22:15:34.656 [info] Getting sessions for read:user,repo,user:email,workflow...
2025-01-31 22:15:34.657 [info] Got 1 sessions for read:user,repo,user:email,workflow...
2025-01-31 22:15:34.660 [info] Getting sessions for read:user,repo,user:email,workflow...
2025-01-31 22:15:34.660 [info] Got 1 sessions for read:user,repo,user:email,workflow...
2025-01-31 22:15:35.426 [info] Getting sessions for all scopes...
2025-01-31 22:15:35.426 [info] Got 3 sessions for ...
2025-01-31 22:15:35.427 [info] Getting sessions for all scopes...
2025-01-31 22:15:35.427 [info] Got 3 sessions for ...
2025-01-31 22:15:44.606 [info] Getting sessions for read:user,repo,user:email,workflow...
2025-01-31 22:15:44.606 [info] Got 1 sessions for read:user,repo,user:email,workflow...
2025-01-31 22:15:45.071 [info] Getting sessions for read:user,repo,user:email,workflow...
2025-01-31 22:15:45.072 [info] Got 1 sessions for read:user,repo,user:email,workflow...
2025-01-31 22:15:45.637 [info] Getting sessions for all scopes...
2025-01-31 22:15:45.637 [info] Got 3 sessions for ...
2025-01-31 22:15:45.886 [info] Getting sessions for read:user,repo,user:email,workflow...
2025-01-31 22:15:45.886 [info] Got 1 sessions for read:user,repo,user:email,workflow...
2025-01-31 22:15:46.026 [info] Getting sessions for all scopes...
2025-01-31 22:15:46.026 [info] Got 3 sessions for ...
2025-01-31 22:15:46.644 [info] Getting sessions for read:user,repo,user:email,workflow...
2025-01-31 22:15:46.644 [info] Got 1 sessions for read:user,repo,user:email,workflow...
2025-01-31 22:15:46.808 [info] Getting sessions for all scopes...
2025-01-31 22:15:46.808 [info] Got 3 sessions for ...
2025-01-31 22:15:46.992 [info] Getting sessions for read:user,repo,user:email,workflow...
2025-01-31 22:15:46.992 [info] Got 1 sessions for read:user,repo,user:email,workflow...
2025-01-31 22:15:48.764 [info] Getting sessions for all scopes...
2025-01-31 22:15:48.764 [info] Got 3 sessions for ...
2025-01-31 22:15:48.860 [info] Getting sessions for read:user,repo,user:email,workflow...
2025-01-31 22:15:48.860 [info] Got 1 sessions for read:user,repo,user:email,workflow...
2025-01-31 22:15:49.122 [info] Getting sessions for read:user,repo,user:email,workflow...
2025-01-31 22:15:49.122 [info] Got 1 sessions for read:user,repo,user:email,workflow...
2025-01-31 22:30:49.158 [info] Getting sessions for all scopes...
2025-01-31 22:30:49.158 [info] Got 3 sessions for ...
2025-01-31 22:30:49.169 [info] Getting sessions for read:user,repo,user:email,workflow...
2025-01-31 22:30:49.169 [info] Got 1 sessions for read:user,repo,user:email,workflow...
2025-01-31 22:30:49.179 [info] Getting sessions for all scopes...
2025-01-31 22:30:49.179 [info] Got 3 sessions for ...
2025-01-31 22:30:49.184 [info] Getting sessions for read:user,repo,user:email,workflow...
2025-01-31 22:30:49.185 [info] Got 1 sessions for read:user,repo,user:email,workflow...
2025-01-31 22:40:45.835 [info] Getting sessions for all scopes...
2025-01-31 22:40:45.835 [info] Got 3 sessions for ...
2025-01-31 22:40:45.840 [info] Getting sessions for read:user,repo,user:email,workflow...
2025-01-31 22:40:45.840 [info] Got 1 sessions for read:user,repo,user:email,workflow...
2025-01-31 22:40:46.086 [info] Getting sessions for read:user,repo,user:email,workflow...
2025-01-31 22:40:46.086 [info] Got 1 sessions for read:user,repo,user:email,workflow...
2025-01-31 22:40:46.699 [info] Getting sessions for all scopes...
2025-01-31 22:40:46.699 [info] Got 3 sessions for ...
2025-01-31 22:40:46.700 [info] Getting sessions for all scopes...
2025-01-31 22:40:46.700 [info] Got 3 sessions for ...
2025-01-31 22:40:46.704 [info] Getting sessions for read:user,repo,user:email,workflow...
2025-01-31 22:40:46.704 [info] Got 1 sessions for read:user,repo,user:email,workflow...
2025-01-31 22:40:46.709 [info] Getting sessions for all scopes...
2025-01-31 22:40:46.709 [info] Got 3 sessions for ...
2025-01-31 22:40:46.805 [info] Getting sessions for read:user,repo,user:email,workflow...
2025-01-31 22:40:46.805 [info] Got 1 sessions for read:user,repo,user:email,workflow...
2025-01-31 22:40:46.825 [info] Getting sessions for all scopes...
2025-01-31 22:40:46.825 [info] Got 3 sessions for ...
2025-01-31 22:40:46.828 [info] Getting sessions for read:user,repo,user:email,workflow...
2025-01-31 22:40:46.828 [info] Got 1 sessions for read:user,repo,user:email,workflow...
2025-01-31 22:55:46.839 [info] Getting sessions for all scopes...
2025-01-31 22:55:46.839 [info] Got 3 sessions for ...
2025-01-31 22:55:46.844 [info] Getting sessions for read:user,repo,user:email,workflow...
2025-01-31 22:55:46.844 [info] Got 1 sessions for read:user,repo,user:email,workflow...
2025-01-31 22:55:46.849 [info] Getting sessions for all scopes...
2025-01-31 22:55:46.849 [info] Got 3 sessions for ...
2025-01-31 22:55:46.854 [info] Getting sessions for read:user,repo,user:email,workflow...
2025-01-31 22:55:46.854 [info] Got 1 sessions for read:user,repo,user:email,workflow...
