2025-01-31 23:11:19.470 [info] Reading sessions from keychain...
2025-01-31 23:11:19.470 [info] Getting sessions for all scopes...
2025-01-31 23:11:19.470 [info] Getting sessions for all scopes...
2025-01-31 23:11:19.470 [info] Getting sessions for all scopes...
2025-01-31 23:11:19.470 [info] Getting sessions for user:email...
2025-01-31 23:11:19.470 [info] Getting sessions for all scopes...
2025-01-31 23:11:19.470 [info] Getting sessions for all scopes...
2025-01-31 23:11:19.470 [info] Getting sessions for all scopes...
2025-01-31 23:11:19.470 [info] Getting sessions for all scopes...
2025-01-31 23:11:19.470 [info] Getting sessions for all scopes...
2025-01-31 23:11:19.470 [info] Got stored sessions!
2025-01-31 23:11:19.470 [info] Got 3 verified sessions.
2025-01-31 23:11:19.470 [info] Got 3 sessions for ...
2025-01-31 23:11:19.470 [info] Got 3 sessions for ...
2025-01-31 23:11:19.470 [info] Got 3 sessions for ...
2025-01-31 23:11:19.470 [info] Got 1 sessions for user:email...
2025-01-31 23:11:19.470 [info] Got 3 sessions for ...
2025-01-31 23:11:19.470 [info] Got 3 sessions for ...
2025-01-31 23:11:19.470 [info] Got 3 sessions for ...
2025-01-31 23:11:19.470 [info] Got 3 sessions for ...
2025-01-31 23:11:19.470 [info] Got 3 sessions for ...
2025-01-31 23:11:19.470 [info] Getting sessions for all scopes...
2025-01-31 23:11:19.470 [info] Got 3 sessions for ...
2025-01-31 23:11:35.563 [info] Getting sessions for read:user,repo,user:email,workflow...
2025-01-31 23:11:35.564 [info] Got 1 sessions for read:user,repo,user:email,workflow...
2025-01-31 23:11:35.564 [info] Getting sessions for all scopes...
2025-01-31 23:11:35.564 [info] Got 3 sessions for ...
2025-01-31 23:11:35.565 [info] Getting sessions for all scopes...
2025-01-31 23:11:35.565 [info] Got 3 sessions for ...
2025-01-31 23:11:36.581 [info] Getting sessions for read:user,repo,user:email,workflow...
2025-01-31 23:11:36.581 [info] Got 1 sessions for read:user,repo,user:email,workflow...
2025-01-31 23:11:36.587 [info] Getting sessions for read:user,repo,user:email,workflow...
2025-01-31 23:11:36.587 [info] Got 1 sessions for read:user,repo,user:email,workflow...
2025-01-31 23:11:44.101 [info] Getting sessions for all scopes...
2025-01-31 23:11:44.101 [info] Got 3 sessions for ...
2025-01-31 23:11:45.232 [info] Getting sessions for read:user,repo,user:email,workflow...
2025-01-31 23:11:45.232 [info] Got 1 sessions for read:user,repo,user:email,workflow...
2025-01-31 23:11:45.989 [info] Getting sessions for read:user,repo,user:email,workflow...
2025-01-31 23:11:45.989 [info] Got 1 sessions for read:user,repo,user:email,workflow...
2025-01-31 23:11:45.990 [info] Getting sessions for all scopes...
2025-01-31 23:11:45.990 [info] Got 3 sessions for ...
2025-01-31 23:11:46.244 [info] Getting sessions for read:user,repo,user:email,workflow...
2025-01-31 23:11:46.244 [info] Got 1 sessions for read:user,repo,user:email,workflow...
2025-01-31 23:11:46.360 [info] Getting sessions for all scopes...
2025-01-31 23:11:46.360 [info] Got 3 sessions for ...
2025-01-31 23:11:46.744 [info] Getting sessions for read:user,repo,user:email,workflow...
2025-01-31 23:11:46.745 [info] Got 1 sessions for read:user,repo,user:email,workflow...
2025-01-31 23:11:47.708 [info] Getting sessions for all scopes...
2025-01-31 23:11:47.709 [info] Got 3 sessions for ...
2025-01-31 23:11:47.709 [info] Getting sessions for all scopes...
2025-01-31 23:11:47.709 [info] Got 3 sessions for ...
2025-01-31 23:11:47.797 [info] Getting sessions for read:user,repo,user:email,workflow...
2025-01-31 23:11:47.798 [info] Got 1 sessions for read:user,repo,user:email,workflow...
2025-01-31 23:11:47.894 [info] Getting sessions for all scopes...
2025-01-31 23:11:47.894 [info] Got 3 sessions for ...
2025-01-31 23:11:47.943 [info] Getting sessions for read:user,repo,user:email,workflow...
2025-01-31 23:11:47.943 [info] Got 1 sessions for read:user,repo,user:email,workflow...
2025-01-31 23:11:48.245 [info] Getting sessions for all scopes...
2025-01-31 23:11:48.245 [info] Got 3 sessions for ...
2025-01-31 23:11:48.360 [info] Getting sessions for read:user,repo,user:email,workflow...
2025-01-31 23:11:48.360 [info] Got 1 sessions for read:user,repo,user:email,workflow...
2025-01-31 23:11:48.808 [info] Getting sessions for read:user,repo,user:email,workflow...
2025-01-31 23:11:48.808 [info] Got 1 sessions for read:user,repo,user:email,workflow...
2025-01-31 23:11:52.011 [info] Getting sessions for all scopes...
2025-01-31 23:11:52.011 [info] Got 3 sessions for ...
2025-01-31 23:11:52.067 [info] Getting sessions for read:user,repo,user:email,workflow...
2025-01-31 23:11:52.068 [info] Got 1 sessions for read:user,repo,user:email,workflow...
2025-01-31 23:26:52.176 [info] Getting sessions for all scopes...
2025-01-31 23:26:52.176 [info] Got 3 sessions for ...
2025-01-31 23:26:52.181 [info] Getting sessions for read:user,repo,user:email,workflow...
2025-01-31 23:26:52.181 [info] Got 1 sessions for read:user,repo,user:email,workflow...
2025-01-31 23:26:52.187 [info] Getting sessions for all scopes...
2025-01-31 23:26:52.187 [info] Got 3 sessions for ...
2025-01-31 23:26:52.192 [info] Getting sessions for read:user,repo,user:email,workflow...
2025-01-31 23:26:52.192 [info] Got 1 sessions for read:user,repo,user:email,workflow...
2025-01-31 23:29:27.928 [info] Getting sessions for read:user,repo,user:email,workflow...
2025-01-31 23:29:27.929 [info] Got 1 sessions for read:user,repo,user:email,workflow...
2025-01-31 23:30:24.897 [info] Reading sessions from keychain...
2025-01-31 23:30:24.897 [info] Getting sessions for all scopes...
2025-01-31 23:30:24.897 [info] Getting sessions for all scopes...
2025-01-31 23:30:25.162 [info] Getting sessions for all scopes...
2025-01-31 23:30:25.163 [info] Getting sessions for all scopes...
2025-01-31 23:30:25.163 [info] Getting sessions for all scopes...
2025-01-31 23:30:25.164 [info] Getting sessions for all scopes...
2025-01-31 23:30:25.164 [info] Getting sessions for all scopes...
2025-01-31 23:30:26.241 [info] Got stored sessions!
2025-01-31 23:30:26.241 [info] Got 3 verified sessions.
2025-01-31 23:30:26.242 [info] Got 3 sessions for ...
2025-01-31 23:30:26.242 [info] Got 3 sessions for ...
2025-01-31 23:30:26.242 [info] Got 3 sessions for ...
2025-01-31 23:30:26.242 [info] Got 3 sessions for ...
2025-01-31 23:30:26.242 [info] Got 3 sessions for ...
2025-01-31 23:30:26.242 [info] Got 3 sessions for ...
2025-01-31 23:30:26.242 [info] Got 3 sessions for ...
2025-01-31 23:30:27.238 [info] Getting sessions for all scopes...
2025-01-31 23:30:27.238 [info] Got 3 sessions for ...
2025-01-31 23:30:28.387 [info] Getting sessions for user:email...
2025-01-31 23:30:28.387 [info] Got 1 sessions for user:email...
2025-01-31 23:30:30.440 [info] Getting sessions for all scopes...
2025-01-31 23:30:30.440 [info] Got 3 sessions for ...
2025-01-31 23:30:50.677 [info] Getting sessions for read:user,repo,user:email,workflow...
2025-01-31 23:30:50.677 [info] Got 1 sessions for read:user,repo,user:email,workflow...
2025-01-31 23:30:50.678 [info] Getting sessions for all scopes...
2025-01-31 23:30:50.678 [info] Got 3 sessions for ...
2025-01-31 23:30:50.679 [info] Getting sessions for all scopes...
2025-01-31 23:30:50.679 [info] Got 3 sessions for ...
2025-01-31 23:30:52.238 [info] Getting sessions for read:user,repo,user:email,workflow...
2025-01-31 23:30:52.238 [info] Got 1 sessions for read:user,repo,user:email,workflow...
2025-01-31 23:30:52.734 [info] Getting sessions for all scopes...
2025-01-31 23:30:52.734 [info] Got 3 sessions for ...
2025-01-31 23:30:52.735 [info] Getting sessions for all scopes...
2025-01-31 23:30:52.735 [info] Got 3 sessions for ...
2025-01-31 23:31:01.485 [info] Getting sessions for read:user,repo,user:email,workflow...
2025-01-31 23:31:01.485 [info] Got 1 sessions for read:user,repo,user:email,workflow...
2025-01-31 23:31:03.083 [info] Getting sessions for all scopes...
2025-01-31 23:31:03.083 [info] Got 3 sessions for ...
2025-01-31 23:31:03.084 [info] Getting sessions for all scopes...
2025-01-31 23:31:03.084 [info] Got 3 sessions for ...
2025-01-31 23:31:03.158 [info] Getting sessions for read:user,repo,user:email,workflow...
2025-01-31 23:31:03.158 [info] Got 1 sessions for read:user,repo,user:email,workflow...
2025-01-31 23:31:03.172 [info] Getting sessions for all scopes...
2025-01-31 23:31:03.172 [info] Got 3 sessions for ...
2025-01-31 23:31:03.178 [info] Getting sessions for read:user,repo,user:email,workflow...
2025-01-31 23:31:03.178 [info] Got 1 sessions for read:user,repo,user:email,workflow...
2025-01-31 23:31:03.420 [info] Getting sessions for all scopes...
2025-01-31 23:31:03.420 [info] Got 3 sessions for ...
2025-01-31 23:31:03.432 [info] Getting sessions for read:user,repo,user:email,workflow...
2025-01-31 23:31:03.432 [info] Got 1 sessions for read:user,repo,user:email,workflow...
2025-01-31 23:31:03.481 [info] Getting sessions for read:user,repo,user:email,workflow...
2025-01-31 23:31:03.481 [info] Got 1 sessions for read:user,repo,user:email,workflow...
2025-01-31 23:31:05.164 [info] Getting sessions for all scopes...
2025-01-31 23:31:05.164 [info] Got 3 sessions for ...
2025-01-31 23:31:05.172 [info] Getting sessions for read:user,repo,user:email,workflow...
2025-01-31 23:31:05.173 [info] Got 1 sessions for read:user,repo,user:email,workflow...
2025-01-31 23:35:56.404 [info] Reading sessions from keychain...
2025-01-31 23:35:56.404 [info] Getting sessions for all scopes...
2025-01-31 23:35:56.404 [info] Getting sessions for all scopes...
2025-01-31 23:35:56.420 [info] Getting sessions for all scopes...
2025-01-31 23:35:56.421 [info] Getting sessions for all scopes...
2025-01-31 23:35:56.422 [info] Getting sessions for all scopes...
2025-01-31 23:35:56.423 [info] Getting sessions for all scopes...
2025-01-31 23:35:56.424 [info] Getting sessions for all scopes...
2025-01-31 23:35:57.695 [info] Got stored sessions!
2025-01-31 23:35:57.696 [info] Got 3 verified sessions.
2025-01-31 23:35:57.696 [info] Got 3 sessions for ...
2025-01-31 23:35:57.696 [info] Got 3 sessions for ...
2025-01-31 23:35:57.696 [info] Got 3 sessions for ...
2025-01-31 23:35:57.696 [info] Got 3 sessions for ...
2025-01-31 23:35:57.697 [info] Got 3 sessions for ...
2025-01-31 23:35:57.697 [info] Got 3 sessions for ...
2025-01-31 23:35:57.697 [info] Got 3 sessions for ...
2025-01-31 23:36:02.094 [info] Getting sessions for all scopes...
2025-01-31 23:36:02.095 [info] Got 3 sessions for ...
2025-01-31 23:36:02.466 [info] Getting sessions for user:email...
2025-01-31 23:36:02.466 [info] Got 1 sessions for user:email...
2025-01-31 23:36:09.987 [info] Getting sessions for all scopes...
2025-01-31 23:36:09.987 [info] Got 3 sessions for ...
2025-01-31 23:36:28.104 [info] Getting sessions for read:user,repo,user:email,workflow...
2025-01-31 23:36:28.104 [info] Got 1 sessions for read:user,repo,user:email,workflow...
2025-01-31 23:36:28.105 [info] Getting sessions for all scopes...
2025-01-31 23:36:28.105 [info] Got 3 sessions for ...
2025-01-31 23:36:28.107 [info] Getting sessions for all scopes...
2025-01-31 23:36:28.107 [info] Got 3 sessions for ...
2025-01-31 23:36:29.570 [info] Getting sessions for read:user,repo,user:email,workflow...
2025-01-31 23:36:29.570 [info] Got 1 sessions for read:user,repo,user:email,workflow...
2025-01-31 23:36:30.213 [info] Getting sessions for all scopes...
2025-01-31 23:36:30.213 [info] Got 3 sessions for ...
2025-01-31 23:36:41.665 [info] Getting sessions for read:user,repo,user:email,workflow...
2025-01-31 23:36:41.666 [info] Got 1 sessions for read:user,repo,user:email,workflow...
2025-01-31 23:36:41.953 [info] Getting sessions for all scopes...
2025-01-31 23:36:41.953 [info] Got 3 sessions for ...
2025-01-31 23:36:42.134 [info] Getting sessions for read:user,repo,user:email,workflow...
2025-01-31 23:36:42.134 [info] Got 1 sessions for read:user,repo,user:email,workflow...
2025-01-31 23:36:43.810 [info] Getting sessions for all scopes...
2025-01-31 23:36:43.810 [info] Got 3 sessions for ...
2025-01-31 23:36:43.811 [info] Getting sessions for all scopes...
2025-01-31 23:36:43.811 [info] Got 3 sessions for ...
2025-01-31 23:36:43.885 [info] Getting sessions for read:user,repo,user:email,workflow...
2025-01-31 23:36:43.885 [info] Got 1 sessions for read:user,repo,user:email,workflow...
2025-01-31 23:36:43.897 [info] Getting sessions for all scopes...
2025-01-31 23:36:43.897 [info] Got 3 sessions for ...
2025-01-31 23:36:43.933 [info] Getting sessions for read:user,repo,user:email,workflow...
2025-01-31 23:36:43.933 [info] Got 1 sessions for read:user,repo,user:email,workflow...
2025-01-31 23:36:44.491 [info] Getting sessions for all scopes...
2025-01-31 23:36:44.492 [info] Got 3 sessions for ...
2025-01-31 23:36:44.509 [info] Getting sessions for read:user,repo,user:email,workflow...
2025-01-31 23:36:44.509 [info] Got 1 sessions for read:user,repo,user:email,workflow...
2025-01-31 23:36:44.565 [info] Getting sessions for read:user,repo,user:email,workflow...
2025-01-31 23:36:44.565 [info] Got 1 sessions for read:user,repo,user:email,workflow...
2025-01-31 23:36:46.704 [info] Getting sessions for all scopes...
2025-01-31 23:36:46.705 [info] Got 3 sessions for ...
2025-01-31 23:36:46.715 [info] Getting sessions for read:user,repo,user:email,workflow...
2025-01-31 23:36:46.715 [info] Got 1 sessions for read:user,repo,user:email,workflow...
2025-01-31 23:51:46.724 [info] Getting sessions for all scopes...
2025-01-31 23:51:46.724 [info] Got 3 sessions for ...
2025-01-31 23:51:46.729 [info] Getting sessions for read:user,repo,user:email,workflow...
2025-01-31 23:51:46.729 [info] Got 1 sessions for read:user,repo,user:email,workflow...
2025-01-31 23:51:46.735 [info] Getting sessions for all scopes...
2025-01-31 23:51:46.735 [info] Got 3 sessions for ...
2025-01-31 23:51:46.740 [info] Getting sessions for read:user,repo,user:email,workflow...
2025-01-31 23:51:46.740 [info] Got 1 sessions for read:user,repo,user:email,workflow...
2025-02-01 00:01:42.812 [info] Getting sessions for read:user,repo,user:email,workflow...
2025-02-01 00:01:42.813 [info] Got 1 sessions for read:user,repo,user:email,workflow...
2025-02-01 00:01:43.762 [info] Getting sessions for all scopes...
2025-02-01 00:01:43.762 [info] Got 3 sessions for ...
2025-02-01 00:01:43.766 [info] Getting sessions for read:user,repo,user:email,workflow...
2025-02-01 00:01:43.766 [info] Got 1 sessions for read:user,repo,user:email,workflow...
2025-02-01 00:01:44.798 [info] Getting sessions for all scopes...
2025-02-01 00:01:44.799 [info] Got 3 sessions for ...
2025-02-01 00:01:44.799 [info] Getting sessions for all scopes...
2025-02-01 00:01:44.799 [info] Got 3 sessions for ...
2025-02-01 00:01:44.803 [info] Getting sessions for read:user,repo,user:email,workflow...
2025-02-01 00:01:44.803 [info] Got 1 sessions for read:user,repo,user:email,workflow...
2025-02-01 00:01:44.808 [info] Getting sessions for all scopes...
2025-02-01 00:01:44.808 [info] Got 3 sessions for ...
2025-02-01 00:01:44.812 [info] Getting sessions for read:user,repo,user:email,workflow...
2025-02-01 00:01:44.813 [info] Got 1 sessions for read:user,repo,user:email,workflow...
2025-02-01 00:01:44.839 [info] Getting sessions for all scopes...
2025-02-01 00:01:44.840 [info] Got 3 sessions for ...
2025-02-01 00:01:44.844 [info] Getting sessions for read:user,repo,user:email,workflow...
2025-02-01 00:01:44.844 [info] Got 1 sessions for read:user,repo,user:email,workflow...
2025-02-01 00:16:44.856 [info] Getting sessions for all scopes...
2025-02-01 00:16:44.856 [info] Got 3 sessions for ...
2025-02-01 00:16:44.864 [info] Getting sessions for read:user,repo,user:email,workflow...
2025-02-01 00:16:44.865 [info] Got 1 sessions for read:user,repo,user:email,workflow...
2025-02-01 00:16:44.870 [info] Getting sessions for all scopes...
2025-02-01 00:16:44.871 [info] Got 3 sessions for ...
2025-02-01 00:16:44.874 [info] Getting sessions for read:user,repo,user:email,workflow...
2025-02-01 00:16:44.875 [info] Got 1 sessions for read:user,repo,user:email,workflow...
2025-02-01 00:16:44.938 [info] Getting sessions for all scopes...
2025-02-01 00:16:44.938 [info] Got 3 sessions for ...
2025-02-01 00:16:44.943 [info] Getting sessions for read:user,repo,user:email,workflow...
2025-02-01 00:16:44.943 [info] Got 1 sessions for read:user,repo,user:email,workflow...
2025-02-01 00:27:21.760 [info] Getting sessions for read:user,repo,user:email,workflow...
2025-02-01 00:27:21.760 [info] Got 1 sessions for read:user,repo,user:email,workflow...
2025-02-01 00:27:23.125 [info] Getting sessions for all scopes...
2025-02-01 00:27:23.125 [info] Got 3 sessions for ...
2025-02-01 00:27:23.129 [info] Getting sessions for read:user,repo,user:email,workflow...
2025-02-01 00:27:23.129 [info] Got 1 sessions for read:user,repo,user:email,workflow...
2025-02-01 00:27:24.211 [info] Getting sessions for all scopes...
2025-02-01 00:27:24.211 [info] Got 3 sessions for ...
2025-02-01 00:27:24.212 [info] Getting sessions for all scopes...
2025-02-01 00:27:24.212 [info] Got 3 sessions for ...
2025-02-01 00:27:24.217 [info] Getting sessions for read:user,repo,user:email,workflow...
2025-02-01 00:27:24.217 [info] Got 1 sessions for read:user,repo,user:email,workflow...
2025-02-01 00:27:24.223 [info] Getting sessions for all scopes...
2025-02-01 00:27:24.223 [info] Got 3 sessions for ...
2025-02-01 00:27:24.227 [info] Getting sessions for read:user,repo,user:email,workflow...
2025-02-01 00:27:24.227 [info] Got 1 sessions for read:user,repo,user:email,workflow...
2025-02-01 00:27:24.261 [info] Getting sessions for all scopes...
2025-02-01 00:27:24.261 [info] Got 3 sessions for ...
2025-02-01 00:27:24.265 [info] Getting sessions for read:user,repo,user:email,workflow...
2025-02-01 00:27:24.265 [info] Got 1 sessions for read:user,repo,user:email,workflow...
2025-02-01 00:27:24.277 [info] Getting sessions for all scopes...
2025-02-01 00:27:24.277 [info] Got 3 sessions for ...
2025-02-01 00:27:24.282 [info] Getting sessions for read:user,repo,user:email,workflow...
2025-02-01 00:27:24.282 [info] Got 1 sessions for read:user,repo,user:email,workflow...
2025-02-01 00:42:25.357 [info] Getting sessions for all scopes...
2025-02-01 00:42:25.357 [info] Got 3 sessions for ...
2025-02-01 00:42:25.362 [info] Getting sessions for read:user,repo,user:email,workflow...
2025-02-01 00:42:25.362 [info] Got 1 sessions for read:user,repo,user:email,workflow...
2025-02-01 00:42:25.368 [info] Getting sessions for all scopes...
2025-02-01 00:42:25.368 [info] Got 3 sessions for ...
2025-02-01 00:42:25.373 [info] Getting sessions for read:user,repo,user:email,workflow...
2025-02-01 00:42:25.373 [info] Got 1 sessions for read:user,repo,user:email,workflow...
2025-02-01 00:52:22.326 [info] Getting sessions for read:user,repo,user:email,workflow...
2025-02-01 00:52:22.326 [info] Got 1 sessions for read:user,repo,user:email,workflow...
2025-02-01 00:52:24.214 [info] Getting sessions for all scopes...
2025-02-01 00:52:24.214 [info] Got 3 sessions for ...
2025-02-01 00:52:24.218 [info] Getting sessions for read:user,repo,user:email,workflow...
2025-02-01 00:52:24.218 [info] Got 1 sessions for read:user,repo,user:email,workflow...
2025-02-01 00:52:25.189 [info] Getting sessions for all scopes...
2025-02-01 00:52:25.189 [info] Got 3 sessions for ...
2025-02-01 00:52:25.190 [info] Getting sessions for all scopes...
2025-02-01 00:52:25.190 [info] Got 3 sessions for ...
2025-02-01 00:52:25.194 [info] Getting sessions for read:user,repo,user:email,workflow...
2025-02-01 00:52:25.194 [info] Got 1 sessions for read:user,repo,user:email,workflow...
2025-02-01 00:52:25.199 [info] Getting sessions for all scopes...
2025-02-01 00:52:25.199 [info] Got 3 sessions for ...
2025-02-01 00:52:25.203 [info] Getting sessions for read:user,repo,user:email,workflow...
2025-02-01 00:52:25.203 [info] Got 1 sessions for read:user,repo,user:email,workflow...
2025-02-01 00:52:25.228 [info] Getting sessions for all scopes...
2025-02-01 00:52:25.228 [info] Got 3 sessions for ...
2025-02-01 00:52:25.233 [info] Getting sessions for read:user,repo,user:email,workflow...
2025-02-01 00:52:25.233 [info] Got 1 sessions for read:user,repo,user:email,workflow...
2025-02-01 01:07:26.090 [info] Getting sessions for all scopes...
2025-02-01 01:07:26.090 [info] Got 3 sessions for ...
2025-02-01 01:07:26.094 [info] Getting sessions for read:user,repo,user:email,workflow...
2025-02-01 01:07:26.094 [info] Got 1 sessions for read:user,repo,user:email,workflow...
2025-02-01 01:07:26.099 [info] Getting sessions for all scopes...
2025-02-01 01:07:26.099 [info] Got 3 sessions for ...
2025-02-01 01:07:26.103 [info] Getting sessions for read:user,repo,user:email,workflow...
2025-02-01 01:07:26.103 [info] Got 1 sessions for read:user,repo,user:email,workflow...
2025-02-01 01:20:35.430 [info] Reading sessions from keychain...
2025-02-01 01:20:35.430 [info] Getting sessions for all scopes...
2025-02-01 01:20:35.430 [info] Getting sessions for all scopes...
2025-02-01 01:20:35.430 [info] Getting sessions for all scopes...
2025-02-01 01:20:35.430 [info] Got stored sessions!
2025-02-01 01:20:35.430 [info] Got 3 verified sessions.
2025-02-01 01:20:35.430 [info] Got 3 sessions for ...
2025-02-01 01:20:35.430 [info] Got 3 sessions for ...
2025-02-01 01:20:35.430 [info] Got 3 sessions for ...
2025-02-01 01:20:35.430 [info] Getting sessions for all scopes...
2025-02-01 01:20:35.430 [info] Got 3 sessions for ...
2025-02-01 01:20:35.430 [info] Getting sessions for all scopes...
2025-02-01 01:20:35.430 [info] Got 3 sessions for ...
2025-02-01 01:20:35.430 [info] Getting sessions for all scopes...
2025-02-01 01:20:35.430 [info] Got 3 sessions for ...
2025-02-01 01:20:35.430 [info] Getting sessions for all scopes...
2025-02-01 01:20:35.430 [info] Got 3 sessions for ...
2025-02-01 01:20:35.430 [info] Getting sessions for all scopes...
2025-02-01 01:20:35.430 [info] Got 3 sessions for ...
2025-02-01 01:20:35.430 [info] Getting sessions for user:email...
2025-02-01 01:20:35.430 [info] Got 1 sessions for user:email...
2025-02-01 01:20:57.998 [info] Getting sessions for all scopes...
2025-02-01 01:20:57.999 [info] Got 3 sessions for ...
2025-02-01 01:21:03.992 [info] Getting sessions for read:user,repo,user:email,workflow...
2025-02-01 01:21:03.993 [info] Got 1 sessions for read:user,repo,user:email,workflow...
2025-02-01 01:21:03.994 [info] Getting sessions for all scopes...
2025-02-01 01:21:03.994 [info] Got 3 sessions for ...
2025-02-01 01:21:03.995 [info] Getting sessions for all scopes...
2025-02-01 01:21:03.995 [info] Got 3 sessions for ...
2025-02-01 01:21:05.933 [info] Getting sessions for read:user,repo,user:email,workflow...
2025-02-01 01:21:05.933 [info] Got 1 sessions for read:user,repo,user:email,workflow...
2025-02-01 01:21:08.104 [info] Getting sessions for all scopes...
2025-02-01 01:21:08.104 [info] Got 3 sessions for ...
2025-02-01 01:21:08.107 [info] Getting sessions for all scopes...
2025-02-01 01:21:08.107 [info] Got 3 sessions for ...
2025-02-01 01:21:20.820 [info] Getting sessions for read:user,repo,user:email,workflow...
2025-02-01 01:21:20.821 [info] Got 1 sessions for read:user,repo,user:email,workflow...
2025-02-01 01:21:23.633 [info] Getting sessions for all scopes...
2025-02-01 01:21:23.633 [info] Got 3 sessions for ...
2025-02-01 01:21:23.634 [info] Getting sessions for all scopes...
2025-02-01 01:21:23.634 [info] Got 3 sessions for ...
2025-02-01 01:21:23.644 [info] Getting sessions for read:user,repo,user:email,workflow...
2025-02-01 01:21:23.644 [info] Got 1 sessions for read:user,repo,user:email,workflow...
2025-02-01 01:21:23.658 [info] Getting sessions for all scopes...
2025-02-01 01:21:23.658 [info] Got 3 sessions for ...
2025-02-01 01:21:23.673 [info] Getting sessions for read:user,repo,user:email,workflow...
2025-02-01 01:21:23.673 [info] Got 1 sessions for read:user,repo,user:email,workflow...
2025-02-01 01:21:24.024 [info] Getting sessions for all scopes...
2025-02-01 01:21:24.025 [info] Got 3 sessions for ...
2025-02-01 01:21:24.040 [info] Getting sessions for read:user,repo,user:email,workflow...
2025-02-01 01:21:24.040 [info] Got 1 sessions for read:user,repo,user:email,workflow...
2025-02-01 01:21:24.632 [info] Getting sessions for read:user,repo,user:email,workflow...
2025-02-01 01:21:24.632 [info] Got 1 sessions for read:user,repo,user:email,workflow...
2025-02-01 01:21:28.607 [info] Getting sessions for all scopes...
2025-02-01 01:21:28.608 [info] Got 3 sessions for ...
2025-02-01 01:21:28.653 [info] Getting sessions for read:user,repo,user:email,workflow...
2025-02-01 01:21:28.653 [info] Got 1 sessions for read:user,repo,user:email,workflow...
2025-02-01 01:30:18.107 [info] Getting sessions for read:org,user:email...
2025-02-01 01:30:18.107 [info] Got 1 sessions for read:org,user:email...
2025-02-01 01:36:28.674 [info] Getting sessions for all scopes...
2025-02-01 01:36:28.674 [info] Got 3 sessions for ...
2025-02-01 01:36:28.679 [info] Getting sessions for read:user,repo,user:email,workflow...
2025-02-01 01:36:28.679 [info] Got 1 sessions for read:user,repo,user:email,workflow...
2025-02-01 01:36:28.684 [info] Getting sessions for all scopes...
2025-02-01 01:36:28.684 [info] Got 3 sessions for ...
2025-02-01 01:36:28.688 [info] Getting sessions for read:user,repo,user:email,workflow...
2025-02-01 01:36:28.688 [info] Got 1 sessions for read:user,repo,user:email,workflow...
2025-02-01 01:46:22.422 [info] Getting sessions for read:user,repo,user:email,workflow...
2025-02-01 01:46:22.423 [info] Got 1 sessions for read:user,repo,user:email,workflow...
2025-02-01 01:46:23.449 [info] Getting sessions for all scopes...
2025-02-01 01:46:23.449 [info] Got 3 sessions for ...
2025-02-01 01:46:23.454 [info] Getting sessions for read:user,repo,user:email,workflow...
2025-02-01 01:46:23.454 [info] Got 1 sessions for read:user,repo,user:email,workflow...
2025-02-01 01:46:29.132 [info] Getting sessions for all scopes...
2025-02-01 01:46:29.132 [info] Got 3 sessions for ...
2025-02-01 01:46:29.133 [info] Getting sessions for all scopes...
2025-02-01 01:46:29.133 [info] Got 3 sessions for ...
2025-02-01 01:46:29.138 [info] Getting sessions for read:user,repo,user:email,workflow...
2025-02-01 01:46:29.138 [info] Got 1 sessions for read:user,repo,user:email,workflow...
2025-02-01 01:46:29.144 [info] Getting sessions for all scopes...
2025-02-01 01:46:29.144 [info] Got 3 sessions for ...
2025-02-01 01:46:29.148 [info] Getting sessions for read:user,repo,user:email,workflow...
2025-02-01 01:46:29.148 [info] Got 1 sessions for read:user,repo,user:email,workflow...
2025-02-01 01:46:29.186 [info] Getting sessions for all scopes...
2025-02-01 01:46:29.186 [info] Got 3 sessions for ...
2025-02-01 01:46:29.191 [info] Getting sessions for read:user,repo,user:email,workflow...
2025-02-01 01:46:29.191 [info] Got 1 sessions for read:user,repo,user:email,workflow...
2025-02-01 02:01:29.203 [info] Getting sessions for all scopes...
2025-02-01 02:01:29.203 [info] Got 3 sessions for ...
2025-02-01 02:01:29.208 [info] Getting sessions for read:user,repo,user:email,workflow...
2025-02-01 02:01:29.209 [info] Got 1 sessions for read:user,repo,user:email,workflow...
2025-02-01 02:01:29.213 [info] Getting sessions for all scopes...
2025-02-01 02:01:29.213 [info] Got 3 sessions for ...
2025-02-01 02:01:29.217 [info] Getting sessions for read:user,repo,user:email,workflow...
2025-02-01 02:01:29.217 [info] Got 1 sessions for read:user,repo,user:email,workflow...
2025-02-01 02:11:28.766 [info] Getting sessions for read:user,repo,user:email,workflow...
2025-02-01 02:11:28.766 [info] Got 1 sessions for read:user,repo,user:email,workflow...
2025-02-01 02:11:29.130 [info] Getting sessions for all scopes...
2025-02-01 02:11:29.130 [info] Got 3 sessions for ...
2025-02-01 02:11:29.135 [info] Getting sessions for read:user,repo,user:email,workflow...
2025-02-01 02:11:29.136 [info] Got 1 sessions for read:user,repo,user:email,workflow...
2025-02-01 02:11:30.104 [info] Getting sessions for all scopes...
2025-02-01 02:11:30.106 [info] Got 3 sessions for ...
2025-02-01 02:11:30.107 [info] Getting sessions for all scopes...
2025-02-01 02:11:30.108 [info] Got 3 sessions for ...
2025-02-01 02:11:30.111 [info] Getting sessions for read:user,repo,user:email,workflow...
2025-02-01 02:11:30.112 [info] Got 1 sessions for read:user,repo,user:email,workflow...
2025-02-01 02:11:30.120 [info] Getting sessions for all scopes...
2025-02-01 02:11:30.121 [info] Got 3 sessions for ...
2025-02-01 02:11:30.125 [info] Getting sessions for read:user,repo,user:email,workflow...
2025-02-01 02:11:30.125 [info] Got 1 sessions for read:user,repo,user:email,workflow...
2025-02-01 02:11:30.154 [info] Getting sessions for all scopes...
2025-02-01 02:11:30.154 [info] Got 3 sessions for ...
2025-02-01 02:11:30.158 [info] Getting sessions for read:user,repo,user:email,workflow...
2025-02-01 02:11:30.158 [info] Got 1 sessions for read:user,repo,user:email,workflow...
2025-02-01 02:13:23.859 [info] Getting sessions for all scopes...
2025-02-01 02:13:23.860 [info] Got 3 sessions for ...
2025-02-01 02:13:23.892 [info] Getting sessions for read:user,repo,user:email,workflow...
2025-02-01 02:13:23.892 [info] Got 1 sessions for read:user,repo,user:email,workflow...
2025-02-01 02:13:25.356 [info] Getting sessions for all scopes...
2025-02-01 02:13:25.356 [info] Got 3 sessions for ...
2025-02-01 02:13:25.363 [info] Getting sessions for read:user,repo,user:email,workflow...
2025-02-01 02:13:25.364 [info] Got 1 sessions for read:user,repo,user:email,workflow...
2025-02-01 02:13:27.201 [info] Getting sessions for all scopes...
2025-02-01 02:13:27.201 [info] Got 3 sessions for ...
2025-02-01 02:13:27.472 [info] Getting sessions for read:user,repo,user:email,workflow...
2025-02-01 02:13:27.472 [info] Got 1 sessions for read:user,repo,user:email,workflow...
2025-02-01 02:15:14.883 [info] Getting sessions for all scopes...
2025-02-01 02:15:14.883 [info] Got 3 sessions for ...
2025-02-01 02:15:14.887 [info] Getting sessions for read:user,repo,user:email,workflow...
2025-02-01 02:15:14.887 [info] Got 1 sessions for read:user,repo,user:email,workflow...
2025-02-01 02:15:15.687 [info] Getting sessions for all scopes...
2025-02-01 02:15:15.687 [info] Got 3 sessions for ...
2025-02-01 02:15:15.691 [info] Getting sessions for read:user,repo,user:email,workflow...
2025-02-01 02:15:15.691 [info] Got 1 sessions for read:user,repo,user:email,workflow...
2025-02-01 02:15:23.275 [info] Getting sessions for all scopes...
2025-02-01 02:15:23.275 [info] Got 3 sessions for ...
2025-02-01 02:15:23.283 [info] Getting sessions for read:user,repo,user:email,workflow...
2025-02-01 02:15:23.283 [info] Got 1 sessions for read:user,repo,user:email,workflow...
2025-02-01 07:23:34.310 [info] Getting sessions for read:user,repo,user:email,workflow...
2025-02-01 07:23:34.310 [info] Got 1 sessions for read:user,repo,user:email,workflow...
2025-02-01 07:27:02.707 [info] Getting sessions for all scopes...
2025-02-01 07:27:02.707 [info] Got 3 sessions for ...
2025-02-01 07:27:02.711 [info] Getting sessions for read:user,repo,user:email,workflow...
2025-02-01 07:27:02.711 [info] Got 1 sessions for read:user,repo,user:email,workflow...
2025-02-01 07:27:02.716 [info] Getting sessions for all scopes...
2025-02-01 07:27:02.716 [info] Got 3 sessions for ...
2025-02-01 07:27:02.721 [info] Getting sessions for read:user,repo,user:email,workflow...
2025-02-01 07:27:02.721 [info] Got 1 sessions for read:user,repo,user:email,workflow...
2025-02-01 07:27:03.665 [info] Getting sessions for all scopes...
2025-02-01 07:27:03.665 [info] Got 3 sessions for ...
2025-02-01 07:27:03.666 [info] Getting sessions for all scopes...
2025-02-01 07:27:03.666 [info] Got 3 sessions for ...
2025-02-01 07:27:03.671 [info] Getting sessions for read:user,repo,user:email,workflow...
2025-02-01 07:27:03.671 [info] Got 1 sessions for read:user,repo,user:email,workflow...
2025-02-01 07:27:03.681 [info] Getting sessions for all scopes...
2025-02-01 07:27:03.681 [info] Got 3 sessions for ...
2025-02-01 07:27:03.685 [info] Getting sessions for read:user,repo,user:email,workflow...
2025-02-01 07:27:03.685 [info] Got 1 sessions for read:user,repo,user:email,workflow...
2025-02-01 07:27:03.698 [info] Getting sessions for all scopes...
2025-02-01 07:27:03.698 [info] Got 3 sessions for ...
2025-02-01 07:27:03.703 [info] Getting sessions for read:user,repo,user:email,workflow...
2025-02-01 07:27:03.703 [info] Got 1 sessions for read:user,repo,user:email,workflow...
2025-02-01 07:27:04.649 [info] Getting sessions for all scopes...
2025-02-01 07:27:04.649 [info] Got 3 sessions for ...
2025-02-01 07:27:04.653 [info] Getting sessions for read:user,repo,user:email,workflow...
2025-02-01 07:27:04.653 [info] Got 1 sessions for read:user,repo,user:email,workflow...
2025-02-01 07:37:01.947 [info] Getting sessions for read:user,repo,user:email,workflow...
2025-02-01 07:37:01.948 [info] Got 1 sessions for read:user,repo,user:email,workflow...
2025-02-01 07:42:04.662 [info] Getting sessions for all scopes...
2025-02-01 07:42:04.662 [info] Got 3 sessions for ...
2025-02-01 07:42:04.667 [info] Getting sessions for read:user,repo,user:email,workflow...
2025-02-01 07:42:04.667 [info] Got 1 sessions for read:user,repo,user:email,workflow...
2025-02-01 07:42:04.673 [info] Getting sessions for all scopes...
2025-02-01 07:42:04.673 [info] Got 3 sessions for ...
2025-02-01 07:42:04.677 [info] Getting sessions for read:user,repo,user:email,workflow...
2025-02-01 07:42:04.677 [info] Got 1 sessions for read:user,repo,user:email,workflow...
2025-02-01 07:52:03.641 [info] Getting sessions for all scopes...
2025-02-01 07:52:03.641 [info] Got 3 sessions for ...
2025-02-01 07:52:03.645 [info] Getting sessions for read:user,repo,user:email,workflow...
2025-02-01 07:52:03.646 [info] Got 1 sessions for read:user,repo,user:email,workflow...
2025-02-01 07:52:04.543 [info] Getting sessions for all scopes...
2025-02-01 07:52:04.543 [info] Got 3 sessions for ...
2025-02-01 07:52:04.545 [info] Getting sessions for all scopes...
2025-02-01 07:52:04.545 [info] Got 3 sessions for ...
2025-02-01 07:52:04.549 [info] Getting sessions for read:user,repo,user:email,workflow...
2025-02-01 07:52:04.549 [info] Got 1 sessions for read:user,repo,user:email,workflow...
2025-02-01 07:52:04.554 [info] Getting sessions for all scopes...
2025-02-01 07:52:04.554 [info] Got 3 sessions for ...
2025-02-01 07:52:04.559 [info] Getting sessions for read:user,repo,user:email,workflow...
2025-02-01 07:52:04.559 [info] Got 1 sessions for read:user,repo,user:email,workflow...
2025-02-01 07:52:04.590 [info] Getting sessions for all scopes...
2025-02-01 07:52:04.590 [info] Got 3 sessions for ...
2025-02-01 07:52:04.598 [info] Getting sessions for read:user,repo,user:email,workflow...
2025-02-01 07:52:04.599 [info] Got 1 sessions for read:user,repo,user:email,workflow...
2025-02-01 08:02:03.004 [info] Getting sessions for read:user,repo,user:email,workflow...
2025-02-01 08:02:03.004 [info] Got 1 sessions for read:user,repo,user:email,workflow...
2025-02-01 08:07:05.129 [info] Getting sessions for all scopes...
2025-02-01 08:07:05.129 [info] Got 3 sessions for ...
2025-02-01 08:07:05.134 [info] Getting sessions for read:user,repo,user:email,workflow...
2025-02-01 08:07:05.134 [info] Got 1 sessions for read:user,repo,user:email,workflow...
2025-02-01 08:07:05.139 [info] Getting sessions for all scopes...
2025-02-01 08:07:05.139 [info] Got 3 sessions for ...
2025-02-01 08:07:05.143 [info] Getting sessions for read:user,repo,user:email,workflow...
2025-02-01 08:07:05.144 [info] Got 1 sessions for read:user,repo,user:email,workflow...
2025-02-01 08:17:05.049 [info] Getting sessions for all scopes...
2025-02-01 08:17:05.050 [info] Got 3 sessions for ...
2025-02-01 08:17:05.054 [info] Getting sessions for read:user,repo,user:email,workflow...
2025-02-01 08:17:05.054 [info] Got 1 sessions for read:user,repo,user:email,workflow...
2025-02-01 08:17:06.299 [info] Getting sessions for all scopes...
2025-02-01 08:17:06.299 [info] Got 3 sessions for ...
2025-02-01 08:17:06.300 [info] Getting sessions for all scopes...
2025-02-01 08:17:06.300 [info] Got 3 sessions for ...
2025-02-01 08:17:06.304 [info] Getting sessions for read:user,repo,user:email,workflow...
2025-02-01 08:17:06.304 [info] Got 1 sessions for read:user,repo,user:email,workflow...
2025-02-01 08:17:06.311 [info] Getting sessions for all scopes...
2025-02-01 08:17:06.311 [info] Got 3 sessions for ...
2025-02-01 08:17:06.315 [info] Getting sessions for read:user,repo,user:email,workflow...
2025-02-01 08:17:06.315 [info] Got 1 sessions for read:user,repo,user:email,workflow...
2025-02-01 08:17:06.338 [info] Getting sessions for all scopes...
2025-02-01 08:17:06.338 [info] Got 3 sessions for ...
2025-02-01 08:17:06.352 [info] Getting sessions for read:user,repo,user:email,workflow...
2025-02-01 08:17:06.352 [info] Got 1 sessions for read:user,repo,user:email,workflow...
2025-02-01 08:17:06.365 [info] Getting sessions for all scopes...
2025-02-01 08:17:06.365 [info] Got 3 sessions for ...
2025-02-01 08:17:06.369 [info] Getting sessions for read:user,repo,user:email,workflow...
2025-02-01 08:17:06.369 [info] Got 1 sessions for read:user,repo,user:email,workflow...
2025-02-01 08:27:03.583 [info] Getting sessions for read:user,repo,user:email,workflow...
2025-02-01 08:27:03.583 [info] Got 1 sessions for read:user,repo,user:email,workflow...
2025-02-01 08:32:07.372 [info] Getting sessions for all scopes...
2025-02-01 08:32:07.372 [info] Got 3 sessions for ...
2025-02-01 08:32:07.377 [info] Getting sessions for read:user,repo,user:email,workflow...
2025-02-01 08:32:07.377 [info] Got 1 sessions for read:user,repo,user:email,workflow...
2025-02-01 08:32:07.385 [info] Getting sessions for all scopes...
2025-02-01 08:32:07.385 [info] Got 3 sessions for ...
2025-02-01 08:32:07.389 [info] Getting sessions for read:user,repo,user:email,workflow...
2025-02-01 08:32:07.389 [info] Got 1 sessions for read:user,repo,user:email,workflow...
2025-02-01 08:42:06.308 [info] Getting sessions for all scopes...
2025-02-01 08:42:06.316 [info] Got 3 sessions for ...
2025-02-01 08:42:06.326 [info] Getting sessions for read:user,repo,user:email,workflow...
2025-02-01 08:42:06.326 [info] Got 1 sessions for read:user,repo,user:email,workflow...
2025-02-01 08:42:07.284 [info] Getting sessions for all scopes...
2025-02-01 08:42:07.284 [info] Got 3 sessions for ...
2025-02-01 08:42:07.286 [info] Getting sessions for all scopes...
2025-02-01 08:42:07.286 [info] Got 3 sessions for ...
2025-02-01 08:42:07.298 [info] Getting sessions for read:user,repo,user:email,workflow...
2025-02-01 08:42:07.298 [info] Got 1 sessions for read:user,repo,user:email,workflow...
2025-02-01 08:42:07.321 [info] Getting sessions for all scopes...
2025-02-01 08:42:07.322 [info] Got 3 sessions for ...
2025-02-01 08:42:07.347 [info] Getting sessions for read:user,repo,user:email,workflow...
2025-02-01 08:42:07.347 [info] Got 1 sessions for read:user,repo,user:email,workflow...
2025-02-01 08:42:07.423 [info] Getting sessions for all scopes...
2025-02-01 08:42:07.423 [info] Got 3 sessions for ...
2025-02-01 08:42:07.435 [info] Getting sessions for read:user,repo,user:email,workflow...
2025-02-01 08:42:07.435 [info] Got 1 sessions for read:user,repo,user:email,workflow...
2025-02-01 08:52:04.232 [info] Getting sessions for read:user,repo,user:email,workflow...
2025-02-01 08:52:04.232 [info] Got 1 sessions for read:user,repo,user:email,workflow...
2025-02-01 08:57:07.462 [info] Getting sessions for all scopes...
2025-02-01 08:57:07.462 [info] Got 3 sessions for ...
2025-02-01 08:57:07.466 [info] Getting sessions for read:user,repo,user:email,workflow...
2025-02-01 08:57:07.466 [info] Got 1 sessions for read:user,repo,user:email,workflow...
2025-02-01 08:57:07.470 [info] Getting sessions for all scopes...
2025-02-01 08:57:07.470 [info] Got 3 sessions for ...
2025-02-01 08:57:07.474 [info] Getting sessions for read:user,repo,user:email,workflow...
2025-02-01 08:57:07.474 [info] Got 1 sessions for read:user,repo,user:email,workflow...
2025-02-01 09:07:07.276 [info] Getting sessions for all scopes...
2025-02-01 09:07:07.276 [info] Got 3 sessions for ...
2025-02-01 09:07:07.279 [info] Getting sessions for read:user,repo,user:email,workflow...
2025-02-01 09:07:07.279 [info] Got 1 sessions for read:user,repo,user:email,workflow...
2025-02-01 09:07:08.247 [info] Getting sessions for all scopes...
2025-02-01 09:07:08.247 [info] Got 3 sessions for ...
2025-02-01 09:07:08.249 [info] Getting sessions for all scopes...
2025-02-01 09:07:08.249 [info] Got 3 sessions for ...
2025-02-01 09:07:08.261 [info] Getting sessions for read:user,repo,user:email,workflow...
2025-02-01 09:07:08.261 [info] Got 1 sessions for read:user,repo,user:email,workflow...
2025-02-01 09:07:08.279 [info] Getting sessions for all scopes...
2025-02-01 09:07:08.279 [info] Got 3 sessions for ...
2025-02-01 09:07:08.292 [info] Getting sessions for read:user,repo,user:email,workflow...
2025-02-01 09:07:08.292 [info] Got 1 sessions for read:user,repo,user:email,workflow...
2025-02-01 09:07:08.357 [info] Getting sessions for all scopes...
2025-02-01 09:07:08.357 [info] Got 3 sessions for ...
2025-02-01 09:07:08.376 [info] Getting sessions for read:user,repo,user:email,workflow...
2025-02-01 09:07:08.376 [info] Got 1 sessions for read:user,repo,user:email,workflow...
2025-02-01 09:17:04.916 [info] Getting sessions for read:user,repo,user:email,workflow...
2025-02-01 09:17:04.916 [info] Got 1 sessions for read:user,repo,user:email,workflow...
2025-02-01 09:22:08.455 [info] Getting sessions for all scopes...
2025-02-01 09:22:08.456 [info] Got 3 sessions for ...
2025-02-01 09:22:08.462 [info] Getting sessions for read:user,repo,user:email,workflow...
2025-02-01 09:22:08.462 [info] Got 1 sessions for read:user,repo,user:email,workflow...
2025-02-01 09:22:08.467 [info] Getting sessions for all scopes...
2025-02-01 09:22:08.467 [info] Got 3 sessions for ...
2025-02-01 09:22:08.471 [info] Getting sessions for read:user,repo,user:email,workflow...
2025-02-01 09:22:08.471 [info] Got 1 sessions for read:user,repo,user:email,workflow...
2025-02-01 09:32:08.182 [info] Getting sessions for all scopes...
2025-02-01 09:32:08.182 [info] Got 3 sessions for ...
2025-02-01 09:32:08.189 [info] Getting sessions for read:user,repo,user:email,workflow...
2025-02-01 09:32:08.189 [info] Got 1 sessions for read:user,repo,user:email,workflow...
2025-02-01 09:32:09.103 [info] Getting sessions for all scopes...
2025-02-01 09:32:09.103 [info] Got 3 sessions for ...
2025-02-01 09:32:09.104 [info] Getting sessions for all scopes...
2025-02-01 09:32:09.104 [info] Got 3 sessions for ...
2025-02-01 09:32:09.108 [info] Getting sessions for read:user,repo,user:email,workflow...
2025-02-01 09:32:09.108 [info] Got 1 sessions for read:user,repo,user:email,workflow...
2025-02-01 09:32:09.112 [info] Getting sessions for all scopes...
2025-02-01 09:32:09.112 [info] Got 3 sessions for ...
2025-02-01 09:32:09.119 [info] Getting sessions for read:user,repo,user:email,workflow...
2025-02-01 09:32:09.119 [info] Got 1 sessions for read:user,repo,user:email,workflow...
2025-02-01 09:32:09.136 [info] Getting sessions for all scopes...
2025-02-01 09:32:09.136 [info] Got 3 sessions for ...
2025-02-01 09:32:09.140 [info] Getting sessions for read:user,repo,user:email,workflow...
2025-02-01 09:32:09.140 [info] Got 1 sessions for read:user,repo,user:email,workflow...
2025-02-01 09:42:05.462 [info] Getting sessions for read:user,repo,user:email,workflow...
2025-02-01 09:42:05.462 [info] Got 1 sessions for read:user,repo,user:email,workflow...
2025-02-01 09:47:09.152 [info] Getting sessions for all scopes...
2025-02-01 09:47:09.152 [info] Got 3 sessions for ...
2025-02-01 09:47:09.155 [info] Getting sessions for read:user,repo,user:email,workflow...
2025-02-01 09:47:09.156 [info] Got 1 sessions for read:user,repo,user:email,workflow...
2025-02-01 09:47:09.159 [info] Getting sessions for all scopes...
2025-02-01 09:47:09.160 [info] Got 3 sessions for ...
2025-02-01 09:47:09.163 [info] Getting sessions for read:user,repo,user:email,workflow...
2025-02-01 09:47:09.164 [info] Got 1 sessions for read:user,repo,user:email,workflow...
2025-02-01 09:57:09.104 [info] Getting sessions for all scopes...
2025-02-01 09:57:09.104 [info] Got 3 sessions for ...
2025-02-01 09:57:09.109 [info] Getting sessions for read:user,repo,user:email,workflow...
2025-02-01 09:57:09.109 [info] Got 1 sessions for read:user,repo,user:email,workflow...
2025-02-01 09:57:09.952 [info] Getting sessions for all scopes...
2025-02-01 09:57:09.952 [info] Got 3 sessions for ...
2025-02-01 09:57:09.953 [info] Getting sessions for all scopes...
2025-02-01 09:57:09.953 [info] Got 3 sessions for ...
2025-02-01 09:57:09.960 [info] Getting sessions for read:user,repo,user:email,workflow...
2025-02-01 09:57:09.960 [info] Got 1 sessions for read:user,repo,user:email,workflow...
2025-02-01 09:57:09.965 [info] Getting sessions for all scopes...
2025-02-01 09:57:09.965 [info] Got 3 sessions for ...
2025-02-01 09:57:09.969 [info] Getting sessions for read:user,repo,user:email,workflow...
2025-02-01 09:57:09.969 [info] Got 1 sessions for read:user,repo,user:email,workflow...
2025-02-01 09:57:09.990 [info] Getting sessions for all scopes...
2025-02-01 09:57:09.990 [info] Got 3 sessions for ...
2025-02-01 09:57:09.994 [info] Getting sessions for read:user,repo,user:email,workflow...
2025-02-01 09:57:09.994 [info] Got 1 sessions for read:user,repo,user:email,workflow...
2025-02-01 10:07:09.272 [info] Getting sessions for read:user,repo,user:email,workflow...
2025-02-01 10:07:09.272 [info] Got 1 sessions for read:user,repo,user:email,workflow...
2025-02-01 10:12:10.006 [info] Getting sessions for all scopes...
2025-02-01 10:12:10.006 [info] Got 3 sessions for ...
2025-02-01 10:12:10.010 [info] Getting sessions for read:user,repo,user:email,workflow...
2025-02-01 10:12:10.010 [info] Got 1 sessions for read:user,repo,user:email,workflow...
2025-02-01 10:12:10.015 [info] Getting sessions for all scopes...
2025-02-01 10:12:10.015 [info] Got 3 sessions for ...
2025-02-01 10:12:10.019 [info] Getting sessions for read:user,repo,user:email,workflow...
2025-02-01 10:12:10.019 [info] Got 1 sessions for read:user,repo,user:email,workflow...
2025-02-01 10:22:09.952 [info] Getting sessions for all scopes...
2025-02-01 10:22:09.952 [info] Got 3 sessions for ...
2025-02-01 10:22:09.957 [info] Getting sessions for read:user,repo,user:email,workflow...
2025-02-01 10:22:09.957 [info] Got 1 sessions for read:user,repo,user:email,workflow...
2025-02-01 10:22:11.201 [info] Getting sessions for all scopes...
2025-02-01 10:22:11.201 [info] Got 3 sessions for ...
2025-02-01 10:22:11.201 [info] Getting sessions for all scopes...
2025-02-01 10:22:11.202 [info] Got 3 sessions for ...
2025-02-01 10:22:11.205 [info] Getting sessions for read:user,repo,user:email,workflow...
2025-02-01 10:22:11.205 [info] Got 1 sessions for read:user,repo,user:email,workflow...
2025-02-01 10:22:11.211 [info] Getting sessions for all scopes...
2025-02-01 10:22:11.211 [info] Got 3 sessions for ...
2025-02-01 10:22:11.218 [info] Getting sessions for read:user,repo,user:email,workflow...
2025-02-01 10:22:11.218 [info] Got 1 sessions for read:user,repo,user:email,workflow...
2025-02-01 10:22:11.236 [info] Getting sessions for all scopes...
2025-02-01 10:22:11.236 [info] Got 3 sessions for ...
2025-02-01 10:22:11.241 [info] Getting sessions for read:user,repo,user:email,workflow...
2025-02-01 10:22:11.241 [info] Got 1 sessions for read:user,repo,user:email,workflow...
2025-02-01 10:32:10.029 [info] Getting sessions for read:user,repo,user:email,workflow...
2025-02-01 10:32:10.030 [info] Got 1 sessions for read:user,repo,user:email,workflow...
2025-02-01 10:37:11.251 [info] Getting sessions for all scopes...
2025-02-01 10:37:11.251 [info] Got 3 sessions for ...
2025-02-01 10:37:11.255 [info] Getting sessions for read:user,repo,user:email,workflow...
2025-02-01 10:37:11.255 [info] Got 1 sessions for read:user,repo,user:email,workflow...
2025-02-01 10:37:11.262 [info] Getting sessions for all scopes...
2025-02-01 10:37:11.262 [info] Got 3 sessions for ...
2025-02-01 10:37:11.267 [info] Getting sessions for read:user,repo,user:email,workflow...
2025-02-01 10:37:11.268 [info] Got 1 sessions for read:user,repo,user:email,workflow...
2025-02-01 10:47:11.201 [info] Getting sessions for all scopes...
2025-02-01 10:47:11.201 [info] Got 3 sessions for ...
2025-02-01 10:47:11.204 [info] Getting sessions for read:user,repo,user:email,workflow...
2025-02-01 10:47:11.205 [info] Got 1 sessions for read:user,repo,user:email,workflow...
2025-02-01 10:47:12.226 [info] Getting sessions for all scopes...
2025-02-01 10:47:12.226 [info] Got 3 sessions for ...
2025-02-01 10:47:12.227 [info] Getting sessions for all scopes...
2025-02-01 10:47:12.227 [info] Got 3 sessions for ...
2025-02-01 10:47:12.230 [info] Getting sessions for read:user,repo,user:email,workflow...
2025-02-01 10:47:12.230 [info] Got 1 sessions for read:user,repo,user:email,workflow...
2025-02-01 10:47:12.234 [info] Getting sessions for all scopes...
2025-02-01 10:47:12.234 [info] Got 3 sessions for ...
2025-02-01 10:47:12.238 [info] Getting sessions for read:user,repo,user:email,workflow...
2025-02-01 10:47:12.238 [info] Got 1 sessions for read:user,repo,user:email,workflow...
2025-02-01 10:47:12.260 [info] Getting sessions for all scopes...
2025-02-01 10:47:12.261 [info] Got 3 sessions for ...
2025-02-01 10:47:12.264 [info] Getting sessions for read:user,repo,user:email,workflow...
2025-02-01 10:47:12.265 [info] Got 1 sessions for read:user,repo,user:email,workflow...
2025-02-01 10:57:10.519 [info] Getting sessions for read:user,repo,user:email,workflow...
2025-02-01 10:57:10.519 [info] Got 1 sessions for read:user,repo,user:email,workflow...
2025-02-01 11:02:12.277 [info] Getting sessions for all scopes...
2025-02-01 11:02:12.277 [info] Got 3 sessions for ...
2025-02-01 11:02:12.282 [info] Getting sessions for read:user,repo,user:email,workflow...
2025-02-01 11:02:12.282 [info] Got 1 sessions for read:user,repo,user:email,workflow...
2025-02-01 11:02:12.286 [info] Getting sessions for all scopes...
2025-02-01 11:02:12.286 [info] Got 3 sessions for ...
2025-02-01 11:02:12.290 [info] Getting sessions for read:user,repo,user:email,workflow...
2025-02-01 11:02:12.290 [info] Got 1 sessions for read:user,repo,user:email,workflow...
2025-02-01 11:12:12.225 [info] Getting sessions for all scopes...
2025-02-01 11:12:12.225 [info] Got 3 sessions for ...
2025-02-01 11:12:12.230 [info] Getting sessions for read:user,repo,user:email,workflow...
2025-02-01 11:12:12.230 [info] Got 1 sessions for read:user,repo,user:email,workflow...
2025-02-01 11:12:13.078 [info] Getting sessions for all scopes...
2025-02-01 11:12:13.078 [info] Got 3 sessions for ...
2025-02-01 11:12:13.078 [info] Getting sessions for all scopes...
2025-02-01 11:12:13.079 [info] Got 3 sessions for ...
2025-02-01 11:12:13.082 [info] Getting sessions for read:user,repo,user:email,workflow...
2025-02-01 11:12:13.082 [info] Got 1 sessions for read:user,repo,user:email,workflow...
2025-02-01 11:12:13.086 [info] Getting sessions for all scopes...
2025-02-01 11:12:13.087 [info] Got 3 sessions for ...
2025-02-01 11:12:13.090 [info] Getting sessions for read:user,repo,user:email,workflow...
2025-02-01 11:12:13.090 [info] Got 1 sessions for read:user,repo,user:email,workflow...
2025-02-01 11:12:13.102 [info] Getting sessions for all scopes...
2025-02-01 11:12:13.102 [info] Got 3 sessions for ...
2025-02-01 11:12:13.106 [info] Getting sessions for read:user,repo,user:email,workflow...
2025-02-01 11:12:13.106 [info] Got 1 sessions for read:user,repo,user:email,workflow...
2025-02-01 11:22:11.449 [info] Getting sessions for read:user,repo,user:email,workflow...
2025-02-01 11:22:11.449 [info] Got 1 sessions for read:user,repo,user:email,workflow...
2025-02-01 11:27:13.126 [info] Getting sessions for all scopes...
2025-02-01 11:27:13.126 [info] Got 3 sessions for ...
2025-02-01 11:27:13.131 [info] Getting sessions for read:user,repo,user:email,workflow...
2025-02-01 11:27:13.131 [info] Got 1 sessions for read:user,repo,user:email,workflow...
2025-02-01 11:27:13.137 [info] Getting sessions for all scopes...
2025-02-01 11:27:13.137 [info] Got 3 sessions for ...
2025-02-01 11:27:13.143 [info] Getting sessions for read:user,repo,user:email,workflow...
2025-02-01 11:27:13.143 [info] Got 1 sessions for read:user,repo,user:email,workflow...
2025-02-01 11:37:13.075 [info] Getting sessions for all scopes...
2025-02-01 11:37:13.075 [info] Got 3 sessions for ...
2025-02-01 11:37:13.080 [info] Getting sessions for read:user,repo,user:email,workflow...
2025-02-01 11:37:13.080 [info] Got 1 sessions for read:user,repo,user:email,workflow...
2025-02-01 11:37:15.055 [info] Getting sessions for all scopes...
2025-02-01 11:37:15.055 [info] Got 3 sessions for ...
2025-02-01 11:37:15.056 [info] Getting sessions for all scopes...
2025-02-01 11:37:15.057 [info] Got 3 sessions for ...
2025-02-01 11:37:15.063 [info] Getting sessions for read:user,repo,user:email,workflow...
2025-02-01 11:37:15.063 [info] Got 1 sessions for read:user,repo,user:email,workflow...
2025-02-01 11:37:15.069 [info] Getting sessions for all scopes...
2025-02-01 11:37:15.069 [info] Got 3 sessions for ...
2025-02-01 11:37:15.075 [info] Getting sessions for read:user,repo,user:email,workflow...
2025-02-01 11:37:15.075 [info] Got 1 sessions for read:user,repo,user:email,workflow...
2025-02-01 11:37:15.097 [info] Getting sessions for all scopes...
2025-02-01 11:37:15.097 [info] Got 3 sessions for ...
2025-02-01 11:37:15.101 [info] Getting sessions for read:user,repo,user:email,workflow...
2025-02-01 11:37:15.101 [info] Got 1 sessions for read:user,repo,user:email,workflow...
2025-02-01 11:47:12.159 [info] Getting sessions for read:user,repo,user:email,workflow...
2025-02-01 11:47:12.159 [info] Got 1 sessions for read:user,repo,user:email,workflow...
2025-02-01 11:52:15.114 [info] Getting sessions for all scopes...
2025-02-01 11:52:15.114 [info] Got 3 sessions for ...
2025-02-01 11:52:15.118 [info] Getting sessions for read:user,repo,user:email,workflow...
2025-02-01 11:52:15.118 [info] Got 1 sessions for read:user,repo,user:email,workflow...
2025-02-01 11:52:15.122 [info] Getting sessions for all scopes...
2025-02-01 11:52:15.122 [info] Got 3 sessions for ...
2025-02-01 11:52:15.127 [info] Getting sessions for read:user,repo,user:email,workflow...
2025-02-01 11:52:15.127 [info] Got 1 sessions for read:user,repo,user:email,workflow...
2025-02-01 12:02:15.038 [info] Getting sessions for all scopes...
2025-02-01 12:02:15.038 [info] Got 3 sessions for ...
2025-02-01 12:02:15.042 [info] Getting sessions for read:user,repo,user:email,workflow...
2025-02-01 12:02:15.042 [info] Got 1 sessions for read:user,repo,user:email,workflow...
2025-02-01 12:02:23.980 [info] Getting sessions for all scopes...
2025-02-01 12:02:23.980 [info] Got 3 sessions for ...
2025-02-01 12:02:23.980 [info] Getting sessions for all scopes...
2025-02-01 12:02:23.980 [info] Got 3 sessions for ...
2025-02-01 12:02:23.984 [info] Getting sessions for read:user,repo,user:email,workflow...
2025-02-01 12:02:23.984 [info] Got 1 sessions for read:user,repo,user:email,workflow...
2025-02-01 12:02:23.989 [info] Getting sessions for all scopes...
2025-02-01 12:02:23.989 [info] Got 3 sessions for ...
2025-02-01 12:02:23.993 [info] Getting sessions for read:user,repo,user:email,workflow...
2025-02-01 12:02:23.993 [info] Got 1 sessions for read:user,repo,user:email,workflow...
2025-02-01 12:02:23.998 [info] Getting sessions for all scopes...
2025-02-01 12:02:23.998 [info] Got 3 sessions for ...
2025-02-01 12:02:24.002 [info] Getting sessions for read:user,repo,user:email,workflow...
2025-02-01 12:02:24.003 [info] Got 1 sessions for read:user,repo,user:email,workflow...
2025-02-01 12:02:36.189 [info] Getting sessions for all scopes...
2025-02-01 12:02:36.190 [info] Got 3 sessions for ...
2025-02-01 12:02:36.216 [info] Getting sessions for read:user,repo,user:email,workflow...
2025-02-01 12:02:36.216 [info] Got 1 sessions for read:user,repo,user:email,workflow...
2025-02-01 12:02:36.223 [info] Getting sessions for all scopes...
2025-02-01 12:02:36.223 [info] Got 3 sessions for ...
2025-02-01 12:02:36.229 [info] Getting sessions for read:user,repo,user:email,workflow...
2025-02-01 12:02:36.229 [info] Got 1 sessions for read:user,repo,user:email,workflow...
2025-02-01 12:12:13.970 [info] Getting sessions for read:user,repo,user:email,workflow...
2025-02-01 12:12:13.970 [info] Got 1 sessions for read:user,repo,user:email,workflow...
2025-02-01 12:17:47.991 [info] Getting sessions for all scopes...
2025-02-01 12:17:47.991 [info] Got 3 sessions for ...
2025-02-01 12:17:47.996 [info] Getting sessions for read:user,repo,user:email,workflow...
2025-02-01 12:17:47.996 [info] Got 1 sessions for read:user,repo,user:email,workflow...
2025-02-01 12:17:48.001 [info] Getting sessions for all scopes...
2025-02-01 12:17:48.001 [info] Got 3 sessions for ...
2025-02-01 12:17:48.005 [info] Getting sessions for read:user,repo,user:email,workflow...
2025-02-01 12:17:48.005 [info] Got 1 sessions for read:user,repo,user:email,workflow...
2025-02-01 12:17:48.806 [info] Getting sessions for all scopes...
2025-02-01 12:17:48.806 [info] Got 3 sessions for ...
2025-02-01 12:17:48.807 [info] Getting sessions for all scopes...
2025-02-01 12:17:48.807 [info] Got 3 sessions for ...
2025-02-01 12:17:48.811 [info] Getting sessions for read:user,repo,user:email,workflow...
2025-02-01 12:17:48.811 [info] Got 1 sessions for read:user,repo,user:email,workflow...
2025-02-01 12:17:48.817 [info] Getting sessions for all scopes...
2025-02-01 12:17:48.817 [info] Got 3 sessions for ...
2025-02-01 12:17:48.822 [info] Getting sessions for read:user,repo,user:email,workflow...
2025-02-01 12:17:48.822 [info] Got 1 sessions for read:user,repo,user:email,workflow...
2025-02-01 12:17:49.144 [info] Getting sessions for all scopes...
2025-02-01 12:17:49.144 [info] Got 3 sessions for ...
2025-02-01 12:17:49.193 [info] Getting sessions for read:user,repo,user:email,workflow...
2025-02-01 12:17:49.193 [info] Got 1 sessions for read:user,repo,user:email,workflow...
2025-02-01 12:17:49.366 [info] Getting sessions for all scopes...
2025-02-01 12:17:49.366 [info] Got 3 sessions for ...
2025-02-01 12:17:49.371 [info] Getting sessions for read:user,repo,user:email,workflow...
2025-02-01 12:17:49.371 [info] Got 1 sessions for read:user,repo,user:email,workflow...
2025-02-01 12:32:49.377 [info] Getting sessions for all scopes...
2025-02-01 12:32:49.385 [info] Got 3 sessions for ...
2025-02-01 12:32:49.389 [info] Getting sessions for read:user,repo,user:email,workflow...
2025-02-01 12:32:49.390 [info] Got 1 sessions for read:user,repo,user:email,workflow...
2025-02-01 12:32:49.395 [info] Getting sessions for all scopes...
2025-02-01 12:32:49.395 [info] Got 3 sessions for ...
2025-02-01 12:32:49.401 [info] Getting sessions for read:user,repo,user:email,workflow...
2025-02-01 12:32:49.401 [info] Got 1 sessions for read:user,repo,user:email,workflow...
2025-02-01 12:37:14.747 [info] Getting sessions for read:user,repo,user:email,workflow...
2025-02-01 12:37:14.747 [info] Got 1 sessions for read:user,repo,user:email,workflow...
2025-02-01 12:42:48.728 [info] Getting sessions for all scopes...
2025-02-01 12:42:48.728 [info] Got 3 sessions for ...
2025-02-01 12:42:48.734 [info] Getting sessions for read:user,repo,user:email,workflow...
2025-02-01 12:42:48.734 [info] Got 1 sessions for read:user,repo,user:email,workflow...
2025-02-01 12:42:49.623 [info] Getting sessions for all scopes...
2025-02-01 12:42:49.623 [info] Got 3 sessions for ...
2025-02-01 12:42:49.625 [info] Getting sessions for all scopes...
2025-02-01 12:42:49.625 [info] Got 3 sessions for ...
2025-02-01 12:42:49.628 [info] Getting sessions for read:user,repo,user:email,workflow...
2025-02-01 12:42:49.628 [info] Got 1 sessions for read:user,repo,user:email,workflow...
2025-02-01 12:42:49.634 [info] Getting sessions for all scopes...
2025-02-01 12:42:49.634 [info] Got 3 sessions for ...
2025-02-01 12:42:49.638 [info] Getting sessions for read:user,repo,user:email,workflow...
2025-02-01 12:42:49.639 [info] Got 1 sessions for read:user,repo,user:email,workflow...
2025-02-01 12:42:49.657 [info] Getting sessions for all scopes...
2025-02-01 12:42:49.657 [info] Got 3 sessions for ...
2025-02-01 12:42:49.661 [info] Getting sessions for read:user,repo,user:email,workflow...
2025-02-01 12:42:49.661 [info] Got 1 sessions for read:user,repo,user:email,workflow...
2025-02-01 12:57:49.671 [info] Getting sessions for all scopes...
2025-02-01 12:57:49.671 [info] Got 3 sessions for ...
2025-02-01 12:57:49.675 [info] Getting sessions for read:user,repo,user:email,workflow...
2025-02-01 12:57:49.675 [info] Got 1 sessions for read:user,repo,user:email,workflow...
2025-02-01 12:57:49.680 [info] Getting sessions for all scopes...
2025-02-01 12:57:49.680 [info] Got 3 sessions for ...
2025-02-01 12:57:49.685 [info] Getting sessions for read:user,repo,user:email,workflow...
2025-02-01 12:57:49.685 [info] Got 1 sessions for read:user,repo,user:email,workflow...
2025-02-01 13:02:15.255 [info] Getting sessions for read:user,repo,user:email,workflow...
2025-02-01 13:02:15.255 [info] Got 1 sessions for read:user,repo,user:email,workflow...
2025-02-01 13:08:28.149 [info] Getting sessions for all scopes...
2025-02-01 13:08:28.149 [info] Got 3 sessions for ...
2025-02-01 13:08:28.153 [info] Getting sessions for read:user,repo,user:email,workflow...
2025-02-01 13:08:28.153 [info] Got 1 sessions for read:user,repo,user:email,workflow...
2025-02-01 13:08:29.185 [info] Getting sessions for all scopes...
2025-02-01 13:08:29.185 [info] Got 3 sessions for ...
2025-02-01 13:08:29.186 [info] Getting sessions for all scopes...
2025-02-01 13:08:29.186 [info] Got 3 sessions for ...
2025-02-01 13:08:29.189 [info] Getting sessions for read:user,repo,user:email,workflow...
2025-02-01 13:08:29.189 [info] Got 1 sessions for read:user,repo,user:email,workflow...
2025-02-01 13:08:29.195 [info] Getting sessions for all scopes...
2025-02-01 13:08:29.195 [info] Got 3 sessions for ...
2025-02-01 13:08:29.200 [info] Getting sessions for read:user,repo,user:email,workflow...
2025-02-01 13:08:29.200 [info] Got 1 sessions for read:user,repo,user:email,workflow...
2025-02-01 13:08:29.211 [info] Getting sessions for all scopes...
2025-02-01 13:08:29.211 [info] Got 3 sessions for ...
2025-02-01 13:08:29.216 [info] Getting sessions for read:user,repo,user:email,workflow...
2025-02-01 13:08:29.216 [info] Got 1 sessions for read:user,repo,user:email,workflow...
2025-02-01 13:08:29.227 [info] Getting sessions for all scopes...
2025-02-01 13:08:29.227 [info] Got 3 sessions for ...
2025-02-01 13:08:29.230 [info] Getting sessions for read:user,repo,user:email,workflow...
2025-02-01 13:08:29.231 [info] Got 1 sessions for read:user,repo,user:email,workflow...
2025-02-01 13:23:30.142 [info] Getting sessions for all scopes...
2025-02-01 13:23:30.142 [info] Got 3 sessions for ...
2025-02-01 13:23:30.146 [info] Getting sessions for read:user,repo,user:email,workflow...
2025-02-01 13:23:30.146 [info] Got 1 sessions for read:user,repo,user:email,workflow...
2025-02-01 13:23:30.151 [info] Getting sessions for all scopes...
2025-02-01 13:23:30.151 [info] Got 3 sessions for ...
2025-02-01 13:23:30.154 [info] Getting sessions for read:user,repo,user:email,workflow...
2025-02-01 13:23:30.154 [info] Got 1 sessions for read:user,repo,user:email,workflow...
2025-02-01 13:28:33.435 [info] Getting sessions for read:user,repo,user:email,workflow...
2025-02-01 13:28:33.435 [info] Got 1 sessions for read:user,repo,user:email,workflow...
2025-02-01 13:34:08.236 [info] Getting sessions for all scopes...
2025-02-01 13:34:08.236 [info] Got 3 sessions for ...
2025-02-01 13:34:08.240 [info] Getting sessions for read:user,repo,user:email,workflow...
2025-02-01 13:34:08.240 [info] Got 1 sessions for read:user,repo,user:email,workflow...
2025-02-01 13:34:09.122 [info] Getting sessions for all scopes...
2025-02-01 13:34:09.122 [info] Got 3 sessions for ...
2025-02-01 13:34:09.123 [info] Getting sessions for all scopes...
2025-02-01 13:34:09.123 [info] Got 3 sessions for ...
2025-02-01 13:34:09.126 [info] Getting sessions for read:user,repo,user:email,workflow...
2025-02-01 13:34:09.126 [info] Got 1 sessions for read:user,repo,user:email,workflow...
2025-02-01 13:34:09.133 [info] Getting sessions for all scopes...
2025-02-01 13:34:09.133 [info] Got 3 sessions for ...
2025-02-01 13:34:09.137 [info] Getting sessions for read:user,repo,user:email,workflow...
2025-02-01 13:34:09.137 [info] Got 1 sessions for read:user,repo,user:email,workflow...
2025-02-01 13:34:09.151 [info] Getting sessions for all scopes...
2025-02-01 13:34:09.151 [info] Got 3 sessions for ...
2025-02-01 13:34:09.155 [info] Getting sessions for read:user,repo,user:email,workflow...
2025-02-01 13:34:09.155 [info] Got 1 sessions for read:user,repo,user:email,workflow...
2025-02-01 13:34:09.166 [info] Getting sessions for all scopes...
2025-02-01 13:34:09.166 [info] Got 3 sessions for ...
2025-02-01 13:34:09.171 [info] Getting sessions for read:user,repo,user:email,workflow...
2025-02-01 13:34:09.171 [info] Got 1 sessions for read:user,repo,user:email,workflow...
2025-02-01 13:49:50.190 [info] Getting sessions for all scopes...
2025-02-01 13:49:50.191 [info] Got 3 sessions for ...
2025-02-01 13:49:50.195 [info] Getting sessions for read:user,repo,user:email,workflow...
2025-02-01 13:49:50.195 [info] Got 1 sessions for read:user,repo,user:email,workflow...
2025-02-01 13:49:50.200 [info] Getting sessions for all scopes...
2025-02-01 13:49:50.200 [info] Got 3 sessions for ...
2025-02-01 13:49:50.204 [info] Getting sessions for read:user,repo,user:email,workflow...
2025-02-01 13:49:50.204 [info] Got 1 sessions for read:user,repo,user:email,workflow...
2025-02-01 13:54:14.144 [info] Getting sessions for read:user,repo,user:email,workflow...
2025-02-01 13:54:14.144 [info] Got 1 sessions for read:user,repo,user:email,workflow...
2025-02-01 13:59:49.047 [info] Getting sessions for all scopes...
2025-02-01 13:59:49.048 [info] Got 3 sessions for ...
2025-02-01 13:59:49.052 [info] Getting sessions for read:user,repo,user:email,workflow...
2025-02-01 13:59:49.052 [info] Got 1 sessions for read:user,repo,user:email,workflow...
2025-02-01 13:59:50.153 [info] Getting sessions for all scopes...
2025-02-01 13:59:50.153 [info] Got 3 sessions for ...
2025-02-01 13:59:50.153 [info] Getting sessions for all scopes...
2025-02-01 13:59:50.153 [info] Got 3 sessions for ...
2025-02-01 13:59:50.157 [info] Getting sessions for read:user,repo,user:email,workflow...
2025-02-01 13:59:50.157 [info] Got 1 sessions for read:user,repo,user:email,workflow...
2025-02-01 13:59:50.161 [info] Getting sessions for all scopes...
2025-02-01 13:59:50.161 [info] Got 3 sessions for ...
2025-02-01 13:59:50.164 [info] Getting sessions for read:user,repo,user:email,workflow...
2025-02-01 13:59:50.164 [info] Got 1 sessions for read:user,repo,user:email,workflow...
2025-02-01 13:59:50.175 [info] Getting sessions for all scopes...
2025-02-01 13:59:50.175 [info] Got 3 sessions for ...
2025-02-01 13:59:50.179 [info] Getting sessions for read:user,repo,user:email,workflow...
2025-02-01 13:59:50.179 [info] Got 1 sessions for read:user,repo,user:email,workflow...
2025-02-01 14:14:50.187 [info] Getting sessions for all scopes...
2025-02-01 14:14:50.187 [info] Got 3 sessions for ...
2025-02-01 14:14:50.192 [info] Getting sessions for read:user,repo,user:email,workflow...
2025-02-01 14:14:50.192 [info] Got 1 sessions for read:user,repo,user:email,workflow...
2025-02-01 14:14:50.197 [info] Getting sessions for all scopes...
2025-02-01 14:14:50.198 [info] Got 3 sessions for ...
2025-02-01 14:14:50.202 [info] Getting sessions for read:user,repo,user:email,workflow...
2025-02-01 14:14:50.202 [info] Got 1 sessions for read:user,repo,user:email,workflow...
