2025-01-31 02:33:21.568 [info] Reading sessions from keychain...
2025-01-31 02:33:21.568 [info] Getting sessions for all scopes...
2025-01-31 02:33:21.568 [info] Getting sessions for all scopes...
2025-01-31 02:33:21.568 [info] Getting sessions for all scopes...
2025-01-31 02:33:21.568 [info] Getting sessions for user:email...
2025-01-31 02:33:21.568 [info] Getting sessions for all scopes...
2025-01-31 02:33:21.568 [info] Getting sessions for all scopes...
2025-01-31 02:33:21.568 [info] Getting sessions for all scopes...
2025-01-31 02:33:21.568 [info] Getting sessions for all scopes...
2025-01-31 02:33:21.568 [info] Getting sessions for all scopes...
2025-01-31 02:33:21.568 [info] Got stored sessions!
2025-01-31 02:33:21.568 [info] Got 3 verified sessions.
2025-01-31 02:33:21.568 [info] Got 3 sessions for ...
2025-01-31 02:33:21.568 [info] Got 3 sessions for ...
2025-01-31 02:33:21.568 [info] Got 3 sessions for ...
2025-01-31 02:33:21.568 [info] Got 1 sessions for user:email...
2025-01-31 02:33:21.568 [info] Got 3 sessions for ...
2025-01-31 02:33:21.568 [info] Got 3 sessions for ...
2025-01-31 02:33:21.568 [info] Got 3 sessions for ...
2025-01-31 02:33:21.568 [info] Got 3 sessions for ...
2025-01-31 02:33:21.568 [info] Got 3 sessions for ...
2025-01-31 02:33:22.412 [info] Getting sessions for all scopes...
2025-01-31 02:33:22.413 [info] Got 3 sessions for ...
2025-01-31 02:33:35.287 [info] Getting sessions for read:user,repo,user:email,workflow...
2025-01-31 02:33:35.287 [info] Got 1 sessions for read:user,repo,user:email,workflow...
2025-01-31 02:33:35.288 [info] Getting sessions for all scopes...
2025-01-31 02:33:35.288 [info] Got 3 sessions for ...
2025-01-31 02:33:35.289 [info] Getting sessions for all scopes...
2025-01-31 02:33:35.289 [info] Got 3 sessions for ...
2025-01-31 02:33:36.085 [info] Getting sessions for read:user,repo,user:email,workflow...
2025-01-31 02:33:36.085 [info] Got 1 sessions for read:user,repo,user:email,workflow...
2025-01-31 02:33:36.958 [info] Getting sessions for read:user,repo,user:email,workflow...
2025-01-31 02:33:36.958 [info] Got 1 sessions for read:user,repo,user:email,workflow...
2025-01-31 02:33:43.813 [info] Getting sessions for all scopes...
2025-01-31 02:33:43.813 [info] Got 3 sessions for ...
2025-01-31 02:33:43.814 [info] Getting sessions for all scopes...
2025-01-31 02:33:43.814 [info] Got 3 sessions for ...
2025-01-31 02:33:44.522 [info] Getting sessions for read:user,repo,user:email,workflow...
2025-01-31 02:33:44.522 [info] Got 1 sessions for read:user,repo,user:email,workflow...
2025-01-31 02:33:45.144 [info] Getting sessions for all scopes...
2025-01-31 02:33:45.144 [info] Got 3 sessions for ...
2025-01-31 02:33:45.833 [info] Getting sessions for read:user,repo,user:email,workflow...
2025-01-31 02:33:45.833 [info] Got 1 sessions for read:user,repo,user:email,workflow...
2025-01-31 02:33:45.893 [info] Getting sessions for read:user,repo,user:email,workflow...
2025-01-31 02:33:45.893 [info] Got 1 sessions for read:user,repo,user:email,workflow...
2025-01-31 02:33:46.237 [info] Getting sessions for all scopes...
2025-01-31 02:33:46.237 [info] Got 3 sessions for ...
2025-01-31 02:33:46.253 [info] Getting sessions for all scopes...
2025-01-31 02:33:46.253 [info] Got 3 sessions for ...
2025-01-31 02:33:46.440 [info] Getting sessions for read:user,repo,user:email,workflow...
2025-01-31 02:33:46.440 [info] Got 1 sessions for read:user,repo,user:email,workflow...
2025-01-31 02:33:46.471 [info] Getting sessions for all scopes...
2025-01-31 02:33:46.471 [info] Got 3 sessions for ...
2025-01-31 02:33:46.537 [info] Getting sessions for read:user,repo,user:email,workflow...
2025-01-31 02:33:46.537 [info] Got 1 sessions for read:user,repo,user:email,workflow...
2025-01-31 02:33:46.758 [info] Getting sessions for all scopes...
2025-01-31 02:33:46.758 [info] Got 3 sessions for ...
2025-01-31 02:33:46.768 [info] Getting sessions for read:user,repo,user:email,workflow...
2025-01-31 02:33:46.769 [info] Got 1 sessions for read:user,repo,user:email,workflow...
2025-01-31 02:33:46.819 [info] Getting sessions for read:user,repo,user:email,workflow...
2025-01-31 02:33:46.819 [info] Got 1 sessions for read:user,repo,user:email,workflow...
2025-01-31 02:33:48.456 [info] Getting sessions for all scopes...
2025-01-31 02:33:48.457 [info] Got 3 sessions for ...
2025-01-31 02:33:48.469 [info] Getting sessions for read:user,repo,user:email,workflow...
2025-01-31 02:33:48.469 [info] Got 1 sessions for read:user,repo,user:email,workflow...
