2025-01-31 17:23:36.838 [info] Getting Manifest... blackboxapp.blackbox
2025-01-31 17:23:36.843 [info] Getting Manifest... blackboxapp.blackboxagent
2025-01-31 17:23:36.847 [info] Getting Manifest... ms-vscode.vscode-typescript-next
2025-01-31 17:23:36.850 [info] Getting Manifest... wallabyjs.console-ninja
2025-01-31 17:23:37.442 [info] Installing extension: ms-vscode.vscode-typescript-next {"productVersion":{"version":"1.96.4","date":"2025-01-16T00:16:19.038Z"},"pinned":false,"operation":3,"isApplicationScoped":false,"profileLocation":{"$mid":1,"external":"vscode-userdata:/home/aditya/.vscode/extensions/extensions.json","path":"/home/aditya/.vscode/extensions/extensions.json","scheme":"vscode-userdata"},"installOnlyNewlyAddedFromExtensionPack":true}
2025-01-31 17:23:37.456 [info] Installing extension: wallabyjs.console-ninja {"productVersion":{"version":"1.96.4","date":"2025-01-16T00:16:19.038Z"},"pinned":false,"operation":3,"isApplicationScoped":false,"profileLocation":{"$mid":1,"external":"vscode-userdata:/home/aditya/.vscode/extensions/extensions.json","path":"/home/aditya/.vscode/extensions/extensions.json","scheme":"vscode-userdata"},"installOnlyNewlyAddedFromExtensionPack":true}
2025-01-31 17:23:37.457 [info] Installing extension: blackboxapp.blackbox {"productVersion":{"version":"1.96.4","date":"2025-01-16T00:16:19.038Z"},"pinned":false,"operation":3,"isApplicationScoped":false,"profileLocation":{"$mid":1,"external":"vscode-userdata:/home/aditya/.vscode/extensions/extensions.json","path":"/home/aditya/.vscode/extensions/extensions.json","scheme":"vscode-userdata"},"installOnlyNewlyAddedFromExtensionPack":true}
2025-01-31 17:23:37.463 [info] Installing extension: blackboxapp.blackboxagent {"productVersion":{"version":"1.96.4","date":"2025-01-16T00:16:19.038Z"},"pinned":false,"operation":3,"isApplicationScoped":false,"profileLocation":{"$mid":1,"external":"vscode-userdata:/home/aditya/.vscode/extensions/extensions.json","path":"/home/aditya/.vscode/extensions/extensions.json","scheme":"vscode-userdata"},"installOnlyNewlyAddedFromExtensionPack":true}
2025-01-31 17:23:54.800 [info] Extension signature verification result for ms-vscode.vscode-typescript-next: UnknownError. Executed: true. Duration: 43ms.
2025-01-31 17:23:55.984 [info] Extracted extension to file:///home/aditya/.vscode/extensions/ms-vscode.vscode-typescript-next-5.8.20250130: ms-vscode.vscode-typescript-next
2025-01-31 17:23:56.013 [info] Renamed to /home/aditya/.vscode/extensions/ms-vscode.vscode-typescript-next-5.8.20250130
2025-01-31 17:23:56.080 [info] Marked extension as uninstalled ms-vscode.vscode-typescript-next-5.8.20250129
2025-01-31 17:23:56.188 [error] [uncaught exception in sharedProcess]: Error: ENOENT: no such file or directory, stat '/home/aditya/.vscode/extensions/extensions.json.vsctmp': EntryNotFound (FileSystemError): Error: ENOENT: no such file or directory, stat '/home/aditya/.vscode/extensions/extensions.json.vsctmp'
    at Gm.create (file:///opt/visual-studio-code/resources/app/out/vs/code/electron-utility/sharedProcess/sharedProcessMain.js:35:39624)
    at xs (file:///opt/visual-studio-code/resources/app/out/vs/code/electron-utility/sharedProcess/sharedProcessMain.js:35:39731)
    at Vr.ib (file:///opt/visual-studio-code/resources/app/out/vs/code/electron-utility/sharedProcess/sharedProcessMain.js:78:22778)
    at Vr.stat (file:///opt/visual-studio-code/resources/app/out/vs/code/electron-utility/sharedProcess/sharedProcessMain.js:78:16010)
    at async wh.stat (file:///opt/visual-studio-code/resources/app/out/vs/code/electron-utility/sharedProcess/sharedProcessMain.js:77:85488)
    at async fh.Ab (file:///opt/visual-studio-code/resources/app/out/vs/code/electron-utility/sharedProcess/sharedProcessMain.js:77:67180)
2025-01-31 17:23:56.280 [info] Extension installed successfully: ms-vscode.vscode-typescript-next vscode-userdata:/home/aditya/.vscode/extensions/extensions.json
2025-01-31 17:24:45.837 [info] Extension signature verification result for blackboxapp.blackboxagent: UnknownError. Executed: true. Duration: 28ms.
2025-01-31 17:24:47.161 [info] Extracted extension to file:///home/aditya/.vscode/extensions/blackboxapp.blackboxagent-2.8.41: blackboxapp.blackboxagent
2025-01-31 17:24:47.205 [info] Renamed to /home/aditya/.vscode/extensions/blackboxapp.blackboxagent-2.8.41
2025-01-31 17:24:47.276 [info] Marked extension as uninstalled blackboxapp.blackboxagent-2.8.36
2025-01-31 17:24:47.379 [error] [uncaught exception in sharedProcess]: Error: ENOENT: no such file or directory, stat '/home/aditya/.vscode/extensions/extensions.json.vsctmp': EntryNotFound (FileSystemError): Error: ENOENT: no such file or directory, stat '/home/aditya/.vscode/extensions/extensions.json.vsctmp'
    at Gm.create (file:///opt/visual-studio-code/resources/app/out/vs/code/electron-utility/sharedProcess/sharedProcessMain.js:35:39624)
    at xs (file:///opt/visual-studio-code/resources/app/out/vs/code/electron-utility/sharedProcess/sharedProcessMain.js:35:39731)
    at Vr.ib (file:///opt/visual-studio-code/resources/app/out/vs/code/electron-utility/sharedProcess/sharedProcessMain.js:78:22778)
    at Vr.stat (file:///opt/visual-studio-code/resources/app/out/vs/code/electron-utility/sharedProcess/sharedProcessMain.js:78:16010)
    at async wh.stat (file:///opt/visual-studio-code/resources/app/out/vs/code/electron-utility/sharedProcess/sharedProcessMain.js:77:85488)
    at async fh.Ab (file:///opt/visual-studio-code/resources/app/out/vs/code/electron-utility/sharedProcess/sharedProcessMain.js:77:67180)
2025-01-31 17:24:47.507 [info] Extension installed successfully: blackboxapp.blackboxagent vscode-userdata:/home/aditya/.vscode/extensions/extensions.json
2025-01-31 17:25:16.980 [info] Extension signature verification result for wallabyjs.console-ninja: UnknownError. Executed: true. Duration: 22ms.
2025-01-31 17:25:18.020 [info] Extension signature verification result for blackboxapp.blackbox: UnknownError. Executed: true. Duration: 18ms.
2025-01-31 17:25:20.445 [info] Extracted extension to file:///home/aditya/.vscode/extensions/wallabyjs.console-ninja-1.0.384: wallabyjs.console-ninja
2025-01-31 17:25:20.553 [info] Renamed to /home/aditya/.vscode/extensions/wallabyjs.console-ninja-1.0.384
2025-01-31 17:25:20.625 [info] Marked extension as uninstalled wallabyjs.console-ninja-1.0.383
2025-01-31 17:25:20.719 [error] [uncaught exception in sharedProcess]: Error: ENOENT: no such file or directory, stat '/home/aditya/.vscode/extensions/extensions.json.vsctmp': EntryNotFound (FileSystemError): Error: ENOENT: no such file or directory, stat '/home/aditya/.vscode/extensions/extensions.json.vsctmp'
    at Gm.create (file:///opt/visual-studio-code/resources/app/out/vs/code/electron-utility/sharedProcess/sharedProcessMain.js:35:39624)
    at xs (file:///opt/visual-studio-code/resources/app/out/vs/code/electron-utility/sharedProcess/sharedProcessMain.js:35:39731)
    at Vr.ib (file:///opt/visual-studio-code/resources/app/out/vs/code/electron-utility/sharedProcess/sharedProcessMain.js:78:22778)
    at Vr.stat (file:///opt/visual-studio-code/resources/app/out/vs/code/electron-utility/sharedProcess/sharedProcessMain.js:78:16010)
    at async wh.stat (file:///opt/visual-studio-code/resources/app/out/vs/code/electron-utility/sharedProcess/sharedProcessMain.js:77:85488)
    at async fh.Ab (file:///opt/visual-studio-code/resources/app/out/vs/code/electron-utility/sharedProcess/sharedProcessMain.js:77:67180)
2025-01-31 17:25:20.843 [info] Extension installed successfully: wallabyjs.console-ninja vscode-userdata:/home/aditya/.vscode/extensions/extensions.json
2025-01-31 17:25:38.281 [info] Extracted extension to file:///home/aditya/.vscode/extensions/blackboxapp.blackbox-2.8.25: blackboxapp.blackbox
2025-01-31 17:25:39.383 [info] Renamed to /home/aditya/.vscode/extensions/blackboxapp.blackbox-2.8.25
2025-01-31 17:25:39.443 [info] Marked extension as uninstalled blackboxapp.blackbox-2.8.24
2025-01-31 17:25:39.537 [error] [uncaught exception in sharedProcess]: Error: ENOENT: no such file or directory, stat '/home/aditya/.vscode/extensions/extensions.json.vsctmp': EntryNotFound (FileSystemError): Error: ENOENT: no such file or directory, stat '/home/aditya/.vscode/extensions/extensions.json.vsctmp'
    at Gm.create (file:///opt/visual-studio-code/resources/app/out/vs/code/electron-utility/sharedProcess/sharedProcessMain.js:35:39624)
    at xs (file:///opt/visual-studio-code/resources/app/out/vs/code/electron-utility/sharedProcess/sharedProcessMain.js:35:39731)
    at Vr.ib (file:///opt/visual-studio-code/resources/app/out/vs/code/electron-utility/sharedProcess/sharedProcessMain.js:78:22778)
    at Vr.stat (file:///opt/visual-studio-code/resources/app/out/vs/code/electron-utility/sharedProcess/sharedProcessMain.js:78:16010)
    at async wh.stat (file:///opt/visual-studio-code/resources/app/out/vs/code/electron-utility/sharedProcess/sharedProcessMain.js:77:85488)
    at async fh.Ab (file:///opt/visual-studio-code/resources/app/out/vs/code/electron-utility/sharedProcess/sharedProcessMain.js:77:67180)
2025-01-31 17:25:39.622 [info] Extension installed successfully: blackboxapp.blackbox vscode-userdata:/home/aditya/.vscode/extensions/extensions.json
