(VSCode) 2025-01-31 02:33:32.543 [INFO]: No proxy settings found
(VSCode) 2025-01-31 02:33:36.738 [INFO]: Checking network connection...
(VSCode) 2025-01-31 02:33:45.800 [ERROR]: 
      Network Test Response Summary:
      Code: ECONNRESET,
      Message: Request timed out,
      Error Message: socket hang up
      Proxy Headers: undefined,
      Certificate Info:
        Valid From: ,
        Valid To: ,
      Expired: false,
      
(VSCode) 2025-01-31 02:33:46.347 [INFO]: Creating manager directory: /tmp/719c69e5-a11d-4838-af70-f636a9629c06/codeium/manager
(VSCode) 2025-01-31 02:33:49.994 [INFO]: Using cached LS with valid crc32: /home/aditya/.vscode/extensions/codeium.codeium-1.30.18/dist/1922b6ec8869ef782574fa5f5951f1c5e172c7b6/language_server_linux_x64
(VSCode) 2025-01-31 02:33:50.030 [INFO]: Language server started
2025/01/31 02:33:50 maxprocs: Leaving GOMAXPROCS=8: CPU quota undefined
I0131 02:33:50.375695 26858 main.go:568] [Language Server Manager] Setting GOMAXPROCS to 8
I0131 02:33:50.375895 26858 main.go:707] [Language Server Manager] Release 1.30.18 (1922b6ec8869ef782574fa5f5951f1c5e172c7b6)
I0131 02:33:50.375991 26858 main.go:786] [Language Server Manager] Starting language server manager with pid 26858
I0131 02:33:50.376249 26858 main.go:123] [Language Server Manager] Manager acquired its lock file /tmp/719c69e5-a11d-4838-af70-f636a9629c06/codeium/manager/locks/manager.lock
I0131 02:33:50.378901 26858 main.go:264] [Language Server Manager] Waiting for random port file in /tmp/719c69e5-a11d-4838-af70-f636a9629c06/codeium/manager/child_random_port_1738265630376693767_6700148182916494334 to be created
2025/01/31 02:33:50 maxprocs: Leaving GOMAXPROCS=8: CPU quota undefined
I0131 02:33:50.739020 26871 main.go:568] Setting GOMAXPROCS to 4
I0131 02:33:50.739428 26871 main.go:780] Starting language server process with pid 26871
I0131 02:33:50.739544 26871 server.go:220] Language server will attempt to listen on host 127.0.0.1
I0131 02:33:50.739880 26871 server.go:227] Language server listening on random port at 34837
I0131 02:33:51.917595 26871 unleash.go:92] Initializing Unleash
I0131 02:33:52.661501 26871 unleash.go:112] Successfully initialized Unleash
I0131 02:33:52.662052 26871 server.go:297] Extension server port not specified; skipping extension server client creation
I0131 02:33:52.700994 26871 web_server.go:258] Chat Web Server listening at ws://127.0.0.1:39807
E0131 02:33:52.739063 26871 client_manager.go:275] Metadata is nil when trying to refresh user JWT
I0131 02:33:52.741241 26871 server.go:528] Successfully created API server client
I0131 02:33:52.857381 26871 server.go:546] Successfully initialized tokenizer
I0131 02:33:53.697142 26871 server.go:721] Local search is enabled, will index local files.
I0131 02:33:53.697213 26871 server.go:725] Using 2 indexer workers
I0131 02:33:53.728673 26871 sqlite_faiss_db_client.go:64] Successfully created embedding search database in 31ms
I0131 02:33:53.730132 26871 indexer.go:213] Using 4 embed workers
I0131 02:33:53.730250 26871 search_provider.go:274] Successfully created and started indexer
I0131 02:33:53.730335 26871 search_provider.go:304] Successfully created embedding search provider
I0131 02:33:54.142180 26871 server.go:813] Successfully created completion provider
I0131 02:33:54.142292 26871 server.go:862] Child process attempting to acquire lock file /tmp/719c69e5-a11d-4838-af70-f636a9629c06/codeium/manager/locks/child_lock_1738265630376846979_6693051762816078168
I0131 02:33:54.142505 26871 server.go:870] Child process acquired lock file /tmp/719c69e5-a11d-4838-af70-f636a9629c06/codeium/manager/locks/child_lock_1738265630376846979_6693051762816078168
I0131 02:33:54.162514 26871 server.go:356] LSP listening on random port at 44987
44987
I0131 02:33:54.197348 26858 main.go:300] [Language Server Manager] Found random server port 34837
I0131 02:33:54.197471 26858 main.go:301] [Language Server Manager] Found random lsp port 44987
I0131 02:33:54.197532 26858 main.go:308] [Language Server Manager] Attempting to connect to language server at 127.0.0.1:34837
I0131 02:33:54.212372 26858 main.go:177] [Language Server Manager] Fixing language server port at 34837
I0131 02:33:54.212419 26858 main.go:360] [Language Server Manager] Successfully connected to new language server at 127.0.0.1:34837
(VSCode) 2025-01-31 02:33:54.258 [INFO]: Found language server running on port 34837
I0131 02:33:54.307256 26871 utils.go:228] Analyzing workspace files for /home/aditya/dotfiles
I0131 02:33:54.307426 26871 utils.go:282] Done analyzing workspace files for /home/aditya/dotfiles
(VSCode) 2025-01-31 02:33:54.953 [INFO]: openAllTextDocuments took 194.6736380000002ms
I0131 02:33:55.840079 26871 lazy_model.go:31] Successfully created embedding store
