2025-02-02 17:51:40.462 [info] [main] Log level: Info
2025-02-02 17:51:40.462 [info] [main] Validating found git in: "git"
2025-02-02 17:51:40.462 [info] [main] Using git "2.48.1" from "git"
2025-02-02 17:51:40.462 [info] [Model][doInitialScan] Initial repository scan started
2025-02-02 17:51:40.462 [info] > git rev-parse --show-toplevel [107ms]
2025-02-02 17:51:40.462 [info] > git rev-parse --git-dir --git-common-dir [342ms]
2025-02-02 17:51:40.462 [info] [Model][openRepository] Opened repository: /home/aditya/.config
2025-02-02 17:51:40.467 [info] > git config --get commit.template [69ms]
2025-02-02 17:51:40.722 [info] > git for-each-ref --format=%(refname)%00%(upstream:short)%00%(objectname)%00%(upstream:track)%00%(upstream:remotename)%00%(upstream:remoteref) refs/heads/master refs/remotes/master [52ms]
2025-02-02 17:51:40.811 [info] > git for-each-ref --sort -committerdate --format %(refname) %(objectname) %(*objectname) [6ms]
2025-02-02 17:51:40.882 [info] > git rev-parse --show-toplevel [19ms]
2025-02-02 17:51:40.918 [info] > git status -z -uall [150ms]
2025-02-02 17:51:55.887 [info] > git check-ignore -v -z --stdin [14842ms]
2025-02-02 17:51:55.948 [info] > git for-each-ref --format=%(refname)%00%(upstream:short)%00%(objectname)%00%(upstream:track)%00%(upstream:remotename)%00%(upstream:remoteref) refs/heads/master refs/remotes/master [14951ms]
2025-02-02 17:51:55.989 [info] > git rev-parse --show-toplevel [15075ms]
2025-02-02 17:51:58.577 [info] > git config --local branch.master.vscode-merge-base [2588ms]
2025-02-02 17:51:58.577 [warning] [Git][config] git config failed: Failed to execute git
2025-02-02 17:51:58.622 [info] > git config --get commit.template [2752ms]
2025-02-02 17:51:59.686 [info] > git reflog master --grep-reflog=branch: Created from *. [1066ms]
2025-02-02 17:51:59.725 [info] > git rev-parse --show-toplevel [1252ms]
2025-02-02 17:52:00.421 [info] > git symbolic-ref --short refs/remotes/origin/HEAD [697ms]
2025-02-02 17:52:00.421 [info] fatal: ref refs/remotes/origin/HEAD is not a symbolic ref
2025-02-02 17:52:00.422 [warning] [Repository][getDefaultBranch] Failed to get default branch details: Failed to execute git.
2025-02-02 17:52:00.582 [info] > git merge-base refs/heads/master refs/remotes/origin/master [102ms]
2025-02-02 17:52:00.622 [info] > git rev-parse --show-toplevel [356ms]
2025-02-02 17:52:00.623 [info] > git for-each-ref --format=%(refname)%00%(upstream:short)%00%(objectname)%00%(upstream:track)%00%(upstream:remotename)%00%(upstream:remoteref) refs/heads/master refs/remotes/master [414ms]
2025-02-02 17:52:00.879 [info] > git diff --name-status -z --diff-filter=ADMR 58e4f9b71e9fbafb48bbdf1adf82076eb009bf60...refs/remotes/origin/master [257ms]
2025-02-02 17:52:00.906 [info] > git rev-parse --show-toplevel [71ms]
2025-02-02 17:52:01.135 [info] > git rev-parse --show-toplevel [138ms]
2025-02-02 17:52:01.202 [info] > git for-each-ref --sort -committerdate --format %(refname) %(objectname) %(*objectname) [109ms]
2025-02-02 17:52:01.215 [info] > git status -z -uall [173ms]
2025-02-02 17:52:01.217 [info] > git rev-parse --show-toplevel [25ms]
2025-02-02 17:52:09.489 [info] > git rev-parse --show-toplevel [8160ms]
2025-02-02 17:52:10.213 [info] > git rev-parse --show-toplevel [317ms]
2025-02-02 17:52:10.215 [info] > git config --get commit.template [368ms]
2025-02-02 17:52:10.322 [info] > git rev-parse --show-toplevel [59ms]
2025-02-02 17:52:10.448 [info] > git for-each-ref --format=%(refname)%00%(upstream:short)%00%(objectname)%00%(upstream:track)%00%(upstream:remotename)%00%(upstream:remoteref) refs/heads/master refs/remotes/master [129ms]
2025-02-02 17:52:10.477 [info] > git rev-parse --show-toplevel [31ms]
2025-02-02 17:52:10.732 [info] > git rev-parse --show-toplevel [139ms]
2025-02-02 17:52:10.871 [info] > git for-each-ref --sort -committerdate --format %(refname) %(objectname) %(*objectname) [46ms]
2025-02-02 17:52:10.880 [info] > git rev-parse --show-toplevel [13ms]
2025-02-02 17:52:10.923 [info] > git status -z -uall [143ms]
2025-02-02 17:52:10.950 [info] > git rev-parse --show-toplevel [28ms]
2025-02-02 17:52:11.034 [info] > git rev-parse --show-toplevel [40ms]
2025-02-02 17:52:11.571 [info] > git rev-parse --show-toplevel [407ms]
2025-02-02 17:52:11.693 [info] > git rev-parse --show-toplevel [59ms]
2025-02-02 17:52:11.745 [info] > git rev-parse --show-toplevel [9ms]
2025-02-02 17:52:11.804 [info] > git rev-parse --show-toplevel [20ms]
2025-02-02 17:52:11.850 [info] > git rev-parse --show-toplevel [5ms]
2025-02-02 17:52:11.898 [info] > git rev-parse --show-toplevel [8ms]
2025-02-02 17:52:12.028 [info] > git rev-parse --show-toplevel [82ms]
2025-02-02 17:52:12.103 [info] > git rev-parse --show-toplevel [33ms]
2025-02-02 17:52:12.255 [info] > git rev-parse --show-toplevel [108ms]
2025-02-02 17:52:12.526 [info] > git rev-parse --show-toplevel [225ms]
2025-02-02 17:52:12.841 [info] > git rev-parse --show-toplevel [128ms]
2025-02-02 17:52:12.936 [info] > git rev-parse --show-toplevel [18ms]
2025-02-02 17:52:13.014 [info] > git rev-parse --show-toplevel [16ms]
2025-02-02 17:52:13.117 [info] > git rev-parse --show-toplevel [52ms]
2025-02-02 17:52:13.248 [info] > git rev-parse --show-toplevel [73ms]
2025-02-02 17:52:13.305 [info] > git rev-parse --show-toplevel [9ms]
2025-02-02 17:52:13.356 [info] > git rev-parse --show-toplevel [6ms]
2025-02-02 17:52:13.406 [info] > git rev-parse --show-toplevel [5ms]
2025-02-02 17:52:13.460 [info] > git rev-parse --show-toplevel [7ms]
2025-02-02 17:52:13.610 [info] > git rev-parse --show-toplevel [101ms]
2025-02-02 17:52:13.696 [info] > git rev-parse --show-toplevel [8ms]
2025-02-02 17:52:13.766 [info] > git rev-parse --show-toplevel [6ms]
2025-02-02 17:52:13.833 [info] > git rev-parse --show-toplevel [7ms]
2025-02-02 17:52:13.955 [info] > git rev-parse --show-toplevel [70ms]
2025-02-02 17:52:14.017 [info] > git rev-parse --show-toplevel [14ms]
2025-02-02 17:52:14.069 [info] > git rev-parse --show-toplevel [6ms]
2025-02-02 17:52:14.076 [info] [Model][doInitialScan] Initial repository scan completed - repositories (1), closed repositories (0), parent repositories (0), unsafe repositories (0)
2025-02-02 17:52:14.168 [info] > git show --textconv :.gitignore [48ms]
2025-02-02 17:52:14.174 [info] > git ls-files --stage -- /home/aditya/.config/.gitignore [8ms]
2025-02-02 17:52:14.228 [info] > git cat-file -s d73705caadc157255b30c0a083b2627a1bfe8551 [10ms]
2025-02-02 17:52:14.360 [info] > git blame --root --incremental 58e4f9b71e9fbafb48bbdf1adf82076eb009bf60 -- /home/aditya/.config/.gitignore [40ms]
2025-02-02 17:52:17.541 [info] > git check-ignore -v -z --stdin [15ms]
2025-02-02 17:52:45.455 [info] > git check-ignore -v -z --stdin [14ms]
2025-02-02 17:53:17.597 [info] > git check-ignore -v -z --stdin [20ms]
2025-02-02 17:53:18.173 [info] > git check-ignore -v -z --stdin [6ms]
2025-02-02 17:53:34.993 [info] > git check-ignore -v -z --stdin [7ms]
2025-02-02 17:53:58.477 [info] > git check-ignore -v -z --stdin [8ms]
2025-02-02 17:54:13.228 [info] > git check-ignore -v -z --stdin [20ms]
