2025-02-01 19:04:32.784 [info] 2025-02-01T12:04:29.223Z extension INFO  Activating extension... [
  {
    id: 'mongodb.mongodb-vscode',
    version: '1.12.0',
    mode: 'Production',
    kind: 'UI',
    extensionPath: '/home/aditya/.vscode/extensions/mongodb.mongodb-vscode-1.12.0',
    logPath: '/home/aditya/.config/Code/logs/20250201T190412/window1/exthost/mongodb.mongodb-vscode',
    workspaceStoragePath: '/home/aditya/.config/Code/User/workspaceStorage/39b0fba7c784b77d6142c781588e1e76/mongodb.mongodb-vscode',
    globalStoragePath: '/home/aditya/.config/Code/User/globalStorage/mongodb.mongodb-vscode',
    defaultConnectionSavingLocation: 'Global',
    buildInfo: {
      nodeVersion: 'v20.18.1',
      runtimePlatform: 'linux',
      runtimeArch: 'x64'
    }
  }
]

2025-02-01 19:04:32.784 [info] 2025-02-01T12:04:29.234Z language server controller INFO  Creating MongoDB Language Server... [
  {
    extensionPath: '/home/aditya/.vscode/extensions/mongodb.mongodb-vscode-1.12.0',
    languageServer: {
      id: 'mongodbLanguageServer',
      name: 'MongoDB Language Server',
      path: '/home/aditya/.vscode/extensions/mongodb.mongodb-vscode-1.12.0/dist/languageServer.js',
      documentSelector: '[{"pattern":"**/*.mongodb.js"},{"pattern":"**/*.mongodb"}]'
    }
  }
]

2025-02-01 19:04:32.784 [info] 2025-02-01T12:04:29.309Z telemetry INFO  Segment analytics activated [ { anonymousId: '03007e80-99c1-4060-99cb-848ae588190c' } ]

2025-02-01 19:04:32.784 [info] 2025-02-01T12:04:29.312Z participant INFO  Chat participant created [ { participantId: 'mongodb.participant' } ]

2025-02-01 19:04:32.784 [info] 2025-02-01T12:04:29.322Z language server controller INFO  Starting the language server... []

2025-02-01 19:04:32.899 [info] 2025-02-01T12:04:32.898Z language server controller INFO  MongoDBService initialized. Sending default settings... {"extensionPath":"/home/aditya/.vscode/extensions/mongodb.mongodb-vscode-1.12.0","connectionId":null,"hasConnectionString":false,"hasConnectionOptions":false} []

2025-02-01 19:19:33.250 [info] 2025-02-01T12:19:33.143Z extension INFO  Deactivating extension... []

2025-02-01 19:19:33.250 [info] 2025-02-01T12:19:33.144Z connection controller INFO  Disconnect called, currently connected to [ null ]

2025-02-01 19:19:33.250 [info] 2025-02-01T12:19:33.149Z language server controller INFO  Changing MongoDBService active connection... [ { connectionId: null } ]

2025-02-01 19:19:33.250 [info] 2025-02-01T12:19:33.149Z connection controller ERROR Unable to disconnect: no active connection []

2025-02-01 19:19:33.251 [info] 2025-02-01T12:19:33.165Z connection controller INFO  Disconnect called, currently connected to [ null ]

2025-02-01 19:19:33.252 [info] 2025-02-01T12:19:33.166Z language server controller INFO  Changing MongoDBService active connection... [ { connectionId: null } ]

2025-02-01 19:19:33.252 [info] 2025-02-01T12:19:33.167Z connection controller ERROR Unable to disconnect: no active connection []

2025-02-01 19:19:33.253 [info] 2025-02-01T12:19:33.251Z language server controller INFO  Deactivating the language server... []

2025-02-01 19:19:33.253 [info] 2025-02-01T12:19:33.252Z language server controller INFO  Deactivating the language server... []

