(VSCode) 2025-01-31 15:44:41.565 [INFO]: No proxy settings found
(VSCode) 2025-01-31 15:44:46.179 [INFO]: Checking network connection...
(VSCode) 2025-01-31 15:44:56.599 [INFO]: No Network Issue connecting to https://server.codeium.com/healthz
(VSCode) 2025-01-31 15:44:57.003 [INFO]: Creating manager directory: /tmp/2f848c41-7c1e-41d9-8012-d6d9cc190891/codeium/manager
(VSCode) 2025-01-31 15:45:02.594 [INFO]: Using cached LS with valid crc32: /home/aditya/.vscode/extensions/codeium.codeium-1.30.18/dist/1922b6ec8869ef782574fa5f5951f1c5e172c7b6/language_server_linux_x64
(VSCode) 2025-01-31 15:45:02.641 [INFO]: Language server started
2025/01/31 15:45:02 maxprocs: Leaving GOMAXPROCS=8: CPU quota undefined
I0131 15:45:03.002348 43917 main.go:568] [Language Server Manager] Setting GOMAXPROCS to 8
I0131 15:45:03.002565 43917 main.go:707] [Language Server Manager] Release 1.30.18 (1922b6ec8869ef782574fa5f5951f1c5e172c7b6)
I0131 15:45:03.002642 43917 main.go:786] [Language Server Manager] Starting language server manager with pid 43917
I0131 15:45:03.002825 43917 main.go:123] [Language Server Manager] Manager acquired its lock file /tmp/2f848c41-7c1e-41d9-8012-d6d9cc190891/codeium/manager/locks/manager.lock
I0131 15:45:03.004085 43917 main.go:264] [Language Server Manager] Waiting for random port file in /tmp/2f848c41-7c1e-41d9-8012-d6d9cc190891/codeium/manager/child_random_port_1738313103003026087_5136375255757109815 to be created
2025/01/31 15:45:03 maxprocs: Leaving GOMAXPROCS=8: CPU quota undefined
I0131 15:45:03.369329 43957 main.go:568] Setting GOMAXPROCS to 4
I0131 15:45:03.377245 43957 main.go:780] Starting language server process with pid 43957
I0131 15:45:03.377388 43957 server.go:220] Language server will attempt to listen on host 127.0.0.1
I0131 15:45:03.377661 43957 server.go:227] Language server listening on random port at 46595
I0131 15:45:04.801048 43957 unleash.go:92] Initializing Unleash
I0131 15:45:05.548525 43957 unleash.go:112] Successfully initialized Unleash
I0131 15:45:05.549147 43957 server.go:297] Extension server port not specified; skipping extension server client creation
I0131 15:45:05.599519 43957 web_server.go:258] Chat Web Server listening at ws://127.0.0.1:43183
E0131 15:45:05.655423 43957 client_manager.go:275] Metadata is nil when trying to refresh user JWT
I0131 15:45:05.657630 43957 server.go:528] Successfully created API server client
I0131 15:45:05.804080 43957 server.go:546] Successfully initialized tokenizer
I0131 15:45:06.837111 43957 server.go:721] Local search is enabled, will index local files.
I0131 15:45:06.837206 43957 server.go:725] Using 2 indexer workers
I0131 15:45:06.857376 43957 sqlite_faiss_db_client.go:64] Successfully created embedding search database in 20ms
I0131 15:45:06.858974 43957 indexer.go:213] Using 4 embed workers
I0131 15:45:06.859156 43957 search_provider.go:274] Successfully created and started indexer
I0131 15:45:06.859326 43957 search_provider.go:304] Successfully created embedding search provider
I0131 15:45:07.532992 43957 server.go:813] Successfully created completion provider
I0131 15:45:07.533183 43957 server.go:862] Child process attempting to acquire lock file /tmp/2f848c41-7c1e-41d9-8012-d6d9cc190891/codeium/manager/locks/child_lock_1738313103003113310_6538689644469946593
I0131 15:45:07.533424 43957 server.go:870] Child process acquired lock file /tmp/2f848c41-7c1e-41d9-8012-d6d9cc190891/codeium/manager/locks/child_lock_1738313103003113310_6538689644469946593
I0131 15:45:07.570434 43957 server.go:356] LSP listening on random port at 43435
I0131 15:45:07.626115 43917 main.go:300] [Language Server Manager] Found random server port 46595
I0131 15:45:07.626247 43917 main.go:301] [Language Server Manager] Found random lsp port 43435
I0131 15:45:07.626304 43917 main.go:308] [Language Server Manager] Attempting to connect to language server at 127.0.0.1:46595
I0131 15:45:07.640818 43917 main.go:177] [Language Server Manager] Fixing language server port at 46595
I0131 15:45:07.640870 43917 main.go:360] [Language Server Manager] Successfully connected to new language server at 127.0.0.1:46595
43435
(VSCode) 2025-01-31 15:45:08.595 [INFO]: Found language server running on port 46595
(VSCode) 2025-01-31 15:45:09.259 [INFO]: openAllTextDocuments took 20.236883000005037ms
