[Server(6724) dotfiles/] onInitialize
[Server(6724) dotfiles/] Number of style sheets - 43
[Server(6724) dotfiles/] setupInitialStylemap
[Server(6724) dotfiles/] Document opened: style.css.
[Server(6724) dotfiles/] Document changed: style.css. Invalidating Cache.
[Server(6724) dotfiles/] Document changed: style.css. Invalidating Cache.
[Server(6724) dotfiles/] Document changed: style.css. Invalidating Cache.
[Server(6724) dotfiles/] Document changed: style.css. Invalidating Cache.
[Server(6724) dotfiles/] Document changed: style.css. Invalidating Cache.
[Server(6724) dotfiles/] Document opened: style.css.
[Server(6724) dotfiles/] Document changed: style.css. Invalidating Cache.
[Server(6724) dotfiles/] Document changed: style.css. Invalidating Cache.
[Server(6724) dotfiles/] Document changed: style.css. Invalidating Cache.
[Server(6724) dotfiles/] Document changed: style.css. Invalidating Cache.
[Server(6724) dotfiles/] Document changed: style.css. Invalidating Cache.
[Server(6724) dotfiles/] Document changed: style.css. Invalidating Cache.
[Server(6724) dotfiles/] Document changed: style.css. Invalidating Cache.
[Server(6724) dotfiles/] Document changed: style.css. Invalidating Cache.
[Server(6724) dotfiles/] Document changed: style.css. Invalidating Cache.
[Server(6724) dotfiles/] Document changed: style.css. Invalidating Cache.
[Server(6724) dotfiles/] Document changed: style.css. Invalidating Cache.
[Server(6724) dotfiles/] Document changed: style.css. Invalidating Cache.
[Server(6724) dotfiles/] Document changed: style.css. Invalidating Cache.
[Server(6724) dotfiles/] Document changed: style.css. Invalidating Cache.
[Server(6724) dotfiles/] Document changed: style.css. Invalidating Cache.
[Server(6724) dotfiles/] Document opened: style.css.
[Server(6724) dotfiles/] Document changed: style.css. Invalidating Cache.
[Server(6724) dotfiles/] Document opened: colors-waybar.css.
[Server(6724) dotfiles/] Document changed: colors-waybar.css. Invalidating Cache.
[Server(6724) dotfiles/] Document opened: style.css.
[Server(6724) dotfiles/] Document changed: style.css. Invalidating Cache.
