Locating server…
Checking if /home/aditya/dotfiles/.config/nwg-dock-hyprland/style.css may be Tailwind-related…
Checking if /home/aditya/dotfiles/.config/gtk-4.0/gtk.css may be Tailwind-related…
Checking if /home/aditya/dotfiles/.config/gtk-4.0/gtk-dark.css may be Tailwind-related…
Checking if /home/aditya/dotfiles/.config/wal/templates/colors-wlogout.css may be Tailwind-related…
Checking if /home/aditya/dotfiles/.config/wal/templates/colors-waybar.css may be Tailwind-related…
Checking if /home/aditya/dotfiles/.config/waybar/themes/ml4w-minimal/style.css may be Tailwind-related…
Booting server...
Setting up server…
Listening for messages…
Searching for Tailwind CSS projects in the workspace's folders.
hoist-at-import: The file '/home/aditya/dotfiles/.config/waybar/themes/ml4w-blur-bottom/black/style.css' contains @import rules after other at rules. This is invalid CSS and may cause problems with your build.
hoist-at-import: The file '/home/aditya/dotfiles/.config/waybar/themes/ml4w-blur-bottom/colored/style.css' contains @import rules after other at rules. This is invalid CSS and may cause problems with your build.
hoist-at-import: The file '/home/aditya/dotfiles/.config/waybar/themes/ml4w-blur-bottom/dark/style.css' contains @import rules after other at rules. This is invalid CSS and may cause problems with your build.
hoist-at-import: The file '/home/aditya/dotfiles/.config/waybar/themes/ml4w-blur-bottom/light/style.css' contains @import rules after other at rules. This is invalid CSS and may cause problems with your build.
hoist-at-import: The file '/home/aditya/dotfiles/.config/waybar/themes/ml4w-blur-bottom/mixed/style.css' contains @import rules after other at rules. This is invalid CSS and may cause problems with your build.
hoist-at-import: The file '/home/aditya/dotfiles/.config/waybar/themes/ml4w-blur-bottom/white/style.css' contains @import rules after other at rules. This is invalid CSS and may cause problems with your build.
hoist-at-import: The file '/home/aditya/dotfiles/.config/waybar/themes/ml4w-blur/black/style.css' contains @import rules after other at rules. This is invalid CSS and may cause problems with your build.
hoist-at-import: The file '/home/aditya/dotfiles/.config/waybar/themes/ml4w-blur/colored/style.css' contains @import rules after other at rules. This is invalid CSS and may cause problems with your build.
hoist-at-import: The file '/home/aditya/dotfiles/.config/waybar/themes/ml4w-blur/dark/style.css' contains @import rules after other at rules. This is invalid CSS and may cause problems with your build.
hoist-at-import: The file '/home/aditya/dotfiles/.config/waybar/themes/ml4w-blur/light/style.css' contains @import rules after other at rules. This is invalid CSS and may cause problems with your build.
hoist-at-import: The file '/home/aditya/dotfiles/.config/waybar/themes/ml4w-blur/mixed/style.css' contains @import rules after other at rules. This is invalid CSS and may cause problems with your build.
hoist-at-import: The file '/home/aditya/dotfiles/.config/waybar/themes/ml4w-blur/white/style.css' contains @import rules after other at rules. This is invalid CSS and may cause problems with your build.
hoist-at-import: The file '/home/aditya/dotfiles/.config/waybar/themes/ml4w-bottom/black/style.css' contains @import rules after other at rules. This is invalid CSS and may cause problems with your build.
hoist-at-import: The file '/home/aditya/dotfiles/.config/waybar/themes/ml4w-bottom/colored/style.css' contains @import rules after other at rules. This is invalid CSS and may cause problems with your build.
hoist-at-import: The file '/home/aditya/dotfiles/.config/waybar/themes/ml4w-bottom/dark/style.css' contains @import rules after other at rules. This is invalid CSS and may cause problems with your build.
hoist-at-import: The file '/home/aditya/dotfiles/.config/waybar/themes/ml4w-bottom/light/style.css' contains @import rules after other at rules. This is invalid CSS and may cause problems with your build.
hoist-at-import: The file '/home/aditya/dotfiles/.config/waybar/themes/ml4w-bottom/mixed/style.css' contains @import rules after other at rules. This is invalid CSS and may cause problems with your build.
hoist-at-import: The file '/home/aditya/dotfiles/.config/waybar/themes/ml4w-bottom/white/style.css' contains @import rules after other at rules. This is invalid CSS and may cause problems with your build.
hoist-at-import: The file '/home/aditya/dotfiles/.config/waybar/themes/ml4w-modern/black/style.css' contains @import rules after other at rules. This is invalid CSS and may cause problems with your build.
hoist-at-import: The file '/home/aditya/dotfiles/.config/waybar/themes/ml4w-modern/colored/style.css' contains @import rules after other at rules. This is invalid CSS and may cause problems with your build.
hoist-at-import: The file '/home/aditya/dotfiles/.config/waybar/themes/ml4w-modern/dark/style.css' contains @import rules after other at rules. This is invalid CSS and may cause problems with your build.
hoist-at-import: The file '/home/aditya/dotfiles/.config/waybar/themes/ml4w-modern/light/style.css' contains @import rules after other at rules. This is invalid CSS and may cause problems with your build.
hoist-at-import: The file '/home/aditya/dotfiles/.config/waybar/themes/ml4w-modern/mixed/style.css' contains @import rules after other at rules. This is invalid CSS and may cause problems with your build.
hoist-at-import: The file '/home/aditya/dotfiles/.config/waybar/themes/ml4w-modern/white/style.css' contains @import rules after other at rules. This is invalid CSS and may cause problems with your build.
hoist-at-import: The file '/home/aditya/dotfiles/.config/waybar/themes/ml4w/black/style.css' contains @import rules after other at rules. This is invalid CSS and may cause problems with your build.
hoist-at-import: The file '/home/aditya/dotfiles/.config/waybar/themes/ml4w/colored/style.css' contains @import rules after other at rules. This is invalid CSS and may cause problems with your build.
hoist-at-import: The file '/home/aditya/dotfiles/.config/waybar/themes/ml4w/dark/style.css' contains @import rules after other at rules. This is invalid CSS and may cause problems with your build.
hoist-at-import: The file '/home/aditya/dotfiles/.config/waybar/themes/ml4w/light/style.css' contains @import rules after other at rules. This is invalid CSS and may cause problems with your build.
hoist-at-import: The file '/home/aditya/dotfiles/.config/waybar/themes/ml4w/mixed/style.css' contains @import rules after other at rules. This is invalid CSS and may cause problems with your build.
hoist-at-import: The file '/home/aditya/dotfiles/.config/waybar/themes/ml4w/white/style.css' contains @import rules after other at rules. This is invalid CSS and may cause problems with your build.
{"tailwind":{"version":"3.4.4","features":["layer:base","separator:root","content-list","jit","css-at-config-as-project","relative-content-paths","transpiled-configs"],"isDefaultVersion":true},"path":"/home/aditya/dotfiles/.config/wlogout/style.css"}
{"tailwind":{"version":"3.4.4","features":["layer:base","separator:root","content-list","jit","css-at-config-as-project","relative-content-paths","transpiled-configs"],"isDefaultVersion":true},"path":"/home/aditya/dotfiles/.config/waybar/themes/ml4w-blur-bottom/black/style.css"}
{"tailwind":{"version":"3.4.4","features":["layer:base","separator:root","content-list","jit","css-at-config-as-project","relative-content-paths","transpiled-configs"],"isDefaultVersion":true},"path":"/home/aditya/dotfiles/.config/waybar/themes/ml4w-blur-bottom/colored/style.css"}
{"tailwind":{"version":"3.4.4","features":["layer:base","separator:root","content-list","jit","css-at-config-as-project","relative-content-paths","transpiled-configs"],"isDefaultVersion":true},"path":"/home/aditya/dotfiles/.config/waybar/themes/ml4w-blur-bottom/dark/style.css"}
{"tailwind":{"version":"3.4.4","features":["layer:base","separator:root","content-list","jit","css-at-config-as-project","relative-content-paths","transpiled-configs"],"isDefaultVersion":true},"path":"/home/aditya/dotfiles/.config/waybar/themes/ml4w-blur-bottom/light/style.css"}
{"tailwind":{"version":"3.4.4","features":["layer:base","separator:root","content-list","jit","css-at-config-as-project","relative-content-paths","transpiled-configs"],"isDefaultVersion":true},"path":"/home/aditya/dotfiles/.config/waybar/themes/ml4w-blur-bottom/mixed/style.css"}
{"tailwind":{"version":"3.4.4","features":["layer:base","separator:root","content-list","jit","css-at-config-as-project","relative-content-paths","transpiled-configs"],"isDefaultVersion":true},"path":"/home/aditya/dotfiles/.config/waybar/themes/ml4w-blur-bottom/white/style.css"}
{"tailwind":{"version":"3.4.4","features":["layer:base","separator:root","content-list","jit","css-at-config-as-project","relative-content-paths","transpiled-configs"],"isDefaultVersion":true},"path":"/home/aditya/dotfiles/.config/waybar/themes/ml4w-blur/black/style.css"}
{"tailwind":{"version":"3.4.4","features":["layer:base","separator:root","content-list","jit","css-at-config-as-project","relative-content-paths","transpiled-configs"],"isDefaultVersion":true},"path":"/home/aditya/dotfiles/.config/waybar/themes/ml4w-blur/colored/style.css"}
{"tailwind":{"version":"3.4.4","features":["layer:base","separator:root","content-list","jit","css-at-config-as-project","relative-content-paths","transpiled-configs"],"isDefaultVersion":true},"path":"/home/aditya/dotfiles/.config/waybar/themes/ml4w-blur/dark/style.css"}
{"tailwind":{"version":"3.4.4","features":["layer:base","separator:root","content-list","jit","css-at-config-as-project","relative-content-paths","transpiled-configs"],"isDefaultVersion":true},"path":"/home/aditya/dotfiles/.config/waybar/themes/ml4w-blur/mixed/style.css"}
{"tailwind":{"version":"3.4.4","features":["layer:base","separator:root","content-list","jit","css-at-config-as-project","relative-content-paths","transpiled-configs"],"isDefaultVersion":true},"path":"/home/aditya/dotfiles/.config/waybar/themes/ml4w-blur/light/style.css"}
{"tailwind":{"version":"3.4.4","features":["layer:base","separator:root","content-list","jit","css-at-config-as-project","relative-content-paths","transpiled-configs"],"isDefaultVersion":true},"path":"/home/aditya/dotfiles/.config/waybar/themes/ml4w-blur/white/style.css"}
{"tailwind":{"version":"3.4.4","features":["layer:base","separator:root","content-list","jit","css-at-config-as-project","relative-content-paths","transpiled-configs"],"isDefaultVersion":true},"path":"/home/aditya/dotfiles/.config/waybar/themes/ml4w-bottom/black/style.css"}
{"tailwind":{"version":"3.4.4","features":["layer:base","separator:root","content-list","jit","css-at-config-as-project","relative-content-paths","transpiled-configs"],"isDefaultVersion":true},"path":"/home/aditya/dotfiles/.config/waybar/themes/ml4w-bottom/colored/style.css"}
{"tailwind":{"version":"3.4.4","features":["layer:base","separator:root","content-list","jit","css-at-config-as-project","relative-content-paths","transpiled-configs"],"isDefaultVersion":true},"path":"/home/aditya/dotfiles/.config/waybar/themes/ml4w-bottom/dark/style.css"}
{"tailwind":{"version":"3.4.4","features":["layer:base","separator:root","content-list","jit","css-at-config-as-project","relative-content-paths","transpiled-configs"],"isDefaultVersion":true},"path":"/home/aditya/dotfiles/.config/waybar/themes/ml4w-bottom/light/style.css"}
{"tailwind":{"version":"3.4.4","features":["layer:base","separator:root","content-list","jit","css-at-config-as-project","relative-content-paths","transpiled-configs"],"isDefaultVersion":true},"path":"/home/aditya/dotfiles/.config/waybar/themes/ml4w-bottom/mixed/style.css"}
{"tailwind":{"version":"3.4.4","features":["layer:base","separator:root","content-list","jit","css-at-config-as-project","relative-content-paths","transpiled-configs"],"isDefaultVersion":true},"path":"/home/aditya/dotfiles/.config/waybar/themes/ml4w-bottom/white/style.css"}
{"tailwind":{"version":"3.4.4","features":["layer:base","separator:root","content-list","jit","css-at-config-as-project","relative-content-paths","transpiled-configs"],"isDefaultVersion":true},"path":"/home/aditya/dotfiles/.config/waybar/themes/ml4w-modern/black/style.css"}
{"tailwind":{"version":"3.4.4","features":["layer:base","separator:root","content-list","jit","css-at-config-as-project","relative-content-paths","transpiled-configs"],"isDefaultVersion":true},"path":"/home/aditya/dotfiles/.config/waybar/themes/ml4w-modern/colored/style.css"}
{"tailwind":{"version":"3.4.4","features":["layer:base","separator:root","content-list","jit","css-at-config-as-project","relative-content-paths","transpiled-configs"],"isDefaultVersion":true},"path":"/home/aditya/dotfiles/.config/waybar/themes/ml4w-modern/dark/style.css"}
{"tailwind":{"version":"3.4.4","features":["layer:base","separator:root","content-list","jit","css-at-config-as-project","relative-content-paths","transpiled-configs"],"isDefaultVersion":true},"path":"/home/aditya/dotfiles/.config/waybar/themes/ml4w-modern/light/style.css"}
{"tailwind":{"version":"3.4.4","features":["layer:base","separator:root","content-list","jit","css-at-config-as-project","relative-content-paths","transpiled-configs"],"isDefaultVersion":true},"path":"/home/aditya/dotfiles/.config/waybar/themes/ml4w-modern/mixed/style.css"}
{"tailwind":{"version":"3.4.4","features":["layer:base","separator:root","content-list","jit","css-at-config-as-project","relative-content-paths","transpiled-configs"],"isDefaultVersion":true},"path":"/home/aditya/dotfiles/.config/waybar/themes/ml4w-modern/white/style.css"}
{"tailwind":{"version":"3.4.4","features":["layer:base","separator:root","content-list","jit","css-at-config-as-project","relative-content-paths","transpiled-configs"],"isDefaultVersion":true},"path":"/home/aditya/dotfiles/.config/waybar/themes/ml4w/black/style.css"}
{"tailwind":{"version":"3.4.4","features":["layer:base","separator:root","content-list","jit","css-at-config-as-project","relative-content-paths","transpiled-configs"],"isDefaultVersion":true},"path":"/home/aditya/dotfiles/.config/waybar/themes/ml4w/colored/style.css"}
{"tailwind":{"version":"3.4.4","features":["layer:base","separator:root","content-list","jit","css-at-config-as-project","relative-content-paths","transpiled-configs"],"isDefaultVersion":true},"path":"/home/aditya/dotfiles/.config/waybar/themes/ml4w/dark/style.css"}
{"tailwind":{"version":"3.4.4","features":["layer:base","separator:root","content-list","jit","css-at-config-as-project","relative-content-paths","transpiled-configs"],"isDefaultVersion":true},"path":"/home/aditya/dotfiles/.config/waybar/themes/ml4w/light/style.css"}
{"tailwind":{"version":"3.4.4","features":["layer:base","separator:root","content-list","jit","css-at-config-as-project","relative-content-paths","transpiled-configs"],"isDefaultVersion":true},"path":"/home/aditya/dotfiles/.config/waybar/themes/ml4w/mixed/style.css"}
{"tailwind":{"version":"3.4.4","features":["layer:base","separator:root","content-list","jit","css-at-config-as-project","relative-content-paths","transpiled-configs"],"isDefaultVersion":true},"path":"/home/aditya/dotfiles/.config/waybar/themes/ml4w/white/style.css"}
[Global] Creating projects: []
[Global] Preparing projects...
[Global] Initializing projects...
[Global] Initialized 0 projects
[Info  - 12:14:06 AM] [GLOBAL] No matching project for document {
  fsPath: '/home/aditya/dotfiles/.config/hypr/hyprland.conf',
  normalPath: '/home/aditya/dotfiles/.config/hypr/hyprland.conf'
}
[Info  - 12:19:45 AM] [GLOBAL] No matching project for document {
  fsPath: '/home/aditya/dotfiles/.config/fastfetch/config.jsonc',
  normalPath: '/home/aditya/dotfiles/.config/fastfetch/config.jsonc'
}
[Info  - 12:23:25 AM] [GLOBAL] No matching project for document {
  fsPath: '/home/aditya/dotfiles/.config/hypr/conf/autostart.conf',
  normalPath: '/home/aditya/dotfiles/.config/hypr/conf/autostart.conf'
}
[Info  - 12:23:58 AM] [GLOBAL] No matching project for document {
  fsPath: '/home/aditya/dotfiles/.config/wlogout/style.css',
  normalPath: '/home/aditya/dotfiles/.config/wlogout/style.css'
}
[Info  - 12:23:58 AM] [GLOBAL] No matching project for document {
  fsPath: '/home/aditya/dotfiles/.config/wlogout/style.css',
  normalPath: '/home/aditya/dotfiles/.config/wlogout/style.css'
}
[Info  - 12:23:58 AM] [GLOBAL] No matching project for document {
  fsPath: '/home/aditya/dotfiles/.config/wlogout/style.css',
  normalPath: '/home/aditya/dotfiles/.config/wlogout/style.css'
}
[Info  - 12:24:39 AM] [GLOBAL] No matching project for document {
  fsPath: '/home/aditya/dotfiles/.config/wlogout/style.css',
  normalPath: '/home/aditya/dotfiles/.config/wlogout/style.css'
}
[Info  - 12:24:40 AM] [GLOBAL] No matching project for document {
  fsPath: '/home/aditya/dotfiles/.config/wlogout/style.css',
  normalPath: '/home/aditya/dotfiles/.config/wlogout/style.css'
}
[Info  - 12:24:58 AM] [GLOBAL] No matching project for document {
  fsPath: '/home/aditya/dotfiles/.config/wlogout/style.css',
  normalPath: '/home/aditya/dotfiles/.config/wlogout/style.css'
}
[Info  - 12:25:33 AM] [GLOBAL] No matching project for document {
  fsPath: '/home/aditya/dotfiles/.config/wlogout/style.css',
  normalPath: '/home/aditya/dotfiles/.config/wlogout/style.css'
}
[Info  - 12:26:01 AM] [GLOBAL] No matching project for document {
  fsPath: '/home/aditya/dotfiles/.config/wlogout/README.txt',
  normalPath: '/home/aditya/dotfiles/.config/wlogout/README.txt'
}
[Info  - 12:26:27 AM] [GLOBAL] No matching project for document {
  fsPath: '/home/aditya/dotfiles/.config/zshrc/00-init',
  normalPath: '/home/aditya/dotfiles/.config/zshrc/00-init'
}
[Info  - 12:26:28 AM] [GLOBAL] No matching project for document {
  fsPath: '/home/aditya/dotfiles/.config/zshrc/20-customization',
  normalPath: '/home/aditya/dotfiles/.config/zshrc/20-customization'
}
[Info  - 12:26:53 AM] [GLOBAL] No matching project for document {
  fsPath: '/home/aditya/dotfiles/.config/zshrc/25-aliases',
  normalPath: '/home/aditya/dotfiles/.config/zshrc/25-aliases'
}
[Info  - 12:26:56 AM] [GLOBAL] No matching project for document {
  fsPath: '/home/aditya/dotfiles/.config/zshrc/30-autostart',
  normalPath: '/home/aditya/dotfiles/.config/zshrc/30-autostart'
}
[Info  - 12:29:20 AM] [GLOBAL] No matching project for document {
  fsPath: '/home/aditya/dotfiles/.config/hypr/conf/keybinding.conf',
  normalPath: '/home/aditya/dotfiles/.config/hypr/conf/keybinding.conf'
}
[Info  - 12:29:28 AM] [GLOBAL] No matching project for document {
  fsPath: '/home/aditya/dotfiles/.config/hypr/conf/keybindings/default.conf',
  normalPath: '/home/aditya/dotfiles/.config/hypr/conf/keybindings/default.conf'
}
[Info  - 12:29:29 AM] [GLOBAL] No matching project for document {
  fsPath: '/home/aditya/dotfiles/.config/hypr/conf/keybindings/fr.conf',
  normalPath: '/home/aditya/dotfiles/.config/hypr/conf/keybindings/fr.conf'
}
[Info  - 12:30:16 AM] [GLOBAL] No matching project for document {
  fsPath: '/home/aditya/dotfiles/.config/ml4w/settings/filemanager.sh',
  normalPath: '/home/aditya/dotfiles/.config/ml4w/settings/filemanager.sh'
}
[Info  - 12:30:22 AM] [GLOBAL] No matching project for document {
  fsPath: '/home/aditya/dotfiles/.config/ml4w/settings/browser.sh',
  normalPath: '/home/aditya/dotfiles/.config/ml4w/settings/browser.sh'
}
[Info  - 12:30:46 AM] [GLOBAL] No matching project for document {
  fsPath: '/home/aditya/dotfiles/.config/ml4w/settings/ai.sh',
  normalPath: '/home/aditya/dotfiles/.config/ml4w/settings/ai.sh'
}
[Info  - 12:31:01 AM] [GLOBAL] No matching project for document {
  fsPath: '/home/aditya/dotfiles/.config/ml4w/settings/blur.sh',
  normalPath: '/home/aditya/dotfiles/.config/ml4w/settings/blur.sh'
}
[Info  - 12:31:04 AM] [GLOBAL] No matching project for document {
  fsPath: '/home/aditya/dotfiles/.config/ml4w/settings/eww-monitor.sh',
  normalPath: '/home/aditya/dotfiles/.config/ml4w/settings/eww-monitor.sh'
}
[Info  - 12:31:05 AM] [GLOBAL] No matching project for document {
  fsPath: '/home/aditya/dotfiles/.config/ml4w/settings/filemanager.sh',
  normalPath: '/home/aditya/dotfiles/.config/ml4w/settings/filemanager.sh'
}
[Info  - 12:31:06 AM] [GLOBAL] No matching project for document {
  fsPath: '/home/aditya/dotfiles/.config/ml4w/settings/hypridle_dpms_timeout.sh',
  normalPath: '/home/aditya/dotfiles/.config/ml4w/settings/hypridle_dpms_timeout.sh'
}
[Info  - 12:31:07 AM] [GLOBAL] No matching project for document {
  fsPath: '/home/aditya/dotfiles/.config/ml4w/settings/hypridle_hyprlock_timeout.sh',
  normalPath: '/home/aditya/dotfiles/.config/ml4w/settings/hypridle_hyprlock_timeout.sh'
}
[Info  - 12:31:08 AM] [GLOBAL] No matching project for document {
  fsPath: '/home/aditya/dotfiles/.config/ml4w/settings/hypridle_suspend_timeout.sh',
  normalPath: '/home/aditya/dotfiles/.config/ml4w/settings/hypridle_suspend_timeout.sh'
}
[Info  - 12:31:11 AM] [GLOBAL] No matching project for document {
  fsPath: '/home/aditya/dotfiles/.config/ml4w/settings/platform.sh',
  normalPath: '/home/aditya/dotfiles/.config/ml4w/settings/platform.sh'
}
[Info  - 12:31:13 AM] [GLOBAL] No matching project for document {
  fsPath: '/home/aditya/dotfiles/.config/ml4w/settings/notification.sh',
  normalPath: '/home/aditya/dotfiles/.config/ml4w/settings/notification.sh'
}
[Info  - 12:31:14 AM] [GLOBAL] No matching project for document {
  fsPath: '/home/aditya/dotfiles/.config/ml4w/settings/networkmanager.sh',
  normalPath: '/home/aditya/dotfiles/.config/ml4w/settings/networkmanager.sh'
}
[Info  - 12:31:15 AM] [GLOBAL] No matching project for document {
  fsPath: '/home/aditya/dotfiles/.config/ml4w/settings/ml4w-sidebar.sh',
  normalPath: '/home/aditya/dotfiles/.config/ml4w/settings/ml4w-sidebar.sh'
}
[Info  - 12:31:18 AM] [GLOBAL] No matching project for document {
  fsPath: '/home/aditya/dotfiles/.config/ml4w/settings/waybar_timezone.sh',
  normalPath: '/home/aditya/dotfiles/.config/ml4w/settings/waybar_timezone.sh'
}
[Info  - 12:31:36 AM] [GLOBAL] No matching project for document {
  fsPath: '/home/aditya/dotfiles/.config/kitty/kitty.conf',
  normalPath: '/home/aditya/dotfiles/.config/kitty/kitty.conf'
}
[Info  - 12:37:30 AM] [GLOBAL] No matching project for document {
  fsPath: '/home/aditya/dotfiles/.config/ml4w/settings/sddm/theme.tpl',
  normalPath: '/home/aditya/dotfiles/.config/ml4w/settings/sddm/theme.tpl'
}
[Info  - 12:39:02 AM] [GLOBAL] No matching project for document {
  fsPath: '/home/aditya/dotfiles/.config/ml4w/scripts/shell.sh',
  normalPath: '/home/aditya/dotfiles/.config/ml4w/scripts/shell.sh'
}
[Info  - 12:39:04 AM] [GLOBAL] No matching project for document {
  fsPath: '/home/aditya/dotfiles/.config/ml4w/scripts/sddm-wallpaper.sh',
  normalPath: '/home/aditya/dotfiles/.config/ml4w/scripts/sddm-wallpaper.sh'
}
[Info  - 12:39:58 AM] [GLOBAL] No matching project for document {
  fsPath: '/home/aditya/dotfiles/.config/ml4w/settings/dotfiles-folder.sh',
  normalPath: '/home/aditya/dotfiles/.config/ml4w/settings/dotfiles-folder.sh'
}
[Info  - 12:40:00 AM] [GLOBAL] No matching project for document {
  fsPath: '/home/aditya/dotfiles/.config/ml4w/settings/calculator.sh',
  normalPath: '/home/aditya/dotfiles/.config/ml4w/settings/calculator.sh'
}
[Info  - 12:40:05 AM] [GLOBAL] No matching project for document {
  fsPath: '/home/aditya/dotfiles/.config/ml4w/settings/notification.sh',
  normalPath: '/home/aditya/dotfiles/.config/ml4w/settings/notification.sh'
}
[Info  - 12:40:06 AM] [GLOBAL] No matching project for document {
  fsPath: '/home/aditya/dotfiles/.config/ml4w/settings/networkmanager.sh',
  normalPath: '/home/aditya/dotfiles/.config/ml4w/settings/networkmanager.sh'
}
[Info  - 12:40:21 AM] [GLOBAL] No matching project for document {
  fsPath: '/home/aditya/dotfiles/.config/dunst/dunstrc',
  normalPath: '/home/aditya/dotfiles/.config/dunst/dunstrc'
}
[Info  - 12:41:36 AM] [GLOBAL] No matching project for document {
  fsPath: '/home/aditya/dotfiles/.config/ags/widget/Bar.tsx',
  normalPath: '/home/aditya/dotfiles/.config/ags/widget/Bar.tsx'
}
[Info  - 12:41:36 AM] [GLOBAL] No matching project for document {
  fsPath: '/home/aditya/dotfiles/.config/ags/widget/Bar.tsx',
  normalPath: '/home/aditya/dotfiles/.config/ags/widget/Bar.tsx'
}
[Info  - 12:41:36 AM] [GLOBAL] No matching project for document {
  fsPath: '/home/aditya/dotfiles/.config/ags/widget/Bar.tsx',
  normalPath: '/home/aditya/dotfiles/.config/ags/widget/Bar.tsx'
}
[Info  - 12:41:41 AM] [GLOBAL] No matching project for document {
  fsPath: '/home/aditya/dotfiles/.config/ags/widget/Brightness.tsx',
  normalPath: '/home/aditya/dotfiles/.config/ags/widget/Brightness.tsx'
}
[Info  - 12:41:41 AM] [GLOBAL] No matching project for document {
  fsPath: '/home/aditya/dotfiles/.config/ags/widget/Brightness.tsx',
  normalPath: '/home/aditya/dotfiles/.config/ags/widget/Brightness.tsx'
}
[Info  - 12:41:41 AM] [GLOBAL] No matching project for document {
  fsPath: '/home/aditya/dotfiles/.config/ags/widget/Brightness.tsx',
  normalPath: '/home/aditya/dotfiles/.config/ags/widget/Brightness.tsx'
}
[Info  - 12:41:44 AM] [GLOBAL] No matching project for document {
  fsPath: '/home/aditya/dotfiles/.config/ags/widget/Calendar.tsx',
  normalPath: '/home/aditya/dotfiles/.config/ags/widget/Calendar.tsx'
}
[Info  - 12:41:44 AM] [GLOBAL] No matching project for document {
  fsPath: '/home/aditya/dotfiles/.config/ags/widget/Calendar.tsx',
  normalPath: '/home/aditya/dotfiles/.config/ags/widget/Calendar.tsx'
}
[Info  - 12:41:44 AM] [GLOBAL] No matching project for document {
  fsPath: '/home/aditya/dotfiles/.config/ags/widget/Calendar.tsx',
  normalPath: '/home/aditya/dotfiles/.config/ags/widget/Calendar.tsx'
}
[Info  - 12:41:49 AM] [GLOBAL] No matching project for document {
  fsPath: '/home/aditya/dotfiles/.config/ags/widget/Sidebar.tsx',
  normalPath: '/home/aditya/dotfiles/.config/ags/widget/Sidebar.tsx'
}
[Info  - 12:41:49 AM] [GLOBAL] No matching project for document {
  fsPath: '/home/aditya/dotfiles/.config/ags/widget/Sidebar.tsx',
  normalPath: '/home/aditya/dotfiles/.config/ags/widget/Sidebar.tsx'
}
[Info  - 12:41:49 AM] [GLOBAL] No matching project for document {
  fsPath: '/home/aditya/dotfiles/.config/ags/widget/Sidebar.tsx',
  normalPath: '/home/aditya/dotfiles/.config/ags/widget/Sidebar.tsx'
}
[Info  - 12:42:15 AM] [GLOBAL] No matching project for document {
  fsPath: '/home/aditya/dotfiles/.bashrc',
  normalPath: '/home/aditya/dotfiles/.bashrc'
}
[Info  - 12:42:18 AM] [GLOBAL] No matching project for document {
  fsPath: '/home/aditya/dotfiles/.zshrc',
  normalPath: '/home/aditya/dotfiles/.zshrc'
}
[Info  - 12:42:38 AM] [GLOBAL] No matching project for document {
  fsPath: '/home/aditya/dotfiles/.config/zshrc/00-init',
  normalPath: '/home/aditya/dotfiles/.config/zshrc/00-init'
}
[Info  - 12:42:42 AM] [GLOBAL] No matching project for document {
  fsPath: '/home/aditya/dotfiles/.config/zshrc/20-customization',
  normalPath: '/home/aditya/dotfiles/.config/zshrc/20-customization'
}
[Info  - 12:43:11 AM] [GLOBAL] No matching project for document {
  fsPath: '/home/aditya/dotfiles/.config/zshrc/25-aliases',
  normalPath: '/home/aditya/dotfiles/.config/zshrc/25-aliases'
}
[Info  - 12:43:36 AM] [GLOBAL] No matching project for document {
  fsPath: '/home/aditya/dotfiles/.config/zshrc/30-autostart',
  normalPath: '/home/aditya/dotfiles/.config/zshrc/30-autostart'
}
[Info  - 12:43:48 AM] [GLOBAL] No matching project for document {
  fsPath: '/home/aditya/dotfiles/.config/xsettingsd/xsettingsd.conf',
  normalPath: '/home/aditya/dotfiles/.config/xsettingsd/xsettingsd.conf'
}
[Info  - 12:47:23 AM] [GLOBAL] No matching project for document {
  fsPath: '/home/aditya/dotfiles/.config/waybar/launch.sh',
  normalPath: '/home/aditya/dotfiles/.config/waybar/launch.sh'
}
[Info  - 12:47:44 AM] [GLOBAL] No matching project for document {
  fsPath: '/home/aditya/dotfiles/.config/waybar/media-player.sh',
  normalPath: '/home/aditya/dotfiles/.config/waybar/media-player.sh'
}
[Info  - 12:47:46 AM] [GLOBAL] No matching project for document {
  fsPath: '/home/aditya/dotfiles/.config/waybar/modules.json',
  normalPath: '/home/aditya/dotfiles/.config/waybar/modules.json'
}
[Info  - 12:48:12 AM] [GLOBAL] No matching project for document {
  fsPath: '/home/aditya/dotfiles/.config/waybar/themeswitcher.sh',
  normalPath: '/home/aditya/dotfiles/.config/waybar/themeswitcher.sh'
}
[Info  - 12:48:17 AM] [GLOBAL] No matching project for document {
  fsPath: '/home/aditya/dotfiles/.config/waybar/toggle.sh',
  normalPath: '/home/aditya/dotfiles/.config/waybar/toggle.sh'
}
[Info  - 12:48:23 AM] [GLOBAL] No matching project for document {
  fsPath: '/home/aditya/dotfiles/.config/waybar/media-player.sh',
  normalPath: '/home/aditya/dotfiles/.config/waybar/media-player.sh'
}
[Info  - 12:48:26 AM] [GLOBAL] No matching project for document {
  fsPath: '/home/aditya/dotfiles/.config/waybar/launch.sh',
  normalPath: '/home/aditya/dotfiles/.config/waybar/launch.sh'
}
[Info  - 12:48:40 AM] [GLOBAL] No matching project for document {
  fsPath: '/home/aditya/dotfiles/.config/waybar/themes/ml4w/style.css',
  normalPath: '/home/aditya/dotfiles/.config/waybar/themes/ml4w/style.css'
}
[Info  - 12:48:40 AM] [GLOBAL] No matching project for document {
  fsPath: '/home/aditya/dotfiles/.config/waybar/themes/ml4w/style.css',
  normalPath: '/home/aditya/dotfiles/.config/waybar/themes/ml4w/style.css'
}
[Info  - 12:48:41 AM] [GLOBAL] No matching project for document {
  fsPath: '/home/aditya/dotfiles/.config/waybar/themes/ml4w/style.css',
  normalPath: '/home/aditya/dotfiles/.config/waybar/themes/ml4w/style.css'
}
[Info  - 12:49:10 AM] [GLOBAL] No matching project for document {
  fsPath: '/home/aditya/dotfiles/.config/waybar/themes/ml4w/style.css',
  normalPath: '/home/aditya/dotfiles/.config/waybar/themes/ml4w/style.css'
}
[Info  - 12:49:14 AM] [GLOBAL] No matching project for document {
  fsPath: '/home/aditya/dotfiles/.config/waybar/themes/ml4w/style.css',
  normalPath: '/home/aditya/dotfiles/.config/waybar/themes/ml4w/style.css'
}
[Info  - 12:49:15 AM] [GLOBAL] No matching project for document {
  fsPath: '/home/aditya/dotfiles/.config/waybar/themes/ml4w/style.css',
  normalPath: '/home/aditya/dotfiles/.config/waybar/themes/ml4w/style.css'
}
[Info  - 12:49:17 AM] [GLOBAL] No matching project for document {
  fsPath: '/home/aditya/dotfiles/.config/waybar/themes/ml4w/style.css',
  normalPath: '/home/aditya/dotfiles/.config/waybar/themes/ml4w/style.css'
}
[Info  - 12:49:17 AM] [GLOBAL] No matching project for document {
  fsPath: '/home/aditya/dotfiles/.config/waybar/themes/ml4w/style.css',
  normalPath: '/home/aditya/dotfiles/.config/waybar/themes/ml4w/style.css'
}
[Info  - 12:49:17 AM] [GLOBAL] No matching project for document {
  fsPath: '/home/aditya/dotfiles/.config/waybar/themes/ml4w/style.css',
  normalPath: '/home/aditya/dotfiles/.config/waybar/themes/ml4w/style.css'
}
[Info  - 12:49:18 AM] [GLOBAL] No matching project for document {
  fsPath: '/home/aditya/dotfiles/.config/waybar/themes/ml4w/style.css',
  normalPath: '/home/aditya/dotfiles/.config/waybar/themes/ml4w/style.css'
}
[Info  - 12:49:19 AM] [GLOBAL] No matching project for document {
  fsPath: '/home/aditya/dotfiles/.config/waybar/themes/ml4w/style.css',
  normalPath: '/home/aditya/dotfiles/.config/waybar/themes/ml4w/style.css'
}
[Info  - 12:49:19 AM] [GLOBAL] No matching project for document {
  fsPath: '/home/aditya/dotfiles/.config/waybar/themes/ml4w/style.css',
  normalPath: '/home/aditya/dotfiles/.config/waybar/themes/ml4w/style.css'
}
[Info  - 12:49:19 AM] [GLOBAL] No matching project for document {
  fsPath: '/home/aditya/dotfiles/.config/waybar/themes/ml4w/style.css',
  normalPath: '/home/aditya/dotfiles/.config/waybar/themes/ml4w/style.css'
}
[Info  - 12:49:20 AM] [GLOBAL] No matching project for document {
  fsPath: '/home/aditya/dotfiles/.config/waybar/themes/ml4w/style.css',
  normalPath: '/home/aditya/dotfiles/.config/waybar/themes/ml4w/style.css'
}
[Info  - 12:49:20 AM] [GLOBAL] No matching project for document {
  fsPath: '/home/aditya/dotfiles/.config/waybar/themes/ml4w/style.css',
  normalPath: '/home/aditya/dotfiles/.config/waybar/themes/ml4w/style.css'
}
[Info  - 12:49:46 AM] [GLOBAL] No matching project for document {
  fsPath: '/home/aditya/dotfiles/.config/waybar/themes/ml4w/style.css',
  normalPath: '/home/aditya/dotfiles/.config/waybar/themes/ml4w/style.css'
}
[Info  - 12:52:41 AM] [GLOBAL] No matching project for document {
  fsPath: '/home/aditya/dotfiles/.config/waybar/themes/ml4w/style.css',
  normalPath: '/home/aditya/dotfiles/.config/waybar/themes/ml4w/style.css'
}
[Info  - 12:52:43 AM] [GLOBAL] No matching project for document {
  fsPath: '/home/aditya/dotfiles/.config/waybar/themes/ml4w/style.css',
  normalPath: '/home/aditya/dotfiles/.config/waybar/themes/ml4w/style.css'
}
[Info  - 12:52:51 AM] [GLOBAL] No matching project for document {
  fsPath: '/home/aditya/dotfiles/.config/waybar/themes/ml4w/style.css',
  normalPath: '/home/aditya/dotfiles/.config/waybar/themes/ml4w/style.css'
}
[Info  - 12:52:53 AM] [GLOBAL] No matching project for document {
  fsPath: '/home/aditya/dotfiles/.config/waybar/themes/ml4w/style.css',
  normalPath: '/home/aditya/dotfiles/.config/waybar/themes/ml4w/style.css'
}
[Info  - 12:54:56 AM] [GLOBAL] No matching project for document {
  fsPath: '/home/aditya/dotfiles/.config/waybar/themes/assets/spotify.svg',
  normalPath: '/home/aditya/dotfiles/.config/waybar/themes/assets/spotify.svg'
}
[Info  - 12:55:04 AM] [GLOBAL] No matching project for document {
  fsPath: '/home/aditya/dotfiles/.config/waybar/themes/ml4w/style.css',
  normalPath: '/home/aditya/dotfiles/.config/waybar/themes/ml4w/style.css'
}
[Info  - 12:55:18 AM] [GLOBAL] No matching project for document {
  fsPath: '/home/aditya/dotfiles/.config/waybar/themes/ml4w/config',
  normalPath: '/home/aditya/dotfiles/.config/waybar/themes/ml4w/config'
}
[Info  - 12:57:44 AM] [GLOBAL] No matching project for document {
  fsPath: '/home/aditya/dotfiles/.config/waybar/themes/ml4w/white/config.sh',
  normalPath: '/home/aditya/dotfiles/.config/waybar/themes/ml4w/white/config.sh'
}
[Info  - 12:57:46 AM] [GLOBAL] No matching project for document {
  fsPath: '/home/aditya/dotfiles/.config/waybar/themes/ml4w/white/style.css',
  normalPath: '/home/aditya/dotfiles/.config/waybar/themes/ml4w/white/style.css'
}
[Info  - 12:57:46 AM] [GLOBAL] No matching project for document {
  fsPath: '/home/aditya/dotfiles/.config/waybar/themes/ml4w/white/style.css',
  normalPath: '/home/aditya/dotfiles/.config/waybar/themes/ml4w/white/style.css'
}
[Info  - 12:57:46 AM] [GLOBAL] No matching project for document {
  fsPath: '/home/aditya/dotfiles/.config/waybar/themes/ml4w/white/style.css',
  normalPath: '/home/aditya/dotfiles/.config/waybar/themes/ml4w/white/style.css'
}
[Info  - 12:58:20 AM] [GLOBAL] No matching project for document {
  fsPath: '/home/aditya/dotfiles/.config/hypr/conf/keybindings/default.conf',
  normalPath: '/home/aditya/dotfiles/.config/hypr/conf/keybindings/default.conf'
}
[Info  - 1:00:04 AM] [GLOBAL] No matching project for document {
  fsPath: '/home/aditya/dotfiles/.config/hypr/conf/environments/default.conf',
  normalPath: '/home/aditya/dotfiles/.config/hypr/conf/environments/default.conf'
}
[Info  - 1:00:13 AM] [GLOBAL] No matching project for document {
  fsPath: '/home/aditya/dotfiles/.config/hypr/conf/decorations/default.conf',
  normalPath: '/home/aditya/dotfiles/.config/hypr/conf/decorations/default.conf'
}
[Info  - 1:00:37 AM] [GLOBAL] No matching project for document {
  fsPath: '/home/aditya/dotfiles/.config/hypr/conf/decorations/no-rounding-more-blur.conf',
  normalPath: '/home/aditya/dotfiles/.config/hypr/conf/decorations/no-rounding-more-blur.conf'
}
[Info  - 1:00:43 AM] [GLOBAL] No matching project for document {
  fsPath: '/home/aditya/dotfiles/.config/hypr/conf/animations/animations-dynamic.conf',
  normalPath: '/home/aditya/dotfiles/.config/hypr/conf/animations/animations-dynamic.conf'
}
[Info  - 1:00:45 AM] [GLOBAL] No matching project for document {
  fsPath: '/home/aditya/dotfiles/.config/hypr/conf/animations/animations-high.conf',
  normalPath: '/home/aditya/dotfiles/.config/hypr/conf/animations/animations-high.conf'
}
[Info  - 1:00:46 AM] [GLOBAL] No matching project for document {
  fsPath: '/home/aditya/dotfiles/.config/hypr/conf/animations/disabled.conf',
  normalPath: '/home/aditya/dotfiles/.config/hypr/conf/animations/disabled.conf'
}
[Info  - 1:01:02 AM] [GLOBAL] No matching project for document {
  fsPath: '/home/aditya/dotfiles/.config/waypaper/config.ini',
  normalPath: '/home/aditya/dotfiles/.config/waypaper/config.ini'
}
[Info  - 1:01:38 AM] [GLOBAL] No matching project for document {
  fsPath: '/home/aditya/dotfiles/.config/wal/templates/colors-hyprland.conf',
  normalPath: '/home/aditya/dotfiles/.config/wal/templates/colors-hyprland.conf'
}
[Info  - 1:01:45 AM] [GLOBAL] No matching project for document {
  fsPath: '/home/aditya/dotfiles/.config/wal/templates/colors-waybar.css',
  normalPath: '/home/aditya/dotfiles/.config/wal/templates/colors-waybar.css'
}
[Info  - 1:01:45 AM] [GLOBAL] No matching project for document {
  fsPath: '/home/aditya/dotfiles/.config/wal/templates/colors-waybar.css',
  normalPath: '/home/aditya/dotfiles/.config/wal/templates/colors-waybar.css'
}
[Info  - 1:01:45 AM] [GLOBAL] No matching project for document {
  fsPath: '/home/aditya/dotfiles/.config/wal/templates/colors-waybar.css',
  normalPath: '/home/aditya/dotfiles/.config/wal/templates/colors-waybar.css'
}
[Info  - 1:01:55 AM] [GLOBAL] No matching project for document {
  fsPath: '/home/aditya/dotfiles/.config/vim/.vimrc',
  normalPath: '/home/aditya/dotfiles/.config/vim/.vimrc'
}
[Info  - 1:02:05 AM] [GLOBAL] No matching project for document {
  fsPath: '/home/aditya/dotfiles/.config/rofi/config.rasi',
  normalPath: '/home/aditya/dotfiles/.config/rofi/config.rasi'
}
[Info  - 1:03:23 AM] [GLOBAL] No matching project for document {
  fsPath: '/home/aditya/dotfiles/.config/dunst/dunstrc',
  normalPath: '/home/aditya/dotfiles/.config/dunst/dunstrc'
}
[Info  - 1:03:55 AM] [GLOBAL] No matching project for document {
  fsPath: '/home/aditya/dotfiles/.config/fastfetch/config.jsonc',
  normalPath: '/home/aditya/dotfiles/.config/fastfetch/config.jsonc'
}
[Info  - 1:04:01 AM] [GLOBAL] No matching project for document {
  fsPath: '/home/aditya/dotfiles/.config/fastfetch/config.jsonc',
  normalPath: '/home/aditya/dotfiles/.config/fastfetch/config.jsonc'
}
[Info  - 1:04:25 AM] [GLOBAL] No matching project for document {
  fsPath: '/home/aditya/dotfiles/.config/zshrc/00-init',
  normalPath: '/home/aditya/dotfiles/.config/zshrc/00-init'
}
[Info  - 1:04:35 AM] [GLOBAL] No matching project for document {
  fsPath: '/home/aditya/dotfiles/.config/zshrc/20-customization',
  normalPath: '/home/aditya/dotfiles/.config/zshrc/20-customization'
}
[Info  - 1:05:47 AM] [GLOBAL] No matching project for document {
  fsPath: '/home/aditya/dotfiles/.config/zshrc/25-aliases',
  normalPath: '/home/aditya/dotfiles/.config/zshrc/25-aliases'
}
[Info  - 1:05:55 AM] [GLOBAL] No matching project for document {
  fsPath: '/home/aditya/dotfiles/.config/zshrc/30-autostart',
  normalPath: '/home/aditya/dotfiles/.config/zshrc/30-autostart'
}
[Info  - 1:06:47 AM] [GLOBAL] No matching project for document {
  fsPath: '/home/aditya/dotfiles/.config/zshrc/25-aliases',
  normalPath: '/home/aditya/dotfiles/.config/zshrc/25-aliases'
}
[Info  - 1:06:55 AM] [GLOBAL] No matching project for document {
  fsPath: '/home/aditya/dotfiles/.config/ohmyposh/zen.toml.bak',
  normalPath: '/home/aditya/dotfiles/.config/ohmyposh/zen.toml.bak'
}
[Info  - 1:10:08 AM] [GLOBAL] No matching project for document {
  fsPath: '/home/aditya/dotfiles/.config/ohmyposh/EDM115-newline.omp.json',
  normalPath: '/home/aditya/dotfiles/.config/ohmyposh/EDM115-newline.omp.json'
}
[Info  - 1:10:26 AM] [GLOBAL] No matching project for document {
  fsPath: '/home/aditya/dotfiles/.config/ohmyposh/takuya.omp.json',
  normalPath: '/home/aditya/dotfiles/.config/ohmyposh/takuya.omp.json'
}
[Info  - 1:10:46 AM] [GLOBAL] No matching project for document {
  fsPath: '/home/aditya/dotfiles/.config/zshrc/20-customization',
  normalPath: '/home/aditya/dotfiles/.config/zshrc/20-customization'
}
[Info  - 1:12:01 AM] [GLOBAL] No matching project for document {
  fsPath: '/home/aditya/dotfiles/.config/ohmyposh/EDM115-newline.omp.json',
  normalPath: '/home/aditya/dotfiles/.config/ohmyposh/EDM115-newline.omp.json'
}
[Info  - 1:16:51 AM] [GLOBAL] No matching project for document {
  fsPath: '/home/aditya/dotfiles/.config/zshrc/00-init',
  normalPath: '/home/aditya/dotfiles/.config/zshrc/00-init'
}
[Info  - 1:16:58 AM] [GLOBAL] No matching project for document {
  fsPath: '/home/aditya/dotfiles/.config/zshrc/20-customization',
  normalPath: '/home/aditya/dotfiles/.config/zshrc/20-customization'
}
[Info  - 1:17:09 AM] [GLOBAL] No matching project for document {
  fsPath: '/home/aditya/dotfiles/.config/zshrc/25-aliases',
  normalPath: '/home/aditya/dotfiles/.config/zshrc/25-aliases'
}
[Info  - 1:17:10 AM] [GLOBAL] No matching project for document {
  fsPath: '/home/aditya/dotfiles/.config/zshrc/30-autostart',
  normalPath: '/home/aditya/dotfiles/.config/zshrc/30-autostart'
}
[Info  - 1:17:19 AM] [GLOBAL] No matching project for document {
  fsPath: '/home/aditya/dotfiles/.config/waybar/toggle.sh',
  normalPath: '/home/aditya/dotfiles/.config/waybar/toggle.sh'
}
[Info  - 1:17:24 AM] [GLOBAL] No matching project for document {
  fsPath: '/home/aditya/dotfiles/.config/fastfetch/config.jsonc',
  normalPath: '/home/aditya/dotfiles/.config/fastfetch/config.jsonc'
}
[Info  - 1:20:57 AM] [GLOBAL] No matching project for document {
  fsPath: '/home/aditya/dotfiles/.zshrc',
  normalPath: '/home/aditya/dotfiles/.zshrc'
}
[Info  - 1:21:18 AM] [GLOBAL] No matching project for document {
  fsPath: '/home/aditya/dotfiles/.Xresources',
  normalPath: '/home/aditya/dotfiles/.Xresources'
}
[Info  - 1:21:21 AM] [GLOBAL] No matching project for document {
  fsPath: '/home/aditya/dotfiles/.gtkrc-2.0',
  normalPath: '/home/aditya/dotfiles/.gtkrc-2.0'
}
[Info  - 1:21:31 AM] [GLOBAL] No matching project for document {
  fsPath: '/home/aditya/dotfiles/.bashrc',
  normalPath: '/home/aditya/dotfiles/.bashrc'
}
[Info  - 1:21:42 AM] [GLOBAL] No matching project for document {
  fsPath: '/home/aditya/dotfiles/.config/bashrc/00-init',
  normalPath: '/home/aditya/dotfiles/.config/bashrc/00-init'
}
[Info  - 1:21:43 AM] [GLOBAL] No matching project for document {
  fsPath: '/home/aditya/dotfiles/.config/bashrc/10-aliases',
  normalPath: '/home/aditya/dotfiles/.config/bashrc/10-aliases'
}
[Info  - 1:21:44 AM] [GLOBAL] No matching project for document {
  fsPath: '/home/aditya/dotfiles/.config/bashrc/20-customization',
  normalPath: '/home/aditya/dotfiles/.config/bashrc/20-customization'
}
[Info  - 1:21:47 AM] [GLOBAL] No matching project for document {
  fsPath: '/home/aditya/dotfiles/.config/bashrc/30-autostart',
  normalPath: '/home/aditya/dotfiles/.config/bashrc/30-autostart'
}
[Info  - 1:21:52 AM] [GLOBAL] No matching project for document {
  fsPath: '/home/aditya/dotfiles/.config/bashrc/20-customization',
  normalPath: '/home/aditya/dotfiles/.config/bashrc/20-customization'
}
[Info  - 1:21:58 AM] [GLOBAL] No matching project for document {
  fsPath: '/home/aditya/dotfiles/.config/bashrc/10-aliases',
  normalPath: '/home/aditya/dotfiles/.config/bashrc/10-aliases'
}
[Info  - 1:22:07 AM] [GLOBAL] No matching project for document {
  fsPath: '/home/aditya/dotfiles/.config/gtk-3.0/settings.ini',
  normalPath: '/home/aditya/dotfiles/.config/gtk-3.0/settings.ini'
}
[Info  - 1:22:14 AM] [GLOBAL] No matching project for document {
  fsPath: '/home/aditya/dotfiles/.config/hypr/shaders/blue-light-filter-25.glsl',
  normalPath: '/home/aditya/dotfiles/.config/hypr/shaders/blue-light-filter-25.glsl'
}
[Info  - 1:22:15 AM] [GLOBAL] No matching project for document {
  fsPath: '/home/aditya/dotfiles/.config/hypr/shaders/blue-light-filter-50.glsl',
  normalPath: '/home/aditya/dotfiles/.config/hypr/shaders/blue-light-filter-50.glsl'
}
[Info  - 1:22:16 AM] [GLOBAL] No matching project for document {
  fsPath: '/home/aditya/dotfiles/.config/hypr/shaders/blue-light-filter-75.glsl',
  normalPath: '/home/aditya/dotfiles/.config/hypr/shaders/blue-light-filter-75.glsl'
}
[Info  - 1:22:19 AM] [GLOBAL] No matching project for document {
  fsPath: '/home/aditya/dotfiles/.config/hypr/scripts/cleanup.sh',
  normalPath: '/home/aditya/dotfiles/.config/hypr/scripts/cleanup.sh'
}
[Info  - 1:22:21 AM] [GLOBAL] No matching project for document {
  fsPath: '/home/aditya/dotfiles/.config/hypr/scripts/disabledm.sh',
  normalPath: '/home/aditya/dotfiles/.config/hypr/scripts/disabledm.sh'
}
[Info  - 1:22:23 AM] [GLOBAL] No matching project for document {
  fsPath: '/home/aditya/dotfiles/.config/hypr/scripts/gtk.sh',
  normalPath: '/home/aditya/dotfiles/.config/hypr/scripts/gtk.sh'
}
[Info  - 1:22:27 AM] [GLOBAL] No matching project for document {
  fsPath: '/home/aditya/dotfiles/.config/hypr/scripts/keybindings.sh',
  normalPath: '/home/aditya/dotfiles/.config/hypr/scripts/keybindings.sh'
}
[Info  - 1:22:35 AM] [GLOBAL] No matching project for document {
  fsPath: '/home/aditya/dotfiles/.config/hypr/scripts/power.sh',
  normalPath: '/home/aditya/dotfiles/.config/hypr/scripts/power.sh'
}
[Info  - 1:22:45 AM] [GLOBAL] No matching project for document {
  fsPath: '/home/aditya/dotfiles/.config/hypr/scripts/xdg.sh',
  normalPath: '/home/aditya/dotfiles/.config/hypr/scripts/xdg.sh'
}
[Info  - 1:22:57 AM] [GLOBAL] No matching project for document {
  fsPath: '/home/aditya/dotfiles/.config/hypr/hypridle.conf',
  normalPath: '/home/aditya/dotfiles/.config/hypr/hypridle.conf'
}
[Info  - 1:24:42 AM] [GLOBAL] No matching project for document {
  fsPath: '/home/aditya/dotfiles/.config/hypr/hyprland.conf',
  normalPath: '/home/aditya/dotfiles/.config/hypr/hyprland.conf'
}
[Info  - 1:24:47 AM] [GLOBAL] No matching project for document {
  fsPath: '/home/aditya/dotfiles/.config/hypr/hyprlock.conf',
  normalPath: '/home/aditya/dotfiles/.config/hypr/hyprlock.conf'
}
[Info  - 1:31:49 AM] [GLOBAL] No matching project for document {
  fsPath: '/home/aditya/dotfiles/.config/fastfetch/config.jsonc',
  normalPath: '/home/aditya/dotfiles/.config/fastfetch/config.jsonc'
}
[Info  - 1:34:04 AM] [GLOBAL] No matching project for document {
  fsPath: '/home/aditya/dotfiles/.config/dunst/dunstrc',
  normalPath: '/home/aditya/dotfiles/.config/dunst/dunstrc'
}
[Info  - 1:42:44 AM] [GLOBAL] No matching project for document {
  fsPath: '/home/aditya/dotfiles/.config/waybar/scripts/waybar-wttr.py',
  normalPath: '/home/aditya/dotfiles/.config/waybar/scripts/waybar-wttr.py'
}
[Info  - 1:42:46 AM] [GLOBAL] No matching project for document {
  fsPath: '/home/aditya/dotfiles/.config/waybar/scripts/xclip',
  normalPath: '/home/aditya/dotfiles/.config/waybar/scripts/xclip'
}
[Info  - 1:50:27 AM] [GLOBAL] No matching project for document {
  fsPath: '/home/aditya/dotfiles/.config/waybar/config-gitlab.jsonc',
  normalPath: '/home/aditya/dotfiles/.config/waybar/config-gitlab.jsonc'
}
[Info  - 1:50:37 AM] [GLOBAL] No matching project for document {
  fsPath: '/home/aditya/dotfiles/.config/waybar/config.jsonc',
  normalPath: '/home/aditya/dotfiles/.config/waybar/config.jsonc'
}
[Info  - 1:50:42 AM] [GLOBAL] No matching project for document {
  fsPath: '/home/aditya/dotfiles/.config/waybar/style.css',
  normalPath: '/home/aditya/dotfiles/.config/waybar/style.css'
}
[Info  - 1:50:42 AM] [GLOBAL] No matching project for document {
  fsPath: '/home/aditya/dotfiles/.config/waybar/style.css',
  normalPath: '/home/aditya/dotfiles/.config/waybar/style.css'
}
[Info  - 1:50:42 AM] [GLOBAL] No matching project for document {
  fsPath: '/home/aditya/dotfiles/.config/waybar/style.css',
  normalPath: '/home/aditya/dotfiles/.config/waybar/style.css'
}
[Info  - 1:50:47 AM] [GLOBAL] No matching project for document {
  fsPath: '/home/aditya/dotfiles/.config/waybar/config-gitlab.jsonc',
  normalPath: '/home/aditya/dotfiles/.config/waybar/config-gitlab.jsonc'
}
[Info  - 1:50:49 AM] [GLOBAL] No matching project for document {
  fsPath: '/home/aditya/dotfiles/.config/waybar/scripts/waybar-wttr.py',
  normalPath: '/home/aditya/dotfiles/.config/waybar/scripts/waybar-wttr.py'
}
[Info  - 1:50:51 AM] [GLOBAL] No matching project for document {
  fsPath: '/home/aditya/dotfiles/.config/waybar/scripts/xclip',
  normalPath: '/home/aditya/dotfiles/.config/waybar/scripts/xclip'
}
[Info  - 1:50:54 AM] [GLOBAL] No matching project for document {
  fsPath: '/home/aditya/dotfiles/.config/waybar/scripts/waybar-wttr.py',
  normalPath: '/home/aditya/dotfiles/.config/waybar/scripts/waybar-wttr.py'
}
[Info  - 1:51:16 AM] [GLOBAL] No matching project for document {
  fsPath: '/home/aditya/dotfiles/.config/hypr/hyprland.conf',
  normalPath: '/home/aditya/dotfiles/.config/hypr/hyprland.conf'
}
[Info  - 1:51:18 AM] [GLOBAL] No matching project for document {
  fsPath: '/home/aditya/dotfiles/.config/hypr/hyprpaper.conf',
  normalPath: '/home/aditya/dotfiles/.config/hypr/hyprpaper.conf'
}
[Info  - 1:51:20 AM] [GLOBAL] No matching project for document {
  fsPath: '/home/aditya/dotfiles/.config/hypr/hyprlock.conf',
  normalPath: '/home/aditya/dotfiles/.config/hypr/hyprlock.conf'
}
[Info  - 1:51:23 AM] [GLOBAL] No matching project for document {
  fsPath: '/home/aditya/dotfiles/.config/hypr/hyprland.conf',
  normalPath: '/home/aditya/dotfiles/.config/hypr/hyprland.conf'
}
[Info  - 1:51:51 AM] [GLOBAL] No matching project for document {
  fsPath: '/home/aditya/dotfiles/.config/xsettingsd/xsettingsd.conf',
  normalPath: '/home/aditya/dotfiles/.config/xsettingsd/xsettingsd.conf'
}
[Info  - 1:52:08 AM] [GLOBAL] No matching project for document {
  fsPath: '/home/aditya/dotfiles/.config/rofi/config-cliphist.rasi',
  normalPath: '/home/aditya/dotfiles/.config/rofi/config-cliphist.rasi'
}
[Info  - 1:52:19 AM] [GLOBAL] No matching project for document {
  fsPath: '/home/aditya/dotfiles/.config/rofi/config.rasi',
  normalPath: '/home/aditya/dotfiles/.config/rofi/config.rasi'
}
[Info  - 1:52:26 AM] [GLOBAL] No matching project for document {
  fsPath: '/home/aditya/dotfiles/.config/rofi/config-themes.rasi',
  normalPath: '/home/aditya/dotfiles/.config/rofi/config-themes.rasi'
}
[Info  - 1:52:27 AM] [GLOBAL] No matching project for document {
  fsPath: '/home/aditya/dotfiles/.config/rofi/config-screenshot.rasi',
  normalPath: '/home/aditya/dotfiles/.config/rofi/config-screenshot.rasi'
}
[Info  - 1:52:47 AM] [GLOBAL] No matching project for document {
  fsPath: '/home/aditya/dotfiles/.config/ml4w/scripts/sddm-wallpaper.sh',
  normalPath: '/home/aditya/dotfiles/.config/ml4w/scripts/sddm-wallpaper.sh'
}
[Info  - 1:52:53 AM] [GLOBAL] No matching project for document {
  fsPath: '/home/aditya/dotfiles/.config/ml4w/scripts/nm-applet.sh',
  normalPath: '/home/aditya/dotfiles/.config/ml4w/scripts/nm-applet.sh'
}
[Info  - 1:52:55 AM] [GLOBAL] No matching project for document {
  fsPath: '/home/aditya/dotfiles/.config/ml4w/scripts/ml4w-autostart.sh',
  normalPath: '/home/aditya/dotfiles/.config/ml4w/scripts/ml4w-autostart.sh'
}
[Info  - 1:53:01 AM] [GLOBAL] No matching project for document {
  fsPath: '/home/aditya/dotfiles/.config/ml4w/scripts/installupdates.sh',
  normalPath: '/home/aditya/dotfiles/.config/ml4w/scripts/installupdates.sh'
}
[Info  - 1:53:02 AM] [GLOBAL] No matching project for document {
  fsPath: '/home/aditya/dotfiles/.config/ml4w/scripts/figlet.sh',
  normalPath: '/home/aditya/dotfiles/.config/ml4w/scripts/figlet.sh'
}
[Info  - 1:53:03 AM] [GLOBAL] No matching project for document {
  fsPath: '/home/aditya/dotfiles/.config/ml4w/scripts/cliphist.sh',
  normalPath: '/home/aditya/dotfiles/.config/ml4w/scripts/cliphist.sh'
}
[Info  - 1:53:05 AM] [GLOBAL] No matching project for document {
  fsPath: '/home/aditya/dotfiles/.config/ml4w/scripts/ags.sh',
  normalPath: '/home/aditya/dotfiles/.config/ml4w/scripts/ags.sh'
}
[Info  - 1:53:06 AM] [GLOBAL] No matching project for document {
  fsPath: '/home/aditya/dotfiles/.config/ml4w/scripts/ml4w-autostart.sh',
  normalPath: '/home/aditya/dotfiles/.config/ml4w/scripts/ml4w-autostart.sh'
}
[Info  - 1:53:08 AM] [GLOBAL] No matching project for document {
  fsPath: '/home/aditya/dotfiles/.config/ml4w/scripts/sddm-wallpaper.sh',
  normalPath: '/home/aditya/dotfiles/.config/ml4w/scripts/sddm-wallpaper.sh'
}
[Info  - 1:53:16 AM] [GLOBAL] No matching project for document {
  fsPath: '/home/aditya/dotfiles/.config/ml4w/scripts/thunarterminal.sh',
  normalPath: '/home/aditya/dotfiles/.config/ml4w/scripts/thunarterminal.sh'
}
[Info  - 1:53:20 AM] [GLOBAL] No matching project for document {
  fsPath: '/home/aditya/dotfiles/.config/ml4w/scripts/updates.sh',
  normalPath: '/home/aditya/dotfiles/.config/ml4w/scripts/updates.sh'
}
[Info  - 1:53:39 AM] [GLOBAL] No matching project for document {
  fsPath: '/home/aditya/dotfiles/.config/ags/scripts/run_themeswitcher.sh',
  normalPath: '/home/aditya/dotfiles/.config/ags/scripts/run_themeswitcher.sh'
}
[Info  - 1:53:56 AM] [GLOBAL] No matching project for document {
  fsPath: '/home/aditya/dotfiles/.config/hypr/scripts/xdg.sh',
  normalPath: '/home/aditya/dotfiles/.config/hypr/scripts/xdg.sh'
}
[Info  - 1:54:14 AM] [GLOBAL] No matching project for document {
  fsPath: '/home/aditya/dotfiles/.config/waybar/config-gitlab.jsonc',
  normalPath: '/home/aditya/dotfiles/.config/waybar/config-gitlab.jsonc'
}
[Info  - 1:54:50 AM] [GLOBAL] No matching project for document {
  fsPath: '/home/aditya/dotfiles/.config/waybar/config.jsonc',
  normalPath: '/home/aditya/dotfiles/.config/waybar/config.jsonc'
}
[Info  - 1:55:11 AM] [GLOBAL] No matching project for document {
  fsPath: '/home/aditya/dotfiles/.config/hypr/scripts/xdg.sh',
  normalPath: '/home/aditya/dotfiles/.config/hypr/scripts/xdg.sh'
}
[Info  - 1:55:29 AM] [GLOBAL] No matching project for document {
  fsPath: '/home/aditya/dotfiles/.config/ml4w/scripts/updates.sh',
  normalPath: '/home/aditya/dotfiles/.config/ml4w/scripts/updates.sh'
}
[Info  - 1:56:01 AM] [GLOBAL] No matching project for document {
  fsPath: '/home/aditya/dotfiles/.config/waybar/scripts/xclip',
  normalPath: '/home/aditya/dotfiles/.config/waybar/scripts/xclip'
}
[Info  - 1:56:43 AM] [GLOBAL] No matching project for document {
  fsPath: '/home/aditya/dotfiles/.config/ags/scripts/run_themeswitcher.sh',
  normalPath: '/home/aditya/dotfiles/.config/ags/scripts/run_themeswitcher.sh'
}
[Info  - 1:57:18 AM] [GLOBAL] No matching project for document {
  fsPath: '/home/aditya/dotfiles/.config/ags/scripts/run_waypaper.sh',
  normalPath: '/home/aditya/dotfiles/.config/ags/scripts/run_waypaper.sh'
}
[Info  - 1:57:34 AM] [GLOBAL] No matching project for document {
  fsPath: '/home/aditya/dotfiles/.config/hypr/scripts/xdg.sh',
  normalPath: '/home/aditya/dotfiles/.config/hypr/scripts/xdg.sh'
}
[Info  - 1:57:40 AM] [GLOBAL] No matching project for document {
  fsPath: '/home/aditya/dotfiles/.config/ml4w/scripts/updates.sh',
  normalPath: '/home/aditya/dotfiles/.config/ml4w/scripts/updates.sh'
}
[Info  - 1:57:54 AM] [GLOBAL] No matching project for document {
  fsPath: '/home/aditya/dotfiles/.config/waybar/config.jsonc',
  normalPath: '/home/aditya/dotfiles/.config/waybar/config.jsonc'
}
[Info  - 2:00:15 AM] [GLOBAL] No matching project for document {
  fsPath: '/home/aditya/dotfiles/.config/waybar/scripts/waybar-wttr.py',
  normalPath: '/home/aditya/dotfiles/.config/waybar/scripts/waybar-wttr.py'
}
