2025-01-31 02:10:02.650 [info] Reading sessions from keychain...
2025-01-31 02:10:02.650 [info] Getting sessions for all scopes...
2025-01-31 02:10:02.650 [info] Getting sessions for all scopes...
2025-01-31 02:10:02.650 [info] Getting sessions for all scopes...
2025-01-31 02:10:02.650 [info] Getting sessions for user:email...
2025-01-31 02:10:02.650 [info] Getting sessions for all scopes...
2025-01-31 02:10:02.650 [info] Getting sessions for all scopes...
2025-01-31 02:10:02.650 [info] Getting sessions for all scopes...
2025-01-31 02:10:02.650 [info] Getting sessions for all scopes...
2025-01-31 02:10:02.650 [info] Getting sessions for all scopes...
2025-01-31 02:10:02.650 [info] Got stored sessions!
2025-01-31 02:10:02.650 [info] Got 3 verified sessions.
2025-01-31 02:10:02.650 [info] Got 3 sessions for ...
2025-01-31 02:10:02.650 [info] Got 3 sessions for ...
2025-01-31 02:10:02.650 [info] Got 3 sessions for ...
2025-01-31 02:10:02.650 [info] Got 1 sessions for user:email...
2025-01-31 02:10:02.650 [info] Got 3 sessions for ...
2025-01-31 02:10:02.650 [info] Got 3 sessions for ...
2025-01-31 02:10:02.650 [info] Got 3 sessions for ...
2025-01-31 02:10:02.650 [info] Got 3 sessions for ...
2025-01-31 02:10:02.650 [info] Got 3 sessions for ...
2025-01-31 02:10:02.650 [info] Getting sessions for all scopes...
2025-01-31 02:10:02.650 [info] Got 3 sessions for ...
2025-01-31 02:10:16.079 [info] Getting sessions for read:user,repo,user:email,workflow...
2025-01-31 02:10:16.079 [info] Got 1 sessions for read:user,repo,user:email,workflow...
2025-01-31 02:10:16.079 [info] Getting sessions for all scopes...
2025-01-31 02:10:16.079 [info] Got 3 sessions for ...
2025-01-31 02:10:16.080 [info] Getting sessions for all scopes...
2025-01-31 02:10:16.080 [info] Got 3 sessions for ...
2025-01-31 02:10:17.082 [info] Getting sessions for read:user,repo,user:email,workflow...
2025-01-31 02:10:17.082 [info] Got 1 sessions for read:user,repo,user:email,workflow...
2025-01-31 02:10:17.849 [info] Getting sessions for read:user,repo,user:email,workflow...
2025-01-31 02:10:17.849 [info] Got 1 sessions for read:user,repo,user:email,workflow...
2025-01-31 02:10:26.455 [info] Getting sessions for all scopes...
2025-01-31 02:10:26.455 [info] Got 3 sessions for ...
2025-01-31 02:10:26.608 [info] Getting sessions for all scopes...
2025-01-31 02:10:26.608 [info] Got 3 sessions for ...
2025-01-31 02:10:27.040 [info] Getting sessions for read:user,repo,user:email,workflow...
2025-01-31 02:10:27.040 [info] Got 1 sessions for read:user,repo,user:email,workflow...
2025-01-31 02:10:28.191 [info] Getting sessions for all scopes...
2025-01-31 02:10:28.192 [info] Got 3 sessions for ...
2025-01-31 02:10:28.192 [info] Getting sessions for read:user,repo,user:email,workflow...
2025-01-31 02:10:28.192 [info] Got 1 sessions for read:user,repo,user:email,workflow...
2025-01-31 02:10:28.506 [info] Getting sessions for read:user,repo,user:email,workflow...
2025-01-31 02:10:28.506 [info] Got 1 sessions for read:user,repo,user:email,workflow...
2025-01-31 02:10:28.638 [info] Getting sessions for all scopes...
2025-01-31 02:10:28.638 [info] Got 3 sessions for ...
2025-01-31 02:10:28.639 [info] Getting sessions for all scopes...
2025-01-31 02:10:28.639 [info] Got 3 sessions for ...
2025-01-31 02:10:28.787 [info] Getting sessions for read:user,repo,user:email,workflow...
2025-01-31 02:10:28.787 [info] Got 1 sessions for read:user,repo,user:email,workflow...
2025-01-31 02:10:29.035 [info] Getting sessions for all scopes...
2025-01-31 02:10:29.036 [info] Got 3 sessions for ...
2025-01-31 02:10:29.309 [info] Getting sessions for read:user,repo,user:email,workflow...
2025-01-31 02:10:29.309 [info] Got 1 sessions for read:user,repo,user:email,workflow...
2025-01-31 02:10:29.470 [info] Getting sessions for read:user,repo,user:email,workflow...
2025-01-31 02:10:29.470 [info] Got 1 sessions for read:user,repo,user:email,workflow...
2025-01-31 02:10:29.947 [info] Getting sessions for all scopes...
2025-01-31 02:10:29.948 [info] Got 3 sessions for ...
2025-01-31 02:10:31.788 [info] Getting sessions for read:user,repo,user:email,workflow...
2025-01-31 02:10:31.789 [info] Got 1 sessions for read:user,repo,user:email,workflow...
2025-01-31 02:25:31.811 [info] Getting sessions for all scopes...
2025-01-31 02:25:31.811 [info] Got 3 sessions for ...
2025-01-31 02:25:31.815 [info] Getting sessions for read:user,repo,user:email,workflow...
2025-01-31 02:25:31.815 [info] Got 1 sessions for read:user,repo,user:email,workflow...
2025-01-31 02:25:31.821 [info] Getting sessions for all scopes...
2025-01-31 02:25:31.821 [info] Got 3 sessions for ...
2025-01-31 02:25:31.826 [info] Getting sessions for read:user,repo,user:email,workflow...
2025-01-31 02:25:31.826 [info] Got 1 sessions for read:user,repo,user:email,workflow...
