(VSCode) 2025-01-31 23:11:32.315 [INFO]: No proxy settings found
(VSCode) 2025-01-31 23:11:43.627 [ERROR]: Failed to initialize Unleash: undefined
(VSCode) 2025-01-31 23:11:43.631 [INFO]: Checking network connection...
(VSCode) 2025-01-31 23:11:47.285 [INFO]: No Network Issue connecting to https://server.codeium.com/healthz
(VSCode) 2025-01-31 23:11:48.672 [INFO]: Creating manager directory: /tmp/b23ea476-5bd6-4111-b280-2057ba534fcb/codeium/manager
(VSCode) 2025-01-31 23:11:53.686 [INFO]: Using cached LS with valid crc32: /home/aditya/.vscode/extensions/codeium.codeium-1.30.18/dist/1922b6ec8869ef782574fa5f5951f1c5e172c7b6/language_server_linux_x64
(VSCode) 2025-01-31 23:11:53.732 [INFO]: Language server started
2025/01/31 23:11:53 maxprocs: Leaving GOMAXPROCS=8: CPU quota undefined
I0131 23:11:54.054061 426242 main.go:568] [Language Server Manager] Setting GOMAXPROCS to 8
I0131 23:11:54.054238 426242 main.go:707] [Language Server Manager] Release 1.30.18 (1922b6ec8869ef782574fa5f5951f1c5e172c7b6)
I0131 23:11:54.054324 426242 main.go:786] [Language Server Manager] Starting language server manager with pid 426242
I0131 23:11:54.054552 426242 main.go:123] [Language Server Manager] Manager acquired its lock file /tmp/b23ea476-5bd6-4111-b280-2057ba534fcb/codeium/manager/locks/manager.lock
I0131 23:11:54.056077 426242 main.go:264] [Language Server Manager] Waiting for random port file in /tmp/b23ea476-5bd6-4111-b280-2057ba534fcb/codeium/manager/child_random_port_1738339914054780286_1595027165105282153 to be created
2025/01/31 23:11:54 maxprocs: Leaving GOMAXPROCS=8: CPU quota undefined
I0131 23:11:54.380356 426255 main.go:568] Setting GOMAXPROCS to 4
I0131 23:11:54.380647 426255 main.go:780] Starting language server process with pid 426255
I0131 23:11:54.380756 426255 server.go:220] Language server will attempt to listen on host 127.0.0.1
I0131 23:11:54.381037 426255 server.go:227] Language server listening on random port at 42251
I0131 23:11:58.292313 426255 unleash.go:92] Initializing Unleash
I0131 23:11:59.114863 426255 unleash.go:112] Successfully initialized Unleash
I0131 23:11:59.115447 426255 server.go:297] Extension server port not specified; skipping extension server client creation
I0131 23:11:59.148529 426255 web_server.go:258] Chat Web Server listening at ws://127.0.0.1:33603
E0131 23:11:59.190344 426255 client_manager.go:275] Metadata is nil when trying to refresh user JWT
I0131 23:11:59.192730 426255 server.go:528] Successfully created API server client
I0131 23:11:59.318169 426255 server.go:546] Successfully initialized tokenizer
I0131 23:12:00.077465 426255 server.go:721] Local search is enabled, will index local files.
I0131 23:12:00.077545 426255 server.go:725] Using 2 indexer workers
I0131 23:12:00.085052 426255 sqlite_faiss_db_client.go:64] Successfully created embedding search database in 7ms
I0131 23:12:00.085919 426255 indexer.go:213] Using 4 embed workers
I0131 23:12:00.086015 426255 search_provider.go:274] Successfully created and started indexer
I0131 23:12:00.086124 426255 search_provider.go:304] Successfully created embedding search provider
I0131 23:12:00.494936 426255 server.go:813] Successfully created completion provider
I0131 23:12:00.495035 426255 server.go:862] Child process attempting to acquire lock file /tmp/b23ea476-5bd6-4111-b280-2057ba534fcb/codeium/manager/locks/child_lock_1738339914054840694_4234390094544602779
I0131 23:12:00.495199 426255 server.go:870] Child process acquired lock file /tmp/b23ea476-5bd6-4111-b280-2057ba534fcb/codeium/manager/locks/child_lock_1738339914054840694_4234390094544602779
I0131 23:12:00.516473 426255 server.go:356] LSP listening on random port at 45791
45791
I0131 23:12:00.586082 426242 main.go:300] [Language Server Manager] Found random server port 42251
I0131 23:12:00.586244 426242 main.go:301] [Language Server Manager] Found random lsp port 45791
I0131 23:12:00.586328 426242 main.go:308] [Language Server Manager] Attempting to connect to language server at 127.0.0.1:42251
I0131 23:12:00.602796 426242 main.go:177] [Language Server Manager] Fixing language server port at 42251
I0131 23:12:00.602877 426242 main.go:360] [Language Server Manager] Successfully connected to new language server at 127.0.0.1:42251
(VSCode) 2025-01-31 23:12:00.613 [INFO]: Found language server running on port 42251
(VSCode) 2025-01-31 23:12:01.162 [INFO]: openAllTextDocuments took 139.53966599999694ms
(VSCode) 2025-01-31 23:30:17.364 [INFO]: Disposing language server process
(VSCode) 2025-01-31 23:30:17.365 [INFO]: Deleting manager directory: /tmp/b23ea476-5bd6-4111-b280-2057ba534fcb/codeium/manager
(VSCode) 2025-01-31 23:30:17.368 [INFO]: Successfully disposed language server
W0131 23:30:17.364999 426242 main.go:127] [Language Server Manager] Got signal terminated, shutting down
E0131 23:30:17.491634 426242 main.go:374] [Language Server Manager] Failed to acquire lock on /tmp/b23ea476-5bd6-4111-b280-2057ba534fcb/codeium/manager/locks/child_lock_1738339914054840694_4234390094544602779: open /tmp/b23ea476-5bd6-4111-b280-2057ba534fcb/codeium/manager/locks/child_lock_1738339914054840694_4234390094544602779: no such file or directory
I0131 23:30:17.493610 426255 server.go:1035] Exit requested on language server process 426255
I0131 23:30:17.493880 426255 server.go:1012] Language server shutting down
I0131 23:30:17.549847 426242 cmd_wrapper.go:271] [Language Server Manager] LanguageServer exited with: success
(VSCode) 2025-01-31 23:30:17.662 [ERROR]: Failed to stop lsp
(VSCode) 2025-01-31 23:30:17.706 [INFO]: Language server exited with code 0
(VSCode) 2025-01-31 23:30:17.781 [ERROR]: Failed to stop exit
(VSCode) 2025-01-31 23:30:17.787 [ERROR]: [unavailable] connect ECONNREFUSED 127.0.0.1:42251
