2025-01-31 22:15:15.106 [info] [main] Log level: Info
2025-01-31 22:15:15.106 [info] [main] Validating found git in: "git"
2025-01-31 22:15:15.106 [info] [main] Using git "2.48.1" from "git"
2025-01-31 22:15:15.106 [info] [Model][doInitialScan] Initial repository scan started
2025-01-31 22:15:15.106 [info] > git rev-parse --show-toplevel [461ms]
2025-01-31 22:15:15.106 [info] > git rev-parse --git-dir --git-common-dir [277ms]
2025-01-31 22:15:15.106 [info] [Model][openRepository] Opened repository: /home/aditya/.config
2025-01-31 22:15:15.191 [info] > git rev-parse --show-toplevel [40ms]
2025-01-31 22:15:15.216 [info] > git config --get commit.template [85ms]
2025-01-31 22:15:15.270 [info] > git rev-parse --path-format=relative --show-toplevel [58ms]
2025-01-31 22:15:15.373 [info] > git for-each-ref --format=%(refname)%00%(upstream:short)%00%(objectname)%00%(upstream:track)%00%(upstream:remotename)%00%(upstream:remoteref) refs/heads/master refs/remotes/master [33ms]
2025-01-31 22:15:32.689 [info] > git check-ignore -v -z --stdin [2916ms]
2025-01-31 22:15:33.952 [info] > git status -z -uall [321ms]
2025-01-31 22:15:33.957 [info] > git for-each-ref --sort -committerdate --format %(refname) %(objectname) %(*objectname) [270ms]
2025-01-31 22:15:34.363 [info] > git for-each-ref --format=%(refname)%00%(upstream:short)%00%(objectname)%00%(upstream:track)%00%(upstream:remotename)%00%(upstream:remoteref) refs/heads/master refs/remotes/master [333ms]
2025-01-31 22:15:34.557 [info] > git config --local branch.master.vscode-merge-base [146ms]
2025-01-31 22:15:34.558 [warning] [Git][config] git config failed: Failed to execute git
2025-01-31 22:15:34.598 [info] > git config --get commit.template [352ms]
2025-01-31 22:15:34.832 [info] > git reflog master --grep-reflog=branch: Created from *. [236ms]
2025-01-31 22:15:35.120 [info] > git for-each-ref --format=%(refname)%00%(upstream:short)%00%(objectname)%00%(upstream:track)%00%(upstream:remotename)%00%(upstream:remoteref) refs/heads/master refs/remotes/master [200ms]
2025-01-31 22:15:35.121 [info] > git symbolic-ref --short refs/remotes/origin/HEAD [241ms]
2025-01-31 22:15:35.121 [info] fatal: ref refs/remotes/origin/HEAD is not a symbolic ref
2025-01-31 22:15:35.121 [warning] [Repository][getDefaultBranch] Failed to get default branch details: Failed to execute git.
2025-01-31 22:15:35.361 [info] > git merge-base refs/heads/master refs/remotes/origin/master [204ms]
2025-01-31 22:15:43.800 [info] > git diff --name-status -z --diff-filter=ADMR 277894b0be25fc3e95a7621696eb769202923e30...refs/remotes/origin/master [8387ms]
2025-01-31 22:15:44.567 [info] > git status -z -uall [266ms]
2025-01-31 22:15:44.567 [info] > git for-each-ref --sort -committerdate --format %(refname) %(objectname) %(*objectname) [222ms]
2025-01-31 22:15:44.798 [info] > git config --get commit.template [118ms]
2025-01-31 22:15:45.101 [info] > git for-each-ref --format=%(refname)%00%(upstream:short)%00%(objectname)%00%(upstream:track)%00%(upstream:remotename)%00%(upstream:remoteref) refs/heads/master refs/remotes/master [131ms]
2025-01-31 22:15:45.585 [info] > git status -z -uall [147ms]
2025-01-31 22:15:45.586 [info] > git for-each-ref --sort -committerdate --format %(refname) %(objectname) %(*objectname) [109ms]
2025-01-31 22:15:45.689 [info] > git rev-parse --show-toplevel [9ms]
2025-01-31 22:15:45.882 [info] > git rev-parse --show-toplevel [59ms]
2025-01-31 22:15:45.961 [info] > git rev-parse --show-toplevel [23ms]
2025-01-31 22:15:46.520 [info] > git rev-parse --show-toplevel [44ms]
2025-01-31 22:15:46.588 [info] > git rev-parse --show-toplevel [6ms]
2025-01-31 22:15:46.650 [info] > git rev-parse --show-toplevel [7ms]
2025-01-31 22:15:46.705 [info] > git rev-parse --show-toplevel [13ms]
2025-01-31 22:15:46.806 [info] > git rev-parse --show-toplevel [55ms]
2025-01-31 22:15:46.941 [info] > git rev-parse --show-toplevel [86ms]
2025-01-31 22:15:46.991 [info] > git rev-parse --show-toplevel [6ms]
2025-01-31 22:15:47.040 [info] > git rev-parse --show-toplevel [6ms]
2025-01-31 22:15:47.288 [info] > git rev-parse --show-toplevel [74ms]
2025-01-31 22:15:48.792 [info] > git rev-parse --show-toplevel [188ms]
2025-01-31 22:15:49.018 [info] > git rev-parse --show-toplevel [162ms]
2025-01-31 22:15:49.136 [info] > git rev-parse --show-toplevel [54ms]
2025-01-31 22:15:49.223 [info] > git rev-parse --show-toplevel [29ms]
2025-01-31 22:15:49.291 [info] > git rev-parse --show-toplevel [14ms]
2025-01-31 22:15:49.346 [info] > git rev-parse --show-toplevel [7ms]
2025-01-31 22:15:49.415 [info] > git rev-parse --show-toplevel [16ms]
2025-01-31 22:15:49.480 [info] > git rev-parse --show-toplevel [8ms]
2025-01-31 22:15:49.556 [info] > git rev-parse --show-toplevel [15ms]
2025-01-31 22:15:49.632 [info] > git rev-parse --show-toplevel [9ms]
2025-01-31 22:15:49.780 [info] > git rev-parse --show-toplevel [89ms]
2025-01-31 22:15:49.848 [info] > git rev-parse --show-toplevel [14ms]
2025-01-31 22:15:49.907 [info] > git rev-parse --show-toplevel [6ms]
2025-01-31 22:15:49.974 [info] > git rev-parse --show-toplevel [9ms]
2025-01-31 22:15:50.031 [info] > git rev-parse --show-toplevel [9ms]
2025-01-31 22:15:50.085 [info] > git rev-parse --show-toplevel [10ms]
2025-01-31 22:15:50.139 [info] > git rev-parse --show-toplevel [6ms]
2025-01-31 22:15:50.191 [info] > git rev-parse --show-toplevel [6ms]
2025-01-31 22:15:50.238 [info] > git rev-parse --show-toplevel [6ms]
2025-01-31 22:15:50.289 [info] > git rev-parse --show-toplevel [7ms]
2025-01-31 22:15:50.343 [info] > git rev-parse --show-toplevel [8ms]
2025-01-31 22:15:50.390 [info] > git rev-parse --show-toplevel [6ms]
2025-01-31 22:15:50.447 [info] > git rev-parse --show-toplevel [12ms]
2025-01-31 22:15:50.494 [info] > git rev-parse --show-toplevel [5ms]
2025-01-31 22:15:50.547 [info] > git rev-parse --show-toplevel [8ms]
2025-01-31 22:15:50.597 [info] > git rev-parse --show-toplevel [6ms]
2025-01-31 22:15:50.600 [info] [Model][doInitialScan] Initial repository scan completed - repositories (1), closed repositories (0), parent repositories (1), unsafe repositories (0)
2025-01-31 22:15:50.691 [info] > git show --textconv :hypr/infolock.sh [49ms]
2025-01-31 22:15:50.702 [info] > git ls-files --stage -- /home/aditya/.config/hypr/infolock.sh [14ms]
2025-01-31 22:15:50.804 [info] > git blame --root --incremental 277894b0be25fc3e95a7621696eb769202923e30 -- /home/aditya/.config/hypr/infolock.sh [11ms]
2025-01-31 22:15:50.804 [info] fatal: no such path hypr/infolock.sh in 277894b0be25fc3e95a7621696eb769202923e30
2025-01-31 22:18:08.201 [info] > git config --get commit.template [82ms]
2025-01-31 22:18:08.215 [info] > git for-each-ref --format=%(refname)%00%(upstream:short)%00%(objectname)%00%(upstream:track)%00%(upstream:remotename)%00%(upstream:remoteref) refs/heads/master refs/remotes/master [20ms]
2025-01-31 22:18:08.371 [info] > git for-each-ref --sort -committerdate --format %(refname) %(objectname) %(*objectname) [6ms]
2025-01-31 22:18:08.410 [info] > git status -z -uall [114ms]
2025-01-31 22:18:13.494 [info] > git config --get commit.template [7ms]
2025-01-31 22:18:13.564 [info] > git for-each-ref --format=%(refname)%00%(upstream:short)%00%(objectname)%00%(upstream:track)%00%(upstream:remotename)%00%(upstream:remoteref) refs/heads/master refs/remotes/master [5ms]
2025-01-31 22:18:13.677 [info] > git for-each-ref --sort -committerdate --format %(refname) %(objectname) %(*objectname) [7ms]
2025-01-31 22:18:13.713 [info] > git status -z -uall [94ms]
2025-01-31 22:18:21.759 [info] > git check-ignore -v -z --stdin [58ms]
2025-01-31 22:18:21.763 [info] > git config --get commit.template [9ms]
2025-01-31 22:18:21.815 [info] > git for-each-ref --format=%(refname)%00%(upstream:short)%00%(objectname)%00%(upstream:track)%00%(upstream:remotename)%00%(upstream:remoteref) refs/heads/master refs/remotes/master [5ms]
2025-01-31 22:18:21.910 [info] > git for-each-ref --sort -committerdate --format %(refname) %(objectname) %(*objectname) [6ms]
2025-01-31 22:18:21.938 [info] > git status -z -uall [78ms]
2025-01-31 22:18:58.447 [info] > git config --get commit.template [3ms]
2025-01-31 22:18:58.489 [info] > git for-each-ref --format=%(refname)%00%(upstream:short)%00%(objectname)%00%(upstream:track)%00%(upstream:remotename)%00%(upstream:remoteref) refs/heads/master refs/remotes/master [5ms]
2025-01-31 22:18:58.574 [info] > git for-each-ref --sort -committerdate --format %(refname) %(objectname) %(*objectname) [5ms]
2025-01-31 22:18:58.597 [info] > git status -z -uall [69ms]
2025-01-31 22:19:23.536 [info] > git config --get commit.template [6ms]
2025-01-31 22:19:23.588 [info] > git for-each-ref --format=%(refname)%00%(upstream:short)%00%(objectname)%00%(upstream:track)%00%(upstream:remotename)%00%(upstream:remoteref) refs/heads/master refs/remotes/master [4ms]
2025-01-31 22:19:23.698 [info] > git for-each-ref --sort -committerdate --format %(refname) %(objectname) %(*objectname) [8ms]
2025-01-31 22:19:23.724 [info] > git status -z -uall [86ms]
2025-01-31 22:19:29.625 [info] > git config --get commit.template [6ms]
2025-01-31 22:19:29.728 [info] > git for-each-ref --format=%(refname)%00%(upstream:short)%00%(objectname)%00%(upstream:track)%00%(upstream:remotename)%00%(upstream:remoteref) refs/heads/master refs/remotes/master [31ms]
2025-01-31 22:19:29.906 [info] > git for-each-ref --sort -committerdate --format %(refname) %(objectname) %(*objectname) [18ms]
2025-01-31 22:19:29.947 [info] > git status -z -uall [131ms]
2025-01-31 22:19:37.339 [info] > git config --get commit.template [9ms]
2025-01-31 22:19:37.396 [info] > git for-each-ref --format=%(refname)%00%(upstream:short)%00%(objectname)%00%(upstream:track)%00%(upstream:remotename)%00%(upstream:remoteref) refs/heads/master refs/remotes/master [7ms]
2025-01-31 22:19:37.509 [info] > git for-each-ref --sort -committerdate --format %(refname) %(objectname) %(*objectname) [8ms]
2025-01-31 22:19:37.540 [info] > git status -z -uall [94ms]
2025-01-31 22:20:56.385 [info] > git config --get commit.template [7ms]
2025-01-31 22:20:56.438 [info] > git for-each-ref --format=%(refname)%00%(upstream:short)%00%(objectname)%00%(upstream:track)%00%(upstream:remotename)%00%(upstream:remoteref) refs/heads/master refs/remotes/master [5ms]
2025-01-31 22:20:56.535 [info] > git for-each-ref --sort -committerdate --format %(refname) %(objectname) %(*objectname) [6ms]
2025-01-31 22:20:56.564 [info] > git status -z -uall [84ms]
2025-01-31 22:21:18.759 [info] > git config --get commit.template [7ms]
2025-01-31 22:21:18.828 [info] > git for-each-ref --format=%(refname)%00%(upstream:short)%00%(objectname)%00%(upstream:track)%00%(upstream:remotename)%00%(upstream:remoteref) refs/heads/master refs/remotes/master [5ms]
2025-01-31 22:21:18.945 [info] > git for-each-ref --sort -committerdate --format %(refname) %(objectname) %(*objectname) [11ms]
2025-01-31 22:21:19.000 [info] > git status -z -uall [124ms]
2025-01-31 22:28:07.020 [info] > git config --get commit.template [8ms]
2025-01-31 22:28:07.078 [info] > git for-each-ref --format=%(refname)%00%(upstream:short)%00%(objectname)%00%(upstream:track)%00%(upstream:remotename)%00%(upstream:remoteref) refs/heads/master refs/remotes/master [6ms]
2025-01-31 22:28:07.202 [info] > git for-each-ref --sort -committerdate --format %(refname) %(objectname) %(*objectname) [10ms]
2025-01-31 22:28:07.233 [info] > git status -z -uall [102ms]
2025-01-31 22:29:41.047 [info] > git config --get commit.template [6ms]
2025-01-31 22:29:41.105 [info] > git for-each-ref --format=%(refname)%00%(upstream:short)%00%(objectname)%00%(upstream:track)%00%(upstream:remotename)%00%(upstream:remoteref) refs/heads/master refs/remotes/master [4ms]
2025-01-31 22:29:41.228 [info] > git for-each-ref --sort -committerdate --format %(refname) %(objectname) %(*objectname) [7ms]
2025-01-31 22:29:41.279 [info] > git status -z -uall [114ms]
2025-01-31 22:30:52.271 [info] > git config --get commit.template [9ms]
2025-01-31 22:30:52.330 [info] > git for-each-ref --format=%(refname)%00%(upstream:short)%00%(objectname)%00%(upstream:track)%00%(upstream:remotename)%00%(upstream:remoteref) refs/heads/master refs/remotes/master [8ms]
2025-01-31 22:30:52.446 [info] > git for-each-ref --sort -committerdate --format %(refname) %(objectname) %(*objectname) [10ms]
2025-01-31 22:30:52.513 [info] > git status -z -uall [131ms]
2025-01-31 22:33:22.977 [info] > git config --get commit.template [12ms]
2025-01-31 22:33:23.032 [info] > git for-each-ref --format=%(refname)%00%(upstream:short)%00%(objectname)%00%(upstream:track)%00%(upstream:remotename)%00%(upstream:remoteref) refs/heads/master refs/remotes/master [7ms]
2025-01-31 22:33:23.170 [info] > git for-each-ref --sort -committerdate --format %(refname) %(objectname) %(*objectname) [20ms]
2025-01-31 22:33:23.217 [info] > git status -z -uall [128ms]
2025-01-31 22:42:42.580 [info] > git config --get commit.template [10ms]
2025-01-31 22:42:42.642 [info] > git for-each-ref --format=%(refname)%00%(upstream:short)%00%(objectname)%00%(upstream:track)%00%(upstream:remotename)%00%(upstream:remoteref) refs/heads/master refs/remotes/master [5ms]
2025-01-31 22:42:42.768 [info] > git for-each-ref --sort -committerdate --format %(refname) %(objectname) %(*objectname) [11ms]
2025-01-31 22:42:42.804 [info] > git status -z -uall [108ms]
2025-01-31 22:43:16.098 [info] > git config --get commit.template [59ms]
2025-01-31 22:43:16.099 [info] > git for-each-ref --format=%(refname)%00%(upstream:short)%00%(objectname)%00%(upstream:track)%00%(upstream:remotename)%00%(upstream:remoteref) refs/heads/master refs/remotes/master [6ms]
2025-01-31 22:43:16.236 [info] > git for-each-ref --sort -committerdate --format %(refname) %(objectname) %(*objectname) [9ms]
2025-01-31 22:43:16.264 [info] > git status -z -uall [104ms]
2025-01-31 22:43:21.338 [info] > git config --get commit.template [6ms]
2025-01-31 22:43:21.409 [info] > git for-each-ref --format=%(refname)%00%(upstream:short)%00%(objectname)%00%(upstream:track)%00%(upstream:remotename)%00%(upstream:remoteref) refs/heads/master refs/remotes/master [7ms]
2025-01-31 22:43:21.557 [info] > git for-each-ref --sort -committerdate --format %(refname) %(objectname) %(*objectname) [10ms]
2025-01-31 22:43:21.590 [info] > git status -z -uall [112ms]
2025-01-31 22:43:26.709 [info] > git for-each-ref --format=%(refname)%00%(upstream:short)%00%(objectname)%00%(upstream:track)%00%(upstream:remotename)%00%(upstream:remoteref) refs/heads/master refs/remotes/master [9ms]
2025-01-31 22:43:26.710 [info] > git config --get commit.template [58ms]
2025-01-31 22:43:26.819 [info] > git for-each-ref --sort -committerdate --format %(refname) %(objectname) %(*objectname) [5ms]
2025-01-31 22:43:26.849 [info] > git status -z -uall [84ms]
2025-01-31 22:43:38.428 [info] > git config --get commit.template [12ms]
2025-01-31 22:43:38.490 [info] > git for-each-ref --format=%(refname)%00%(upstream:short)%00%(objectname)%00%(upstream:track)%00%(upstream:remotename)%00%(upstream:remoteref) refs/heads/master refs/remotes/master [6ms]
2025-01-31 22:43:38.632 [info] > git for-each-ref --sort -committerdate --format %(refname) %(objectname) %(*objectname) [10ms]
2025-01-31 22:43:38.669 [info] > git status -z -uall [108ms]
2025-01-31 22:44:38.385 [info] > git config --get commit.template [7ms]
2025-01-31 22:44:38.444 [info] > git for-each-ref --format=%(refname)%00%(upstream:short)%00%(objectname)%00%(upstream:track)%00%(upstream:remotename)%00%(upstream:remoteref) refs/heads/master refs/remotes/master [5ms]
2025-01-31 22:44:38.593 [info] > git for-each-ref --sort -committerdate --format %(refname) %(objectname) %(*objectname) [21ms]
2025-01-31 22:44:38.630 [info] > git status -z -uall [128ms]
2025-01-31 22:44:40.397 [info] > git show --textconv :hypr/hyprland.conf [59ms]
2025-01-31 22:44:40.402 [info] > git ls-files --stage -- /home/aditya/.config/hypr/hyprland.conf [9ms]
2025-01-31 22:44:44.104 [info] > git config --get commit.template [12ms]
2025-01-31 22:44:44.171 [info] > git for-each-ref --format=%(refname)%00%(upstream:short)%00%(objectname)%00%(upstream:track)%00%(upstream:remotename)%00%(upstream:remoteref) refs/heads/master refs/remotes/master [9ms]
2025-01-31 22:44:44.310 [info] > git for-each-ref --sort -committerdate --format %(refname) %(objectname) %(*objectname) [12ms]
2025-01-31 22:44:44.367 [info] > git status -z -uall [128ms]
2025-01-31 22:44:57.804 [info] > git config --get commit.template [11ms]
2025-01-31 22:44:57.883 [info] > git for-each-ref --format=%(refname)%00%(upstream:short)%00%(objectname)%00%(upstream:track)%00%(upstream:remotename)%00%(upstream:remoteref) refs/heads/master refs/remotes/master [12ms]
2025-01-31 22:44:58.076 [info] > git for-each-ref --sort -committerdate --format %(refname) %(objectname) %(*objectname) [20ms]
2025-01-31 22:44:58.115 [info] > git status -z -uall [121ms]
2025-01-31 22:45:06.092 [info] > git check-ignore -v -z --stdin [5ms]
2025-01-31 22:45:07.639 [info] > git check-ignore -v -z --stdin [7ms]
2025-01-31 22:45:09.779 [info] > git config --get commit.template [5ms]
2025-01-31 22:45:09.835 [info] > git for-each-ref --format=%(refname)%00%(upstream:short)%00%(objectname)%00%(upstream:track)%00%(upstream:remotename)%00%(upstream:remoteref) refs/heads/master refs/remotes/master [7ms]
2025-01-31 22:45:09.943 [info] > git for-each-ref --sort -committerdate --format %(refname) %(objectname) %(*objectname) [5ms]
2025-01-31 22:45:09.974 [info] > git status -z -uall [87ms]
2025-01-31 22:45:32.221 [info] > git for-each-ref --format=%(refname)%00%(upstream:short)%00%(objectname)%00%(upstream:track)%00%(upstream:remotename)%00%(upstream:remoteref) refs/heads/master refs/remotes/master [10ms]
2025-01-31 22:45:32.222 [info] > git config --get commit.template [59ms]
2025-01-31 22:45:32.333 [info] > git for-each-ref --sort -committerdate --format %(refname) %(objectname) %(*objectname) [8ms]
2025-01-31 22:45:32.359 [info] > git status -z -uall [84ms]
2025-01-31 22:45:34.348 [info] > git show --textconv :hypr/conf/animations/animations-classic.conf [56ms]
2025-01-31 22:45:34.354 [info] > git ls-files --stage -- /home/aditya/.config/hypr/conf/animations/animations-classic.conf [11ms]
2025-01-31 22:45:37.478 [info] > git config --get commit.template [51ms]
2025-01-31 22:45:37.481 [info] > git for-each-ref --format=%(refname)%00%(upstream:short)%00%(objectname)%00%(upstream:track)%00%(upstream:remotename)%00%(upstream:remoteref) refs/heads/master refs/remotes/master [6ms]
2025-01-31 22:45:37.589 [info] > git for-each-ref --sort -committerdate --format %(refname) %(objectname) %(*objectname) [7ms]
2025-01-31 22:45:37.612 [info] > git status -z -uall [82ms]
2025-01-31 22:45:44.027 [info] > git config --get commit.template [4ms]
2025-01-31 22:45:44.080 [info] > git for-each-ref --format=%(refname)%00%(upstream:short)%00%(objectname)%00%(upstream:track)%00%(upstream:remotename)%00%(upstream:remoteref) refs/heads/master refs/remotes/master [6ms]
2025-01-31 22:45:44.198 [info] > git for-each-ref --sort -committerdate --format %(refname) %(objectname) %(*objectname) [8ms]
2025-01-31 22:45:44.229 [info] > git status -z -uall [95ms]
2025-01-31 22:45:45.348 [info] > git show --textconv :hypr/conf/animations/animations-dynamic.conf [57ms]
2025-01-31 22:45:45.356 [info] > git ls-files --stage -- /home/aditya/.config/hypr/conf/animations/animations-dynamic.conf [12ms]
2025-01-31 22:45:47.517 [info] > git show --textconv :hypr/conf/animations/animations-fast.conf [57ms]
2025-01-31 22:45:47.522 [info] > git ls-files --stage -- /home/aditya/.config/hypr/conf/animations/animations-fast.conf [9ms]
2025-01-31 22:45:49.303 [info] > git config --get commit.template [7ms]
2025-01-31 22:45:49.355 [info] > git for-each-ref --format=%(refname)%00%(upstream:short)%00%(objectname)%00%(upstream:track)%00%(upstream:remotename)%00%(upstream:remoteref) refs/heads/master refs/remotes/master [4ms]
2025-01-31 22:45:49.465 [info] > git for-each-ref --sort -committerdate --format %(refname) %(objectname) %(*objectname) [8ms]
2025-01-31 22:45:49.487 [info] > git status -z -uall [81ms]
2025-01-31 22:45:51.416 [info] > git show --textconv :hypr/conf/animations/standard.conf [73ms]
2025-01-31 22:45:51.424 [info] > git ls-files --stage -- /home/aditya/.config/hypr/conf/animations/standard.conf [17ms]
2025-01-31 22:45:54.312 [info] > git show --textconv :hypr/conf/animations/animations-classic.conf [64ms]
2025-01-31 22:45:54.317 [info] > git ls-files --stage -- /home/aditya/.config/hypr/conf/animations/animations-classic.conf [9ms]
2025-01-31 22:45:54.564 [info] > git config --get commit.template [5ms]
2025-01-31 22:45:54.626 [info] > git for-each-ref --format=%(refname)%00%(upstream:short)%00%(objectname)%00%(upstream:track)%00%(upstream:remotename)%00%(upstream:remoteref) refs/heads/master refs/remotes/master [5ms]
2025-01-31 22:45:54.730 [info] > git for-each-ref --sort -committerdate --format %(refname) %(objectname) %(*objectname) [8ms]
2025-01-31 22:45:54.762 [info] > git status -z -uall [88ms]
2025-01-31 22:45:55.447 [info] > git show --textconv :hypr/conf/animations/animations-high.conf [61ms]
2025-01-31 22:45:55.452 [info] > git ls-files --stage -- /home/aditya/.config/hypr/conf/animations/animations-high.conf [10ms]
2025-01-31 22:45:57.078 [info] > git show --textconv :hypr/conf/animations/animations-fast.conf [61ms]
2025-01-31 22:45:57.082 [info] > git ls-files --stage -- /home/aditya/.config/hypr/conf/animations/animations-fast.conf [9ms]
2025-01-31 22:45:59.837 [info] > git config --get commit.template [5ms]
2025-01-31 22:45:59.900 [info] > git for-each-ref --format=%(refname)%00%(upstream:short)%00%(objectname)%00%(upstream:track)%00%(upstream:remotename)%00%(upstream:remoteref) refs/heads/master refs/remotes/master [7ms]
2025-01-31 22:46:00.008 [info] > git for-each-ref --sort -committerdate --format %(refname) %(objectname) %(*objectname) [5ms]
2025-01-31 22:46:00.040 [info] > git status -z -uall [89ms]
2025-01-31 22:46:04.975 [info] > git show --textconv :hypr/conf/animations/animations-high.conf [60ms]
2025-01-31 22:46:04.982 [info] > git ls-files --stage -- /home/aditya/.config/hypr/conf/animations/animations-high.conf [13ms]
2025-01-31 22:46:05.854 [info] > git config --get commit.template [5ms]
2025-01-31 22:46:05.907 [info] > git for-each-ref --format=%(refname)%00%(upstream:short)%00%(objectname)%00%(upstream:track)%00%(upstream:remotename)%00%(upstream:remoteref) refs/heads/master refs/remotes/master [4ms]
2025-01-31 22:46:06.019 [info] > git for-each-ref --sort -committerdate --format %(refname) %(objectname) %(*objectname) [9ms]
2025-01-31 22:46:06.044 [info] > git status -z -uall [87ms]
2025-01-31 22:46:13.369 [info] > git config --get commit.template [3ms]
2025-01-31 22:46:13.424 [info] > git for-each-ref --format=%(refname)%00%(upstream:short)%00%(objectname)%00%(upstream:track)%00%(upstream:remotename)%00%(upstream:remoteref) refs/heads/master refs/remotes/master [5ms]
2025-01-31 22:46:13.540 [info] > git for-each-ref --sort -committerdate --format %(refname) %(objectname) %(*objectname) [11ms]
2025-01-31 22:46:13.566 [info] > git status -z -uall [92ms]
2025-01-31 22:46:16.635 [info] > git show --textconv :hypr/hyprland.conf [64ms]
2025-01-31 22:46:16.641 [info] > git ls-files --stage -- /home/aditya/.config/hypr/hyprland.conf [9ms]
2025-01-31 22:46:18.638 [info] > git config --get commit.template [4ms]
2025-01-31 22:46:18.694 [info] > git for-each-ref --format=%(refname)%00%(upstream:short)%00%(objectname)%00%(upstream:track)%00%(upstream:remotename)%00%(upstream:remoteref) refs/heads/master refs/remotes/master [4ms]
2025-01-31 22:46:18.802 [info] > git for-each-ref --sort -committerdate --format %(refname) %(objectname) %(*objectname) [7ms]
2025-01-31 22:46:18.827 [info] > git status -z -uall [83ms]
2025-01-31 22:46:28.064 [info] > git config --get commit.template [13ms]
2025-01-31 22:46:28.124 [info] > git for-each-ref --format=%(refname)%00%(upstream:short)%00%(objectname)%00%(upstream:track)%00%(upstream:remotename)%00%(upstream:remoteref) refs/heads/master refs/remotes/master [5ms]
2025-01-31 22:46:28.239 [info] > git for-each-ref --sort -committerdate --format %(refname) %(objectname) %(*objectname) [9ms]
2025-01-31 22:46:28.265 [info] > git status -z -uall [86ms]
2025-01-31 22:46:38.265 [info] > git config --get commit.template [56ms]
2025-01-31 22:46:38.267 [info] > git for-each-ref --format=%(refname)%00%(upstream:short)%00%(objectname)%00%(upstream:track)%00%(upstream:remotename)%00%(upstream:remoteref) refs/heads/master refs/remotes/master [8ms]
2025-01-31 22:46:38.380 [info] > git for-each-ref --sort -committerdate --format %(refname) %(objectname) %(*objectname) [8ms]
2025-01-31 22:46:38.412 [info] > git status -z -uall [91ms]
2025-01-31 22:46:41.954 [info] > git check-ignore -v -z --stdin [8ms]
2025-01-31 22:46:43.576 [info] > git show --textconv :hypr/conf/animation.conf [57ms]
2025-01-31 22:46:43.582 [info] > git ls-files --stage -- /home/aditya/.config/hypr/conf/animation.conf [12ms]
2025-01-31 22:46:44.493 [info] > git config --get commit.template [4ms]
2025-01-31 22:46:44.551 [info] > git for-each-ref --format=%(refname)%00%(upstream:short)%00%(objectname)%00%(upstream:track)%00%(upstream:remotename)%00%(upstream:remoteref) refs/heads/master refs/remotes/master [5ms]
2025-01-31 22:46:44.666 [info] > git for-each-ref --sort -committerdate --format %(refname) %(objectname) %(*objectname) [7ms]
2025-01-31 22:46:44.697 [info] > git status -z -uall [89ms]
2025-01-31 22:46:48.129 [info] > git blame --root --incremental 277894b0be25fc3e95a7621696eb769202923e30 -- /home/aditya/.config/hypr/conf/animation.conf [20ms]
2025-01-31 22:46:48.130 [info] fatal: no such path hypr/conf/animation.conf in 277894b0be25fc3e95a7621696eb769202923e30
2025-01-31 22:46:55.641 [info] > git config --get commit.template [63ms]
2025-01-31 22:46:55.643 [info] > git for-each-ref --format=%(refname)%00%(upstream:short)%00%(objectname)%00%(upstream:track)%00%(upstream:remotename)%00%(upstream:remoteref) refs/heads/master refs/remotes/master [8ms]
2025-01-31 22:46:55.771 [info] > git for-each-ref --sort -committerdate --format %(refname) %(objectname) %(*objectname) [9ms]
2025-01-31 22:46:55.793 [info] > git status -z -uall [89ms]
2025-01-31 22:47:00.867 [info] > git config --get commit.template [5ms]
2025-01-31 22:47:00.922 [info] > git for-each-ref --format=%(refname)%00%(upstream:short)%00%(objectname)%00%(upstream:track)%00%(upstream:remotename)%00%(upstream:remoteref) refs/heads/master refs/remotes/master [4ms]
2025-01-31 22:47:01.056 [info] > git for-each-ref --sort -committerdate --format %(refname) %(objectname) %(*objectname) [28ms]
2025-01-31 22:47:01.070 [info] > git status -z -uall [92ms]
2025-01-31 22:47:06.187 [info] > git config --get commit.template [54ms]
2025-01-31 22:47:06.190 [info] > git for-each-ref --format=%(refname)%00%(upstream:short)%00%(objectname)%00%(upstream:track)%00%(upstream:remotename)%00%(upstream:remoteref) refs/heads/master refs/remotes/master [6ms]
2025-01-31 22:47:06.307 [info] > git for-each-ref --sort -committerdate --format %(refname) %(objectname) %(*objectname) [7ms]
2025-01-31 22:47:06.332 [info] > git status -z -uall [91ms]
2025-01-31 22:47:11.450 [info] > git config --get commit.template [54ms]
2025-01-31 22:47:11.452 [info] > git for-each-ref --format=%(refname)%00%(upstream:short)%00%(objectname)%00%(upstream:track)%00%(upstream:remotename)%00%(upstream:remoteref) refs/heads/master refs/remotes/master [7ms]
2025-01-31 22:47:11.564 [info] > git for-each-ref --sort -committerdate --format %(refname) %(objectname) %(*objectname) [9ms]
2025-01-31 22:47:11.599 [info] > git status -z -uall [96ms]
2025-01-31 22:47:28.864 [info] > git for-each-ref --format=%(refname)%00%(upstream:short)%00%(objectname)%00%(upstream:track)%00%(upstream:remotename)%00%(upstream:remoteref) refs/heads/master refs/remotes/master [12ms]
2025-01-31 22:47:28.865 [info] > git config --get commit.template [73ms]
2025-01-31 22:47:28.980 [info] > git for-each-ref --sort -committerdate --format %(refname) %(objectname) %(*objectname) [11ms]
2025-01-31 22:47:29.010 [info] > git status -z -uall [94ms]
2025-01-31 22:47:34.136 [info] > git config --get commit.template [58ms]
2025-01-31 22:47:34.139 [info] > git for-each-ref --format=%(refname)%00%(upstream:short)%00%(objectname)%00%(upstream:track)%00%(upstream:remotename)%00%(upstream:remoteref) refs/heads/master refs/remotes/master [8ms]
2025-01-31 22:47:34.263 [info] > git for-each-ref --sort -committerdate --format %(refname) %(objectname) %(*objectname) [9ms]
2025-01-31 22:47:34.293 [info] > git status -z -uall [98ms]
2025-01-31 22:47:38.474 [info] > git show --textconv :hypr/conf/animations/animations-fast.conf [53ms]
2025-01-31 22:47:38.480 [info] > git ls-files --stage -- /home/aditya/.config/hypr/conf/animations/animations-fast.conf [9ms]
2025-01-31 22:47:39.421 [info] > git for-each-ref --format=%(refname)%00%(upstream:short)%00%(objectname)%00%(upstream:track)%00%(upstream:remotename)%00%(upstream:remoteref) refs/heads/master refs/remotes/master [6ms]
2025-01-31 22:47:39.422 [info] > git config --get commit.template [60ms]
2025-01-31 22:47:39.534 [info] > git for-each-ref --sort -committerdate --format %(refname) %(objectname) %(*objectname) [8ms]
2025-01-31 22:47:39.557 [info] > git status -z -uall [82ms]
2025-01-31 22:47:40.382 [info] > git show --textconv :hypr/conf/animations/disabled.conf [77ms]
2025-01-31 22:47:40.394 [info] > git ls-files --stage -- /home/aditya/.config/hypr/conf/animations/disabled.conf [17ms]
2025-01-31 22:47:44.631 [info] > git config --get commit.template [4ms]
2025-01-31 22:47:44.687 [info] > git for-each-ref --format=%(refname)%00%(upstream:short)%00%(objectname)%00%(upstream:track)%00%(upstream:remotename)%00%(upstream:remoteref) refs/heads/master refs/remotes/master [5ms]
2025-01-31 22:47:44.798 [info] > git for-each-ref --sort -committerdate --format %(refname) %(objectname) %(*objectname) [8ms]
2025-01-31 22:47:44.832 [info] > git status -z -uall [95ms]
2025-01-31 22:47:46.079 [info] > git show --textconv :hypr/conf/autostart.conf [60ms]
2025-01-31 22:47:46.084 [info] > git ls-files --stage -- /home/aditya/.config/hypr/conf/autostart.conf [8ms]
2025-01-31 22:47:46.857 [info] > git show --textconv :hypr/conf/animation.conf [56ms]
2025-01-31 22:47:46.870 [info] > git ls-files --stage -- /home/aditya/.config/hypr/conf/animation.conf [15ms]
2025-01-31 22:47:49.928 [info] > git config --get commit.template [17ms]
2025-01-31 22:47:49.988 [info] > git for-each-ref --format=%(refname)%00%(upstream:short)%00%(objectname)%00%(upstream:track)%00%(upstream:remotename)%00%(upstream:remoteref) refs/heads/master refs/remotes/master [4ms]
2025-01-31 22:47:50.093 [info] > git for-each-ref --sort -committerdate --format %(refname) %(objectname) %(*objectname) [6ms]
2025-01-31 22:47:50.120 [info] > git status -z -uall [83ms]
2025-01-31 22:47:55.256 [info] > git config --get commit.template [66ms]
2025-01-31 22:47:55.258 [info] > git for-each-ref --format=%(refname)%00%(upstream:short)%00%(objectname)%00%(upstream:track)%00%(upstream:remotename)%00%(upstream:remoteref) refs/heads/master refs/remotes/master [6ms]
2025-01-31 22:47:55.368 [info] > git for-each-ref --sort -committerdate --format %(refname) %(objectname) %(*objectname) [8ms]
2025-01-31 22:47:55.392 [info] > git status -z -uall [84ms]
2025-01-31 22:48:00.463 [info] > git config --get commit.template [4ms]
2025-01-31 22:48:00.518 [info] > git for-each-ref --format=%(refname)%00%(upstream:short)%00%(objectname)%00%(upstream:track)%00%(upstream:remotename)%00%(upstream:remoteref) refs/heads/master refs/remotes/master [6ms]
2025-01-31 22:48:00.628 [info] > git for-each-ref --sort -committerdate --format %(refname) %(objectname) %(*objectname) [4ms]
2025-01-31 22:48:00.656 [info] > git status -z -uall [84ms]
2025-01-31 22:48:08.042 [info] > git config --get commit.template [4ms]
2025-01-31 22:48:08.094 [info] > git for-each-ref --format=%(refname)%00%(upstream:short)%00%(objectname)%00%(upstream:track)%00%(upstream:remotename)%00%(upstream:remoteref) refs/heads/master refs/remotes/master [4ms]
2025-01-31 22:48:08.202 [info] > git for-each-ref --sort -committerdate --format %(refname) %(objectname) %(*objectname) [7ms]
2025-01-31 22:48:08.226 [info] > git status -z -uall [82ms]
2025-01-31 22:48:13.300 [info] > git config --get commit.template [4ms]
2025-01-31 22:48:13.356 [info] > git for-each-ref --format=%(refname)%00%(upstream:short)%00%(objectname)%00%(upstream:track)%00%(upstream:remotename)%00%(upstream:remoteref) refs/heads/master refs/remotes/master [5ms]
2025-01-31 22:48:13.468 [info] > git for-each-ref --sort -committerdate --format %(refname) %(objectname) %(*objectname) [7ms]
2025-01-31 22:48:13.502 [info] > git status -z -uall [95ms]
2025-01-31 22:48:24.032 [info] > git config --get commit.template [61ms]
2025-01-31 22:48:24.035 [info] > git for-each-ref --format=%(refname)%00%(upstream:short)%00%(objectname)%00%(upstream:track)%00%(upstream:remotename)%00%(upstream:remoteref) refs/heads/master refs/remotes/master [10ms]
2025-01-31 22:48:24.147 [info] > git for-each-ref --sort -committerdate --format %(refname) %(objectname) %(*objectname) [6ms]
2025-01-31 22:48:24.178 [info] > git status -z -uall [92ms]
2025-01-31 22:48:41.379 [info] > git config --get commit.template [54ms]
2025-01-31 22:48:41.381 [info] > git for-each-ref --format=%(refname)%00%(upstream:short)%00%(objectname)%00%(upstream:track)%00%(upstream:remotename)%00%(upstream:remoteref) refs/heads/master refs/remotes/master [7ms]
2025-01-31 22:48:41.499 [info] > git for-each-ref --sort -committerdate --format %(refname) %(objectname) %(*objectname) [11ms]
2025-01-31 22:48:41.526 [info] > git status -z -uall [94ms]
2025-01-31 22:48:46.617 [info] > git config --get commit.template [6ms]
2025-01-31 22:48:46.676 [info] > git for-each-ref --format=%(refname)%00%(upstream:short)%00%(objectname)%00%(upstream:track)%00%(upstream:remotename)%00%(upstream:remoteref) refs/heads/master refs/remotes/master [6ms]
2025-01-31 22:48:46.802 [info] > git for-each-ref --sort -committerdate --format %(refname) %(objectname) %(*objectname) [6ms]
2025-01-31 22:48:46.829 [info] > git status -z -uall [99ms]
2025-01-31 22:48:51.948 [info] > git config --get commit.template [55ms]
2025-01-31 22:48:51.950 [info] > git for-each-ref --format=%(refname)%00%(upstream:short)%00%(objectname)%00%(upstream:track)%00%(upstream:remotename)%00%(upstream:remoteref) refs/heads/master refs/remotes/master [7ms]
2025-01-31 22:48:52.059 [info] > git for-each-ref --sort -committerdate --format %(refname) %(objectname) %(*objectname) [7ms]
2025-01-31 22:48:52.086 [info] > git status -z -uall [88ms]
2025-01-31 22:49:02.961 [info] > git config --get commit.template [5ms]
2025-01-31 22:49:03.022 [info] > git for-each-ref --format=%(refname)%00%(upstream:short)%00%(objectname)%00%(upstream:track)%00%(upstream:remotename)%00%(upstream:remoteref) refs/heads/master refs/remotes/master [5ms]
2025-01-31 22:49:03.133 [info] > git for-each-ref --sort -committerdate --format %(refname) %(objectname) %(*objectname) [8ms]
2025-01-31 22:49:03.166 [info] > git status -z -uall [93ms]
2025-01-31 22:49:08.236 [info] > git config --get commit.template [9ms]
2025-01-31 22:49:08.292 [info] > git for-each-ref --format=%(refname)%00%(upstream:short)%00%(objectname)%00%(upstream:track)%00%(upstream:remotename)%00%(upstream:remoteref) refs/heads/master refs/remotes/master [5ms]
2025-01-31 22:49:08.405 [info] > git for-each-ref --sort -committerdate --format %(refname) %(objectname) %(*objectname) [7ms]
2025-01-31 22:49:08.436 [info] > git status -z -uall [89ms]
2025-01-31 22:49:20.419 [info] > git config --get commit.template [5ms]
2025-01-31 22:49:20.472 [info] > git for-each-ref --format=%(refname)%00%(upstream:short)%00%(objectname)%00%(upstream:track)%00%(upstream:remotename)%00%(upstream:remoteref) refs/heads/master refs/remotes/master [5ms]
2025-01-31 22:49:20.587 [info] > git for-each-ref --sort -committerdate --format %(refname) %(objectname) %(*objectname) [6ms]
2025-01-31 22:49:20.617 [info] > git status -z -uall [96ms]
2025-01-31 22:49:44.168 [info] > git config --get commit.template [5ms]
2025-01-31 22:49:44.233 [info] > git for-each-ref --format=%(refname)%00%(upstream:short)%00%(objectname)%00%(upstream:track)%00%(upstream:remotename)%00%(upstream:remoteref) refs/heads/master refs/remotes/master [4ms]
2025-01-31 22:49:44.354 [info] > git for-each-ref --sort -committerdate --format %(refname) %(objectname) %(*objectname) [11ms]
2025-01-31 22:49:44.386 [info] > git status -z -uall [99ms]
2025-01-31 22:51:00.537 [info] > git config --get commit.template [4ms]
2025-01-31 22:51:00.596 [info] > git for-each-ref --format=%(refname)%00%(upstream:short)%00%(objectname)%00%(upstream:track)%00%(upstream:remotename)%00%(upstream:remoteref) refs/heads/master refs/remotes/master [7ms]
2025-01-31 22:51:00.712 [info] > git for-each-ref --sort -committerdate --format %(refname) %(objectname) %(*objectname) [7ms]
2025-01-31 22:51:00.760 [info] > git status -z -uall [110ms]
2025-01-31 22:51:04.737 [info] > git check-ignore -v -z --stdin [7ms]
2025-01-31 22:51:05.834 [info] > git config --get commit.template [5ms]
2025-01-31 22:51:05.900 [info] > git for-each-ref --format=%(refname)%00%(upstream:short)%00%(objectname)%00%(upstream:track)%00%(upstream:remotename)%00%(upstream:remoteref) refs/heads/master refs/remotes/master [14ms]
2025-01-31 22:51:06.014 [info] > git for-each-ref --sort -committerdate --format %(refname) %(objectname) %(*objectname) [7ms]
2025-01-31 22:51:06.049 [info] > git status -z -uall [96ms]
2025-01-31 22:51:13.033 [info] > git for-each-ref --format=%(refname)%00%(upstream:short)%00%(objectname)%00%(upstream:track)%00%(upstream:remotename)%00%(upstream:remoteref) refs/heads/master refs/remotes/master [8ms]
2025-01-31 22:51:13.035 [info] > git config --get commit.template [59ms]
2025-01-31 22:51:13.155 [info] > git for-each-ref --sort -committerdate --format %(refname) %(objectname) %(*objectname) [9ms]
2025-01-31 22:51:13.204 [info] > git status -z -uall [113ms]
2025-01-31 22:51:18.331 [info] > git config --get commit.template [53ms]
2025-01-31 22:51:18.336 [info] > git for-each-ref --format=%(refname)%00%(upstream:short)%00%(objectname)%00%(upstream:track)%00%(upstream:remotename)%00%(upstream:remoteref) refs/heads/master refs/remotes/master [7ms]
2025-01-31 22:51:18.453 [info] > git for-each-ref --sort -committerdate --format %(refname) %(objectname) %(*objectname) [7ms]
2025-01-31 22:51:18.511 [info] > git status -z -uall [121ms]
2025-01-31 22:51:19.994 [info] > git check-ignore -v -z --stdin [6ms]
2025-01-31 22:51:21.372 [info] > git show --textconv :hypr/conf/layouts/default.conf [66ms]
2025-01-31 22:51:21.376 [info] > git ls-files --stage -- /home/aditya/.config/hypr/conf/layouts/default.conf [15ms]
2025-01-31 22:51:22.842 [info] > git show --textconv :hypr/conf/layouts/laptop.conf [59ms]
2025-01-31 22:51:22.848 [info] > git ls-files --stage -- /home/aditya/.config/hypr/conf/layouts/laptop.conf [8ms]
2025-01-31 22:51:23.636 [info] > git for-each-ref --format=%(refname)%00%(upstream:short)%00%(objectname)%00%(upstream:track)%00%(upstream:remotename)%00%(upstream:remoteref) refs/heads/master refs/remotes/master [6ms]
2025-01-31 22:51:23.637 [info] > git config --get commit.template [56ms]
2025-01-31 22:51:23.754 [info] > git for-each-ref --sort -committerdate --format %(refname) %(objectname) %(*objectname) [15ms]
2025-01-31 22:51:23.776 [info] > git status -z -uall [87ms]
2025-01-31 22:51:25.542 [info] > git check-ignore -v -z --stdin [5ms]
2025-01-31 22:51:26.768 [info] > git show --textconv :hypr/conf/keybindings/default.conf [63ms]
2025-01-31 22:51:26.772 [info] > git ls-files --stage -- /home/aditya/.config/hypr/conf/keybindings/default.conf [12ms]
2025-01-31 22:51:28.851 [info] > git config --get commit.template [5ms]
2025-01-31 22:51:28.914 [info] > git for-each-ref --format=%(refname)%00%(upstream:short)%00%(objectname)%00%(upstream:track)%00%(upstream:remotename)%00%(upstream:remoteref) refs/heads/master refs/remotes/master [4ms]
2025-01-31 22:51:29.047 [info] > git for-each-ref --sort -committerdate --format %(refname) %(objectname) %(*objectname) [14ms]
2025-01-31 22:51:29.070 [info] > git status -z -uall [98ms]
2025-01-31 22:51:34.170 [info] > git for-each-ref --format=%(refname)%00%(upstream:short)%00%(objectname)%00%(upstream:track)%00%(upstream:remotename)%00%(upstream:remoteref) refs/heads/master refs/remotes/master [5ms]
2025-01-31 22:51:34.170 [info] > git config --get commit.template [46ms]
2025-01-31 22:51:34.280 [info] > git for-each-ref --sort -committerdate --format %(refname) %(objectname) %(*objectname) [7ms]
2025-01-31 22:51:34.302 [info] > git status -z -uall [80ms]
2025-01-31 22:51:44.047 [info] > git config --get commit.template [4ms]
2025-01-31 22:51:44.092 [info] > git for-each-ref --format=%(refname)%00%(upstream:short)%00%(objectname)%00%(upstream:track)%00%(upstream:remotename)%00%(upstream:remoteref) refs/heads/master refs/remotes/master [4ms]
2025-01-31 22:51:44.191 [info] > git for-each-ref --sort -committerdate --format %(refname) %(objectname) %(*objectname) [15ms]
2025-01-31 22:51:44.211 [info] > git status -z -uall [78ms]
2025-01-31 22:52:14.847 [info] > git blame --root --incremental 277894b0be25fc3e95a7621696eb769202923e30 -- /home/aditya/.config/hypr/conf/keybindings/default.conf [12ms]
2025-01-31 22:52:14.847 [info] fatal: no such path hypr/conf/keybindings/default.conf in 277894b0be25fc3e95a7621696eb769202923e30
2025-01-31 22:52:15.052 [info] > git config --get commit.template [6ms]
2025-01-31 22:52:15.110 [info] > git for-each-ref --format=%(refname)%00%(upstream:short)%00%(objectname)%00%(upstream:track)%00%(upstream:remotename)%00%(upstream:remoteref) refs/heads/master refs/remotes/master [6ms]
2025-01-31 22:52:15.220 [info] > git for-each-ref --sort -committerdate --format %(refname) %(objectname) %(*objectname) [12ms]
2025-01-31 22:52:15.236 [info] > git status -z -uall [77ms]
2025-01-31 22:52:20.993 [info] > git config --get commit.template [57ms]
2025-01-31 22:52:20.996 [info] > git for-each-ref --format=%(refname)%00%(upstream:short)%00%(objectname)%00%(upstream:track)%00%(upstream:remotename)%00%(upstream:remoteref) refs/heads/master refs/remotes/master [7ms]
2025-01-31 22:52:21.102 [info] > git for-each-ref --sort -committerdate --format %(refname) %(objectname) %(*objectname) [7ms]
2025-01-31 22:52:21.132 [info] > git status -z -uall [87ms]
2025-01-31 22:52:38.079 [info] > git config --get commit.template [5ms]
2025-01-31 22:52:38.128 [info] > git for-each-ref --format=%(refname)%00%(upstream:short)%00%(objectname)%00%(upstream:track)%00%(upstream:remotename)%00%(upstream:remoteref) refs/heads/master refs/remotes/master [4ms]
2025-01-31 22:52:38.222 [info] > git for-each-ref --sort -committerdate --format %(refname) %(objectname) %(*objectname) [6ms]
2025-01-31 22:52:38.239 [info] > git status -z -uall [68ms]
2025-01-31 22:52:43.310 [info] > git config --get commit.template [5ms]
2025-01-31 22:52:43.363 [info] > git for-each-ref --format=%(refname)%00%(upstream:short)%00%(objectname)%00%(upstream:track)%00%(upstream:remotename)%00%(upstream:remoteref) refs/heads/master refs/remotes/master [4ms]
2025-01-31 22:52:43.475 [info] > git for-each-ref --sort -committerdate --format %(refname) %(objectname) %(*objectname) [7ms]
2025-01-31 22:52:43.497 [info] > git status -z -uall [84ms]
2025-01-31 22:52:48.578 [info] > git config --get commit.template [9ms]
2025-01-31 22:52:48.632 [info] > git for-each-ref --format=%(refname)%00%(upstream:short)%00%(objectname)%00%(upstream:track)%00%(upstream:remotename)%00%(upstream:remoteref) refs/heads/master refs/remotes/master [4ms]
2025-01-31 22:52:48.738 [info] > git for-each-ref --sort -committerdate --format %(refname) %(objectname) %(*objectname) [5ms]
2025-01-31 22:52:48.772 [info] > git status -z -uall [88ms]
2025-01-31 22:52:56.225 [info] > git check-ignore -v -z --stdin [7ms]
2025-01-31 22:52:58.891 [info] > git check-ignore -v -z --stdin [4ms]
2025-01-31 22:53:01.129 [info] > git config --get commit.template [38ms]
2025-01-31 22:53:01.224 [info] > git for-each-ref --format=%(refname)%00%(upstream:short)%00%(objectname)%00%(upstream:track)%00%(upstream:remotename)%00%(upstream:remoteref) refs/heads/master refs/remotes/master [17ms]
2025-01-31 22:53:01.344 [info] > git for-each-ref --sort -committerdate --format %(refname) %(objectname) %(*objectname) [8ms]
2025-01-31 22:53:01.462 [info] > git status -z -uall [176ms]
2025-01-31 22:53:01.462 [info] > git show --textconv :hypr/conf/workspaces/default.conf [54ms]
2025-01-31 22:53:01.492 [info] > git ls-files --stage -- /home/aditya/.config/hypr/conf/workspaces/default.conf [34ms]
2025-01-31 22:53:13.467 [info] > git config --get commit.template [5ms]
2025-01-31 22:53:13.523 [info] > git for-each-ref --format=%(refname)%00%(upstream:short)%00%(objectname)%00%(upstream:track)%00%(upstream:remotename)%00%(upstream:remoteref) refs/heads/master refs/remotes/master [4ms]
2025-01-31 22:53:13.650 [info] > git for-each-ref --sort -committerdate --format %(refname) %(objectname) %(*objectname) [7ms]
2025-01-31 22:53:13.671 [info] > git status -z -uall [93ms]
2025-01-31 22:53:16.891 [info] > git show --textconv :hypr/conf/keyboard.conf [66ms]
2025-01-31 22:53:16.901 [info] > git ls-files --stage -- /home/aditya/.config/hypr/conf/keyboard.conf [12ms]
2025-01-31 22:53:18.797 [info] > git config --get commit.template [58ms]
2025-01-31 22:53:18.799 [info] > git for-each-ref --format=%(refname)%00%(upstream:short)%00%(objectname)%00%(upstream:track)%00%(upstream:remotename)%00%(upstream:remoteref) refs/heads/master refs/remotes/master [8ms]
2025-01-31 22:53:18.908 [info] > git for-each-ref --sort -committerdate --format %(refname) %(objectname) %(*objectname) [6ms]
2025-01-31 22:53:18.933 [info] > git status -z -uall [83ms]
2025-01-31 22:53:29.206 [info] > git blame --root --incremental 277894b0be25fc3e95a7621696eb769202923e30 -- /home/aditya/.config/hypr/conf/keyboard.conf [11ms]
2025-01-31 22:53:29.206 [info] fatal: no such path hypr/conf/keyboard.conf in 277894b0be25fc3e95a7621696eb769202923e30
2025-01-31 22:53:34.587 [info] > git config --get commit.template [4ms]
2025-01-31 22:53:34.641 [info] > git for-each-ref --format=%(refname)%00%(upstream:short)%00%(objectname)%00%(upstream:track)%00%(upstream:remotename)%00%(upstream:remoteref) refs/heads/master refs/remotes/master [5ms]
2025-01-31 22:53:34.760 [info] > git for-each-ref --sort -committerdate --format %(refname) %(objectname) %(*objectname) [7ms]
2025-01-31 22:53:34.786 [info] > git status -z -uall [94ms]
2025-01-31 22:53:39.862 [info] > git config --get commit.template [5ms]
2025-01-31 22:53:39.921 [info] > git for-each-ref --format=%(refname)%00%(upstream:short)%00%(objectname)%00%(upstream:track)%00%(upstream:remotename)%00%(upstream:remoteref) refs/heads/master refs/remotes/master [4ms]
2025-01-31 22:53:40.039 [info] > git for-each-ref --sort -committerdate --format %(refname) %(objectname) %(*objectname) [8ms]
2025-01-31 22:53:40.068 [info] > git status -z -uall [94ms]
2025-01-31 22:53:45.189 [info] > git config --get commit.template [54ms]
2025-01-31 22:53:45.191 [info] > git for-each-ref --format=%(refname)%00%(upstream:short)%00%(objectname)%00%(upstream:track)%00%(upstream:remotename)%00%(upstream:remoteref) refs/heads/master refs/remotes/master [6ms]
2025-01-31 22:53:45.318 [info] > git for-each-ref --sort -committerdate --format %(refname) %(objectname) %(*objectname) [8ms]
2025-01-31 22:53:45.343 [info] > git status -z -uall [95ms]
2025-01-31 22:53:57.982 [info] > git config --get commit.template [6ms]
2025-01-31 22:53:58.049 [info] > git for-each-ref --format=%(refname)%00%(upstream:short)%00%(objectname)%00%(upstream:track)%00%(upstream:remotename)%00%(upstream:remoteref) refs/heads/master refs/remotes/master [11ms]
2025-01-31 22:53:58.172 [info] > git for-each-ref --sort -committerdate --format %(refname) %(objectname) %(*objectname) [12ms]
2025-01-31 22:53:58.236 [info] > git status -z -uall [133ms]
2025-01-31 22:54:03.368 [info] > git config --get commit.template [61ms]
2025-01-31 22:54:03.370 [info] > git for-each-ref --format=%(refname)%00%(upstream:short)%00%(objectname)%00%(upstream:track)%00%(upstream:remotename)%00%(upstream:remoteref) refs/heads/master refs/remotes/master [7ms]
2025-01-31 22:54:03.495 [info] > git for-each-ref --sort -committerdate --format %(refname) %(objectname) %(*objectname) [7ms]
2025-01-31 22:54:03.522 [info] > git status -z -uall [93ms]
2025-01-31 22:54:08.641 [info] > git config --get commit.template [54ms]
2025-01-31 22:54:08.644 [info] > git for-each-ref --format=%(refname)%00%(upstream:short)%00%(objectname)%00%(upstream:track)%00%(upstream:remotename)%00%(upstream:remoteref) refs/heads/master refs/remotes/master [7ms]
2025-01-31 22:54:08.755 [info] > git for-each-ref --sort -committerdate --format %(refname) %(objectname) %(*objectname) [7ms]
2025-01-31 22:54:08.780 [info] > git status -z -uall [86ms]
2025-01-31 22:54:16.899 [info] > git config --get commit.template [11ms]
2025-01-31 22:54:16.959 [info] > git for-each-ref --format=%(refname)%00%(upstream:short)%00%(objectname)%00%(upstream:track)%00%(upstream:remotename)%00%(upstream:remoteref) refs/heads/master refs/remotes/master [6ms]
2025-01-31 22:54:17.082 [info] > git for-each-ref --sort -committerdate --format %(refname) %(objectname) %(*objectname) [12ms]
2025-01-31 22:54:17.118 [info] > git status -z -uall [102ms]
2025-01-31 22:54:22.250 [info] > git for-each-ref --format=%(refname)%00%(upstream:short)%00%(objectname)%00%(upstream:track)%00%(upstream:remotename)%00%(upstream:remoteref) refs/heads/master refs/remotes/master [9ms]
2025-01-31 22:54:22.251 [info] > git config --get commit.template [63ms]
2025-01-31 22:54:22.367 [info] > git for-each-ref --sort -committerdate --format %(refname) %(objectname) %(*objectname) [6ms]
2025-01-31 22:54:22.386 [info] > git status -z -uall [82ms]
2025-01-31 22:54:27.477 [info] > git config --get commit.template [6ms]
2025-01-31 22:54:27.533 [info] > git for-each-ref --format=%(refname)%00%(upstream:short)%00%(objectname)%00%(upstream:track)%00%(upstream:remotename)%00%(upstream:remoteref) refs/heads/master refs/remotes/master [7ms]
2025-01-31 22:54:27.647 [info] > git for-each-ref --sort -committerdate --format %(refname) %(objectname) %(*objectname) [6ms]
2025-01-31 22:54:27.681 [info] > git status -z -uall [96ms]
2025-01-31 22:54:39.011 [info] > git check-ignore -v -z --stdin [8ms]
2025-01-31 22:54:40.152 [info] > git config --get commit.template [6ms]
2025-01-31 22:54:40.231 [info] > git for-each-ref --format=%(refname)%00%(upstream:short)%00%(objectname)%00%(upstream:track)%00%(upstream:remotename)%00%(upstream:remoteref) refs/heads/master refs/remotes/master [5ms]
2025-01-31 22:54:40.358 [info] > git for-each-ref --sort -committerdate --format %(refname) %(objectname) %(*objectname) [7ms]
2025-01-31 22:54:40.394 [info] > git status -z -uall [103ms]
2025-01-31 22:54:44.603 [info] > git check-ignore -v -z --stdin [7ms]
2025-01-31 22:54:45.470 [info] > git config --get commit.template [7ms]
2025-01-31 22:54:45.542 [info] > git for-each-ref --format=%(refname)%00%(upstream:short)%00%(objectname)%00%(upstream:track)%00%(upstream:remotename)%00%(upstream:remoteref) refs/heads/master refs/remotes/master [10ms]
2025-01-31 22:54:45.700 [info] > git for-each-ref --sort -committerdate --format %(refname) %(objectname) %(*objectname) [36ms]
2025-01-31 22:54:45.717 [info] > git status -z -uall [119ms]
2025-01-31 22:54:46.106 [info] > git check-ignore -v -z --stdin [8ms]
2025-01-31 22:54:49.691 [info] > git check-ignore -v -z --stdin [6ms]
2025-01-31 22:54:50.842 [info] > git config --get commit.template [59ms]
2025-01-31 22:54:50.896 [info] > git for-each-ref --format=%(refname)%00%(upstream:short)%00%(objectname)%00%(upstream:track)%00%(upstream:remotename)%00%(upstream:remoteref) refs/heads/master refs/remotes/master [5ms]
2025-01-31 22:54:51.013 [info] > git for-each-ref --sort -committerdate --format %(refname) %(objectname) %(*objectname) [8ms]
2025-01-31 22:54:51.057 [info] > git status -z -uall [106ms]
2025-01-31 22:54:52.494 [info] > git check-ignore -v -z --stdin [7ms]
2025-01-31 22:54:56.146 [info] > git config --get commit.template [14ms]
2025-01-31 22:54:56.205 [info] > git for-each-ref --format=%(refname)%00%(upstream:short)%00%(objectname)%00%(upstream:track)%00%(upstream:remotename)%00%(upstream:remoteref) refs/heads/master refs/remotes/master [5ms]
2025-01-31 22:54:56.334 [info] > git for-each-ref --sort -committerdate --format %(refname) %(objectname) %(*objectname) [15ms]
2025-01-31 22:54:56.369 [info] > git status -z -uall [110ms]
2025-01-31 22:54:59.370 [info] > git show --textconv :hypr/infolock.sh [59ms]
2025-01-31 22:54:59.374 [info] > git ls-files --stage -- /home/aditya/.config/hypr/infolock.sh [7ms]
2025-01-31 22:55:01.444 [info] > git config --get commit.template [6ms]
2025-01-31 22:55:01.500 [info] > git for-each-ref --format=%(refname)%00%(upstream:short)%00%(objectname)%00%(upstream:track)%00%(upstream:remotename)%00%(upstream:remoteref) refs/heads/master refs/remotes/master [4ms]
2025-01-31 22:55:01.614 [info] > git for-each-ref --sort -committerdate --format %(refname) %(objectname) %(*objectname) [8ms]
2025-01-31 22:55:01.653 [info] > git status -z -uall [102ms]
2025-01-31 22:55:05.155 [info] > git show --textconv :hypr/scripts/infolock.sh [123ms]
2025-01-31 22:55:05.155 [info] > git check-ignore -v -z --stdin [61ms]
2025-01-31 22:55:05.177 [info] > git ls-files --stage -- /home/aditya/.config/hypr/scripts/infolock.sh [25ms]
2025-01-31 22:55:05.249 [info] > git blame --root --incremental 277894b0be25fc3e95a7621696eb769202923e30 -- /home/aditya/.config/hypr/scripts/infolock.sh [5ms]
2025-01-31 22:55:05.249 [info] fatal: no such path hypr/scripts/infolock.sh in 277894b0be25fc3e95a7621696eb769202923e30
2025-01-31 22:55:06.797 [info] > git config --get commit.template [64ms]
2025-01-31 22:55:06.798 [info] > git for-each-ref --format=%(refname)%00%(upstream:short)%00%(objectname)%00%(upstream:track)%00%(upstream:remotename)%00%(upstream:remoteref) refs/heads/master refs/remotes/master [5ms]
2025-01-31 22:55:06.917 [info] > git for-each-ref --sort -committerdate --format %(refname) %(objectname) %(*objectname) [9ms]
2025-01-31 22:55:06.965 [info] > git status -z -uall [115ms]
2025-01-31 22:55:12.040 [info] > git config --get commit.template [12ms]
2025-01-31 22:55:12.147 [info] > git for-each-ref --format=%(refname)%00%(upstream:short)%00%(objectname)%00%(upstream:track)%00%(upstream:remotename)%00%(upstream:remoteref) refs/heads/master refs/remotes/master [47ms]
2025-01-31 22:55:12.299 [info] > git for-each-ref --sort -committerdate --format %(refname) %(objectname) %(*objectname) [10ms]
2025-01-31 22:55:12.453 [info] > git status -z -uall [229ms]
2025-01-31 22:55:12.453 [info] > git show --textconv :hypr/scripts/power.sh [71ms]
2025-01-31 22:55:12.480 [info] > git ls-files --stage -- /home/aditya/.config/hypr/scripts/power.sh [30ms]
2025-01-31 22:55:13.936 [info] > git blame --root --incremental 277894b0be25fc3e95a7621696eb769202923e30 -- /home/aditya/.config/hypr/scripts/power.sh [12ms]
2025-01-31 22:55:13.936 [info] fatal: no such path hypr/scripts/power.sh in 277894b0be25fc3e95a7621696eb769202923e30
2025-01-31 22:55:28.533 [info] > git show --textconv :hypr/scripts/xdg.sh [52ms]
2025-01-31 22:55:28.539 [info] > git ls-files --stage -- /home/aditya/.config/hypr/scripts/xdg.sh [8ms]
2025-01-31 22:55:29.448 [info] > git config --get commit.template [7ms]
2025-01-31 22:55:29.522 [info] > git for-each-ref --format=%(refname)%00%(upstream:short)%00%(objectname)%00%(upstream:track)%00%(upstream:remotename)%00%(upstream:remoteref) refs/heads/master refs/remotes/master [6ms]
2025-01-31 22:55:29.664 [info] > git for-each-ref --sort -committerdate --format %(refname) %(objectname) %(*objectname) [24ms]
2025-01-31 22:55:29.708 [info] > git status -z -uall [125ms]
2025-01-31 22:55:34.829 [info] > git config --get commit.template [56ms]
2025-01-31 22:55:34.832 [info] > git for-each-ref --format=%(refname)%00%(upstream:short)%00%(objectname)%00%(upstream:track)%00%(upstream:remotename)%00%(upstream:remoteref) refs/heads/master refs/remotes/master [6ms]
2025-01-31 22:55:34.953 [info] > git for-each-ref --sort -committerdate --format %(refname) %(objectname) %(*objectname) [12ms]
2025-01-31 22:55:34.988 [info] > git status -z -uall [101ms]
2025-01-31 22:55:44.102 [info] > git config --get commit.template [14ms]
2025-01-31 22:55:44.183 [info] > git for-each-ref --format=%(refname)%00%(upstream:short)%00%(objectname)%00%(upstream:track)%00%(upstream:remotename)%00%(upstream:remoteref) refs/heads/master refs/remotes/master [17ms]
2025-01-31 22:55:44.427 [info] > git status -z -uall [176ms]
2025-01-31 22:55:44.431 [info] > git for-each-ref --sort -committerdate --format %(refname) %(objectname) %(*objectname) [33ms]
2025-01-31 22:55:49.511 [info] > git config --get commit.template [8ms]
2025-01-31 22:55:49.583 [info] > git for-each-ref --format=%(refname)%00%(upstream:short)%00%(objectname)%00%(upstream:track)%00%(upstream:remotename)%00%(upstream:remoteref) refs/heads/master refs/remotes/master [9ms]
2025-01-31 22:55:49.726 [info] > git for-each-ref --sort -committerdate --format %(refname) %(objectname) %(*objectname) [9ms]
2025-01-31 22:55:49.787 [info] > git status -z -uall [133ms]
2025-01-31 22:55:59.149 [info] > git blame --root --incremental 277894b0be25fc3e95a7621696eb769202923e30 -- /home/aditya/.config/hypr/scripts/xdg.sh [12ms]
2025-01-31 22:55:59.149 [info] fatal: no such path hypr/scripts/xdg.sh in 277894b0be25fc3e95a7621696eb769202923e30
2025-01-31 22:56:20.148 [info] > git show --textconv :hypr/hyprland.conf [75ms]
2025-01-31 22:56:20.154 [info] > git ls-files --stage -- /home/aditya/.config/hypr/hyprland.conf [13ms]
2025-01-31 22:56:21.424 [info] > git config --get commit.template [54ms]
2025-01-31 22:56:21.426 [info] > git for-each-ref --format=%(refname)%00%(upstream:short)%00%(objectname)%00%(upstream:track)%00%(upstream:remotename)%00%(upstream:remoteref) refs/heads/master refs/remotes/master [5ms]
2025-01-31 22:56:21.539 [info] > git for-each-ref --sort -committerdate --format %(refname) %(objectname) %(*objectname) [9ms]
2025-01-31 22:56:21.577 [info] > git status -z -uall [100ms]
2025-01-31 22:56:44.123 [info] > git config --get commit.template [6ms]
2025-01-31 22:56:44.180 [info] > git for-each-ref --format=%(refname)%00%(upstream:short)%00%(objectname)%00%(upstream:track)%00%(upstream:remotename)%00%(upstream:remoteref) refs/heads/master refs/remotes/master [5ms]
2025-01-31 22:56:44.299 [info] > git for-each-ref --sort -committerdate --format %(refname) %(objectname) %(*objectname) [9ms]
2025-01-31 22:56:44.338 [info] > git status -z -uall [102ms]
2025-01-31 22:56:51.168 [info] > git show --textconv :hypr/hyprlock.conf [63ms]
2025-01-31 22:56:51.168 [info] > git ls-files --stage -- /home/aditya/.config/hypr/hyprlock.conf [9ms]
2025-01-31 22:56:51.300 [info] > git blame --root --incremental 277894b0be25fc3e95a7621696eb769202923e30 -- /home/aditya/.config/hypr/hyprlock.conf [28ms]
2025-01-31 22:56:51.301 [info] fatal: no such path hypr/hyprlock.conf in 277894b0be25fc3e95a7621696eb769202923e30
2025-01-31 22:56:52.130 [info] > git config --get commit.template [66ms]
2025-01-31 22:56:52.132 [info] > git for-each-ref --format=%(refname)%00%(upstream:short)%00%(objectname)%00%(upstream:track)%00%(upstream:remotename)%00%(upstream:remoteref) refs/heads/master refs/remotes/master [6ms]
2025-01-31 22:56:52.249 [info] > git for-each-ref --sort -committerdate --format %(refname) %(objectname) %(*objectname) [11ms]
2025-01-31 22:56:52.290 [info] > git status -z -uall [103ms]
2025-01-31 22:56:52.944 [info] > git show --textconv :hypr/hypridle.conf [67ms]
2025-01-31 22:56:52.944 [info] > git ls-files --stage -- /home/aditya/.config/hypr/hypridle.conf [7ms]
2025-01-31 22:56:57.421 [info] > git config --get commit.template [64ms]
2025-01-31 22:56:57.425 [info] > git for-each-ref --format=%(refname)%00%(upstream:short)%00%(objectname)%00%(upstream:track)%00%(upstream:remotename)%00%(upstream:remoteref) refs/heads/master refs/remotes/master [5ms]
2025-01-31 22:56:57.544 [info] > git for-each-ref --sort -committerdate --format %(refname) %(objectname) %(*objectname) [11ms]
2025-01-31 22:56:57.575 [info] > git status -z -uall [99ms]
2025-01-31 22:57:13.427 [info] > git blame --root --incremental 277894b0be25fc3e95a7621696eb769202923e30 -- /home/aditya/.config/hypr/hypridle.conf [11ms]
2025-01-31 22:57:13.427 [info] fatal: no such path hypr/hypridle.conf in 277894b0be25fc3e95a7621696eb769202923e30
2025-01-31 22:57:22.614 [info] > git config --get commit.template [51ms]
2025-01-31 22:57:22.618 [info] > git for-each-ref --format=%(refname)%00%(upstream:short)%00%(objectname)%00%(upstream:track)%00%(upstream:remotename)%00%(upstream:remoteref) refs/heads/master refs/remotes/master [6ms]
2025-01-31 22:57:22.732 [info] > git for-each-ref --sort -committerdate --format %(refname) %(objectname) %(*objectname) [9ms]
2025-01-31 22:57:22.772 [info] > git status -z -uall [103ms]
2025-01-31 22:57:27.841 [info] > git config --get commit.template [5ms]
2025-01-31 22:57:27.896 [info] > git for-each-ref --format=%(refname)%00%(upstream:short)%00%(objectname)%00%(upstream:track)%00%(upstream:remotename)%00%(upstream:remoteref) refs/heads/master refs/remotes/master [6ms]
2025-01-31 22:57:28.007 [info] > git for-each-ref --sort -committerdate --format %(refname) %(objectname) %(*objectname) [6ms]
2025-01-31 22:57:28.051 [info] > git status -z -uall [104ms]
2025-01-31 22:57:34.001 [info] > git check-ignore -v -z --stdin [8ms]
2025-01-31 22:57:36.768 [info] > git check-ignore -v -z --stdin [7ms]
2025-01-31 22:57:40.268 [info] > git config --get commit.template [57ms]
2025-01-31 22:57:40.269 [info] > git for-each-ref --format=%(refname)%00%(upstream:short)%00%(objectname)%00%(upstream:track)%00%(upstream:remotename)%00%(upstream:remoteref) refs/heads/master refs/remotes/master [5ms]
2025-01-31 22:57:40.398 [info] > git for-each-ref --sort -committerdate --format %(refname) %(objectname) %(*objectname) [8ms]
2025-01-31 22:57:40.436 [info] > git status -z -uall [101ms]
2025-01-31 22:57:42.564 [info] > git check-ignore -v -z --stdin [6ms]
2025-01-31 22:57:45.511 [info] > git config --get commit.template [5ms]
2025-01-31 22:57:45.569 [info] > git for-each-ref --format=%(refname)%00%(upstream:short)%00%(objectname)%00%(upstream:track)%00%(upstream:remotename)%00%(upstream:remoteref) refs/heads/master refs/remotes/master [5ms]
2025-01-31 22:57:45.681 [info] > git for-each-ref --sort -committerdate --format %(refname) %(objectname) %(*objectname) [7ms]
2025-01-31 22:57:45.723 [info] > git status -z -uall [102ms]
2025-01-31 22:57:45.943 [info] > git check-ignore -v -z --stdin [74ms]
2025-01-31 22:57:47.460 [info] > git show --textconv :teamviewer/client.conf [76ms]
2025-01-31 22:57:47.472 [info] > git ls-files --stage -- /home/aditya/.config/teamviewer/client.conf [17ms]
2025-01-31 22:57:50.845 [info] > git config --get commit.template [57ms]
2025-01-31 22:57:50.848 [info] > git for-each-ref --format=%(refname)%00%(upstream:short)%00%(objectname)%00%(upstream:track)%00%(upstream:remotename)%00%(upstream:remoteref) refs/heads/master refs/remotes/master [8ms]
2025-01-31 22:57:50.963 [info] > git for-each-ref --sort -committerdate --format %(refname) %(objectname) %(*objectname) [7ms]
2025-01-31 22:57:51.014 [info] > git status -z -uall [113ms]
2025-01-31 22:58:34.410 [info] > git config --get commit.template [5ms]
2025-01-31 22:58:34.477 [info] > git for-each-ref --format=%(refname)%00%(upstream:short)%00%(objectname)%00%(upstream:track)%00%(upstream:remotename)%00%(upstream:remoteref) refs/heads/master refs/remotes/master [7ms]
2025-01-31 22:58:34.607 [info] > git for-each-ref --sort -committerdate --format %(refname) %(objectname) %(*objectname) [16ms]
2025-01-31 22:58:34.669 [info] > git status -z -uall [135ms]
2025-01-31 22:58:36.170 [info] > git check-ignore -v -z --stdin [5ms]
2025-01-31 22:58:37.298 [info] > git show --textconv :hypr/hypridle.conf [114ms]
2025-01-31 22:58:37.319 [info] > git ls-files --stage -- /home/aditya/.config/hypr/hypridle.conf [31ms]
2025-01-31 22:58:37.567 [info] > git check-ignore -v -z --stdin [18ms]
2025-01-31 22:58:39.814 [info] > git config --get commit.template [67ms]
2025-01-31 22:58:39.817 [info] > git for-each-ref --format=%(refname)%00%(upstream:short)%00%(objectname)%00%(upstream:track)%00%(upstream:remotename)%00%(upstream:remoteref) refs/heads/master refs/remotes/master [7ms]
2025-01-31 22:58:39.954 [info] > git for-each-ref --sort -committerdate --format %(refname) %(objectname) %(*objectname) [6ms]
2025-01-31 22:58:40.002 [info] > git status -z -uall [119ms]
2025-01-31 22:58:45.126 [info] > git config --get commit.template [56ms]
2025-01-31 22:58:45.128 [info] > git for-each-ref --format=%(refname)%00%(upstream:short)%00%(objectname)%00%(upstream:track)%00%(upstream:remotename)%00%(upstream:remoteref) refs/heads/master refs/remotes/master [7ms]
2025-01-31 22:58:45.242 [info] > git for-each-ref --sort -committerdate --format %(refname) %(objectname) %(*objectname) [10ms]
2025-01-31 22:58:45.281 [info] > git status -z -uall [102ms]
2025-01-31 22:58:47.657 [info] > git check-ignore -v -z --stdin [7ms]
2025-01-31 22:58:54.183 [info] > git check-ignore -v -z --stdin [6ms]
2025-01-31 22:58:54.931 [info] > git config --get commit.template [62ms]
2025-01-31 22:58:54.934 [info] > git for-each-ref --format=%(refname)%00%(upstream:short)%00%(objectname)%00%(upstream:track)%00%(upstream:remotename)%00%(upstream:remoteref) refs/heads/master refs/remotes/master [11ms]
2025-01-31 22:58:55.048 [info] > git for-each-ref --sort -committerdate --format %(refname) %(objectname) %(*objectname) [7ms]
2025-01-31 22:58:55.101 [info] > git status -z -uall [112ms]
2025-01-31 22:58:57.132 [info] > git check-ignore -v -z --stdin [7ms]
2025-01-31 22:59:03.913 [info] > git show --textconv :xfce4/xfconf/xfce-perchannel-xml/xsettings.xml [62ms]
2025-01-31 22:59:03.933 [info] > git ls-files --stage -- /home/aditya/.config/xfce4/xfconf/xfce-perchannel-xml/xsettings.xml [24ms]
2025-01-31 22:59:03.999 [info] > git cat-file -s e20cdc9da672555527b44d89b2c5f229b8c40073 [11ms]
2025-01-31 22:59:05.059 [info] > git config --get commit.template [5ms]
2025-01-31 22:59:05.121 [info] > git for-each-ref --format=%(refname)%00%(upstream:short)%00%(objectname)%00%(upstream:track)%00%(upstream:remotename)%00%(upstream:remoteref) refs/heads/master refs/remotes/master [5ms]
2025-01-31 22:59:05.252 [info] > git for-each-ref --sort -committerdate --format %(refname) %(objectname) %(*objectname) [6ms]
2025-01-31 22:59:05.307 [info] > git status -z -uall [130ms]
2025-01-31 22:59:07.698 [info] > git show --textconv :xfce4/xfconf/xfce-perchannel-xml/displays.xml [60ms]
2025-01-31 22:59:07.703 [info] > git ls-files --stage -- /home/aditya/.config/xfce4/xfconf/xfce-perchannel-xml/displays.xml [9ms]
2025-01-31 22:59:07.771 [info] > git cat-file -s 42d000d18851fcccb8ec14d6a61eab7071c3e737 [14ms]
2025-01-31 22:59:10.351 [info] > git show --textconv :xfce4/xfconf/xfce-perchannel-xml/thunar.xml [68ms]
2025-01-31 22:59:10.416 [info] > git ls-files --stage -- /home/aditya/.config/xfce4/xfconf/xfce-perchannel-xml/thunar.xml [67ms]
2025-01-31 22:59:10.484 [info] > git cat-file -s d7db272d066951ff4b65d91a562aac4ffe5a874e [10ms]
2025-01-31 22:59:10.485 [info] > git config --get commit.template [72ms]
2025-01-31 22:59:10.577 [info] > git for-each-ref --format=%(refname)%00%(upstream:short)%00%(objectname)%00%(upstream:track)%00%(upstream:remotename)%00%(upstream:remoteref) refs/heads/master refs/remotes/master [13ms]
2025-01-31 22:59:10.713 [info] > git for-each-ref --sort -committerdate --format %(refname) %(objectname) %(*objectname) [9ms]
2025-01-31 22:59:10.751 [info] > git status -z -uall [109ms]
2025-01-31 22:59:11.617 [info] > git show --textconv :xfce4/xfconf/xfce-perchannel-xml/xfce4-power-manager.xml [56ms]
2025-01-31 22:59:11.623 [info] > git ls-files --stage -- /home/aditya/.config/xfce4/xfconf/xfce-perchannel-xml/xfce4-power-manager.xml [8ms]
2025-01-31 22:59:11.687 [info] > git cat-file -s fc7499eb7cafb49364d17d8dc4b60ac88a83f7f6 [12ms]
2025-01-31 22:59:15.851 [info] > git config --get commit.template [6ms]
2025-01-31 22:59:16.045 [info] > git show --textconv :xfce4/xfconf/xfce-perchannel-xml/xfce4-settings-manager.xml [61ms]
2025-01-31 22:59:16.047 [info] > git ls-files --stage -- /home/aditya/.config/xfce4/xfconf/xfce-perchannel-xml/xfce4-settings-manager.xml [13ms]
2025-01-31 22:59:16.104 [info] > git for-each-ref --format=%(refname)%00%(upstream:short)%00%(objectname)%00%(upstream:track)%00%(upstream:remotename)%00%(upstream:remoteref) refs/heads/master refs/remotes/master [178ms]
2025-01-31 22:59:16.115 [info] > git cat-file -s 48ecd25c94c96e84549d841656bf81f151dd7e82 [11ms]
2025-01-31 22:59:16.233 [info] > git for-each-ref --sort -committerdate --format %(refname) %(objectname) %(*objectname) [9ms]
2025-01-31 22:59:16.274 [info] > git status -z -uall [101ms]
2025-01-31 22:59:21.341 [info] > git config --get commit.template [5ms]
2025-01-31 22:59:21.396 [info] > git for-each-ref --format=%(refname)%00%(upstream:short)%00%(objectname)%00%(upstream:track)%00%(upstream:remotename)%00%(upstream:remoteref) refs/heads/master refs/remotes/master [5ms]
2025-01-31 22:59:21.504 [info] > git for-each-ref --sort -committerdate --format %(refname) %(objectname) %(*objectname) [5ms]
2025-01-31 22:59:21.544 [info] > git status -z -uall [97ms]
2025-01-31 22:59:26.618 [info] > git config --get commit.template [6ms]
2025-01-31 22:59:26.682 [info] > git for-each-ref --format=%(refname)%00%(upstream:short)%00%(objectname)%00%(upstream:track)%00%(upstream:remotename)%00%(upstream:remoteref) refs/heads/master refs/remotes/master [6ms]
2025-01-31 22:59:26.813 [info] > git for-each-ref --sort -committerdate --format %(refname) %(objectname) %(*objectname) [8ms]
2025-01-31 22:59:26.862 [info] > git status -z -uall [122ms]
2025-01-31 23:00:16.202 [info] > git config --get commit.template [8ms]
2025-01-31 23:00:16.267 [info] > git for-each-ref --format=%(refname)%00%(upstream:short)%00%(objectname)%00%(upstream:track)%00%(upstream:remotename)%00%(upstream:remoteref) refs/heads/master refs/remotes/master [6ms]
2025-01-31 23:00:16.392 [info] > git for-each-ref --sort -committerdate --format %(refname) %(objectname) %(*objectname) [7ms]
2025-01-31 23:00:16.482 [info] > git status -z -uall [158ms]
2025-01-31 23:00:18.160 [info] > git show --textconv :xfce4/xfconf/xfce-perchannel-xml/xsettings.xml [76ms]
2025-01-31 23:00:18.169 [info] > git ls-files --stage -- /home/aditya/.config/xfce4/xfconf/xfce-perchannel-xml/xsettings.xml [11ms]
2025-01-31 23:00:18.228 [info] > git cat-file -s e20cdc9da672555527b44d89b2c5f229b8c40073 [7ms]
2025-01-31 23:00:19.308 [info] > git show --textconv :xfce4/xfconf/xfce-perchannel-xml/xfwm4.xml [73ms]
2025-01-31 23:00:19.314 [info] > git ls-files --stage -- /home/aditya/.config/xfce4/xfconf/xfce-perchannel-xml/xfwm4.xml [18ms]
2025-01-31 23:00:19.392 [info] > git cat-file -s 7ba599096fb975f03be3d456fa7c1ed0f69c8188 [15ms]
2025-01-31 23:00:20.643 [info] > git show --textconv :xfce4/xfconf/xfce-perchannel-xml/xfce4-terminal.xml [74ms]
2025-01-31 23:00:20.653 [info] > git ls-files --stage -- /home/aditya/.config/xfce4/xfconf/xfce-perchannel-xml/xfce4-terminal.xml [17ms]
2025-01-31 23:00:20.710 [info] > git cat-file -s bd7bcb1adabb4694ff71e57e57335506a5418f81 [8ms]
2025-01-31 23:00:21.558 [info] > git config --get commit.template [4ms]
2025-01-31 23:00:21.614 [info] > git for-each-ref --format=%(refname)%00%(upstream:short)%00%(objectname)%00%(upstream:track)%00%(upstream:remotename)%00%(upstream:remoteref) refs/heads/master refs/remotes/master [4ms]
2025-01-31 23:00:21.731 [info] > git for-each-ref --sort -committerdate --format %(refname) %(objectname) %(*objectname) [8ms]
2025-01-31 23:00:21.764 [info] > git status -z -uall [96ms]
2025-01-31 23:00:22.336 [info] > git show --textconv :xfce4/xfconf/xfce-perchannel-xml/xfce4-session.xml [79ms]
2025-01-31 23:00:22.355 [info] > git ls-files --stage -- /home/aditya/.config/xfce4/xfconf/xfce-perchannel-xml/xfce4-session.xml [22ms]
2025-01-31 23:00:22.446 [info] > git cat-file -s 8fac3153b73056259c6db961a1be340995a05aee [13ms]
2025-01-31 23:00:44.942 [info] > git config --get commit.template [23ms]
2025-01-31 23:00:45.037 [info] > git for-each-ref --format=%(refname)%00%(upstream:short)%00%(objectname)%00%(upstream:track)%00%(upstream:remotename)%00%(upstream:remoteref) refs/heads/master refs/remotes/master [10ms]
2025-01-31 23:00:45.183 [info] > git for-each-ref --sort -committerdate --format %(refname) %(objectname) %(*objectname) [10ms]
2025-01-31 23:00:45.222 [info] > git status -z -uall [119ms]
2025-01-31 23:00:50.304 [info] > git config --get commit.template [7ms]
2025-01-31 23:00:50.365 [info] > git for-each-ref --format=%(refname)%00%(upstream:short)%00%(objectname)%00%(upstream:track)%00%(upstream:remotename)%00%(upstream:remoteref) refs/heads/master refs/remotes/master [5ms]
2025-01-31 23:00:50.485 [info] > git for-each-ref --sort -committerdate --format %(refname) %(objectname) %(*objectname) [8ms]
2025-01-31 23:00:50.556 [info] > git status -z -uall [134ms]
2025-01-31 23:00:53.375 [info] > git check-ignore -v -z --stdin [8ms]
2025-01-31 23:00:55.527 [info] > git show --textconv :hypr/hypridle.conf [58ms]
2025-01-31 23:00:55.538 [info] > git ls-files --stage -- /home/aditya/.config/hypr/hypridle.conf [12ms]
2025-01-31 23:00:55.681 [info] > git config --get commit.template [56ms]
2025-01-31 23:00:55.683 [info] > git for-each-ref --format=%(refname)%00%(upstream:short)%00%(objectname)%00%(upstream:track)%00%(upstream:remotename)%00%(upstream:remoteref) refs/heads/master refs/remotes/master [9ms]
2025-01-31 23:00:55.800 [info] > git for-each-ref --sort -committerdate --format %(refname) %(objectname) %(*objectname) [5ms]
2025-01-31 23:00:55.842 [info] > git status -z -uall [102ms]
2025-01-31 23:01:00.978 [info] > git config --get commit.template [63ms]
2025-01-31 23:01:00.980 [info] > git for-each-ref --format=%(refname)%00%(upstream:short)%00%(objectname)%00%(upstream:track)%00%(upstream:remotename)%00%(upstream:remoteref) refs/heads/master refs/remotes/master [7ms]
2025-01-31 23:01:01.109 [info] > git for-each-ref --sort -committerdate --format %(refname) %(objectname) %(*objectname) [9ms]
2025-01-31 23:01:01.167 [info] > git status -z -uall [129ms]
2025-01-31 23:01:10.368 [info] > git check-ignore -v -z --stdin [6ms]
2025-01-31 23:01:11.064 [info] > git config --get commit.template [4ms]
2025-01-31 23:01:11.121 [info] > git for-each-ref --format=%(refname)%00%(upstream:short)%00%(objectname)%00%(upstream:track)%00%(upstream:remotename)%00%(upstream:remoteref) refs/heads/master refs/remotes/master [7ms]
2025-01-31 23:01:11.247 [info] > git for-each-ref --sort -committerdate --format %(refname) %(objectname) %(*objectname) [7ms]
2025-01-31 23:01:11.297 [info] > git status -z -uall [125ms]
2025-01-31 23:01:11.876 [info] > git show --textconv :viewnior/viewnior.conf [56ms]
2025-01-31 23:01:11.883 [info] > git ls-files --stage -- /home/aditya/.config/viewnior/viewnior.conf [9ms]
2025-01-31 23:01:11.937 [info] > git cat-file -s 1d9d47b7c719aa110395615304d520860a4bb536 [7ms]
2025-01-31 23:01:14.501 [info] > git show --textconv :viewnior/accel_map [64ms]
2025-01-31 23:01:14.507 [info] > git ls-files --stage -- /home/aditya/.config/viewnior/accel_map [8ms]
2025-01-31 23:01:14.570 [info] > git cat-file -s 78bd78a3b82cf9e1ca0aec78c28cda20445d0730 [12ms]
2025-01-31 23:01:16.450 [info] > git config --get commit.template [85ms]
2025-01-31 23:01:16.455 [info] > git for-each-ref --format=%(refname)%00%(upstream:short)%00%(objectname)%00%(upstream:track)%00%(upstream:remotename)%00%(upstream:remoteref) refs/heads/master refs/remotes/master [14ms]
2025-01-31 23:01:16.609 [info] > git for-each-ref --sort -committerdate --format %(refname) %(objectname) %(*objectname) [13ms]
2025-01-31 23:01:16.649 [info] > git status -z -uall [131ms]
2025-01-31 23:01:20.865 [info] > git check-ignore -v -z --stdin [5ms]
2025-01-31 23:01:22.324 [info] > git show --textconv :waypaper/config.ini [63ms]
2025-01-31 23:01:22.329 [info] > git ls-files --stage -- /home/aditya/.config/waypaper/config.ini [9ms]
2025-01-31 23:01:23.576 [info] > git config --get commit.template [61ms]
2025-01-31 23:01:23.578 [info] > git for-each-ref --format=%(refname)%00%(upstream:short)%00%(objectname)%00%(upstream:track)%00%(upstream:remotename)%00%(upstream:remoteref) refs/heads/master refs/remotes/master [6ms]
2025-01-31 23:01:23.701 [info] > git for-each-ref --sort -committerdate --format %(refname) %(objectname) %(*objectname) [8ms]
2025-01-31 23:01:23.737 [info] > git status -z -uall [101ms]
2025-01-31 23:01:27.429 [info] > git check-ignore -v -z --stdin [8ms]
2025-01-31 23:01:29.345 [info] > git check-ignore -v -z --stdin [8ms]
2025-01-31 23:01:30.374 [info] > git show --textconv :wal/templates/colors-hyprland.conf [97ms]
2025-01-31 23:01:30.407 [info] > git ls-files --stage -- /home/aditya/.config/wal/templates/colors-hyprland.conf [42ms]
2025-01-31 23:01:31.653 [info] > git config --get commit.template [54ms]
2025-01-31 23:01:31.655 [info] > git for-each-ref --format=%(refname)%00%(upstream:short)%00%(objectname)%00%(upstream:track)%00%(upstream:remotename)%00%(upstream:remoteref) refs/heads/master refs/remotes/master [6ms]
2025-01-31 23:01:31.777 [info] > git for-each-ref --sort -committerdate --format %(refname) %(objectname) %(*objectname) [6ms]
2025-01-31 23:01:31.821 [info] > git status -z -uall [112ms]
2025-01-31 23:01:36.959 [info] > git config --get commit.template [60ms]
2025-01-31 23:01:36.961 [info] > git for-each-ref --format=%(refname)%00%(upstream:short)%00%(objectname)%00%(upstream:track)%00%(upstream:remotename)%00%(upstream:remoteref) refs/heads/master refs/remotes/master [5ms]
2025-01-31 23:01:37.078 [info] > git for-each-ref --sort -committerdate --format %(refname) %(objectname) %(*objectname) [6ms]
2025-01-31 23:01:37.131 [info] > git status -z -uall [115ms]
2025-01-31 23:01:39.719 [info] > git show --textconv :wal/templates/colors-waybar.css [60ms]
2025-01-31 23:01:39.732 [info] > git ls-files --stage -- /home/aditya/.config/wal/templates/colors-waybar.css [21ms]
2025-01-31 23:01:42.212 [info] > git config --get commit.template [4ms]
2025-01-31 23:01:42.266 [info] > git for-each-ref --format=%(refname)%00%(upstream:short)%00%(objectname)%00%(upstream:track)%00%(upstream:remotename)%00%(upstream:remoteref) refs/heads/master refs/remotes/master [4ms]
2025-01-31 23:01:42.376 [info] > git for-each-ref --sort -committerdate --format %(refname) %(objectname) %(*objectname) [5ms]
2025-01-31 23:01:42.419 [info] > git status -z -uall [99ms]
2025-01-31 23:01:47.541 [info] > git config --get commit.template [57ms]
2025-01-31 23:01:47.543 [info] > git for-each-ref --format=%(refname)%00%(upstream:short)%00%(objectname)%00%(upstream:track)%00%(upstream:remotename)%00%(upstream:remoteref) refs/heads/master refs/remotes/master [6ms]
2025-01-31 23:01:47.675 [info] > git for-each-ref --sort -committerdate --format %(refname) %(objectname) %(*objectname) [8ms]
2025-01-31 23:01:47.719 [info] > git status -z -uall [125ms]
2025-01-31 23:01:50.925 [info] > git check-ignore -v -z --stdin [7ms]
2025-01-31 23:01:52.851 [info] > git config --get commit.template [68ms]
2025-01-31 23:01:52.853 [info] > git for-each-ref --format=%(refname)%00%(upstream:short)%00%(objectname)%00%(upstream:track)%00%(upstream:remotename)%00%(upstream:remoteref) refs/heads/master refs/remotes/master [7ms]
2025-01-31 23:01:52.961 [info] > git for-each-ref --sort -committerdate --format %(refname) %(objectname) %(*objectname) [5ms]
2025-01-31 23:01:53.001 [info] > git status -z -uall [98ms]
2025-01-31 23:01:53.644 [info] > git check-ignore -v -z --stdin [7ms]
2025-01-31 23:01:58.135 [info] > git for-each-ref --format=%(refname)%00%(upstream:short)%00%(objectname)%00%(upstream:track)%00%(upstream:remotename)%00%(upstream:remoteref) refs/heads/master refs/remotes/master [13ms]
2025-01-31 23:01:58.136 [info] > git config --get commit.template [71ms]
2025-01-31 23:01:58.251 [info] > git for-each-ref --sort -committerdate --format %(refname) %(objectname) %(*objectname) [7ms]
2025-01-31 23:01:58.288 [info] > git status -z -uall [97ms]
2025-01-31 23:02:20.627 [info] > git show --textconv :waybar/scripts/brightness-control.sh [89ms]
2025-01-31 23:02:20.630 [info] > git ls-files --stage -- /home/aditya/.config/waybar/scripts/brightness-control.sh [14ms]
2025-01-31 23:02:20.704 [info] > git cat-file -s 1a8b6fe3729214a5f5cf6ec0bbbbcd85fa382aed [15ms]
2025-01-31 23:02:21.774 [info] > git config --get commit.template [7ms]
2025-01-31 23:02:21.842 [info] > git for-each-ref --format=%(refname)%00%(upstream:short)%00%(objectname)%00%(upstream:track)%00%(upstream:remotename)%00%(upstream:remoteref) refs/heads/master refs/remotes/master [7ms]
2025-01-31 23:02:21.968 [info] > git for-each-ref --sort -committerdate --format %(refname) %(objectname) %(*objectname) [6ms]
2025-01-31 23:02:22.016 [info] > git status -z -uall [118ms]
2025-01-31 23:02:44.170 [info] > git config --get commit.template [4ms]
2025-01-31 23:02:44.237 [info] > git for-each-ref --format=%(refname)%00%(upstream:short)%00%(objectname)%00%(upstream:track)%00%(upstream:remotename)%00%(upstream:remoteref) refs/heads/master refs/remotes/master [9ms]
2025-01-31 23:02:44.353 [info] > git for-each-ref --sort -committerdate --format %(refname) %(objectname) %(*objectname) [7ms]
2025-01-31 23:02:44.405 [info] > git status -z -uall [117ms]
2025-01-31 23:02:50.944 [info] > git blame --root --incremental 277894b0be25fc3e95a7621696eb769202923e30 -- /home/aditya/.config/waybar/scripts/brightness-control.sh [18ms]
2025-01-31 23:03:00.894 [info] > git show --textconv :waybar/scripts/volume-control.sh [67ms]
2025-01-31 23:03:00.899 [info] > git ls-files --stage -- /home/aditya/.config/waybar/scripts/volume-control.sh [9ms]
2025-01-31 23:03:00.952 [info] > git cat-file -s b9953a4eb7bbd18279339b88f5a0ce41a9f04cee [4ms]
2025-01-31 23:03:01.863 [info] > git config --get commit.template [61ms]
2025-01-31 23:03:01.865 [info] > git for-each-ref --format=%(refname)%00%(upstream:short)%00%(objectname)%00%(upstream:track)%00%(upstream:remotename)%00%(upstream:remoteref) refs/heads/master refs/remotes/master [4ms]
2025-01-31 23:03:01.991 [info] > git for-each-ref --sort -committerdate --format %(refname) %(objectname) %(*objectname) [14ms]
2025-01-31 23:03:02.030 [info] > git status -z -uall [113ms]
2025-01-31 23:03:03.392 [info] > git blame --root --incremental 277894b0be25fc3e95a7621696eb769202923e30 -- /home/aditya/.config/waybar/scripts/volume-control.sh [15ms]
2025-01-31 23:03:20.504 [info] > git config --get commit.template [26ms]
2025-01-31 23:03:20.643 [info] > git for-each-ref --format=%(refname)%00%(upstream:short)%00%(objectname)%00%(upstream:track)%00%(upstream:remotename)%00%(upstream:remoteref) refs/heads/master refs/remotes/master [54ms]
2025-01-31 23:03:20.836 [info] > git for-each-ref --sort -committerdate --format %(refname) %(objectname) %(*objectname) [9ms]
2025-01-31 23:03:20.902 [info] > git status -z -uall [146ms]
2025-01-31 23:03:21.449 [info] > git show --textconv :waybar/config.jsonc [124ms]
2025-01-31 23:03:21.450 [info] > git ls-files --stage -- /home/aditya/.config/waybar/config.jsonc [29ms]
2025-01-31 23:03:21.533 [info] > git cat-file -s aa6038d43a8cf8233d83985b6df2f5eb0a40d2ad [15ms]
2025-01-31 23:03:22.218 [info] > git blame --root --incremental 277894b0be25fc3e95a7621696eb769202923e30 -- /home/aditya/.config/waybar/config.jsonc [17ms]
2025-01-31 23:03:25.974 [info] > git config --get commit.template [4ms]
2025-01-31 23:03:26.031 [info] > git for-each-ref --format=%(refname)%00%(upstream:short)%00%(objectname)%00%(upstream:track)%00%(upstream:remotename)%00%(upstream:remoteref) refs/heads/master refs/remotes/master [6ms]
2025-01-31 23:03:26.141 [info] > git for-each-ref --sort -committerdate --format %(refname) %(objectname) %(*objectname) [6ms]
2025-01-31 23:03:26.186 [info] > git status -z -uall [103ms]
2025-01-31 23:03:44.190 [info] > git config --get commit.template [5ms]
2025-01-31 23:03:44.262 [info] > git for-each-ref --format=%(refname)%00%(upstream:short)%00%(objectname)%00%(upstream:track)%00%(upstream:remotename)%00%(upstream:remoteref) refs/heads/master refs/remotes/master [8ms]
2025-01-31 23:03:44.385 [info] > git for-each-ref --sort -committerdate --format %(refname) %(objectname) %(*objectname) [6ms]
2025-01-31 23:03:44.433 [info] > git status -z -uall [112ms]
