[Info  - 11:36:09 PM] {"type":"usage","messageType":"initialize"}
[Error - 11:36:43 PM] WARNING: graphql-config error, only highlighting is enabled:
GraphQL Config file is not available in the provided config directory: /home/aditya/Desktop/website-sekolah
Please check the config directory.
for more information on using 'graphql-config' with 'graphql-language-service-server', 
see the documentation at https://www.npmjs.com/package/graphql-language-service-server#user-content-graphql-configuration-file
[Error - 11:36:43 PM] WARNING: graphql-config error, only highlighting is enabled:
GraphQL Config file is not available in the provided config directory: /home/aditya/Desktop/website-sekolah
Please check the config directory.
for more information on using 'graphql-config' with 'graphql-language-service-server', 
see the documentation at https://www.npmjs.com/package/graphql-language-service-server#user-content-graphql-configuration-file
[Error - 11:36:43 PM] WARNING: graphql-config error, only highlighting is enabled:
GraphQL Config file is not available in the provided config directory: /home/aditya/Desktop/website-sekolah
Please check the config directory.
for more information on using 'graphql-config' with 'graphql-language-service-server', 
see the documentation at https://www.npmjs.com/package/graphql-language-service-server#user-content-graphql-configuration-file
[Error - 11:36:43 PM] WARNING: graphql-config error, only highlighting is enabled:
GraphQL Config file is not available in the provided config directory: /home/aditya/Desktop/website-sekolah
Please check the config directory.
for more information on using 'graphql-config' with 'graphql-language-service-server', 
see the documentation at https://www.npmjs.com/package/graphql-language-service-server#user-content-graphql-configuration-file
[Error - 11:36:43 PM] WARNING: graphql-config error, only highlighting is enabled:
GraphQL Config file is not available in the provided config directory: /home/aditya/Desktop/website-sekolah
Please check the config directory.
for more information on using 'graphql-config' with 'graphql-language-service-server', 
see the documentation at https://www.npmjs.com/package/graphql-language-service-server#user-content-graphql-configuration-file
[Error - 11:36:43 PM] WARNING: graphql-config error, only highlighting is enabled:
GraphQL Config file is not available in the provided config directory: /home/aditya/Desktop/website-sekolah
Please check the config directory.
for more information on using 'graphql-config' with 'graphql-language-service-server', 
see the documentation at https://www.npmjs.com/package/graphql-language-service-server#user-content-graphql-configuration-file
[Error - 11:36:43 PM] WARNING: graphql-config error, only highlighting is enabled:
GraphQL Config file is not available in the provided config directory: /home/aditya/Desktop/website-sekolah
Please check the config directory.
for more information on using 'graphql-config' with 'graphql-language-service-server', 
see the documentation at https://www.npmjs.com/package/graphql-language-service-server#user-content-graphql-configuration-file
[Error - 11:36:43 PM] WARNING: graphql-config error, only highlighting is enabled:
GraphQL Config file is not available in the provided config directory: /home/aditya/Desktop/website-sekolah
Please check the config directory.
for more information on using 'graphql-config' with 'graphql-language-service-server', 
see the documentation at https://www.npmjs.com/package/graphql-language-service-server#user-content-graphql-configuration-file
[Error - 11:36:43 PM] WARNING: graphql-config error, only highlighting is enabled:
GraphQL Config file is not available in the provided config directory: /home/aditya/Desktop/website-sekolah
Please check the config directory.
for more information on using 'graphql-config' with 'graphql-language-service-server', 
see the documentation at https://www.npmjs.com/package/graphql-language-service-server#user-content-graphql-configuration-file
[Error - 11:36:43 PM] WARNING: graphql-config error, only highlighting is enabled:
GraphQL Config file is not available in the provided config directory: /home/aditya/Desktop/website-sekolah
Please check the config directory.
for more information on using 'graphql-config' with 'graphql-language-service-server', 
see the documentation at https://www.npmjs.com/package/graphql-language-service-server#user-content-graphql-configuration-file
[Error - 11:36:43 PM] WARNING: graphql-config error, only highlighting is enabled:
GraphQL Config file is not available in the provided config directory: /home/aditya/Desktop/website-sekolah
Please check the config directory.
for more information on using 'graphql-config' with 'graphql-language-service-server', 
see the documentation at https://www.npmjs.com/package/graphql-language-service-server#user-content-graphql-configuration-file
[Error - 11:36:43 PM] WARNING: graphql-config error, only highlighting is enabled:
GraphQL Config file is not available in the provided config directory: /home/aditya/Desktop/website-sekolah
Please check the config directory.
for more information on using 'graphql-config' with 'graphql-language-service-server', 
see the documentation at https://www.npmjs.com/package/graphql-language-service-server#user-content-graphql-configuration-file
[Error - 11:36:43 PM] WARNING: graphql-config error, only highlighting is enabled:
GraphQL Config file is not available in the provided config directory: /home/aditya/Desktop/website-sekolah
Please check the config directory.
for more information on using 'graphql-config' with 'graphql-language-service-server', 
see the documentation at https://www.npmjs.com/package/graphql-language-service-server#user-content-graphql-configuration-file
[Error - 11:36:43 PM] WARNING: graphql-config error, only highlighting is enabled:
GraphQL Config file is not available in the provided config directory: /home/aditya/Desktop/website-sekolah
Please check the config directory.
for more information on using 'graphql-config' with 'graphql-language-service-server', 
see the documentation at https://www.npmjs.com/package/graphql-language-service-server#user-content-graphql-configuration-file
[Error - 11:36:43 PM] WARNING: graphql-config error, only highlighting is enabled:
GraphQL Config file is not available in the provided config directory: /home/aditya/Desktop/website-sekolah
Please check the config directory.
for more information on using 'graphql-config' with 'graphql-language-service-server', 
see the documentation at https://www.npmjs.com/package/graphql-language-service-server#user-content-graphql-configuration-file
[Error - 11:36:43 PM] WARNING: graphql-config error, only highlighting is enabled:
GraphQL Config file is not available in the provided config directory: /home/aditya/Desktop/website-sekolah
Please check the config directory.
for more information on using 'graphql-config' with 'graphql-language-service-server', 
see the documentation at https://www.npmjs.com/package/graphql-language-service-server#user-content-graphql-configuration-file
[Error - 11:36:43 PM] WARNING: graphql-config error, only highlighting is enabled:
GraphQL Config file is not available in the provided config directory: /home/aditya/Desktop/website-sekolah
Please check the config directory.
for more information on using 'graphql-config' with 'graphql-language-service-server', 
see the documentation at https://www.npmjs.com/package/graphql-language-service-server#user-content-graphql-configuration-file
[Error - 11:36:43 PM] WARNING: graphql-config error, only highlighting is enabled:
GraphQL Config file is not available in the provided config directory: /home/aditya/Desktop/website-sekolah
Please check the config directory.
for more information on using 'graphql-config' with 'graphql-language-service-server', 
see the documentation at https://www.npmjs.com/package/graphql-language-service-server#user-content-graphql-configuration-file
[Error - 11:36:43 PM] WARNING: graphql-config error, only highlighting is enabled:
GraphQL Config file is not available in the provided config directory: /home/aditya/Desktop/website-sekolah
Please check the config directory.
for more information on using 'graphql-config' with 'graphql-language-service-server', 
see the documentation at https://www.npmjs.com/package/graphql-language-service-server#user-content-graphql-configuration-file
[Error - 11:37:55 PM] Notification handler 'textDocument/didClose' failed with message: Cannot read properties of undefined (reading '_isInitialized')
[Error - 12:51:11 AM] Notification handler 'textDocument/didClose' failed with message: Cannot read properties of undefined (reading '_isInitialized')
[Info  - 7:28:28 AM] The graphql server has stopped running
[Error - 7:28:32 AM] Stopping server timed out
