Locating server…
Checking if /home/aditya/.config/nwg-dock-hyprland/style.css may be Tailwind-related…
Checking if /home/aditya/.config/gtk-4.0/gtk-dark.css may be Tailwind-related…
Checking if /home/aditya/.config/gtk-4.0/gtk.css may be Tailwind-related…
Checking if /home/aditya/.config/wal/templates/colors-waybar.css may be Tailwind-related…
Checking if /home/aditya/.config/wal/templates/colors-wlogout.css may be Tailwind-related…
Checking if /home/aditya/.config/waybar/style.css may be Tailwind-related…
Booting server...
Setting up server…
Listening for messages…
Searching for Tailwind CSS projects in the workspace's folders.
hoist-at-import: The file '/home/aditya/.config/waybar/style.css' contains @import rules after other at rules. This is invalid CSS and may cause problems with your build.
{"tailwind":{"version":"3.4.4","features":["layer:base","separator:root","content-list","jit","css-at-config-as-project","relative-content-paths","transpiled-configs"],"isDefaultVersion":true},"path":"/home/aditya/.config/waybar/style.css"}
{"tailwind":{"version":"3.4.4","features":["layer:base","separator:root","content-list","jit","css-at-config-as-project","relative-content-paths","transpiled-configs"],"isDefaultVersion":true},"path":"/home/aditya/.config/wlogout/style.css"}
{"tailwind":{"version":"3.4.4","features":["layer:base","separator:root","content-list","jit","css-at-config-as-project","relative-content-paths","transpiled-configs"],"isDefaultVersion":true},"path":"/home/aditya/.config/Code/User/History/435ca8fb/Q1hy.css"}
{"tailwind":{"version":"3.4.4","features":["layer:base","separator:root","content-list","jit","css-at-config-as-project","relative-content-paths","transpiled-configs"],"isDefaultVersion":true},"path":"/home/aditya/.config/Code/User/History/435ca8fb/XmT9.css"}
{"tailwind":{"version":"3.4.4","features":["layer:base","separator:root","content-list","jit","css-at-config-as-project","relative-content-paths","transpiled-configs"],"isDefaultVersion":true},"path":"/home/aditya/.config/Code/User/History/-2bcd8f26/ZmXN.css"}
{"tailwind":{"version":"3.4.4","features":["layer:base","separator:root","content-list","jit","css-at-config-as-project","relative-content-paths","transpiled-configs"],"isDefaultVersion":true},"path":"/home/aditya/.config/Code/User/History/-2bcd8f26/e1ft.css"}
{"tailwind":{"version":"3.4.4","features":["layer:base","separator:root","content-list","jit","css-at-config-as-project","relative-content-paths","transpiled-configs"],"isDefaultVersion":true},"path":"/home/aditya/.config/Code/User/History/-2bcd8f26/uwW8.css"}
{"tailwind":{"version":"3.4.4","features":["layer:base","separator:root","content-list","jit","css-at-config-as-project","relative-content-paths","transpiled-configs"],"isDefaultVersion":true},"path":"/home/aditya/.config/Code/User/History/-4e8a3963/2ega.css"}
{"tailwind":{"version":"3.4.4","features":["layer:base","separator:root","content-list","jit","css-at-config-as-project","relative-content-paths","transpiled-configs"],"isDefaultVersion":true},"path":"/home/aditya/.config/Code/User/History/-4e8a3963/Hla2.css"}
{"tailwind":{"version":"3.4.4","features":["layer:base","separator:root","content-list","jit","css-at-config-as-project","relative-content-paths","transpiled-configs"],"isDefaultVersion":true},"path":"/home/aditya/.config/Code/User/History/-4e8a3963/jQHp.css"}
{"tailwind":{"version":"3.4.4","features":["layer:base","separator:root","content-list","jit","css-at-config-as-project","relative-content-paths","transpiled-configs"],"isDefaultVersion":true},"path":"/home/aditya/.config/Code/User/History/-4e8a3963/nle6.css"}
{"tailwind":{"version":"3.4.4","features":["layer:base","separator:root","content-list","jit","css-at-config-as-project","relative-content-paths","transpiled-configs"],"isDefaultVersion":true},"path":"/home/aditya/.config/Code/User/History/-4e8a3963/pigi.css"}
{"tailwind":{"version":"3.4.4","features":["layer:base","separator:root","content-list","jit","css-at-config-as-project","relative-content-paths","transpiled-configs"],"isDefaultVersion":true},"path":"/home/aditya/.config/Code/User/History/-7fb58463/CK7i.css"}
{"tailwind":{"version":"3.4.4","features":["layer:base","separator:root","content-list","jit","css-at-config-as-project","relative-content-paths","transpiled-configs"],"isDefaultVersion":true},"path":"/home/aditya/.config/Code/User/History/-7fb58463/du0k.css"}
{"tailwind":{"version":"3.4.4","features":["layer:base","separator:root","content-list","jit","css-at-config-as-project","relative-content-paths","transpiled-configs"],"isDefaultVersion":true},"path":"/home/aditya/.config/Code/User/History/-7fb58463/zcm9.css"}
{"tailwind":{"version":"3.4.4","features":["layer:base","separator:root","content-list","jit","css-at-config-as-project","relative-content-paths","transpiled-configs"],"isDefaultVersion":true},"path":"/home/aditya/.config/Code/User/History/-bd97a1f/9t4p.css"}
{"tailwind":{"version":"3.4.4","features":["layer:base","separator:root","content-list","jit","css-at-config-as-project","relative-content-paths","transpiled-configs"],"isDefaultVersion":true},"path":"/home/aditya/.config/Code/User/History/-bd97a1f/dUGt.css"}
[Global] Creating projects: []
[Global] Preparing projects...
[Global] Initializing projects...
[Global] Initialized 0 projects
[Info  - 7:09:26 PM] [GLOBAL] No matching project for document {
  fsPath: '/home/aditya/.config/.gitignore',
  normalPath: '/home/aditya/.config/.gitignore'
}
