[Info  - 12:03:06 AM] {"type":"usage","messageType":"initialize"}
[Error - 12:03:11 AM] WARNING: graphql-config error, only highlighting is enabled:
GraphQL Config file is not available in the provided config directory: /home/aditya/Desktop/my-store/my-store
Please check the config directory.
for more information on using 'graphql-config' with 'graphql-language-service-server', 
see the documentation at https://www.npmjs.com/package/graphql-language-service-server#user-content-graphql-configuration-file
[Error - 12:03:11 AM] WARNING: graphql-config error, only highlighting is enabled:
GraphQL Config file is not available in the provided config directory: /home/aditya/Desktop/my-store/my-store
Please check the config directory.
for more information on using 'graphql-config' with 'graphql-language-service-server', 
see the documentation at https://www.npmjs.com/package/graphql-language-service-server#user-content-graphql-configuration-file
[Error - 12:03:11 AM] WARNING: graphql-config error, only highlighting is enabled:
GraphQL Config file is not available in the provided config directory: /home/aditya/Desktop/my-store/my-store
Please check the config directory.
for more information on using 'graphql-config' with 'graphql-language-service-server', 
see the documentation at https://www.npmjs.com/package/graphql-language-service-server#user-content-graphql-configuration-file
[Error - 12:03:11 AM] WARNING: graphql-config error, only highlighting is enabled:
GraphQL Config file is not available in the provided config directory: /home/aditya/Desktop/my-store/my-store
Please check the config directory.
for more information on using 'graphql-config' with 'graphql-language-service-server', 
see the documentation at https://www.npmjs.com/package/graphql-language-service-server#user-content-graphql-configuration-file
[Error - 12:03:11 AM] WARNING: graphql-config error, only highlighting is enabled:
GraphQL Config file is not available in the provided config directory: /home/aditya/Desktop/my-store/my-store
Please check the config directory.
for more information on using 'graphql-config' with 'graphql-language-service-server', 
see the documentation at https://www.npmjs.com/package/graphql-language-service-server#user-content-graphql-configuration-file
[Error - 12:03:11 AM] WARNING: graphql-config error, only highlighting is enabled:
GraphQL Config file is not available in the provided config directory: /home/aditya/Desktop/my-store/my-store
Please check the config directory.
for more information on using 'graphql-config' with 'graphql-language-service-server', 
see the documentation at https://www.npmjs.com/package/graphql-language-service-server#user-content-graphql-configuration-file
[Info  - 12:03:32 AM] The graphql server has stopped running
