(VSCode) 2025-01-31 00:03:08.692 [INFO]: No proxy settings found
(VSCode) 2025-01-31 00:03:13.697 [ERROR]: Failed to initialize Unleash: undefined
(VSCode) 2025-01-31 00:03:13.700 [INFO]: Checking network connection...
(VSCode) 2025-01-31 00:03:15.512 [INFO]: Creating manager directory: /tmp/e9f9fbe9-d67d-4944-b175-828ec4e82d10/codeium/manager
(VSCode) 2025-01-31 00:03:16.323 [INFO]: Using cached LS with valid crc32: /home/aditya/.vscode/extensions/codeium.codeium-1.30.18/dist/1922b6ec8869ef782574fa5f5951f1c5e172c7b6/language_server_linux_x64
(VSCode) 2025-01-31 00:03:16.335 [INFO]: Language server started
2025/01/31 00:03:16 maxprocs: Leaving GOMAXPROCS=8: CPU quota undefined
I0131 00:03:16.433437  2132 main.go:568] [Language Server Manager] Setting GOMAXPROCS to 8
I0131 00:03:16.433492  2132 main.go:707] [Language Server Manager] Release 1.30.18 (1922b6ec8869ef782574fa5f5951f1c5e172c7b6)
I0131 00:03:16.433515  2132 main.go:786] [Language Server Manager] Starting language server manager with pid 2132
I0131 00:03:16.433581  2132 main.go:123] [Language Server Manager] Manager acquired its lock file /tmp/e9f9fbe9-d67d-4944-b175-828ec4e82d10/codeium/manager/locks/manager.lock
I0131 00:03:16.434047  2132 main.go:264] [Language Server Manager] Waiting for random port file in /tmp/e9f9fbe9-d67d-4944-b175-828ec4e82d10/codeium/manager/child_random_port_1738256596433643885_114077864410005441 to be created
2025/01/31 00:03:16 maxprocs: Leaving GOMAXPROCS=8: CPU quota undefined
I0131 00:03:16.523561  2145 main.go:568] Setting GOMAXPROCS to 4
I0131 00:03:16.523798  2145 main.go:780] Starting language server process with pid 2145
I0131 00:03:16.523832  2145 server.go:220] Language server will attempt to listen on host 127.0.0.1
I0131 00:03:16.523918  2145 server.go:227] Language server listening on random port at 44115
(VSCode) 2025-01-31 00:03:18.104 [INFO]: No Network Issue connecting to https://server.codeium.com/healthz
W0131 00:03:21.524128  2145 proxy.go:129] proxy failed to connect: GET https://server.codeium.com/exa.api_server_pb.ApiServerService/GetCompletions giving up after 2 attempt(s): context deadline exceeded
I0131 00:03:21.524153  2145 unleash.go:92] Initializing Unleash
I0131 00:03:23.524732  2145 unleash.go:112] Successfully initialized Unleash
E0131 00:03:23.524811  2145 unleash.go:62] Unleash error: Post "https://unleash.codeium.com/api/client/register": context deadline exceeded (Client.Timeout exceeded while awaiting headers)
E0131 00:03:23.524831  2145 unleash.go:62] Unleash error: Get "https://unleash.codeium.com/api/client/features": context deadline exceeded (Client.Timeout exceeded while awaiting headers)
I0131 00:03:23.524956  2145 server.go:297] Extension server port not specified; skipping extension server client creation
I0131 00:03:23.533515  2145 web_server.go:258] Chat Web Server listening at ws://127.0.0.1:41467
E0131 00:03:23.543461  2145 client_manager.go:275] Metadata is nil when trying to refresh user JWT
I0131 00:03:23.544111  2145 server.go:528] Successfully created API server client
I0131 00:03:23.575411  2145 server.go:546] Successfully initialized tokenizer
I0131 00:03:23.805838  2145 sqlite_faiss_db_client.go:64] Successfully created embedding search database in 12ms
I0131 00:03:23.806099  2145 indexer.go:213] Using 4 embed workers
I0131 00:03:23.806137  2145 search_provider.go:304] Successfully created embedding search provider
I0131 00:03:23.809558  2145 server.go:813] Successfully created completion provider
I0131 00:03:23.809589  2145 server.go:862] Child process attempting to acquire lock file /tmp/e9f9fbe9-d67d-4944-b175-828ec4e82d10/codeium/manager/locks/child_lock_1738256596433678195_8262692351360698766
I0131 00:03:23.809630  2145 server.go:870] Child process acquired lock file /tmp/e9f9fbe9-d67d-4944-b175-828ec4e82d10/codeium/manager/locks/child_lock_1738256596433678195_8262692351360698766
I0131 00:03:23.815123  2145 server.go:356] LSP listening on random port at 33285
33285
I0131 00:03:23.851469  2132 main.go:300] [Language Server Manager] Found random server port 44115
I0131 00:03:23.851516  2132 main.go:301] [Language Server Manager] Found random lsp port 33285
I0131 00:03:23.851532  2132 main.go:308] [Language Server Manager] Attempting to connect to language server at 127.0.0.1:44115
I0131 00:03:23.862888  2132 main.go:177] [Language Server Manager] Fixing language server port at 44115
I0131 00:03:23.862903  2132 main.go:360] [Language Server Manager] Successfully connected to new language server at 127.0.0.1:44115
(VSCode) 2025-01-31 00:03:23.875 [INFO]: Found language server running on port 44115
(VSCode) 2025-01-31 00:03:31.867 [INFO]: openAllTextDocuments took 160.29866599999878ms
(VSCode) 2025-01-31 00:03:32.401 [INFO]: Disposing language server process
(VSCode) 2025-01-31 00:03:32.405 [INFO]: Deleting manager directory: /tmp/e9f9fbe9-d67d-4944-b175-828ec4e82d10/codeium/manager
(VSCode) 2025-01-31 00:03:32.409 [INFO]: Successfully disposed language server
W0131 00:03:32.404707  2132 main.go:127] [Language Server Manager] Got signal terminated, shutting down
I0131 00:03:32.520972  2145 server.go:1035] Exit requested on language server process 2145
I0131 00:03:32.521147  2145 server.go:1012] Language server shutting down
(VSCode) 2025-01-31 00:03:32.557 [ERROR]: [unavailable] connect ECONNREFUSED 127.0.0.1:44115
E0131 00:03:32.822530  2145 server.go:458] Error while locking manager lock file - open /tmp/e9f9fbe9-d67d-4944-b175-828ec4e82d10/codeium/manager/locks/manager.lock: no such file or directory
E0131 00:03:32.875781  2132 main.go:374] [Language Server Manager] Failed to acquire lock on /tmp/e9f9fbe9-d67d-4944-b175-828ec4e82d10/codeium/manager/locks/child_lock_1738256596433678195_8262692351360698766: open /tmp/e9f9fbe9-d67d-4944-b175-828ec4e82d10/codeium/manager/locks/child_lock_1738256596433678195_8262692351360698766: no such file or directory
E0131 00:03:32.876125  2132 main.go:407] [Language Server Manager] Failed Exit RPC on language server: dial tcp 127.0.0.1:44115: connect: connection refused
(VSCode) 2025-01-31 00:03:33.035 [ERROR]: [unavailable] connect ECONNREFUSED 127.0.0.1:44115
W0131 00:03:33.410191  2145 server.go:441] Got signal terminated, shutting down
(VSCode) 2025-01-31 00:03:33.552 [ERROR]: [unavailable] connect ECONNREFUSED 127.0.0.1:44115
E0131 00:03:33.632165  2132 cmd_wrapper.go:269] [Language Server Manager] LanguageServer wait failed: timed out while waiting on process 2145 at 0131 00:03:33.632077, sent SIGTERM
(VSCode) 2025-01-31 00:03:33.640 [INFO]: Language server exited with code 0
(VSCode) 2025-01-31 00:03:34.050 [ERROR]: [unavailable] connect ECONNREFUSED 127.0.0.1:44115
