2025-01-31 02:04:56.311 [info] 2025-01-30T19:04:31.298Z extension INFO  Activating extension... [
  {
    id: 'mongodb.mongodb-vscode',
    version: '1.12.0',
    mode: 'Production',
    kind: 'UI',
    extensionPath: '/home/aditya/.vscode/extensions/mongodb.mongodb-vscode-1.12.0',
    logPath: '/home/aditya/.config/Code/logs/20250131T020412/window1/exthost/mongodb.mongodb-vscode',
    workspaceStoragePath: '/home/aditya/.config/Code/User/workspaceStorage/c48e7be65c85ed4913504ada24d0f404/mongodb.mongodb-vscode',
    globalStoragePath: '/home/aditya/.config/Code/User/globalStorage/mongodb.mongodb-vscode',
    defaultConnectionSavingLocation: 'Global',
    buildInfo: {
      nodeVersion: 'v20.18.1',
      runtimePlatform: 'linux',
      runtimeArch: 'x64'
    }
  }
]

2025-01-31 02:04:56.311 [info] 2025-01-30T19:04:31.308Z language server controller INFO  Creating MongoDB Language Server... [
  {
    extensionPath: '/home/aditya/.vscode/extensions/mongodb.mongodb-vscode-1.12.0',
    languageServer: {
      id: 'mongodbLanguageServer',
      name: 'MongoDB Language Server',
      path: '/home/aditya/.vscode/extensions/mongodb.mongodb-vscode-1.12.0/dist/languageServer.js',
      documentSelector: '[{"pattern":"**/*.mongodb.js"},{"pattern":"**/*.mongodb"}]'
    }
  }
]

2025-01-31 02:04:56.311 [info] 2025-01-30T19:04:31.371Z telemetry INFO  Segment analytics activated [ { anonymousId: '03007e80-99c1-4060-99cb-848ae588190c' } ]

2025-01-31 02:04:56.311 [info] 2025-01-30T19:04:31.375Z participant INFO  Chat participant created [ { participantId: 'mongodb.participant' } ]

2025-01-31 02:04:56.311 [info] 2025-01-30T19:04:31.386Z language server controller INFO  Starting the language server... []

2025-01-31 02:04:56.403 [info] 2025-01-30T19:04:56.402Z language server controller INFO  MongoDBService initialized. Sending default settings... {"extensionPath":"/home/aditya/.vscode/extensions/mongodb.mongodb-vscode-1.12.0","connectionId":null,"hasConnectionString":false,"hasConnectionOptions":false} []

