(VSCode) 2025-01-31 02:04:53.303 [INFO]: No proxy settings found
(VSCode) 2025-01-31 02:04:58.371 [ERROR]: Failed to initialize Unleash: undefined
(VSCode) 2025-01-31 02:04:58.374 [INFO]: Checking network connection...
(VSCode) 2025-01-31 02:05:09.994 [ERROR]: [deadline_exceeded] the operation timed out
(VSCode) 2025-01-31 02:05:09.996 [ERROR]: Failed to get user status from API server [deadline_exceeded] the operation timed out
(VSCode) 2025-01-31 02:05:10.022 [INFO]: Creating manager directory: /tmp/87c7fddd-7786-4bc7-863b-37296413b1ad/codeium/manager
(VSCode) 2025-01-31 02:05:10.573 [INFO]: No Network Issue connecting to https://server.codeium.com/healthz
(VSCode) 2025-01-31 02:05:19.420 [INFO]: Using cached LS with valid crc32: /home/aditya/.vscode/extensions/codeium.codeium-1.30.18/dist/1922b6ec8869ef782574fa5f5951f1c5e172c7b6/language_server_linux_x64
(VSCode) 2025-01-31 02:05:19.475 [INFO]: Language server started
2025/01/31 02:05:19 maxprocs: Leaving GOMAXPROCS=8: CPU quota undefined
I0131 02:05:19.882890 19957 main.go:568] [Language Server Manager] Setting GOMAXPROCS to 8
I0131 02:05:19.883125 19957 main.go:707] [Language Server Manager] Release 1.30.18 (1922b6ec8869ef782574fa5f5951f1c5e172c7b6)
I0131 02:05:19.883244 19957 main.go:786] [Language Server Manager] Starting language server manager with pid 19957
I0131 02:05:19.883607 19957 main.go:123] [Language Server Manager] Manager acquired its lock file /tmp/87c7fddd-7786-4bc7-863b-37296413b1ad/codeium/manager/locks/manager.lock
I0131 02:05:19.885296 19957 main.go:264] [Language Server Manager] Waiting for random port file in /tmp/87c7fddd-7786-4bc7-863b-37296413b1ad/codeium/manager/child_random_port_1738263919883895191_1237076268426773891 to be created
2025/01/31 02:05:19 maxprocs: Leaving GOMAXPROCS=8: CPU quota undefined
I0131 02:05:20.342126 19970 main.go:568] Setting GOMAXPROCS to 4
I0131 02:05:20.342561 19970 main.go:780] Starting language server process with pid 19970
I0131 02:05:20.342702 19970 server.go:220] Language server will attempt to listen on host 127.0.0.1
I0131 02:05:20.343089 19970 server.go:227] Language server listening on random port at 44285
I0131 02:05:21.198334 19970 unleash.go:92] Initializing Unleash
I0131 02:05:22.092149 19970 unleash.go:112] Successfully initialized Unleash
I0131 02:05:22.092986 19970 server.go:297] Extension server port not specified; skipping extension server client creation
I0131 02:05:22.144761 19970 web_server.go:258] Chat Web Server listening at ws://127.0.0.1:37711
E0131 02:05:22.186519 19970 client_manager.go:275] Metadata is nil when trying to refresh user JWT
I0131 02:05:22.188505 19970 server.go:528] Successfully created API server client
I0131 02:05:22.341785 19970 server.go:546] Successfully initialized tokenizer
I0131 02:05:23.296272 19970 server.go:721] Local search is enabled, will index local files.
I0131 02:05:23.296352 19970 server.go:725] Using 2 indexer workers
I0131 02:05:23.303566 19970 sqlite_faiss_db_client.go:64] Successfully created embedding search database in 7ms
I0131 02:05:23.304972 19970 indexer.go:213] Using 4 embed workers
I0131 02:05:23.305112 19970 search_provider.go:274] Successfully created and started indexer
I0131 02:05:23.305320 19970 search_provider.go:304] Successfully created embedding search provider
I0131 02:05:23.825752 19970 server.go:813] Successfully created completion provider
I0131 02:05:23.825945 19970 server.go:862] Child process attempting to acquire lock file /tmp/87c7fddd-7786-4bc7-863b-37296413b1ad/codeium/manager/locks/child_lock_1738263919884020792_1274904970693755325
I0131 02:05:23.826245 19970 server.go:870] Child process acquired lock file /tmp/87c7fddd-7786-4bc7-863b-37296413b1ad/codeium/manager/locks/child_lock_1738263919884020792_1274904970693755325
I0131 02:05:23.877873 19970 server.go:356] LSP listening on random port at 37593
37593
I0131 02:05:23.906469 19957 main.go:300] [Language Server Manager] Found random server port 44285
I0131 02:05:23.906601 19957 main.go:301] [Language Server Manager] Found random lsp port 37593
I0131 02:05:23.906732 19957 main.go:308] [Language Server Manager] Attempting to connect to language server at 127.0.0.1:44285
(VSCode) 2025-01-31 02:05:23.923 [INFO]: Found language server running on port 44285
I0131 02:05:23.922654 19957 main.go:177] [Language Server Manager] Fixing language server port at 44285
I0131 02:05:23.922723 19957 main.go:360] [Language Server Manager] Successfully connected to new language server at 127.0.0.1:44285
I0131 02:05:23.998975 19970 utils.go:228] Analyzing workspace files for /home/aditya/dotfiles
I0131 02:05:23.999285 19970 utils.go:282] Done analyzing workspace files for /home/aditya/dotfiles
(VSCode) 2025-01-31 02:05:24.764 [INFO]: openAllTextDocuments took 286.9095360000065ms
I0131 02:05:25.380392 19970 lazy_model.go:31] Successfully created embedding store
(VSCode) 2025-01-31 02:06:05.923 [INFO]: Codeium is not enabled for the current document.
(VSCode) 2025-01-31 02:06:06.032 [INFO]: Codeium is not enabled for the current document.
(VSCode) 2025-01-31 02:06:09.194 [INFO]: Codeium is not enabled for the current document.
(VSCode) 2025-01-31 02:06:09.365 [INFO]: Codeium is not enabled for the current document.
(VSCode) 2025-01-31 02:06:10.146 [INFO]: Codeium is not enabled for the current document.
(VSCode) 2025-01-31 02:06:10.413 [INFO]: Codeium is not enabled for the current document.
(VSCode) 2025-01-31 02:06:12.019 [INFO]: Codeium is not enabled for the current document.
(VSCode) 2025-01-31 02:06:12.943 [INFO]: Codeium is not enabled for the current document.
(VSCode) 2025-01-31 02:06:13.634 [INFO]: Codeium is not enabled for the current document.
(VSCode) 2025-01-31 02:06:13.933 [INFO]: Codeium is not enabled for the current document.
(VSCode) 2025-01-31 02:06:14.096 [INFO]: Codeium is not enabled for the current document.
(VSCode) 2025-01-31 02:06:14.381 [INFO]: Codeium is not enabled for the current document.
(VSCode) 2025-01-31 02:06:14.449 [INFO]: Codeium is not enabled for the current document.
(VSCode) 2025-01-31 02:06:14.671 [INFO]: Codeium is not enabled for the current document.
(VSCode) 2025-01-31 02:06:15.230 [INFO]: Codeium is not enabled for the current document.
(VSCode) 2025-01-31 02:06:25.881 [INFO]: Codeium is not enabled for the current document.
(VSCode) 2025-01-31 02:06:26.172 [INFO]: Codeium is not enabled for the current document.
(VSCode) 2025-01-31 02:06:26.446 [INFO]: Codeium is not enabled for the current document.
(VSCode) 2025-01-31 02:06:26.873 [INFO]: Codeium is not enabled for the current document.
(VSCode) 2025-01-31 02:06:27.309 [INFO]: Codeium is not enabled for the current document.
(VSCode) 2025-01-31 02:06:57.041 [INFO]: Codeium is not enabled for the current document.
(VSCode) 2025-01-31 02:06:57.686 [INFO]: Codeium is not enabled for the current document.
