Locating server…
Checking if /home/aditya/dotfiles/.config/nwg-dock-hyprland/style.css may be Tailwind-related…
Checking if /home/aditya/dotfiles/.config/gtk-4.0/gtk-dark.css may be Tailwind-related…
Checking if /home/aditya/dotfiles/.config/gtk-4.0/gtk.css may be Tailwind-related…
Checking if /home/aditya/dotfiles/.config/wal/templates/colors-wlogout.css may be Tailwind-related…
Checking if /home/aditya/dotfiles/.config/wal/templates/colors-waybar.css may be Tailwind-related…
Checking if /home/aditya/dotfiles/.config/waybar/style.css may be Tailwind-related…
Checking if /home/aditya/dotfiles/.config/wlogout/style.css may be Tailwind-related…
Booting server...
Setting up server…
Listening for messages…
Searching for Tailwind CSS projects in the workspace's folders.
{"tailwind":{"version":"3.4.4","features":["layer:base","separator:root","content-list","jit","css-at-config-as-project","relative-content-paths","transpiled-configs"],"isDefaultVersion":true},"path":"/home/aditya/dotfiles/.config/wlogout/style.css"}
[Global] Creating projects: []
[Global] Preparing projects...
[Global] Initializing projects...
[Global] Initialized 0 projects
[Info  - 2:05:43 AM] [GLOBAL] No matching project for document {
  fsPath: '/home/aditya/dotfiles/.config/hypr/conf/autostart.conf',
  normalPath: '/home/aditya/dotfiles/.config/hypr/conf/autostart.conf'
}
[Info  - 2:06:34 AM] [GLOBAL] No matching project for document {
  fsPath: '/home/aditya/dotfiles/.config/waybar/config.jsonc',
  normalPath: '/home/aditya/dotfiles/.config/waybar/config.jsonc'
}
[Info  - 2:06:45 AM] [GLOBAL] No matching project for document {
  fsPath: '/home/aditya/dotfiles/.config/hypr/conf/autostart.conf',
  normalPath: '/home/aditya/dotfiles/.config/hypr/conf/autostart.conf'
}
[Info  - 2:07:09 AM] [GLOBAL] No matching project for document {
  fsPath: '/home/aditya/dotfiles/.config/hypr/conf/ml4w.conf',
  normalPath: '/home/aditya/dotfiles/.config/hypr/conf/ml4w.conf'
}
[Info  - 2:07:25 AM] [GLOBAL] No matching project for document {
  fsPath: '/home/aditya/dotfiles/.config/hypr/conf/window.conf',
  normalPath: '/home/aditya/dotfiles/.config/hypr/conf/window.conf'
}
[Info  - 2:07:41 AM] [GLOBAL] No matching project for document {
  fsPath: '/home/aditya/dotfiles/.config/hypr/conf/windowrule.conf',
  normalPath: '/home/aditya/dotfiles/.config/hypr/conf/windowrule.conf'
}
[Info  - 2:07:44 AM] [GLOBAL] No matching project for document {
  fsPath: '/home/aditya/dotfiles/.config/hypr/conf/monitor.conf',
  normalPath: '/home/aditya/dotfiles/.config/hypr/conf/monitor.conf'
}
[Info  - 2:07:45 AM] [GLOBAL] No matching project for document {
  fsPath: '/home/aditya/dotfiles/.config/hypr/conf/ml4w.conf',
  normalPath: '/home/aditya/dotfiles/.config/hypr/conf/ml4w.conf'
}
[Info  - 2:07:46 AM] [GLOBAL] No matching project for document {
  fsPath: '/home/aditya/dotfiles/.config/hypr/conf/misc.conf',
  normalPath: '/home/aditya/dotfiles/.config/hypr/conf/misc.conf'
}
[Info  - 2:07:48 AM] [GLOBAL] No matching project for document {
  fsPath: '/home/aditya/dotfiles/.config/hypr/conf/layout.conf',
  normalPath: '/home/aditya/dotfiles/.config/hypr/conf/layout.conf'
}
[Info  - 2:07:51 AM] [GLOBAL] No matching project for document {
  fsPath: '/home/aditya/dotfiles/.config/hypr/conf/keyboard.conf',
  normalPath: '/home/aditya/dotfiles/.config/hypr/conf/keyboard.conf'
}
[Info  - 2:07:52 AM] [GLOBAL] No matching project for document {
  fsPath: '/home/aditya/dotfiles/.config/hypr/conf/keybinding.conf',
  normalPath: '/home/aditya/dotfiles/.config/hypr/conf/keybinding.conf'
}
[Info  - 2:07:53 AM] [GLOBAL] No matching project for document {
  fsPath: '/home/aditya/dotfiles/.config/hypr/conf/environment.conf',
  normalPath: '/home/aditya/dotfiles/.config/hypr/conf/environment.conf'
}
[Info  - 2:07:54 AM] [GLOBAL] No matching project for document {
  fsPath: '/home/aditya/dotfiles/.config/hypr/conf/decoration.conf',
  normalPath: '/home/aditya/dotfiles/.config/hypr/conf/decoration.conf'
}
[Info  - 2:07:56 AM] [GLOBAL] No matching project for document {
  fsPath: '/home/aditya/dotfiles/.config/hypr/conf/custom.conf',
  normalPath: '/home/aditya/dotfiles/.config/hypr/conf/custom.conf'
}
[Info  - 2:08:05 AM] [GLOBAL] No matching project for document {
  fsPath: '/home/aditya/dotfiles/.config/hypr/conf/cursor.conf',
  normalPath: '/home/aditya/dotfiles/.config/hypr/conf/cursor.conf'
}
[Info  - 2:08:11 AM] [GLOBAL] No matching project for document {
  fsPath: '/home/aditya/dotfiles/.config/hypr/conf/animations/animations-classic.conf',
  normalPath: '/home/aditya/dotfiles/.config/hypr/conf/animations/animations-classic.conf'
}
[Info  - 2:08:12 AM] [GLOBAL] No matching project for document {
  fsPath: '/home/aditya/dotfiles/.config/hypr/conf/animations/default.conf',
  normalPath: '/home/aditya/dotfiles/.config/hypr/conf/animations/default.conf'
}
[Info  - 2:08:14 AM] [GLOBAL] No matching project for document {
  fsPath: '/home/aditya/dotfiles/.config/hypr/conf/animations/standard.conf',
  normalPath: '/home/aditya/dotfiles/.config/hypr/conf/animations/standard.conf'
}
[Info  - 2:08:17 AM] [GLOBAL] No matching project for document {
  fsPath: '/home/aditya/dotfiles/.config/hypr/conf/decorations/default.conf',
  normalPath: '/home/aditya/dotfiles/.config/hypr/conf/decorations/default.conf'
}
[Info  - 2:08:25 AM] [GLOBAL] No matching project for document {
  fsPath: '/home/aditya/dotfiles/.config/hypr/conf/decorations/rounding.conf',
  normalPath: '/home/aditya/dotfiles/.config/hypr/conf/decorations/rounding.conf'
}
[Info  - 2:08:27 AM] [GLOBAL] No matching project for document {
  fsPath: '/home/aditya/dotfiles/.config/hypr/conf/environments/kvm.conf',
  normalPath: '/home/aditya/dotfiles/.config/hypr/conf/environments/kvm.conf'
}
[Info  - 2:08:28 AM] [GLOBAL] No matching project for document {
  fsPath: '/home/aditya/dotfiles/.config/hypr/conf/environments/default.conf',
  normalPath: '/home/aditya/dotfiles/.config/hypr/conf/environments/default.conf'
}
[Info  - 2:08:29 AM] [GLOBAL] No matching project for document {
  fsPath: '/home/aditya/dotfiles/.config/hypr/conf/environments/nvidia.conf',
  normalPath: '/home/aditya/dotfiles/.config/hypr/conf/environments/nvidia.conf'
}
[Info  - 2:08:34 AM] [GLOBAL] No matching project for document {
  fsPath: '/home/aditya/dotfiles/.config/hypr/conf/layouts/default.conf',
  normalPath: '/home/aditya/dotfiles/.config/hypr/conf/layouts/default.conf'
}
[Info  - 2:08:35 AM] [GLOBAL] No matching project for document {
  fsPath: '/home/aditya/dotfiles/.config/hypr/conf/layouts/laptop.conf',
  normalPath: '/home/aditya/dotfiles/.config/hypr/conf/layouts/laptop.conf'
}
