2025-01-31 02:04:58.171 [info] [main] Log level: Info
2025-01-31 02:04:58.171 [info] [main] Validating found git in: "git"
2025-01-31 02:04:58.171 [info] [main] Using git "2.48.1" from "git"
2025-01-31 02:04:58.171 [info] [Model][doInitialScan] Initial repository scan started
2025-01-31 02:04:58.171 [info] > git rev-parse --show-toplevel [4761ms]
2025-01-31 02:04:58.171 [info] > git rev-parse --git-dir --git-common-dir [664ms]
2025-01-31 02:04:58.171 [info] [Model][openRepository] Opened repository: /home/aditya/dotfiles
2025-01-31 02:04:58.848 [info] > git rev-parse --show-toplevel [602ms]
2025-01-31 02:04:58.851 [info] > git config --get commit.template [640ms]
2025-01-31 02:04:59.424 [info] > git check-ignore -v -z --stdin [331ms]
2025-01-31 02:04:59.491 [info] > git rev-parse --show-toplevel [467ms]
2025-01-31 02:04:59.587 [info] > git for-each-ref --format=%(refname)%00%(upstream:short)%00%(objectname)%00%(upstream:track)%00%(upstream:remotename)%00%(upstream:remoteref) refs/heads/master refs/remotes/master [393ms]
2025-01-31 02:04:59.670 [info] > git rev-parse --show-toplevel [104ms]
2025-01-31 02:04:59.678 [info] [Model][doInitialScan] Initial repository scan completed - repositories (1), closed repositories (0), parent repositories (0), unsafe repositories (0)
2025-01-31 02:04:59.899 [info] > git show --textconv :.config/hypr/hyprland.conf [179ms]
2025-01-31 02:04:59.904 [info] > git ls-files --stage -- /home/aditya/dotfiles/.config/hypr/hyprland.conf [144ms]
2025-01-31 02:05:08.635 [info] > git cat-file -s 1466fb3e5b36137ddc82e7a6fb5fdbd877a0726a [8692ms]
2025-01-31 02:05:09.491 [info] > git status -z -uall [643ms]
2025-01-31 02:05:09.494 [info] > git blame --root --incremental 71f5663938f145258f20e8f7efc10e2454d2430a -- /home/aditya/dotfiles/.config/hypr/hyprland.conf [118ms]
2025-01-31 02:05:09.500 [info] > git for-each-ref --sort -committerdate --format %(refname) %(objectname) %(*objectname) [603ms]
2025-01-31 02:05:09.740 [info] > git for-each-ref --format=%(refname)%00%(upstream:short)%00%(objectname)%00%(upstream:track)%00%(upstream:remotename)%00%(upstream:remoteref) refs/heads/master refs/remotes/master [150ms]
2025-01-31 02:05:10.311 [info] > git config --local branch.master.vscode-merge-base [516ms]
2025-01-31 02:05:10.312 [warning] [Git][config] git config failed: Failed to execute git
2025-01-31 02:05:10.353 [info] > git config --get commit.template [645ms]
2025-01-31 02:05:10.377 [info] > git reflog master --grep-reflog=branch: Created from *. [26ms]
2025-01-31 02:05:10.579 [info] > git symbolic-ref --short refs/remotes/origin/HEAD [161ms]
2025-01-31 02:05:10.579 [info] fatal: ref refs/remotes/origin/HEAD is not a symbolic ref
2025-01-31 02:05:10.579 [warning] [Repository][getDefaultBranch] Failed to get default branch details: Failed to execute git.
2025-01-31 02:05:11.238 [info] > git merge-base refs/heads/master refs/remotes/origin/master [615ms]
2025-01-31 02:05:11.298 [info] > git for-each-ref --format=%(refname)%00%(upstream:short)%00%(objectname)%00%(upstream:track)%00%(upstream:remotename)%00%(upstream:remoteref) refs/heads/master refs/remotes/master [827ms]
2025-01-31 02:05:11.406 [info] > git diff --name-status -z --diff-filter=ADMR 71f5663938f145258f20e8f7efc10e2454d2430a...refs/remotes/origin/master [109ms]
2025-01-31 02:05:11.578 [info] > git status -z -uall [77ms]
2025-01-31 02:05:11.586 [info] > git for-each-ref --sort -committerdate --format %(refname) %(objectname) %(*objectname) [37ms]
2025-01-31 02:05:39.311 [info] > git check-ignore -v -z --stdin [4ms]
2025-01-31 02:05:41.642 [info] > git check-ignore -v -z --stdin [5ms]
2025-01-31 02:05:44.101 [info] > git show --textconv :.config/hypr/conf/autostart.conf [52ms]
2025-01-31 02:05:44.106 [info] > git ls-files --stage -- /home/aditya/dotfiles/.config/hypr/conf/autostart.conf [9ms]
2025-01-31 02:05:44.163 [info] > git cat-file -s 91614c1d06da38a9879dfb9dc1941abed919e7ff [6ms]
2025-01-31 02:06:05.127 [info] > git blame --root --incremental 71f5663938f145258f20e8f7efc10e2454d2430a -- /home/aditya/dotfiles/.config/hypr/conf/autostart.conf [23ms]
2025-01-31 02:06:31.847 [info] > git check-ignore -v -z --stdin [5ms]
2025-01-31 02:06:35.295 [info] > git show --textconv :.config/waybar/config.jsonc [53ms]
2025-01-31 02:06:35.311 [info] > git ls-files --stage -- /home/aditya/dotfiles/.config/waybar/config.jsonc [18ms]
2025-01-31 02:06:35.391 [info] > git blame --root --incremental 71f5663938f145258f20e8f7efc10e2454d2430a -- /home/aditya/dotfiles/.config/waybar/config.jsonc [5ms]
2025-01-31 02:06:35.391 [info] fatal: no such path .config/waybar/config.jsonc in 71f5663938f145258f20e8f7efc10e2454d2430a
2025-01-31 02:06:43.102 [info] > git config --get commit.template [58ms]
2025-01-31 02:06:43.106 [info] > git for-each-ref --format=%(refname)%00%(upstream:short)%00%(objectname)%00%(upstream:track)%00%(upstream:remotename)%00%(upstream:remoteref) refs/heads/master refs/remotes/master [9ms]
2025-01-31 02:06:43.223 [info] > git status -z -uall [62ms]
2025-01-31 02:06:43.238 [info] > git for-each-ref --sort -committerdate --format %(refname) %(objectname) %(*objectname) [23ms]
2025-01-31 02:06:46.108 [info] > git show --textconv :.config/hypr/conf/autostart.conf [58ms]
2025-01-31 02:06:46.114 [info] > git ls-files --stage -- /home/aditya/dotfiles/.config/hypr/conf/autostart.conf [9ms]
2025-01-31 02:06:46.172 [info] > git cat-file -s 91614c1d06da38a9879dfb9dc1941abed919e7ff [5ms]
2025-01-31 02:07:00.919 [info] > git config --get commit.template [6ms]
2025-01-31 02:07:00.975 [info] > git for-each-ref --format=%(refname)%00%(upstream:short)%00%(objectname)%00%(upstream:track)%00%(upstream:remotename)%00%(upstream:remoteref) refs/heads/master refs/remotes/master [7ms]
2025-01-31 02:07:01.080 [info] > git status -z -uall [53ms]
2025-01-31 02:07:01.086 [info] > git for-each-ref --sort -committerdate --format %(refname) %(objectname) %(*objectname) [10ms]
2025-01-31 02:07:10.245 [info] > git show --textconv :.config/hypr/conf/ml4w.conf [76ms]
2025-01-31 02:07:10.250 [info] > git ls-files --stage -- /home/aditya/dotfiles/.config/hypr/conf/ml4w.conf [8ms]
2025-01-31 02:07:10.308 [info] > git cat-file -s 582cb023df9bb5515f961ddbd0e5fb25360400d3 [6ms]
2025-01-31 02:07:25.996 [info] > git show --textconv :.config/hypr/conf/window.conf [66ms]
2025-01-31 02:07:26.003 [info] > git ls-files --stage -- /home/aditya/dotfiles/.config/hypr/conf/window.conf [11ms]
2025-01-31 02:07:26.057 [info] > git cat-file -s 8269a9e8d0ee50b06ec7179a3e1f89a882f85c6c [7ms]
2025-01-31 02:07:42.168 [info] > git show --textconv :.config/hypr/conf/windowrule.conf [56ms]
2025-01-31 02:07:42.173 [info] > git ls-files --stage -- /home/aditya/dotfiles/.config/hypr/conf/windowrule.conf [9ms]
2025-01-31 02:07:42.218 [info] > git cat-file -s 5f41c0773c9cb82d0298694428925e846c47cc64 [4ms]
2025-01-31 02:07:45.013 [info] > git show --textconv :.config/hypr/conf/monitor.conf [58ms]
2025-01-31 02:07:45.021 [info] > git ls-files --stage -- /home/aditya/dotfiles/.config/hypr/conf/monitor.conf [12ms]
2025-01-31 02:07:45.073 [info] > git cat-file -s ead998168dc5b35b2d8378fd58261d8cbb4d7be6 [5ms]
2025-01-31 02:07:45.928 [info] > git show --textconv :.config/hypr/conf/ml4w.conf [52ms]
2025-01-31 02:07:45.933 [info] > git ls-files --stage -- /home/aditya/dotfiles/.config/hypr/conf/ml4w.conf [9ms]
2025-01-31 02:07:45.992 [info] > git cat-file -s 582cb023df9bb5515f961ddbd0e5fb25360400d3 [6ms]
2025-01-31 02:07:46.907 [info] > git show --textconv :.config/hypr/conf/misc.conf [62ms]
2025-01-31 02:07:46.911 [info] > git ls-files --stage -- /home/aditya/dotfiles/.config/hypr/conf/misc.conf [8ms]
2025-01-31 02:07:46.966 [info] > git cat-file -s 982954c7316c69f0b297d6a2a5c0773f91dd3fb6 [5ms]
2025-01-31 02:07:49.147 [info] > git show --textconv :.config/hypr/conf/layout.conf [54ms]
2025-01-31 02:07:49.151 [info] > git ls-files --stage -- /home/aditya/dotfiles/.config/hypr/conf/layout.conf [8ms]
2025-01-31 02:07:49.200 [info] > git cat-file -s e009ed31ceec4e70dc04073400c022bdf356a546 [5ms]
2025-01-31 02:07:51.857 [info] > git show --textconv :.config/hypr/conf/keyboard.conf [56ms]
2025-01-31 02:07:51.864 [info] > git ls-files --stage -- /home/aditya/dotfiles/.config/hypr/conf/keyboard.conf [11ms]
2025-01-31 02:07:51.922 [info] > git cat-file -s 1b57d6fd814fc00a1845de09b05a54af387880ec [5ms]
2025-01-31 02:07:52.868 [info] > git show --textconv :.config/hypr/conf/keybinding.conf [64ms]
2025-01-31 02:07:52.872 [info] > git ls-files --stage -- /home/aditya/dotfiles/.config/hypr/conf/keybinding.conf [9ms]
2025-01-31 02:07:52.932 [info] > git cat-file -s b3b4d58fe4e9cac0e56d1e6dcc39edc4516fe09c [13ms]
2025-01-31 02:07:54.165 [info] > git show --textconv :.config/hypr/conf/environment.conf [58ms]
2025-01-31 02:07:54.170 [info] > git ls-files --stage -- /home/aditya/dotfiles/.config/hypr/conf/environment.conf [8ms]
2025-01-31 02:07:54.229 [info] > git cat-file -s 44e6f6d4a3b8e0863834902def6619b19991faf3 [10ms]
2025-01-31 02:07:55.279 [info] > git show --textconv :.config/hypr/conf/decoration.conf [60ms]
2025-01-31 02:07:55.283 [info] > git ls-files --stage -- /home/aditya/dotfiles/.config/hypr/conf/decoration.conf [6ms]
2025-01-31 02:07:55.339 [info] > git cat-file -s 9e49187fd3e97082e3bd669bc8b4e429eb22b7bc [11ms]
2025-01-31 02:07:56.727 [info] > git show --textconv :.config/hypr/conf/custom.conf [62ms]
2025-01-31 02:07:56.731 [info] > git ls-files --stage -- /home/aditya/dotfiles/.config/hypr/conf/custom.conf [10ms]
2025-01-31 02:07:56.797 [info] > git cat-file -s 1e24aae9a489ae43061be360fa6464a2549173f3 [13ms]
2025-01-31 02:08:05.378 [info] > git show --textconv :.config/hypr/conf/cursor.conf [51ms]
2025-01-31 02:08:05.388 [info] > git ls-files --stage -- /home/aditya/dotfiles/.config/hypr/conf/cursor.conf [12ms]
2025-01-31 02:08:05.439 [info] > git cat-file -s b3b3493509ccc1cc3fefb2bf9388c271d6b79168 [10ms]
2025-01-31 02:08:10.434 [info] > git check-ignore -v -z --stdin [5ms]
2025-01-31 02:08:12.114 [info] > git show --textconv :.config/hypr/conf/animations/animations-classic.conf [57ms]
2025-01-31 02:08:12.120 [info] > git ls-files --stage -- /home/aditya/dotfiles/.config/hypr/conf/animations/animations-classic.conf [12ms]
2025-01-31 02:08:12.180 [info] > git cat-file -s 11ce3c9680ddef78c17951a5bf280ce1a80f771e [9ms]
2025-01-31 02:08:13.230 [info] > git show --textconv :.config/hypr/conf/animations/default.conf [51ms]
2025-01-31 02:08:13.234 [info] > git ls-files --stage -- /home/aditya/dotfiles/.config/hypr/conf/animations/default.conf [7ms]
2025-01-31 02:08:13.284 [info] > git cat-file -s 978b436ca226deb2b88cb8f8d91242297317a78a [5ms]
2025-01-31 02:08:14.572 [info] > git show --textconv :.config/hypr/conf/animations/standard.conf [96ms]
2025-01-31 02:08:14.586 [info] > git ls-files --stage -- /home/aditya/dotfiles/.config/hypr/conf/animations/standard.conf [15ms]
2025-01-31 02:08:14.648 [info] > git cat-file -s ba78c6588db139eb2cb5a4be28d297a10a2298ca [7ms]
2025-01-31 02:08:16.713 [info] > git check-ignore -v -z --stdin [4ms]
2025-01-31 02:08:17.706 [info] > git show --textconv :.config/hypr/conf/decorations/default.conf [59ms]
2025-01-31 02:08:17.706 [info] > git ls-files --stage -- /home/aditya/dotfiles/.config/hypr/conf/decorations/default.conf [8ms]
2025-01-31 02:08:17.762 [info] > git cat-file -s 86adbde50e22a4f51ea39f8ff354884fed44591d [6ms]
2025-01-31 02:08:17.835 [info] > git blame --root --incremental 71f5663938f145258f20e8f7efc10e2454d2430a -- /home/aditya/dotfiles/.config/hypr/conf/decorations/default.conf [6ms]
2025-01-31 02:08:25.418 [info] > git show --textconv :.config/hypr/conf/decorations/rounding.conf [56ms]
2025-01-31 02:08:25.423 [info] > git ls-files --stage -- /home/aditya/dotfiles/.config/hypr/conf/decorations/rounding.conf [8ms]
2025-01-31 02:08:25.485 [info] > git cat-file -s 86adbde50e22a4f51ea39f8ff354884fed44591d [11ms]
2025-01-31 02:08:26.765 [info] > git check-ignore -v -z --stdin [4ms]
2025-01-31 02:08:27.851 [info] > git show --textconv :.config/hypr/conf/environments/kvm.conf [57ms]
2025-01-31 02:08:27.856 [info] > git ls-files --stage -- /home/aditya/dotfiles/.config/hypr/conf/environments/kvm.conf [10ms]
2025-01-31 02:08:27.917 [info] > git cat-file -s 87b16a1899beae36164da3298e1fa30dcefa0985 [11ms]
2025-01-31 02:08:28.781 [info] > git show --textconv :.config/hypr/conf/environments/default.conf [61ms]
2025-01-31 02:08:28.786 [info] > git ls-files --stage -- /home/aditya/dotfiles/.config/hypr/conf/environments/default.conf [10ms]
2025-01-31 02:08:28.848 [info] > git cat-file -s 5ec2bfe4aee07507488c6f665d90718582d02330 [12ms]
2025-01-31 02:08:29.970 [info] > git show --textconv :.config/hypr/conf/environments/nvidia.conf [63ms]
2025-01-31 02:08:29.978 [info] > git ls-files --stage -- /home/aditya/dotfiles/.config/hypr/conf/environments/nvidia.conf [12ms]
2025-01-31 02:08:30.030 [info] > git cat-file -s c10643e135a54ff32f0918520b3318e1202c120e [6ms]
2025-01-31 02:08:33.688 [info] > git check-ignore -v -z --stdin [3ms]
2025-01-31 02:08:34.446 [info] > git show --textconv :.config/hypr/conf/layouts/default.conf [58ms]
2025-01-31 02:08:34.450 [info] > git ls-files --stage -- /home/aditya/dotfiles/.config/hypr/conf/layouts/default.conf [8ms]
2025-01-31 02:08:34.511 [info] > git cat-file -s 3c3c155c3581ba13fd4a35421f5695b641f516af [12ms]
2025-01-31 02:08:35.422 [info] > git show --textconv :.config/hypr/conf/layouts/laptop.conf [49ms]
2025-01-31 02:08:35.428 [info] > git ls-files --stage -- /home/aditya/dotfiles/.config/hypr/conf/layouts/laptop.conf [8ms]
2025-01-31 02:08:35.495 [info] > git cat-file -s cb863a283df41d28c2df553d3c60665c198db595 [8ms]
