2025-01-31 17:23:36.051 [info] [main] Log level: Info
2025-01-31 17:23:36.051 [info] [main] Validating found git in: "git"
2025-01-31 17:23:36.051 [info] [main] Using git "2.48.1" from "git"
2025-01-31 17:23:36.051 [info] [Model][doInitialScan] Initial repository scan started
2025-01-31 17:23:36.051 [info] > git rev-parse --show-toplevel [483ms]
2025-01-31 17:23:36.080 [info] > git rev-parse --git-dir --git-common-dir [284ms]
2025-01-31 17:23:36.139 [info] [Model][openRepository] Opened repository: /home/aditya/.config
2025-01-31 17:23:36.905 [info] > git config --get commit.template [727ms]
2025-01-31 17:23:37.619 [info] > git for-each-ref --format=%(refname)%00%(upstream:short)%00%(objectname)%00%(upstream:track)%00%(upstream:remotename)%00%(upstream:remoteref) refs/heads/master refs/remotes/master [264ms]
2025-01-31 17:23:37.836 [info] > git check-ignore -v -z --stdin [193ms]
2025-01-31 17:23:55.795 [info] > git status -z -uall [1258ms]
2025-01-31 17:23:55.815 [info] > git for-each-ref --sort -committerdate --format %(refname) %(objectname) %(*objectname) [1244ms]
2025-01-31 17:23:56.593 [info] > git check-ignore -v -z --stdin [660ms]
2025-01-31 17:23:56.656 [info] > git for-each-ref --format=%(refname)%00%(upstream:short)%00%(objectname)%00%(upstream:track)%00%(upstream:remotename)%00%(upstream:remoteref) refs/heads/master refs/remotes/master [767ms]
2025-01-31 17:23:56.927 [info] > git config --local branch.master.vscode-merge-base [204ms]
2025-01-31 17:23:56.928 [warning] [Git][config] git config failed: Failed to execute git
2025-01-31 17:23:56.967 [info] > git config --get commit.template [470ms]
2025-01-31 17:23:57.173 [info] > git reflog master --grep-reflog=branch: Created from *. [207ms]
2025-01-31 17:23:57.427 [info] > git for-each-ref --format=%(refname)%00%(upstream:short)%00%(objectname)%00%(upstream:track)%00%(upstream:remotename)%00%(upstream:remoteref) refs/heads/master refs/remotes/master [172ms]
2025-01-31 17:23:57.427 [info] > git symbolic-ref --short refs/remotes/origin/HEAD [217ms]
2025-01-31 17:23:57.427 [info] fatal: ref refs/remotes/origin/HEAD is not a symbolic ref
2025-01-31 17:23:57.428 [warning] [Repository][getDefaultBranch] Failed to get default branch details: Failed to execute git.
2025-01-31 17:23:57.519 [info] > git merge-base refs/heads/master refs/remotes/origin/master [56ms]
2025-01-31 17:23:57.707 [info] > git diff --name-status -z --diff-filter=ADMR 277894b0be25fc3e95a7621696eb769202923e30...refs/remotes/origin/master [133ms]
2025-01-31 17:24:05.329 [info] > git status -z -uall [7057ms]
2025-01-31 17:24:05.334 [info] > git for-each-ref --sort -committerdate --format %(refname) %(objectname) %(*objectname) [7016ms]
2025-01-31 17:24:06.688 [info] > git config --get commit.template [324ms]
2025-01-31 17:24:08.468 [info] > git for-each-ref --format=%(refname)%00%(upstream:short)%00%(objectname)%00%(upstream:track)%00%(upstream:remotename)%00%(upstream:remoteref) refs/heads/master refs/remotes/master [749ms]
2025-01-31 17:24:09.091 [info] > git status -z -uall [177ms]
2025-01-31 17:24:09.092 [info] > git for-each-ref --sort -committerdate --format %(refname) %(objectname) %(*objectname) [124ms]
2025-01-31 17:24:09.375 [info] > git rev-parse --show-toplevel [135ms]
2025-01-31 17:24:09.457 [info] > git rev-parse --show-toplevel [25ms]
2025-01-31 17:24:09.806 [info] > git rev-parse --show-toplevel [69ms]
2025-01-31 17:24:10.288 [info] > git rev-parse --show-toplevel [123ms]
2025-01-31 17:24:10.451 [info] > git rev-parse --show-toplevel [79ms]
2025-01-31 17:24:10.547 [info] > git rev-parse --show-toplevel [27ms]
2025-01-31 17:24:10.610 [info] > git rev-parse --show-toplevel [15ms]
2025-01-31 17:24:10.702 [info] > git rev-parse --show-toplevel [17ms]
2025-01-31 17:24:10.847 [info] > git rev-parse --show-toplevel [92ms]
2025-01-31 17:24:11.038 [info] > git rev-parse --show-toplevel [105ms]
2025-01-31 17:24:11.505 [info] > git rev-parse --show-toplevel [383ms]
2025-01-31 17:24:11.655 [info] > git rev-parse --show-toplevel [32ms]
2025-01-31 17:24:11.718 [info] > git rev-parse --show-toplevel [7ms]
2025-01-31 17:24:11.780 [info] > git rev-parse --show-toplevel [13ms]
2025-01-31 17:24:11.927 [info] > git rev-parse --show-toplevel [101ms]
2025-01-31 17:24:12.011 [info] > git rev-parse --show-toplevel [14ms]
2025-01-31 17:24:12.089 [info] > git rev-parse --show-toplevel [5ms]
2025-01-31 17:24:12.150 [info] > git rev-parse --show-toplevel [6ms]
2025-01-31 17:24:12.205 [info] > git rev-parse --show-toplevel [6ms]
2025-01-31 17:24:12.278 [info] > git rev-parse --show-toplevel [12ms]
2025-01-31 17:24:12.345 [info] > git rev-parse --show-toplevel [6ms]
2025-01-31 17:24:12.415 [info] > git rev-parse --show-toplevel [9ms]
2025-01-31 17:24:12.501 [info] > git rev-parse --show-toplevel [12ms]
2025-01-31 17:24:12.600 [info] > git rev-parse --show-toplevel [27ms]
2025-01-31 17:24:12.665 [info] > git rev-parse --show-toplevel [9ms]
2025-01-31 17:24:12.720 [info] > git rev-parse --show-toplevel [8ms]
2025-01-31 17:24:12.910 [info] > git rev-parse --show-toplevel [119ms]
2025-01-31 17:24:13.036 [info] > git rev-parse --show-toplevel [13ms]
2025-01-31 17:24:13.341 [info] > git rev-parse --show-toplevel [231ms]
2025-01-31 17:24:13.522 [info] > git rev-parse --show-toplevel [70ms]
2025-01-31 17:24:13.844 [info] > git rev-parse --show-toplevel [108ms]
2025-01-31 17:24:14.057 [info] > git rev-parse --show-toplevel [147ms]
2025-01-31 17:24:15.532 [info] > git rev-parse --show-toplevel [1393ms]
2025-01-31 17:24:16.341 [info] > git config --get commit.template [631ms]
2025-01-31 17:24:16.341 [info] > git rev-parse --show-toplevel [681ms]
2025-01-31 17:24:16.728 [info] > git rev-parse --show-toplevel [300ms]
2025-01-31 17:24:17.092 [info] > git for-each-ref --format=%(refname)%00%(upstream:short)%00%(objectname)%00%(upstream:track)%00%(upstream:remotename)%00%(upstream:remoteref) refs/heads/master refs/remotes/master [577ms]
2025-01-31 17:24:17.125 [info] > git rev-parse --show-toplevel [132ms]
2025-01-31 17:24:17.225 [info] > git rev-parse --show-toplevel [38ms]
2025-01-31 17:24:17.233 [info] [Model][doInitialScan] Initial repository scan completed - repositories (1), closed repositories (0), parent repositories (0), unsafe repositories (0)
2025-01-31 17:24:18.091 [info] > git show --textconv :hypr/hyprlock.conf [744ms]
2025-01-31 17:24:18.091 [info] > git status -z -uall [81ms]
2025-01-31 17:24:18.093 [info] > git ls-files --stage -- /home/aditya/.config/hypr/hyprlock.conf [659ms]
2025-01-31 17:24:18.127 [info] > git for-each-ref --sort -committerdate --format %(refname) %(objectname) %(*objectname) [51ms]
2025-01-31 17:24:18.252 [info] > git blame --root --incremental 277894b0be25fc3e95a7621696eb769202923e30 -- /home/aditya/.config/hypr/hyprlock.conf [22ms]
2025-01-31 17:24:18.252 [info] fatal: no such path hypr/hyprlock.conf in 277894b0be25fc3e95a7621696eb769202923e30
2025-01-31 17:25:19.336 [info] > git config --get commit.template [6ms]
2025-01-31 17:25:19.392 [info] > git for-each-ref --format=%(refname)%00%(upstream:short)%00%(objectname)%00%(upstream:track)%00%(upstream:remotename)%00%(upstream:remoteref) refs/heads/master refs/remotes/master [4ms]
2025-01-31 17:25:19.491 [info] > git for-each-ref --sort -committerdate --format %(refname) %(objectname) %(*objectname) [6ms]
2025-01-31 17:25:19.509 [info] > git status -z -uall [71ms]
2025-01-31 17:25:24.577 [info] > git config --get commit.template [4ms]
2025-01-31 17:25:24.626 [info] > git for-each-ref --format=%(refname)%00%(upstream:short)%00%(objectname)%00%(upstream:track)%00%(upstream:remotename)%00%(upstream:remoteref) refs/heads/master refs/remotes/master [6ms]
2025-01-31 17:25:24.732 [info] > git for-each-ref --sort -committerdate --format %(refname) %(objectname) %(*objectname) [11ms]
2025-01-31 17:25:24.762 [info] > git status -z -uall [85ms]
2025-01-31 17:25:29.822 [info] > git config --get commit.template [4ms]
2025-01-31 17:25:29.868 [info] > git for-each-ref --format=%(refname)%00%(upstream:short)%00%(objectname)%00%(upstream:track)%00%(upstream:remotename)%00%(upstream:remoteref) refs/heads/master refs/remotes/master [4ms]
2025-01-31 17:25:29.969 [info] > git for-each-ref --sort -committerdate --format %(refname) %(objectname) %(*objectname) [6ms]
2025-01-31 17:25:30.003 [info] > git status -z -uall [92ms]
2025-01-31 17:25:39.417 [info] > git config --get commit.template [8ms]
2025-01-31 17:25:39.467 [info] > git for-each-ref --format=%(refname)%00%(upstream:short)%00%(objectname)%00%(upstream:track)%00%(upstream:remotename)%00%(upstream:remoteref) refs/heads/master refs/remotes/master [5ms]
2025-01-31 17:25:39.573 [info] > git for-each-ref --sort -committerdate --format %(refname) %(objectname) %(*objectname) [5ms]
2025-01-31 17:25:39.599 [info] > git status -z -uall [83ms]
2025-01-31 17:25:44.679 [info] > git config --get commit.template [7ms]
2025-01-31 17:25:44.746 [info] > git for-each-ref --format=%(refname)%00%(upstream:short)%00%(objectname)%00%(upstream:track)%00%(upstream:remotename)%00%(upstream:remoteref) refs/heads/master refs/remotes/master [12ms]
2025-01-31 17:25:44.849 [info] > git for-each-ref --sort -committerdate --format %(refname) %(objectname) %(*objectname) [6ms]
2025-01-31 17:25:44.871 [info] > git status -z -uall [71ms]
2025-01-31 17:25:49.937 [info] > git config --get commit.template [4ms]
2025-01-31 17:25:49.980 [info] > git for-each-ref --format=%(refname)%00%(upstream:short)%00%(objectname)%00%(upstream:track)%00%(upstream:remotename)%00%(upstream:remoteref) refs/heads/master refs/remotes/master [3ms]
2025-01-31 17:25:50.066 [info] > git for-each-ref --sort -committerdate --format %(refname) %(objectname) %(*objectname) [5ms]
2025-01-31 17:25:50.087 [info] > git status -z -uall [66ms]
2025-01-31 17:26:02.603 [info] > git config --get commit.template [44ms]
2025-01-31 17:26:02.605 [info] > git for-each-ref --format=%(refname)%00%(upstream:short)%00%(objectname)%00%(upstream:track)%00%(upstream:remotename)%00%(upstream:remoteref) refs/heads/master refs/remotes/master [6ms]
2025-01-31 17:26:02.689 [info] > git for-each-ref --sort -committerdate --format %(refname) %(objectname) %(*objectname) [4ms]
2025-01-31 17:26:02.713 [info] > git status -z -uall [69ms]
2025-01-31 17:26:10.544 [info] > git config --get commit.template [13ms]
2025-01-31 17:26:10.606 [info] > git for-each-ref --format=%(refname)%00%(upstream:short)%00%(objectname)%00%(upstream:track)%00%(upstream:remotename)%00%(upstream:remoteref) refs/heads/master refs/remotes/master [12ms]
2025-01-31 17:26:10.771 [info] > git for-each-ref --sort -committerdate --format %(refname) %(objectname) %(*objectname) [21ms]
2025-01-31 17:26:10.811 [info] > git status -z -uall [132ms]
2025-01-31 17:26:16.821 [info] > git config --get commit.template [12ms]
2025-01-31 17:26:16.931 [info] > git for-each-ref --format=%(refname)%00%(upstream:short)%00%(objectname)%00%(upstream:track)%00%(upstream:remotename)%00%(upstream:remoteref) refs/heads/master refs/remotes/master [52ms]
2025-01-31 17:26:17.031 [info] > git for-each-ref --sort -committerdate --format %(refname) %(objectname) %(*objectname) [10ms]
2025-01-31 17:26:17.055 [info] > git status -z -uall [75ms]
2025-01-31 17:26:22.121 [info] > git config --get commit.template [8ms]
2025-01-31 17:26:22.172 [info] > git for-each-ref --format=%(refname)%00%(upstream:short)%00%(objectname)%00%(upstream:track)%00%(upstream:remotename)%00%(upstream:remoteref) refs/heads/master refs/remotes/master [6ms]
2025-01-31 17:26:22.296 [info] > git for-each-ref --sort -committerdate --format %(refname) %(objectname) %(*objectname) [22ms]
2025-01-31 17:26:22.310 [info] > git status -z -uall [86ms]
2025-01-31 17:26:27.379 [info] > git config --get commit.template [6ms]
2025-01-31 17:26:27.434 [info] > git for-each-ref --format=%(refname)%00%(upstream:short)%00%(objectname)%00%(upstream:track)%00%(upstream:remotename)%00%(upstream:remoteref) refs/heads/master refs/remotes/master [6ms]
2025-01-31 17:26:27.536 [info] > git for-each-ref --sort -committerdate --format %(refname) %(objectname) %(*objectname) [5ms]
2025-01-31 17:26:27.558 [info] > git status -z -uall [73ms]
2025-01-31 17:26:34.213 [info] > git config --get commit.template [4ms]
2025-01-31 17:26:34.282 [info] > git for-each-ref --format=%(refname)%00%(upstream:short)%00%(objectname)%00%(upstream:track)%00%(upstream:remotename)%00%(upstream:remoteref) refs/heads/master refs/remotes/master [11ms]
2025-01-31 17:26:34.404 [info] > git for-each-ref --sort -committerdate --format %(refname) %(objectname) %(*objectname) [9ms]
2025-01-31 17:26:34.434 [info] > git status -z -uall [89ms]
2025-01-31 17:26:39.491 [info] > git config --get commit.template [3ms]
2025-01-31 17:26:39.534 [info] > git for-each-ref --format=%(refname)%00%(upstream:short)%00%(objectname)%00%(upstream:track)%00%(upstream:remotename)%00%(upstream:remoteref) refs/heads/master refs/remotes/master [4ms]
2025-01-31 17:26:39.624 [info] > git for-each-ref --sort -committerdate --format %(refname) %(objectname) %(*objectname) [5ms]
2025-01-31 17:26:39.650 [info] > git status -z -uall [75ms]
2025-01-31 17:26:45.643 [info] > git config --get commit.template [47ms]
2025-01-31 17:26:45.645 [info] > git for-each-ref --format=%(refname)%00%(upstream:short)%00%(objectname)%00%(upstream:track)%00%(upstream:remotename)%00%(upstream:remoteref) refs/heads/master refs/remotes/master [6ms]
2025-01-31 17:26:45.754 [info] > git for-each-ref --sort -committerdate --format %(refname) %(objectname) %(*objectname) [8ms]
2025-01-31 17:26:45.772 [info] > git status -z -uall [82ms]
2025-01-31 17:26:50.830 [info] > git config --get commit.template [2ms]
2025-01-31 17:26:50.872 [info] > git for-each-ref --format=%(refname)%00%(upstream:short)%00%(objectname)%00%(upstream:track)%00%(upstream:remotename)%00%(upstream:remoteref) refs/heads/master refs/remotes/master [3ms]
2025-01-31 17:26:50.958 [info] > git for-each-ref --sort -committerdate --format %(refname) %(objectname) %(*objectname) [7ms]
2025-01-31 17:26:50.990 [info] > git status -z -uall [79ms]
2025-01-31 17:27:00.497 [info] > git config --get commit.template [10ms]
2025-01-31 17:27:00.547 [info] > git for-each-ref --format=%(refname)%00%(upstream:short)%00%(objectname)%00%(upstream:track)%00%(upstream:remotename)%00%(upstream:remoteref) refs/heads/master refs/remotes/master [4ms]
2025-01-31 17:27:00.644 [info] > git for-each-ref --sort -committerdate --format %(refname) %(objectname) %(*objectname) [5ms]
2025-01-31 17:27:00.667 [info] > git status -z -uall [75ms]
2025-01-31 17:27:19.090 [info] > git check-ignore -v -z --stdin [7ms]
2025-01-31 17:27:23.998 [info] > git config --get commit.template [55ms]
2025-01-31 17:27:24.001 [info] > git for-each-ref --format=%(refname)%00%(upstream:short)%00%(objectname)%00%(upstream:track)%00%(upstream:remotename)%00%(upstream:remoteref) refs/heads/master refs/remotes/master [8ms]
2025-01-31 17:27:24.106 [info] > git for-each-ref --sort -committerdate --format %(refname) %(objectname) %(*objectname) [7ms]
2025-01-31 17:27:24.132 [info] > git status -z -uall [83ms]
2025-01-31 17:27:26.158 [info] > git show --textconv :hypr/infolock.sh [96ms]
2025-01-31 17:27:26.159 [info] > git ls-files --stage -- /home/aditya/.config/hypr/infolock.sh [19ms]
2025-01-31 17:27:26.324 [info] > git check-ignore -v -z --stdin [74ms]
2025-01-31 17:27:29.202 [info] > git config --get commit.template [10ms]
2025-01-31 17:27:29.246 [info] > git for-each-ref --format=%(refname)%00%(upstream:short)%00%(objectname)%00%(upstream:track)%00%(upstream:remotename)%00%(upstream:remoteref) refs/heads/master refs/remotes/master [3ms]
2025-01-31 17:27:29.387 [info] > git status -z -uall [102ms]
2025-01-31 17:27:29.387 [info] > git for-each-ref --sort -committerdate --format %(refname) %(objectname) %(*objectname) [52ms]
2025-01-31 17:27:31.101 [info] > git blame --root --incremental 277894b0be25fc3e95a7621696eb769202923e30 -- /home/aditya/.config/hypr/infolock.sh [7ms]
2025-01-31 17:27:31.101 [info] fatal: no such path hypr/infolock.sh in 277894b0be25fc3e95a7621696eb769202923e30
2025-01-31 17:27:34.442 [info] > git config --get commit.template [4ms]
2025-01-31 17:27:34.487 [info] > git for-each-ref --format=%(refname)%00%(upstream:short)%00%(objectname)%00%(upstream:track)%00%(upstream:remotename)%00%(upstream:remoteref) refs/heads/master refs/remotes/master [4ms]
2025-01-31 17:27:34.576 [info] > git for-each-ref --sort -committerdate --format %(refname) %(objectname) %(*objectname) [5ms]
2025-01-31 17:27:34.599 [info] > git status -z -uall [70ms]
2025-01-31 17:27:40.714 [info] > git config --get commit.template [40ms]
2025-01-31 17:27:40.716 [info] > git for-each-ref --format=%(refname)%00%(upstream:short)%00%(objectname)%00%(upstream:track)%00%(upstream:remotename)%00%(upstream:remoteref) refs/heads/master refs/remotes/master [4ms]
2025-01-31 17:27:40.804 [info] > git for-each-ref --sort -committerdate --format %(refname) %(objectname) %(*objectname) [6ms]
2025-01-31 17:27:40.834 [info] > git status -z -uall [78ms]
2025-01-31 17:27:45.893 [info] > git config --get commit.template [5ms]
2025-01-31 17:27:45.942 [info] > git for-each-ref --format=%(refname)%00%(upstream:short)%00%(objectname)%00%(upstream:track)%00%(upstream:remotename)%00%(upstream:remoteref) refs/heads/master refs/remotes/master [5ms]
2025-01-31 17:27:46.043 [info] > git for-each-ref --sort -committerdate --format %(refname) %(objectname) %(*objectname) [6ms]
2025-01-31 17:27:46.069 [info] > git status -z -uall [80ms]
2025-01-31 17:27:51.123 [info] > git config --get commit.template [4ms]
2025-01-31 17:27:51.168 [info] > git for-each-ref --format=%(refname)%00%(upstream:short)%00%(objectname)%00%(upstream:track)%00%(upstream:remotename)%00%(upstream:remoteref) refs/heads/master refs/remotes/master [4ms]
2025-01-31 17:27:51.251 [info] > git for-each-ref --sort -committerdate --format %(refname) %(objectname) %(*objectname) [4ms]
2025-01-31 17:27:51.274 [info] > git status -z -uall [67ms]
2025-01-31 17:27:56.338 [info] > git config --get commit.template [8ms]
2025-01-31 17:27:56.389 [info] > git for-each-ref --format=%(refname)%00%(upstream:short)%00%(objectname)%00%(upstream:track)%00%(upstream:remotename)%00%(upstream:remoteref) refs/heads/master refs/remotes/master [4ms]
2025-01-31 17:27:56.482 [info] > git for-each-ref --sort -committerdate --format %(refname) %(objectname) %(*objectname) [6ms]
2025-01-31 17:27:56.506 [info] > git status -z -uall [73ms]
2025-01-31 17:27:57.179 [info] > git show --textconv :hypr/hyprlock.conf [67ms]
2025-01-31 17:27:57.186 [info] > git ls-files --stage -- /home/aditya/.config/hypr/hyprlock.conf [11ms]
2025-01-31 17:27:58.666 [info] > git show --textconv :hypr/infolock.sh [55ms]
2025-01-31 17:27:58.675 [info] > git ls-files --stage -- /home/aditya/.config/hypr/infolock.sh [11ms]
2025-01-31 17:28:01.607 [info] > git config --get commit.template [51ms]
2025-01-31 17:28:01.610 [info] > git for-each-ref --format=%(refname)%00%(upstream:short)%00%(objectname)%00%(upstream:track)%00%(upstream:remotename)%00%(upstream:remoteref) refs/heads/master refs/remotes/master [9ms]
2025-01-31 17:28:01.698 [info] > git for-each-ref --sort -committerdate --format %(refname) %(objectname) %(*objectname) [4ms]
2025-01-31 17:28:01.721 [info] > git status -z -uall [68ms]
2025-01-31 17:28:08.481 [info] > git config --get commit.template [3ms]
2025-01-31 17:28:08.530 [info] > git for-each-ref --format=%(refname)%00%(upstream:short)%00%(objectname)%00%(upstream:track)%00%(upstream:remotename)%00%(upstream:remoteref) refs/heads/master refs/remotes/master [9ms]
2025-01-31 17:28:08.624 [info] > git for-each-ref --sort -committerdate --format %(refname) %(objectname) %(*objectname) [7ms]
2025-01-31 17:28:08.649 [info] > git status -z -uall [79ms]
2025-01-31 17:28:13.718 [info] > git config --get commit.template [13ms]
2025-01-31 17:28:13.776 [info] > git for-each-ref --format=%(refname)%00%(upstream:short)%00%(objectname)%00%(upstream:track)%00%(upstream:remotename)%00%(upstream:remoteref) refs/heads/master refs/remotes/master [13ms]
2025-01-31 17:28:13.874 [info] > git for-each-ref --sort -committerdate --format %(refname) %(objectname) %(*objectname) [5ms]
2025-01-31 17:28:13.900 [info] > git status -z -uall [79ms]
2025-01-31 17:28:18.958 [info] > git config --get commit.template [4ms]
2025-01-31 17:28:19.025 [info] > git for-each-ref --format=%(refname)%00%(upstream:short)%00%(objectname)%00%(upstream:track)%00%(upstream:remotename)%00%(upstream:remoteref) refs/heads/master refs/remotes/master [8ms]
2025-01-31 17:28:19.155 [info] > git for-each-ref --sort -committerdate --format %(refname) %(objectname) %(*objectname) [10ms]
2025-01-31 17:28:19.177 [info] > git status -z -uall [73ms]
2025-01-31 17:28:24.239 [info] > git config --get commit.template [5ms]
2025-01-31 17:28:24.283 [info] > git for-each-ref --format=%(refname)%00%(upstream:short)%00%(objectname)%00%(upstream:track)%00%(upstream:remotename)%00%(upstream:remoteref) refs/heads/master refs/remotes/master [4ms]
2025-01-31 17:28:24.375 [info] > git for-each-ref --sort -committerdate --format %(refname) %(objectname) %(*objectname) [6ms]
2025-01-31 17:28:24.401 [info] > git status -z -uall [79ms]
2025-01-31 17:28:29.466 [info] > git config --get commit.template [4ms]
2025-01-31 17:28:29.509 [info] > git for-each-ref --format=%(refname)%00%(upstream:short)%00%(objectname)%00%(upstream:track)%00%(upstream:remotename)%00%(upstream:remoteref) refs/heads/master refs/remotes/master [4ms]
2025-01-31 17:28:29.609 [info] > git for-each-ref --sort -committerdate --format %(refname) %(objectname) %(*objectname) [8ms]
2025-01-31 17:28:29.623 [info] > git status -z -uall [72ms]
2025-01-31 17:28:34.681 [info] > git config --get commit.template [4ms]
2025-01-31 17:28:34.735 [info] > git for-each-ref --format=%(refname)%00%(upstream:short)%00%(objectname)%00%(upstream:track)%00%(upstream:remotename)%00%(upstream:remoteref) refs/heads/master refs/remotes/master [5ms]
2025-01-31 17:28:34.851 [info] > git for-each-ref --sort -committerdate --format %(refname) %(objectname) %(*objectname) [8ms]
2025-01-31 17:28:34.874 [info] > git status -z -uall [92ms]
2025-01-31 17:28:39.966 [info] > git config --get commit.template [42ms]
2025-01-31 17:28:39.968 [info] > git for-each-ref --format=%(refname)%00%(upstream:short)%00%(objectname)%00%(upstream:track)%00%(upstream:remotename)%00%(upstream:remoteref) refs/heads/master refs/remotes/master [4ms]
2025-01-31 17:28:40.054 [info] > git for-each-ref --sort -committerdate --format %(refname) %(objectname) %(*objectname) [6ms]
2025-01-31 17:28:40.074 [info] > git status -z -uall [67ms]
2025-01-31 17:28:45.134 [info] > git config --get commit.template [6ms]
2025-01-31 17:28:45.177 [info] > git for-each-ref --format=%(refname)%00%(upstream:short)%00%(objectname)%00%(upstream:track)%00%(upstream:remotename)%00%(upstream:remoteref) refs/heads/master refs/remotes/master [4ms]
2025-01-31 17:28:45.279 [info] > git for-each-ref --sort -committerdate --format %(refname) %(objectname) %(*objectname) [14ms]
2025-01-31 17:28:45.299 [info] > git status -z -uall [83ms]
2025-01-31 17:28:54.518 [info] > git config --get commit.template [9ms]
2025-01-31 17:28:54.593 [info] > git for-each-ref --format=%(refname)%00%(upstream:short)%00%(objectname)%00%(upstream:track)%00%(upstream:remotename)%00%(upstream:remoteref) refs/heads/master refs/remotes/master [5ms]
2025-01-31 17:28:54.693 [info] > git for-each-ref --sort -committerdate --format %(refname) %(objectname) %(*objectname) [7ms]
2025-01-31 17:28:54.717 [info] > git status -z -uall [79ms]
2025-01-31 17:28:59.811 [info] > git config --get commit.template [40ms]
2025-01-31 17:28:59.813 [info] > git for-each-ref --format=%(refname)%00%(upstream:short)%00%(objectname)%00%(upstream:track)%00%(upstream:remotename)%00%(upstream:remoteref) refs/heads/master refs/remotes/master [3ms]
2025-01-31 17:28:59.898 [info] > git for-each-ref --sort -committerdate --format %(refname) %(objectname) %(*objectname) [6ms]
2025-01-31 17:28:59.919 [info] > git status -z -uall [66ms]
2025-01-31 17:29:10.510 [info] > git config --get commit.template [44ms]
2025-01-31 17:29:10.512 [info] > git for-each-ref --format=%(refname)%00%(upstream:short)%00%(objectname)%00%(upstream:track)%00%(upstream:remotename)%00%(upstream:remoteref) refs/heads/master refs/remotes/master [6ms]
2025-01-31 17:29:10.597 [info] > git for-each-ref --sort -committerdate --format %(refname) %(objectname) %(*objectname) [4ms]
2025-01-31 17:29:10.619 [info] > git status -z -uall [67ms]
2025-01-31 17:29:15.680 [info] > git config --get commit.template [4ms]
2025-01-31 17:29:15.731 [info] > git for-each-ref --format=%(refname)%00%(upstream:short)%00%(objectname)%00%(upstream:track)%00%(upstream:remotename)%00%(upstream:remoteref) refs/heads/master refs/remotes/master [5ms]
2025-01-31 17:29:15.831 [info] > git for-each-ref --sort -committerdate --format %(refname) %(objectname) %(*objectname) [7ms]
2025-01-31 17:29:15.854 [info] > git status -z -uall [76ms]
2025-01-31 17:29:20.909 [info] > git config --get commit.template [4ms]
2025-01-31 17:29:20.953 [info] > git for-each-ref --format=%(refname)%00%(upstream:short)%00%(objectname)%00%(upstream:track)%00%(upstream:remotename)%00%(upstream:remoteref) refs/heads/master refs/remotes/master [4ms]
2025-01-31 17:29:21.040 [info] > git for-each-ref --sort -committerdate --format %(refname) %(objectname) %(*objectname) [7ms]
2025-01-31 17:29:21.059 [info] > git status -z -uall [66ms]
2025-01-31 17:29:26.114 [info] > git config --get commit.template [3ms]
2025-01-31 17:29:26.158 [info] > git for-each-ref --format=%(refname)%00%(upstream:short)%00%(objectname)%00%(upstream:track)%00%(upstream:remotename)%00%(upstream:remoteref) refs/heads/master refs/remotes/master [4ms]
2025-01-31 17:29:26.247 [info] > git for-each-ref --sort -committerdate --format %(refname) %(objectname) %(*objectname) [7ms]
2025-01-31 17:29:26.268 [info] > git status -z -uall [69ms]
2025-01-31 17:30:06.665 [info] > git config --get commit.template [5ms]
2025-01-31 17:30:06.733 [info] > git for-each-ref --format=%(refname)%00%(upstream:short)%00%(objectname)%00%(upstream:track)%00%(upstream:remotename)%00%(upstream:remoteref) refs/heads/master refs/remotes/master [10ms]
2025-01-31 17:30:06.839 [info] > git for-each-ref --sort -committerdate --format %(refname) %(objectname) %(*objectname) [6ms]
2025-01-31 17:30:06.866 [info] > git status -z -uall [77ms]
2025-01-31 17:30:11.919 [info] > git config --get commit.template [4ms]
2025-01-31 17:30:11.967 [info] > git for-each-ref --format=%(refname)%00%(upstream:short)%00%(objectname)%00%(upstream:track)%00%(upstream:remotename)%00%(upstream:remoteref) refs/heads/master refs/remotes/master [4ms]
2025-01-31 17:30:12.055 [info] > git for-each-ref --sort -committerdate --format %(refname) %(objectname) %(*objectname) [6ms]
2025-01-31 17:30:12.075 [info] > git status -z -uall [68ms]
2025-01-31 17:30:18.156 [info] > git config --get commit.template [104ms]
2025-01-31 17:30:18.230 [info] > git for-each-ref --format=%(refname)%00%(upstream:short)%00%(objectname)%00%(upstream:track)%00%(upstream:remotename)%00%(upstream:remoteref) refs/heads/master refs/remotes/master [18ms]
2025-01-31 17:30:18.355 [info] > git for-each-ref --sort -committerdate --format %(refname) %(objectname) %(*objectname) [16ms]
2025-01-31 17:30:18.375 [info] > git status -z -uall [85ms]
2025-01-31 17:30:23.559 [info] > git config --get commit.template [34ms]
2025-01-31 17:30:23.620 [info] > git for-each-ref --format=%(refname)%00%(upstream:short)%00%(objectname)%00%(upstream:track)%00%(upstream:remotename)%00%(upstream:remoteref) refs/heads/master refs/remotes/master [6ms]
2025-01-31 17:30:23.739 [info] > git for-each-ref --sort -committerdate --format %(refname) %(objectname) %(*objectname) [9ms]
2025-01-31 17:30:23.757 [info] > git status -z -uall [76ms]
2025-01-31 17:30:29.707 [info] > git config --get commit.template [43ms]
2025-01-31 17:30:29.709 [info] > git for-each-ref --format=%(refname)%00%(upstream:short)%00%(objectname)%00%(upstream:track)%00%(upstream:remotename)%00%(upstream:remoteref) refs/heads/master refs/remotes/master [6ms]
2025-01-31 17:30:29.798 [info] > git for-each-ref --sort -committerdate --format %(refname) %(objectname) %(*objectname) [5ms]
2025-01-31 17:30:29.838 [info] > git status -z -uall [89ms]
2025-01-31 17:30:34.944 [info] > git config --get commit.template [50ms]
2025-01-31 17:30:34.946 [info] > git for-each-ref --format=%(refname)%00%(upstream:short)%00%(objectname)%00%(upstream:track)%00%(upstream:remotename)%00%(upstream:remoteref) refs/heads/master refs/remotes/master [6ms]
2025-01-31 17:30:35.052 [info] > git for-each-ref --sort -committerdate --format %(refname) %(objectname) %(*objectname) [8ms]
2025-01-31 17:30:35.071 [info] > git status -z -uall [78ms]
2025-01-31 17:30:47.407 [info] > git config --get commit.template [43ms]
2025-01-31 17:30:47.409 [info] > git for-each-ref --format=%(refname)%00%(upstream:short)%00%(objectname)%00%(upstream:track)%00%(upstream:remotename)%00%(upstream:remoteref) refs/heads/master refs/remotes/master [6ms]
2025-01-31 17:30:47.499 [info] > git for-each-ref --sort -committerdate --format %(refname) %(objectname) %(*objectname) [4ms]
2025-01-31 17:30:47.524 [info] > git status -z -uall [73ms]
2025-01-31 17:30:52.585 [info] > git config --get commit.template [5ms]
2025-01-31 17:30:52.630 [info] > git for-each-ref --format=%(refname)%00%(upstream:short)%00%(objectname)%00%(upstream:track)%00%(upstream:remotename)%00%(upstream:remoteref) refs/heads/master refs/remotes/master [3ms]
2025-01-31 17:30:52.715 [info] > git for-each-ref --sort -committerdate --format %(refname) %(objectname) %(*objectname) [5ms]
2025-01-31 17:30:52.740 [info] > git status -z -uall [71ms]
2025-01-31 17:30:57.844 [info] > git config --get commit.template [46ms]
2025-01-31 17:30:57.848 [info] > git for-each-ref --format=%(refname)%00%(upstream:short)%00%(objectname)%00%(upstream:track)%00%(upstream:remotename)%00%(upstream:remoteref) refs/heads/master refs/remotes/master [6ms]
2025-01-31 17:30:57.974 [info] > git for-each-ref --sort -committerdate --format %(refname) %(objectname) %(*objectname) [24ms]
2025-01-31 17:30:57.979 [info] > git status -z -uall [84ms]
2025-01-31 17:31:03.036 [info] > git config --get commit.template [4ms]
2025-01-31 17:31:03.080 [info] > git for-each-ref --format=%(refname)%00%(upstream:short)%00%(objectname)%00%(upstream:track)%00%(upstream:remotename)%00%(upstream:remoteref) refs/heads/master refs/remotes/master [4ms]
2025-01-31 17:31:03.173 [info] > git for-each-ref --sort -committerdate --format %(refname) %(objectname) %(*objectname) [6ms]
2025-01-31 17:31:03.196 [info] > git status -z -uall [76ms]
2025-01-31 17:31:08.257 [info] > git config --get commit.template [5ms]
2025-01-31 17:31:08.307 [info] > git for-each-ref --format=%(refname)%00%(upstream:short)%00%(objectname)%00%(upstream:track)%00%(upstream:remotename)%00%(upstream:remoteref) refs/heads/master refs/remotes/master [6ms]
2025-01-31 17:31:08.403 [info] > git for-each-ref --sort -committerdate --format %(refname) %(objectname) %(*objectname) [4ms]
2025-01-31 17:31:08.435 [info] > git status -z -uall [81ms]
2025-01-31 17:31:13.551 [info] > git config --get commit.template [56ms]
2025-01-31 17:31:13.554 [info] > git for-each-ref --format=%(refname)%00%(upstream:short)%00%(objectname)%00%(upstream:track)%00%(upstream:remotename)%00%(upstream:remoteref) refs/heads/master refs/remotes/master [7ms]
2025-01-31 17:31:13.663 [info] > git for-each-ref --sort -committerdate --format %(refname) %(objectname) %(*objectname) [7ms]
2025-01-31 17:31:13.694 [info] > git status -z -uall [88ms]
2025-01-31 17:31:22.935 [info] > git for-each-ref --format=%(refname)%00%(upstream:short)%00%(objectname)%00%(upstream:track)%00%(upstream:remotename)%00%(upstream:remoteref) refs/heads/master refs/remotes/master [6ms]
2025-01-31 17:31:22.936 [info] > git config --get commit.template [52ms]
2025-01-31 17:31:23.034 [info] > git for-each-ref --sort -committerdate --format %(refname) %(objectname) %(*objectname) [5ms]
2025-01-31 17:31:23.060 [info] > git status -z -uall [74ms]
2025-01-31 17:31:42.454 [info] > git config --get commit.template [4ms]
2025-01-31 17:31:42.499 [info] > git for-each-ref --format=%(refname)%00%(upstream:short)%00%(objectname)%00%(upstream:track)%00%(upstream:remotename)%00%(upstream:remoteref) refs/heads/master refs/remotes/master [4ms]
2025-01-31 17:31:42.591 [info] > git for-each-ref --sort -committerdate --format %(refname) %(objectname) %(*objectname) [7ms]
2025-01-31 17:31:42.617 [info] > git status -z -uall [77ms]
2025-01-31 17:31:54.217 [info] > git config --get commit.template [5ms]
2025-01-31 17:31:54.273 [info] > git for-each-ref --format=%(refname)%00%(upstream:short)%00%(objectname)%00%(upstream:track)%00%(upstream:remotename)%00%(upstream:remoteref) refs/heads/master refs/remotes/master [5ms]
2025-01-31 17:31:54.374 [info] > git for-each-ref --sort -committerdate --format %(refname) %(objectname) %(*objectname) [13ms]
2025-01-31 17:31:54.389 [info] > git status -z -uall [72ms]
2025-01-31 17:32:01.221 [info] > git config --get commit.template [5ms]
2025-01-31 17:32:01.267 [info] > git for-each-ref --format=%(refname)%00%(upstream:short)%00%(objectname)%00%(upstream:track)%00%(upstream:remotename)%00%(upstream:remoteref) refs/heads/master refs/remotes/master [4ms]
2025-01-31 17:32:01.354 [info] > git for-each-ref --sort -committerdate --format %(refname) %(objectname) %(*objectname) [4ms]
2025-01-31 17:32:01.375 [info] > git status -z -uall [67ms]
2025-01-31 17:32:10.753 [info] > git config --get commit.template [4ms]
2025-01-31 17:32:10.799 [info] > git for-each-ref --format=%(refname)%00%(upstream:short)%00%(objectname)%00%(upstream:track)%00%(upstream:remotename)%00%(upstream:remoteref) refs/heads/master refs/remotes/master [4ms]
2025-01-31 17:32:10.896 [info] > git for-each-ref --sort -committerdate --format %(refname) %(objectname) %(*objectname) [7ms]
2025-01-31 17:32:10.916 [info] > git status -z -uall [73ms]
2025-01-31 17:32:23.984 [info] > git config --get commit.template [4ms]
2025-01-31 17:32:24.034 [info] > git for-each-ref --format=%(refname)%00%(upstream:short)%00%(objectname)%00%(upstream:track)%00%(upstream:remotename)%00%(upstream:remoteref) refs/heads/master refs/remotes/master [4ms]
2025-01-31 17:32:24.132 [info] > git for-each-ref --sort -committerdate --format %(refname) %(objectname) %(*objectname) [5ms]
2025-01-31 17:32:24.159 [info] > git status -z -uall [78ms]
2025-01-31 17:32:29.221 [info] > git config --get commit.template [4ms]
2025-01-31 17:32:29.278 [info] > git for-each-ref --format=%(refname)%00%(upstream:short)%00%(objectname)%00%(upstream:track)%00%(upstream:remotename)%00%(upstream:remoteref) refs/heads/master refs/remotes/master [12ms]
2025-01-31 17:32:29.384 [info] > git for-each-ref --sort -committerdate --format %(refname) %(objectname) %(*objectname) [15ms]
2025-01-31 17:32:29.401 [info] > git status -z -uall [80ms]
2025-01-31 17:32:38.761 [info] > git config --get commit.template [4ms]
2025-01-31 17:32:38.805 [info] > git for-each-ref --format=%(refname)%00%(upstream:short)%00%(objectname)%00%(upstream:track)%00%(upstream:remotename)%00%(upstream:remoteref) refs/heads/master refs/remotes/master [4ms]
2025-01-31 17:32:38.902 [info] > git for-each-ref --sort -committerdate --format %(refname) %(objectname) %(*objectname) [6ms]
2025-01-31 17:32:38.924 [info] > git status -z -uall [77ms]
2025-01-31 17:32:43.991 [info] > git config --get commit.template [8ms]
2025-01-31 17:32:44.049 [info] > git for-each-ref --format=%(refname)%00%(upstream:short)%00%(objectname)%00%(upstream:track)%00%(upstream:remotename)%00%(upstream:remoteref) refs/heads/master refs/remotes/master [5ms]
2025-01-31 17:32:44.164 [info] > git for-each-ref --sort -committerdate --format %(refname) %(objectname) %(*objectname) [6ms]
2025-01-31 17:32:44.200 [info] > git status -z -uall [96ms]
2025-01-31 17:33:02.537 [info] > git config --get commit.template [5ms]
2025-01-31 17:33:02.614 [info] > git for-each-ref --format=%(refname)%00%(upstream:short)%00%(objectname)%00%(upstream:track)%00%(upstream:remotename)%00%(upstream:remoteref) refs/heads/master refs/remotes/master [7ms]
2025-01-31 17:33:02.727 [info] > git for-each-ref --sort -committerdate --format %(refname) %(objectname) %(*objectname) [13ms]
2025-01-31 17:33:02.744 [info] > git status -z -uall [80ms]
2025-01-31 17:33:07.847 [info] > git config --get commit.template [49ms]
2025-01-31 17:33:07.850 [info] > git for-each-ref --format=%(refname)%00%(upstream:short)%00%(objectname)%00%(upstream:track)%00%(upstream:remotename)%00%(upstream:remoteref) refs/heads/master refs/remotes/master [5ms]
2025-01-31 17:33:07.957 [info] > git for-each-ref --sort -committerdate --format %(refname) %(objectname) %(*objectname) [7ms]
2025-01-31 17:33:07.977 [info] > git status -z -uall [75ms]
2025-01-31 17:33:16.176 [info] > git config --get commit.template [58ms]
2025-01-31 17:33:16.179 [info] > git for-each-ref --format=%(refname)%00%(upstream:short)%00%(objectname)%00%(upstream:track)%00%(upstream:remotename)%00%(upstream:remoteref) refs/heads/master refs/remotes/master [7ms]
2025-01-31 17:33:16.298 [info] > git for-each-ref --sort -committerdate --format %(refname) %(objectname) %(*objectname) [10ms]
2025-01-31 17:33:16.327 [info] > git status -z -uall [100ms]
2025-01-31 17:33:29.259 [info] > git config --get commit.template [44ms]
2025-01-31 17:33:29.261 [info] > git for-each-ref --format=%(refname)%00%(upstream:short)%00%(objectname)%00%(upstream:track)%00%(upstream:remotename)%00%(upstream:remoteref) refs/heads/master refs/remotes/master [5ms]
2025-01-31 17:33:29.348 [info] > git for-each-ref --sort -committerdate --format %(refname) %(objectname) %(*objectname) [5ms]
2025-01-31 17:33:29.370 [info] > git status -z -uall [69ms]
2025-01-31 17:33:34.425 [info] > git config --get commit.template [4ms]
2025-01-31 17:33:34.469 [info] > git for-each-ref --format=%(refname)%00%(upstream:short)%00%(objectname)%00%(upstream:track)%00%(upstream:remotename)%00%(upstream:remoteref) refs/heads/master refs/remotes/master [4ms]
2025-01-31 17:33:34.558 [info] > git for-each-ref --sort -committerdate --format %(refname) %(objectname) %(*objectname) [6ms]
2025-01-31 17:33:34.581 [info] > git status -z -uall [72ms]
2025-01-31 17:33:45.441 [info] > git config --get commit.template [4ms]
2025-01-31 17:33:45.487 [info] > git for-each-ref --format=%(refname)%00%(upstream:short)%00%(objectname)%00%(upstream:track)%00%(upstream:remotename)%00%(upstream:remoteref) refs/heads/master refs/remotes/master [4ms]
2025-01-31 17:33:45.576 [info] > git for-each-ref --sort -committerdate --format %(refname) %(objectname) %(*objectname) [5ms]
2025-01-31 17:33:45.599 [info] > git status -z -uall [71ms]
2025-01-31 17:33:51.045 [info] > git config --get commit.template [6ms]
2025-01-31 17:33:51.104 [info] > git for-each-ref --format=%(refname)%00%(upstream:short)%00%(objectname)%00%(upstream:track)%00%(upstream:remotename)%00%(upstream:remoteref) refs/heads/master refs/remotes/master [5ms]
2025-01-31 17:33:51.207 [info] > git for-each-ref --sort -committerdate --format %(refname) %(objectname) %(*objectname) [11ms]
2025-01-31 17:33:51.225 [info] > git status -z -uall [76ms]
2025-01-31 17:33:56.286 [info] > git config --get commit.template [4ms]
2025-01-31 17:33:56.340 [info] > git for-each-ref --format=%(refname)%00%(upstream:short)%00%(objectname)%00%(upstream:track)%00%(upstream:remotename)%00%(upstream:remoteref) refs/heads/master refs/remotes/master [5ms]
2025-01-31 17:33:56.441 [info] > git for-each-ref --sort -committerdate --format %(refname) %(objectname) %(*objectname) [4ms]
2025-01-31 17:33:56.462 [info] > git status -z -uall [73ms]
2025-01-31 17:34:01.553 [info] > git config --get commit.template [42ms]
2025-01-31 17:34:01.556 [info] > git for-each-ref --format=%(refname)%00%(upstream:short)%00%(objectname)%00%(upstream:track)%00%(upstream:remotename)%00%(upstream:remoteref) refs/heads/master refs/remotes/master [4ms]
2025-01-31 17:34:01.671 [info] > git for-each-ref --sort -committerdate --format %(refname) %(objectname) %(*objectname) [7ms]
2025-01-31 17:34:01.697 [info] > git status -z -uall [89ms]
2025-01-31 17:34:06.794 [info] > git config --get commit.template [43ms]
2025-01-31 17:34:06.796 [info] > git for-each-ref --format=%(refname)%00%(upstream:short)%00%(objectname)%00%(upstream:track)%00%(upstream:remotename)%00%(upstream:remoteref) refs/heads/master refs/remotes/master [4ms]
2025-01-31 17:34:06.895 [info] > git for-each-ref --sort -committerdate --format %(refname) %(objectname) %(*objectname) [6ms]
2025-01-31 17:34:06.915 [info] > git status -z -uall [72ms]
2025-01-31 17:34:11.983 [info] > git config --get commit.template [4ms]
2025-01-31 17:34:12.036 [info] > git for-each-ref --format=%(refname)%00%(upstream:short)%00%(objectname)%00%(upstream:track)%00%(upstream:remotename)%00%(upstream:remoteref) refs/heads/master refs/remotes/master [4ms]
2025-01-31 17:34:12.152 [info] > git for-each-ref --sort -committerdate --format %(refname) %(objectname) %(*objectname) [13ms]
2025-01-31 17:34:12.174 [info] > git status -z -uall [88ms]
2025-01-31 17:34:24.030 [info] > git config --get commit.template [45ms]
2025-01-31 17:34:24.032 [info] > git for-each-ref --format=%(refname)%00%(upstream:short)%00%(objectname)%00%(upstream:track)%00%(upstream:remotename)%00%(upstream:remoteref) refs/heads/master refs/remotes/master [5ms]
2025-01-31 17:34:24.120 [info] > git for-each-ref --sort -committerdate --format %(refname) %(objectname) %(*objectname) [4ms]
2025-01-31 17:34:24.143 [info] > git status -z -uall [70ms]
2025-01-31 17:34:42.192 [info] > git config --get commit.template [7ms]
2025-01-31 17:34:42.244 [info] > git for-each-ref --format=%(refname)%00%(upstream:short)%00%(objectname)%00%(upstream:track)%00%(upstream:remotename)%00%(upstream:remoteref) refs/heads/master refs/remotes/master [5ms]
2025-01-31 17:34:42.367 [info] > git for-each-ref --sort -committerdate --format %(refname) %(objectname) %(*objectname) [9ms]
2025-01-31 17:34:42.389 [info] > git status -z -uall [94ms]
2025-01-31 17:34:52.953 [info] > git config --get commit.template [16ms]
2025-01-31 17:34:53.064 [info] > git for-each-ref --format=%(refname)%00%(upstream:short)%00%(objectname)%00%(upstream:track)%00%(upstream:remotename)%00%(upstream:remoteref) refs/heads/master refs/remotes/master [25ms]
2025-01-31 17:34:53.249 [info] > git for-each-ref --sort -committerdate --format %(refname) %(objectname) %(*objectname) [10ms]
2025-01-31 17:34:53.274 [info] > git status -z -uall [104ms]
2025-01-31 17:35:15.139 [info] > git config --get commit.template [8ms]
2025-01-31 17:35:15.202 [info] > git for-each-ref --format=%(refname)%00%(upstream:short)%00%(objectname)%00%(upstream:track)%00%(upstream:remotename)%00%(upstream:remoteref) refs/heads/master refs/remotes/master [6ms]
2025-01-31 17:35:15.341 [info] > git for-each-ref --sort -committerdate --format %(refname) %(objectname) %(*objectname) [7ms]
2025-01-31 17:35:15.369 [info] > git status -z -uall [105ms]
2025-01-31 17:45:05.622 [info] > git config --get commit.template [5ms]
2025-01-31 17:45:05.676 [info] > git for-each-ref --format=%(refname)%00%(upstream:short)%00%(objectname)%00%(upstream:track)%00%(upstream:remotename)%00%(upstream:remoteref) refs/heads/master refs/remotes/master [4ms]
2025-01-31 17:45:05.787 [info] > git for-each-ref --sort -committerdate --format %(refname) %(objectname) %(*objectname) [8ms]
2025-01-31 17:45:05.815 [info] > git status -z -uall [89ms]
2025-01-31 17:46:12.299 [info] > git config --get commit.template [9ms]
2025-01-31 17:46:12.357 [info] > git for-each-ref --format=%(refname)%00%(upstream:short)%00%(objectname)%00%(upstream:track)%00%(upstream:remotename)%00%(upstream:remoteref) refs/heads/master refs/remotes/master [7ms]
2025-01-31 17:46:12.465 [info] > git for-each-ref --sort -committerdate --format %(refname) %(objectname) %(*objectname) [7ms]
2025-01-31 17:46:12.489 [info] > git status -z -uall [82ms]
2025-01-31 17:52:47.550 [info] > git config --get commit.template [5ms]
2025-01-31 17:52:47.623 [info] > git for-each-ref --format=%(refname)%00%(upstream:short)%00%(objectname)%00%(upstream:track)%00%(upstream:remotename)%00%(upstream:remoteref) refs/heads/master refs/remotes/master [5ms]
2025-01-31 17:52:47.736 [info] > git for-each-ref --sort -committerdate --format %(refname) %(objectname) %(*objectname) [12ms]
2025-01-31 17:52:47.771 [info] > git status -z -uall [99ms]
