2025-01-31 17:23:35.708 [info] Reading sessions from keychain...
2025-01-31 17:23:35.708 [info] Getting sessions for all scopes...
2025-01-31 17:23:35.708 [info] Getting sessions for all scopes...
2025-01-31 17:23:35.709 [info] Getting sessions for all scopes...
2025-01-31 17:23:35.709 [info] Getting sessions for all scopes...
2025-01-31 17:23:35.709 [info] Getting sessions for all scopes...
2025-01-31 17:23:35.709 [info] Getting sessions for all scopes...
2025-01-31 17:23:35.709 [info] Getting sessions for all scopes...
2025-01-31 17:23:35.709 [info] Got stored sessions!
2025-01-31 17:23:35.709 [info] Got 3 verified sessions.
2025-01-31 17:23:35.709 [info] Got 3 sessions for ...
2025-01-31 17:23:35.709 [info] Got 3 sessions for ...
2025-01-31 17:23:35.709 [info] Got 3 sessions for ...
2025-01-31 17:23:35.709 [info] Got 3 sessions for ...
2025-01-31 17:23:35.709 [info] Got 3 sessions for ...
2025-01-31 17:23:35.709 [info] Got 3 sessions for ...
2025-01-31 17:23:35.709 [info] Got 3 sessions for ...
2025-01-31 17:23:35.709 [info] Getting sessions for all scopes...
2025-01-31 17:23:35.709 [info] Got 3 sessions for ...
2025-01-31 17:23:35.709 [info] Getting sessions for user:email...
2025-01-31 17:23:35.709 [info] Got 1 sessions for user:email...
2025-01-31 17:23:37.648 [info] Getting sessions for all scopes...
2025-01-31 17:23:37.648 [info] Got 3 sessions for ...
2025-01-31 17:23:56.412 [info] Getting sessions for read:user,repo,user:email,workflow...
2025-01-31 17:23:56.413 [info] Got 1 sessions for read:user,repo,user:email,workflow...
2025-01-31 17:23:56.414 [info] Getting sessions for all scopes...
2025-01-31 17:23:56.414 [info] Got 3 sessions for ...
2025-01-31 17:23:56.415 [info] Getting sessions for all scopes...
2025-01-31 17:23:56.415 [info] Got 3 sessions for ...
2025-01-31 17:23:57.132 [info] Getting sessions for read:user,repo,user:email,workflow...
2025-01-31 17:23:57.132 [info] Got 1 sessions for read:user,repo,user:email,workflow...
2025-01-31 17:23:57.418 [info] Getting sessions for read:user,repo,user:email,workflow...
2025-01-31 17:23:57.418 [info] Got 1 sessions for read:user,repo,user:email,workflow...
2025-01-31 17:23:58.402 [info] Getting sessions for all scopes...
2025-01-31 17:23:58.402 [info] Got 3 sessions for ...
2025-01-31 17:24:06.703 [info] Getting sessions for read:user,repo,user:email,workflow...
2025-01-31 17:24:06.703 [info] Got 1 sessions for read:user,repo,user:email,workflow...
2025-01-31 17:24:08.189 [info] Getting sessions for read:user,repo,user:email,workflow...
2025-01-31 17:24:08.190 [info] Got 1 sessions for read:user,repo,user:email,workflow...
2025-01-31 17:24:08.592 [info] Getting sessions for all scopes...
2025-01-31 17:24:08.592 [info] Got 3 sessions for ...
2025-01-31 17:24:08.630 [info] Getting sessions for read:user,repo,user:email,workflow...
2025-01-31 17:24:08.630 [info] Got 1 sessions for read:user,repo,user:email,workflow...
2025-01-31 17:24:09.438 [info] Getting sessions for all scopes...
2025-01-31 17:24:09.438 [info] Got 3 sessions for ...
2025-01-31 17:24:10.263 [info] Getting sessions for read:user,repo,user:email,workflow...
2025-01-31 17:24:10.263 [info] Got 1 sessions for read:user,repo,user:email,workflow...
2025-01-31 17:24:10.798 [info] Getting sessions for all scopes...
2025-01-31 17:24:10.799 [info] Got 3 sessions for ...
2025-01-31 17:24:10.799 [info] Getting sessions for all scopes...
2025-01-31 17:24:10.799 [info] Got 3 sessions for ...
2025-01-31 17:24:11.229 [info] Getting sessions for read:user,repo,user:email,workflow...
2025-01-31 17:24:11.229 [info] Got 1 sessions for read:user,repo,user:email,workflow...
2025-01-31 17:24:11.712 [info] Getting sessions for all scopes...
2025-01-31 17:24:11.712 [info] Got 3 sessions for ...
2025-01-31 17:24:11.781 [info] Getting sessions for read:user,repo,user:email,workflow...
2025-01-31 17:24:11.781 [info] Got 1 sessions for read:user,repo,user:email,workflow...
2025-01-31 17:24:12.091 [info] Getting sessions for all scopes...
2025-01-31 17:24:12.091 [info] Got 3 sessions for ...
2025-01-31 17:24:12.201 [info] Getting sessions for read:user,repo,user:email,workflow...
2025-01-31 17:24:12.201 [info] Got 1 sessions for read:user,repo,user:email,workflow...
2025-01-31 17:24:16.370 [info] Getting sessions for all scopes...
2025-01-31 17:24:16.370 [info] Got 3 sessions for ...
2025-01-31 17:24:17.196 [info] Getting sessions for read:user,repo,user:email,workflow...
2025-01-31 17:24:17.196 [info] Got 1 sessions for read:user,repo,user:email,workflow...
2025-01-31 17:24:19.001 [info] Getting sessions for read:user,repo,user:email,workflow...
2025-01-31 17:24:19.001 [info] Got 1 sessions for read:user,repo,user:email,workflow...
2025-01-31 17:39:17.455 [info] Getting sessions for all scopes...
2025-01-31 17:39:17.456 [info] Got 3 sessions for ...
2025-01-31 17:39:17.460 [info] Getting sessions for read:user,repo,user:email,workflow...
2025-01-31 17:39:17.460 [info] Got 1 sessions for read:user,repo,user:email,workflow...
2025-01-31 17:39:17.466 [info] Getting sessions for all scopes...
2025-01-31 17:39:17.466 [info] Got 3 sessions for ...
2025-01-31 17:39:17.470 [info] Getting sessions for read:user,repo,user:email,workflow...
2025-01-31 17:39:17.471 [info] Got 1 sessions for read:user,repo,user:email,workflow...
2025-01-31 17:49:10.621 [info] Getting sessions for all scopes...
2025-01-31 17:49:10.621 [info] Got 3 sessions for ...
2025-01-31 17:49:10.625 [info] Getting sessions for read:user,repo,user:email,workflow...
2025-01-31 17:49:10.625 [info] Got 1 sessions for read:user,repo,user:email,workflow...
2025-01-31 17:49:11.739 [info] Getting sessions for all scopes...
2025-01-31 17:49:11.739 [info] Got 3 sessions for ...
2025-01-31 17:49:11.740 [info] Getting sessions for all scopes...
2025-01-31 17:49:11.740 [info] Got 3 sessions for ...
2025-01-31 17:49:11.744 [info] Getting sessions for read:user,repo,user:email,workflow...
2025-01-31 17:49:11.744 [info] Got 1 sessions for read:user,repo,user:email,workflow...
2025-01-31 17:49:11.748 [info] Getting sessions for all scopes...
2025-01-31 17:49:11.748 [info] Got 3 sessions for ...
2025-01-31 17:49:11.752 [info] Getting sessions for read:user,repo,user:email,workflow...
2025-01-31 17:49:11.752 [info] Got 1 sessions for read:user,repo,user:email,workflow...
2025-01-31 17:49:11.776 [info] Getting sessions for all scopes...
2025-01-31 17:49:11.776 [info] Got 3 sessions for ...
2025-01-31 17:49:11.780 [info] Getting sessions for read:user,repo,user:email,workflow...
2025-01-31 17:49:11.780 [info] Got 1 sessions for read:user,repo,user:email,workflow...
2025-01-31 17:49:16.001 [info] Getting sessions for read:user,repo,user:email,workflow...
2025-01-31 17:49:16.001 [info] Got 1 sessions for read:user,repo,user:email,workflow...
2025-01-31 18:04:11.794 [info] Getting sessions for all scopes...
2025-01-31 18:04:11.794 [info] Got 3 sessions for ...
2025-01-31 18:04:11.798 [info] Getting sessions for read:user,repo,user:email,workflow...
2025-01-31 18:04:11.798 [info] Got 1 sessions for read:user,repo,user:email,workflow...
2025-01-31 18:04:11.805 [info] Getting sessions for all scopes...
2025-01-31 18:04:11.805 [info] Got 3 sessions for ...
2025-01-31 18:04:11.810 [info] Getting sessions for read:user,repo,user:email,workflow...
2025-01-31 18:04:11.810 [info] Got 1 sessions for read:user,repo,user:email,workflow...
2025-01-31 18:14:11.738 [info] Getting sessions for all scopes...
2025-01-31 18:14:11.739 [info] Got 3 sessions for ...
2025-01-31 18:14:11.744 [info] Getting sessions for read:user,repo,user:email,workflow...
2025-01-31 18:14:11.744 [info] Got 1 sessions for read:user,repo,user:email,workflow...
2025-01-31 18:14:12.758 [info] Getting sessions for all scopes...
2025-01-31 18:14:12.759 [info] Got 3 sessions for ...
2025-01-31 18:14:12.760 [info] Getting sessions for all scopes...
2025-01-31 18:14:12.760 [info] Got 3 sessions for ...
2025-01-31 18:14:12.765 [info] Getting sessions for read:user,repo,user:email,workflow...
2025-01-31 18:14:12.765 [info] Got 1 sessions for read:user,repo,user:email,workflow...
2025-01-31 18:14:12.770 [info] Getting sessions for all scopes...
2025-01-31 18:14:12.770 [info] Got 3 sessions for ...
2025-01-31 18:14:12.775 [info] Getting sessions for read:user,repo,user:email,workflow...
2025-01-31 18:14:12.775 [info] Got 1 sessions for read:user,repo,user:email,workflow...
2025-01-31 18:14:12.799 [info] Getting sessions for all scopes...
2025-01-31 18:14:12.799 [info] Got 3 sessions for ...
2025-01-31 18:14:12.803 [info] Getting sessions for read:user,repo,user:email,workflow...
2025-01-31 18:14:12.803 [info] Got 1 sessions for read:user,repo,user:email,workflow...
2025-01-31 18:14:12.817 [info] Getting sessions for all scopes...
2025-01-31 18:14:12.817 [info] Got 3 sessions for ...
2025-01-31 18:14:12.820 [info] Getting sessions for read:user,repo,user:email,workflow...
2025-01-31 18:14:12.820 [info] Got 1 sessions for read:user,repo,user:email,workflow...
2025-01-31 18:14:16.680 [info] Getting sessions for read:user,repo,user:email,workflow...
2025-01-31 18:14:16.680 [info] Got 1 sessions for read:user,repo,user:email,workflow...
2025-01-31 18:29:13.817 [info] Getting sessions for all scopes...
2025-01-31 18:29:13.817 [info] Got 3 sessions for ...
2025-01-31 18:29:13.821 [info] Getting sessions for read:user,repo,user:email,workflow...
2025-01-31 18:29:13.821 [info] Got 1 sessions for read:user,repo,user:email,workflow...
2025-01-31 18:29:13.826 [info] Getting sessions for all scopes...
2025-01-31 18:29:13.826 [info] Got 3 sessions for ...
2025-01-31 18:29:13.830 [info] Getting sessions for read:user,repo,user:email,workflow...
2025-01-31 18:29:13.830 [info] Got 1 sessions for read:user,repo,user:email,workflow...
2025-01-31 18:39:12.758 [info] Getting sessions for all scopes...
2025-01-31 18:39:12.758 [info] Got 3 sessions for ...
2025-01-31 18:39:12.768 [info] Getting sessions for read:user,repo,user:email,workflow...
2025-01-31 18:39:12.768 [info] Got 1 sessions for read:user,repo,user:email,workflow...
2025-01-31 18:39:13.603 [info] Getting sessions for all scopes...
2025-01-31 18:39:13.603 [info] Got 3 sessions for ...
2025-01-31 18:39:13.604 [info] Getting sessions for all scopes...
2025-01-31 18:39:13.604 [info] Got 3 sessions for ...
2025-01-31 18:39:13.608 [info] Getting sessions for read:user,repo,user:email,workflow...
2025-01-31 18:39:13.608 [info] Got 1 sessions for read:user,repo,user:email,workflow...
2025-01-31 18:39:13.613 [info] Getting sessions for all scopes...
2025-01-31 18:39:13.613 [info] Got 3 sessions for ...
2025-01-31 18:39:13.617 [info] Getting sessions for read:user,repo,user:email,workflow...
2025-01-31 18:39:13.617 [info] Got 1 sessions for read:user,repo,user:email,workflow...
2025-01-31 18:39:13.651 [info] Getting sessions for all scopes...
2025-01-31 18:39:13.651 [info] Got 3 sessions for ...
2025-01-31 18:39:13.655 [info] Getting sessions for read:user,repo,user:email,workflow...
2025-01-31 18:39:13.655 [info] Got 1 sessions for read:user,repo,user:email,workflow...
2025-01-31 18:39:17.197 [info] Getting sessions for read:user,repo,user:email,workflow...
2025-01-31 18:39:17.197 [info] Got 1 sessions for read:user,repo,user:email,workflow...
2025-01-31 18:54:13.670 [info] Getting sessions for all scopes...
2025-01-31 18:54:13.670 [info] Got 3 sessions for ...
2025-01-31 18:54:13.675 [info] Getting sessions for read:user,repo,user:email,workflow...
2025-01-31 18:54:13.675 [info] Got 1 sessions for read:user,repo,user:email,workflow...
2025-01-31 18:54:13.683 [info] Getting sessions for all scopes...
2025-01-31 18:54:13.683 [info] Got 3 sessions for ...
2025-01-31 18:54:13.687 [info] Getting sessions for read:user,repo,user:email,workflow...
2025-01-31 18:54:13.687 [info] Got 1 sessions for read:user,repo,user:email,workflow...
2025-01-31 19:04:13.605 [info] Getting sessions for all scopes...
2025-01-31 19:04:13.605 [info] Got 3 sessions for ...
2025-01-31 19:04:13.616 [info] Getting sessions for read:user,repo,user:email,workflow...
2025-01-31 19:04:13.616 [info] Got 1 sessions for read:user,repo,user:email,workflow...
2025-01-31 19:04:14.779 [info] Getting sessions for all scopes...
2025-01-31 19:04:14.779 [info] Got 3 sessions for ...
2025-01-31 19:04:14.783 [info] Getting sessions for all scopes...
2025-01-31 19:04:14.783 [info] Got 3 sessions for ...
2025-01-31 19:04:14.792 [info] Getting sessions for read:user,repo,user:email,workflow...
2025-01-31 19:04:14.794 [info] Got 1 sessions for read:user,repo,user:email,workflow...
2025-01-31 19:04:14.802 [info] Getting sessions for all scopes...
2025-01-31 19:04:14.803 [info] Got 3 sessions for ...
2025-01-31 19:04:14.809 [info] Getting sessions for read:user,repo,user:email,workflow...
2025-01-31 19:04:14.809 [info] Got 1 sessions for read:user,repo,user:email,workflow...
2025-01-31 19:04:14.864 [info] Getting sessions for all scopes...
2025-01-31 19:04:14.865 [info] Got 3 sessions for ...
2025-01-31 19:04:14.878 [info] Getting sessions for read:user,repo,user:email,workflow...
2025-01-31 19:04:14.878 [info] Got 1 sessions for read:user,repo,user:email,workflow...
2025-01-31 19:04:17.968 [info] Getting sessions for read:user,repo,user:email,workflow...
2025-01-31 19:04:17.968 [info] Got 1 sessions for read:user,repo,user:email,workflow...
