2025-01-31 15:44:24.166 [info] Reading sessions from keychain...
2025-01-31 15:44:24.166 [info] Getting sessions for all scopes...
2025-01-31 15:44:24.169 [info] Getting sessions for all scopes...
2025-01-31 15:44:24.169 [info] Getting sessions for all scopes...
2025-01-31 15:44:24.169 [info] Getting sessions for all scopes...
2025-01-31 15:44:24.169 [info] Getting sessions for all scopes...
2025-01-31 15:44:24.169 [info] Getting sessions for all scopes...
2025-01-31 15:44:24.169 [info] Getting sessions for all scopes...
2025-01-31 15:44:24.169 [info] Got stored sessions!
2025-01-31 15:44:24.169 [info] Got 3 verified sessions.
2025-01-31 15:44:24.169 [info] Got 3 sessions for ...
2025-01-31 15:44:24.169 [info] Got 3 sessions for ...
2025-01-31 15:44:24.169 [info] Got 3 sessions for ...
2025-01-31 15:44:24.169 [info] Got 3 sessions for ...
2025-01-31 15:44:24.169 [info] Got 3 sessions for ...
2025-01-31 15:44:24.169 [info] Got 3 sessions for ...
2025-01-31 15:44:24.169 [info] Got 3 sessions for ...
2025-01-31 15:44:24.169 [info] Getting sessions for user:email...
2025-01-31 15:44:24.169 [info] Got 1 sessions for user:email...
2025-01-31 15:44:24.169 [info] Getting sessions for all scopes...
2025-01-31 15:44:24.169 [info] Got 3 sessions for ...
2025-01-31 15:44:44.605 [info] Getting sessions for read:user,repo,user:email,workflow...
2025-01-31 15:44:44.605 [info] Got 1 sessions for read:user,repo,user:email,workflow...
2025-01-31 15:44:44.606 [info] Getting sessions for all scopes...
2025-01-31 15:44:44.606 [info] Got 3 sessions for ...
2025-01-31 15:44:44.606 [info] Getting sessions for all scopes...
2025-01-31 15:44:44.606 [info] Got 3 sessions for ...
2025-01-31 15:44:46.437 [info] Getting sessions for read:user,repo,user:email,workflow...
2025-01-31 15:44:46.437 [info] Got 1 sessions for read:user,repo,user:email,workflow...
2025-01-31 15:44:47.090 [info] Getting sessions for all scopes...
2025-01-31 15:44:47.091 [info] Got 3 sessions for ...
2025-01-31 15:44:47.091 [info] Getting sessions for all scopes...
2025-01-31 15:44:47.091 [info] Got 3 sessions for ...
2025-01-31 15:44:56.069 [info] Getting sessions for read:user,repo,user:email,workflow...
2025-01-31 15:44:56.069 [info] Got 1 sessions for read:user,repo,user:email,workflow...
2025-01-31 15:44:57.684 [info] Getting sessions for all scopes...
2025-01-31 15:44:57.684 [info] Got 3 sessions for ...
2025-01-31 15:44:57.685 [info] Getting sessions for all scopes...
2025-01-31 15:44:57.685 [info] Got 3 sessions for ...
2025-01-31 15:44:57.810 [info] Getting sessions for read:user,repo,user:email,workflow...
2025-01-31 15:44:57.810 [info] Got 1 sessions for read:user,repo,user:email,workflow...
2025-01-31 15:44:57.923 [info] Getting sessions for all scopes...
2025-01-31 15:44:57.923 [info] Got 3 sessions for ...
2025-01-31 15:44:58.062 [info] Getting sessions for read:user,repo,user:email,workflow...
2025-01-31 15:44:58.062 [info] Got 1 sessions for read:user,repo,user:email,workflow...
2025-01-31 15:44:58.429 [info] Getting sessions for all scopes...
2025-01-31 15:44:58.430 [info] Got 3 sessions for ...
2025-01-31 15:44:58.492 [info] Getting sessions for read:user,repo,user:email,workflow...
2025-01-31 15:44:58.492 [info] Got 1 sessions for read:user,repo,user:email,workflow...
2025-01-31 15:44:58.602 [info] Getting sessions for read:user,repo,user:email,workflow...
2025-01-31 15:44:58.602 [info] Got 1 sessions for read:user,repo,user:email,workflow...
2025-01-31 15:45:00.490 [info] Getting sessions for all scopes...
2025-01-31 15:45:00.490 [info] Got 3 sessions for ...
2025-01-31 15:45:00.562 [info] Getting sessions for read:user,repo,user:email,workflow...
2025-01-31 15:45:00.562 [info] Got 1 sessions for read:user,repo,user:email,workflow...
2025-01-31 15:52:34.862 [info] Getting sessions for read:user,repo,user:email,workflow...
2025-01-31 15:52:34.862 [info] Got 1 sessions for read:user,repo,user:email,workflow...
