2025-01-31 02:04:57.021 [info] Reading sessions from keychain...
2025-01-31 02:04:57.021 [info] Getting sessions for all scopes...
2025-01-31 02:04:57.021 [info] Getting sessions for all scopes...
2025-01-31 02:04:57.021 [info] Getting sessions for all scopes...
2025-01-31 02:04:57.021 [info] Got stored sessions!
2025-01-31 02:04:57.021 [info] Got 3 verified sessions.
2025-01-31 02:04:57.021 [info] Got 3 sessions for ...
2025-01-31 02:04:57.021 [info] Got 3 sessions for ...
2025-01-31 02:04:57.021 [info] Got 3 sessions for ...
2025-01-31 02:04:57.021 [info] Getting sessions for user:email...
2025-01-31 02:04:57.021 [info] Got 1 sessions for user:email...
2025-01-31 02:04:57.021 [info] Getting sessions for all scopes...
2025-01-31 02:04:57.021 [info] Got 3 sessions for ...
2025-01-31 02:04:57.021 [info] Getting sessions for all scopes...
2025-01-31 02:04:57.021 [info] Got 3 sessions for ...
2025-01-31 02:04:57.021 [info] Getting sessions for all scopes...
2025-01-31 02:04:57.021 [info] Got 3 sessions for ...
2025-01-31 02:04:57.021 [info] Getting sessions for all scopes...
2025-01-31 02:04:57.021 [info] Got 3 sessions for ...
2025-01-31 02:04:57.021 [info] Getting sessions for all scopes...
2025-01-31 02:04:57.021 [info] Got 3 sessions for ...
2025-01-31 02:04:57.021 [info] Getting sessions for all scopes...
2025-01-31 02:04:57.021 [info] Got 3 sessions for ...
2025-01-31 02:04:57.167 [info] Getting sessions for read:user,repo,user:email,workflow...
2025-01-31 02:04:57.167 [info] Got 1 sessions for read:user,repo,user:email,workflow...
2025-01-31 02:04:57.168 [info] Getting sessions for all scopes...
2025-01-31 02:04:57.168 [info] Got 3 sessions for ...
2025-01-31 02:04:57.169 [info] Getting sessions for all scopes...
2025-01-31 02:04:57.169 [info] Got 3 sessions for ...
2025-01-31 02:04:58.905 [info] Getting sessions for read:user,repo,user:email,workflow...
2025-01-31 02:04:58.905 [info] Got 1 sessions for read:user,repo,user:email,workflow...
2025-01-31 02:04:59.762 [info] Getting sessions for all scopes...
2025-01-31 02:04:59.762 [info] Got 3 sessions for ...
2025-01-31 02:04:59.763 [info] Getting sessions for all scopes...
2025-01-31 02:04:59.763 [info] Got 3 sessions for ...
2025-01-31 02:05:09.597 [info] Getting sessions for read:user,repo,user:email,workflow...
2025-01-31 02:05:09.597 [info] Got 1 sessions for read:user,repo,user:email,workflow...
2025-01-31 02:05:10.362 [info] Getting sessions for read:user,repo,user:email,workflow...
2025-01-31 02:05:10.362 [info] Got 1 sessions for read:user,repo,user:email,workflow...
2025-01-31 02:05:12.545 [info] Getting sessions for all scopes...
2025-01-31 02:05:12.545 [info] Got 3 sessions for ...
2025-01-31 02:05:12.547 [info] Getting sessions for all scopes...
2025-01-31 02:05:12.547 [info] Got 3 sessions for ...
2025-01-31 02:05:12.549 [info] Getting sessions for read:user,repo,user:email,workflow...
2025-01-31 02:05:12.549 [info] Got 1 sessions for read:user,repo,user:email,workflow...
2025-01-31 02:05:13.238 [info] Getting sessions for read:user,repo,user:email,workflow...
2025-01-31 02:05:13.238 [info] Got 1 sessions for read:user,repo,user:email,workflow...
2025-01-31 02:05:13.283 [info] Getting sessions for read:user,repo,user:email,workflow...
2025-01-31 02:05:13.283 [info] Got 1 sessions for read:user,repo,user:email,workflow...
2025-01-31 02:05:13.373 [info] Getting sessions for all scopes...
2025-01-31 02:05:13.374 [info] Got 3 sessions for ...
2025-01-31 02:05:13.384 [info] Getting sessions for read:user,repo,user:email,workflow...
2025-01-31 02:05:13.384 [info] Got 1 sessions for read:user,repo,user:email,workflow...
2025-01-31 02:05:13.837 [info] Getting sessions for all scopes...
2025-01-31 02:05:13.837 [info] Got 3 sessions for ...
2025-01-31 02:05:13.898 [info] Getting sessions for read:user,repo,user:email,workflow...
2025-01-31 02:05:13.898 [info] Got 1 sessions for read:user,repo,user:email,workflow...
2025-01-31 02:05:17.100 [info] Getting sessions for all scopes...
2025-01-31 02:05:17.100 [info] Got 3 sessions for ...
2025-01-31 02:05:17.119 [info] Getting sessions for read:user,repo,user:email,workflow...
2025-01-31 02:05:17.119 [info] Got 1 sessions for read:user,repo,user:email,workflow...
