2025-01-31 02:37:23.636 [info] Reading sessions from keychain...
2025-01-31 02:37:23.636 [info] Getting sessions for all scopes...
2025-01-31 02:37:23.636 [info] Getting sessions for all scopes...
2025-01-31 02:37:23.636 [info] Getting sessions for all scopes...
2025-01-31 02:37:23.636 [info] Got stored sessions!
2025-01-31 02:37:23.636 [info] Got 3 verified sessions.
2025-01-31 02:37:23.636 [info] Got 3 sessions for ...
2025-01-31 02:37:23.636 [info] Got 3 sessions for ...
2025-01-31 02:37:23.636 [info] Got 3 sessions for ...
2025-01-31 02:37:23.636 [info] Getting sessions for user:email...
2025-01-31 02:37:23.636 [info] Got 1 sessions for user:email...
2025-01-31 02:37:23.636 [info] Getting sessions for all scopes...
2025-01-31 02:37:23.636 [info] Got 3 sessions for ...
2025-01-31 02:37:23.636 [info] Getting sessions for all scopes...
2025-01-31 02:37:23.636 [info] Got 3 sessions for ...
2025-01-31 02:37:23.636 [info] Getting sessions for all scopes...
2025-01-31 02:37:23.636 [info] Got 3 sessions for ...
2025-01-31 02:37:23.636 [info] Getting sessions for all scopes...
2025-01-31 02:37:23.636 [info] Got 3 sessions for ...
2025-01-31 02:37:23.636 [info] Getting sessions for all scopes...
2025-01-31 02:37:23.636 [info] Got 3 sessions for ...
2025-01-31 02:37:23.636 [info] Getting sessions for all scopes...
2025-01-31 02:37:23.636 [info] Got 3 sessions for ...
2025-01-31 02:37:27.175 [info] Getting sessions for read:user,repo,user:email,workflow...
2025-01-31 02:37:27.175 [info] Got 1 sessions for read:user,repo,user:email,workflow...
2025-01-31 02:37:27.175 [info] Getting sessions for all scopes...
2025-01-31 02:37:27.175 [info] Got 3 sessions for ...
2025-01-31 02:37:27.175 [info] Getting sessions for all scopes...
2025-01-31 02:37:27.175 [info] Got 3 sessions for ...
2025-01-31 02:37:27.375 [info] Getting sessions for read:user,repo,user:email,workflow...
2025-01-31 02:37:27.375 [info] Got 1 sessions for read:user,repo,user:email,workflow...
2025-01-31 02:37:27.378 [info] Getting sessions for read:user,repo,user:email,workflow...
2025-01-31 02:37:27.378 [info] Got 1 sessions for read:user,repo,user:email,workflow...
2025-01-31 02:37:28.866 [info] Getting sessions for all scopes...
2025-01-31 02:37:28.867 [info] Got 3 sessions for ...
2025-01-31 02:37:28.867 [info] Getting sessions for all scopes...
2025-01-31 02:37:28.867 [info] Got 3 sessions for ...
2025-01-31 02:37:28.945 [info] Getting sessions for read:user,repo,user:email,workflow...
2025-01-31 02:37:28.945 [info] Got 1 sessions for read:user,repo,user:email,workflow...
2025-01-31 02:37:29.002 [info] Getting sessions for all scopes...
2025-01-31 02:37:29.002 [info] Got 3 sessions for ...
2025-01-31 02:37:29.003 [info] Getting sessions for read:user,repo,user:email,workflow...
2025-01-31 02:37:29.003 [info] Got 1 sessions for read:user,repo,user:email,workflow...
2025-01-31 02:37:29.330 [info] Getting sessions for read:user,repo,user:email,workflow...
2025-01-31 02:37:29.330 [info] Got 1 sessions for read:user,repo,user:email,workflow...
2025-01-31 02:37:29.850 [info] Getting sessions for all scopes...
2025-01-31 02:37:29.850 [info] Got 3 sessions for ...
2025-01-31 02:37:29.850 [info] Getting sessions for all scopes...
2025-01-31 02:37:29.850 [info] Got 3 sessions for ...
2025-01-31 02:37:29.864 [info] Getting sessions for read:user,repo,user:email,workflow...
2025-01-31 02:37:29.864 [info] Got 1 sessions for read:user,repo,user:email,workflow...
2025-01-31 02:37:29.865 [info] Getting sessions for all scopes...
2025-01-31 02:37:29.865 [info] Got 3 sessions for ...
2025-01-31 02:37:29.879 [info] Getting sessions for read:user,repo,user:email,workflow...
2025-01-31 02:37:29.879 [info] Got 1 sessions for read:user,repo,user:email,workflow...
2025-01-31 02:37:29.932 [info] Getting sessions for all scopes...
2025-01-31 02:37:29.932 [info] Got 3 sessions for ...
2025-01-31 02:37:29.934 [info] Getting sessions for read:user,repo,user:email,workflow...
2025-01-31 02:37:29.934 [info] Got 1 sessions for read:user,repo,user:email,workflow...
2025-01-31 02:37:30.320 [info] Getting sessions for read:user,repo,user:email,workflow...
2025-01-31 02:37:30.321 [info] Got 1 sessions for read:user,repo,user:email,workflow...
2025-01-31 02:37:31.066 [info] Getting sessions for all scopes...
2025-01-31 02:37:31.066 [info] Got 3 sessions for ...
2025-01-31 02:37:31.068 [info] Getting sessions for read:user,repo,user:email,workflow...
2025-01-31 02:37:31.068 [info] Got 1 sessions for read:user,repo,user:email,workflow...
2025-01-31 02:44:33.312 [info] Getting sessions for read:user,repo,user:email,workflow...
2025-01-31 02:44:33.312 [info] Got 1 sessions for read:user,repo,user:email,workflow...
