[2025-01-31 23:30:26.360] Starting Git Graph ...
[2025-01-31 23:30:26.473] Using git (version: 2.48.1)
[2025-01-31 23:30:26.529] Started Git Graph - Ready to use!
[2025-01-31 23:30:26.534] Searching workspace for new repos ...
[2025-01-31 23:30:26.551] > git rev-parse --show-toplevel
[2025-01-31 23:30:26.559] Completed searching workspace for new repos
[2025-01-31 23:30:27.068] Successfully set Visual Studio Code Context "git-graph:codiconsSupported" to "true"
[2025-01-31 23:31:17.426] > git rev-parse --show-toplevel
[2025-01-31 23:31:17.498] > git rev-parse --show-toplevel
[2025-01-31 23:31:17.575] > git rev-parse --show-toplevel
[2025-01-31 23:33:32.545] > git rev-parse --show-toplevel
[2025-01-31 23:33:32.599] > git rev-parse --show-toplevel
[2025-01-31 23:33:32.667] > git rev-parse --show-toplevel
[2025-01-31 23:33:32.731] > git rev-parse --show-toplevel
[2025-01-31 23:33:32.787] > git rev-parse --show-toplevel
[2025-01-31 23:33:32.844] > git rev-parse --show-toplevel
[2025-01-31 23:33:32.896] > git rev-parse --show-toplevel
[2025-01-31 23:33:32.955] > git rev-parse --show-toplevel
[2025-01-31 23:33:33.018] > git rev-parse --show-toplevel
[2025-01-31 23:33:33.082] > git rev-parse --show-toplevel
[2025-01-31 23:33:33.150] > git rev-parse --show-toplevel
[2025-01-31 23:33:33.217] > git rev-parse --show-toplevel
[2025-01-31 23:33:33.293] > git rev-parse --show-toplevel
[2025-01-31 23:33:33.373] > git rev-parse --show-toplevel
[2025-01-31 23:33:33.445] > git rev-parse --show-toplevel
[2025-01-31 23:33:33.496] > git rev-parse --show-toplevel
[2025-01-31 23:33:33.550] > git rev-parse --show-toplevel
[2025-01-31 23:33:33.598] > git rev-parse --show-toplevel
[2025-01-31 23:33:33.662] > git rev-parse --show-toplevel
[2025-01-31 23:33:33.728] > git rev-parse --show-toplevel
[2025-01-31 23:33:33.791] > git rev-parse --show-toplevel
[2025-01-31 23:33:33.855] > git rev-parse --show-toplevel
[2025-01-31 23:33:33.905] > git rev-parse --show-toplevel
[2025-01-31 23:33:33.952] > git rev-parse --show-toplevel
[2025-01-31 23:33:34.008] > git rev-parse --show-toplevel
[2025-01-31 23:33:34.056] > git rev-parse --show-toplevel
[2025-01-31 23:33:34.101] > git rev-parse --show-toplevel
[2025-01-31 23:33:34.151] > git rev-parse --show-toplevel
[2025-01-31 23:33:34.200] > git rev-parse --show-toplevel
[2025-01-31 23:33:34.253] > git rev-parse --show-toplevel
[2025-01-31 23:33:34.324] > git rev-parse --show-toplevel
[2025-01-31 23:33:34.382] > git rev-parse --show-toplevel
[2025-01-31 23:33:34.437] > git rev-parse --show-toplevel
[2025-01-31 23:33:34.493] > git rev-parse --show-toplevel
[2025-01-31 23:33:34.551] > git rev-parse --show-toplevel
[2025-01-31 23:33:34.617] > git rev-parse --show-toplevel
[2025-01-31 23:33:34.691] > git rev-parse --show-toplevel
[2025-01-31 23:33:34.756] > git rev-parse --show-toplevel
[2025-01-31 23:33:34.805] > git rev-parse --show-toplevel
[2025-01-31 23:33:34.883] > git rev-parse --show-toplevel
[2025-01-31 23:33:34.952] > git rev-parse --show-toplevel
[2025-01-31 23:33:35.000] > git rev-parse --show-toplevel
[2025-01-31 23:33:35.054] > git rev-parse --show-toplevel
[2025-01-31 23:33:35.124] > git rev-parse --show-toplevel
[2025-01-31 23:33:35.194] > git rev-parse --show-toplevel
[2025-01-31 23:33:35.239] > git rev-parse --show-toplevel
[2025-01-31 23:33:35.294] > git rev-parse --show-toplevel
[2025-01-31 23:33:35.358] > git rev-parse --show-toplevel
[2025-01-31 23:33:35.413] > git rev-parse --show-toplevel
[2025-01-31 23:33:35.467] > git rev-parse --show-toplevel
[2025-01-31 23:33:35.524] > git rev-parse --show-toplevel
[2025-01-31 23:33:35.583] > git rev-parse --show-toplevel
[2025-01-31 23:33:35.663] > git rev-parse --show-toplevel
[2025-01-31 23:33:35.731] > git rev-parse --show-toplevel
[2025-01-31 23:33:35.783] > git rev-parse --show-toplevel
[2025-01-31 23:33:35.848] > git rev-parse --show-toplevel
[2025-01-31 23:33:35.922] > git rev-parse --show-toplevel
[2025-01-31 23:33:35.981] > git rev-parse --show-toplevel
[2025-01-31 23:33:36.035] > git rev-parse --show-toplevel
[2025-01-31 23:33:36.100] > git rev-parse --show-toplevel
[2025-01-31 23:33:36.149] > git rev-parse --show-toplevel
[2025-01-31 23:33:36.199] > git rev-parse --show-toplevel
[2025-01-31 23:33:36.249] > git rev-parse --show-toplevel
[2025-01-31 23:33:36.298] > git rev-parse --show-toplevel
[2025-01-31 23:33:36.362] > git rev-parse --show-toplevel
[2025-01-31 23:33:36.418] > git rev-parse --show-toplevel
[2025-01-31 23:33:36.475] > git rev-parse --show-toplevel
[2025-01-31 23:33:36.530] > git rev-parse --show-toplevel
[2025-01-31 23:33:36.579] > git rev-parse --show-toplevel
[2025-01-31 23:33:36.632] > git rev-parse --show-toplevel
[2025-01-31 23:33:36.685] > git rev-parse --show-toplevel
[2025-01-31 23:33:36.737] > git rev-parse --show-toplevel
[2025-01-31 23:33:36.789] > git rev-parse --show-toplevel
[2025-01-31 23:33:36.841] > git rev-parse --show-toplevel
[2025-01-31 23:33:36.889] > git rev-parse --show-toplevel
[2025-01-31 23:33:36.942] > git rev-parse --show-toplevel
[2025-01-31 23:33:37.005] > git rev-parse --show-toplevel
[2025-01-31 23:33:37.057] > git rev-parse --show-toplevel
[2025-01-31 23:33:37.104] > git rev-parse --show-toplevel
[2025-01-31 23:33:37.163] > git rev-parse --show-toplevel
[2025-01-31 23:33:37.235] > git rev-parse --show-toplevel
[2025-01-31 23:33:37.294] > git rev-parse --show-toplevel
[2025-01-31 23:33:37.344] > git rev-parse --show-toplevel
[2025-01-31 23:33:37.407] > git rev-parse --show-toplevel
[2025-01-31 23:33:37.472] > git rev-parse --show-toplevel
[2025-01-31 23:33:37.529] > git rev-parse --show-toplevel
[2025-01-31 23:33:37.581] > git rev-parse --show-toplevel
[2025-01-31 23:33:37.639] > git rev-parse --show-toplevel
[2025-01-31 23:33:37.693] > git rev-parse --show-toplevel
[2025-01-31 23:33:37.742] > git rev-parse --show-toplevel
[2025-01-31 23:33:37.791] > git rev-parse --show-toplevel
[2025-01-31 23:33:37.840] > git rev-parse --show-toplevel
[2025-01-31 23:33:37.890] > git rev-parse --show-toplevel
[2025-01-31 23:33:37.953] > git rev-parse --show-toplevel
[2025-01-31 23:33:38.009] > git rev-parse --show-toplevel
[2025-01-31 23:33:38.072] > git rev-parse --show-toplevel
[2025-01-31 23:33:38.130] > git rev-parse --show-toplevel
[2025-01-31 23:33:38.181] > git rev-parse --show-toplevel
[2025-01-31 23:33:38.239] > git rev-parse --show-toplevel
[2025-01-31 23:33:38.288] > git rev-parse --show-toplevel
[2025-01-31 23:33:38.349] > git rev-parse --show-toplevel
[2025-01-31 23:33:38.410] > git rev-parse --show-toplevel
[2025-01-31 23:33:38.467] > git rev-parse --show-toplevel
[2025-01-31 23:33:38.520] > git rev-parse --show-toplevel
[2025-01-31 23:33:38.574] > git rev-parse --show-toplevel
[2025-01-31 23:33:38.630] > git rev-parse --show-toplevel
[2025-01-31 23:33:38.687] > git rev-parse --show-toplevel
[2025-01-31 23:33:38.744] > git rev-parse --show-toplevel
[2025-01-31 23:33:38.810] > git rev-parse --show-toplevel
[2025-01-31 23:33:38.883] > git rev-parse --show-toplevel
[2025-01-31 23:33:38.937] > git rev-parse --show-toplevel
[2025-01-31 23:33:38.986] > git rev-parse --show-toplevel
[2025-01-31 23:33:39.036] > git rev-parse --show-toplevel
[2025-01-31 23:33:39.085] > git rev-parse --show-toplevel
[2025-01-31 23:33:39.145] > git rev-parse --show-toplevel
[2025-01-31 23:33:39.196] > git rev-parse --show-toplevel
[2025-01-31 23:33:39.251] > git rev-parse --show-toplevel
[2025-01-31 23:33:39.302] > git rev-parse --show-toplevel
[2025-01-31 23:33:39.350] > git rev-parse --show-toplevel
[2025-01-31 23:33:39.397] > git rev-parse --show-toplevel
[2025-01-31 23:33:39.444] > git rev-parse --show-toplevel
[2025-01-31 23:33:39.493] > git rev-parse --show-toplevel
[2025-01-31 23:33:39.544] > git rev-parse --show-toplevel
[2025-01-31 23:33:39.595] > git rev-parse --show-toplevel
[2025-01-31 23:33:39.643] > git rev-parse --show-toplevel
[2025-01-31 23:33:39.695] > git rev-parse --show-toplevel
[2025-01-31 23:33:39.742] > git rev-parse --show-toplevel
[2025-01-31 23:33:39.792] > git rev-parse --show-toplevel
[2025-01-31 23:33:39.842] > git rev-parse --show-toplevel
[2025-01-31 23:33:39.901] > git rev-parse --show-toplevel
[2025-01-31 23:33:39.959] > git rev-parse --show-toplevel
[2025-01-31 23:33:40.005] > git rev-parse --show-toplevel
[2025-01-31 23:33:40.061] > git rev-parse --show-toplevel
[2025-01-31 23:33:40.105] > git rev-parse --show-toplevel
[2025-01-31 23:33:40.148] > git rev-parse --show-toplevel
[2025-01-31 23:33:40.214] > git rev-parse --show-toplevel
[2025-01-31 23:33:40.271] > git rev-parse --show-toplevel
[2025-01-31 23:33:40.323] > git rev-parse --show-toplevel
[2025-01-31 23:33:40.375] > git rev-parse --show-toplevel
[2025-01-31 23:33:40.424] > git rev-parse --show-toplevel
[2025-01-31 23:33:40.472] > git rev-parse --show-toplevel
[2025-01-31 23:33:40.524] > git rev-parse --show-toplevel
[2025-01-31 23:33:40.577] > git rev-parse --show-toplevel
[2025-01-31 23:33:40.626] > git rev-parse --show-toplevel
[2025-01-31 23:33:40.675] > git rev-parse --show-toplevel
[2025-01-31 23:33:40.724] > git rev-parse --show-toplevel
[2025-01-31 23:33:40.776] > git rev-parse --show-toplevel
[2025-01-31 23:33:40.825] > git rev-parse --show-toplevel
[2025-01-31 23:33:40.873] > git rev-parse --show-toplevel
[2025-01-31 23:33:40.929] > git rev-parse --show-toplevel
[2025-01-31 23:33:40.985] > git rev-parse --show-toplevel
[2025-01-31 23:33:41.037] > git rev-parse --show-toplevel
[2025-01-31 23:33:41.082] > git rev-parse --show-toplevel
[2025-01-31 23:33:41.130] > git rev-parse --show-toplevel
[2025-01-31 23:33:41.174] > git rev-parse --show-toplevel
[2025-01-31 23:33:41.220] > git rev-parse --show-toplevel
[2025-01-31 23:33:41.289] > git rev-parse --show-toplevel
[2025-01-31 23:33:41.335] > git rev-parse --show-toplevel
[2025-01-31 23:33:41.384] > git rev-parse --show-toplevel
[2025-01-31 23:33:41.427] > git rev-parse --show-toplevel
[2025-01-31 23:33:41.476] > git rev-parse --show-toplevel
[2025-01-31 23:33:41.533] > git rev-parse --show-toplevel
[2025-01-31 23:33:41.584] > git rev-parse --show-toplevel
[2025-01-31 23:33:41.635] > git rev-parse --show-toplevel
[2025-01-31 23:33:41.694] > git rev-parse --show-toplevel
[2025-01-31 23:33:41.759] > git rev-parse --show-toplevel
[2025-01-31 23:33:41.821] > git rev-parse --show-toplevel
[2025-01-31 23:33:41.889] > git rev-parse --show-toplevel
[2025-01-31 23:33:42.007] > git rev-parse --show-toplevel
[2025-01-31 23:33:42.073] > git rev-parse --show-toplevel
[2025-01-31 23:33:42.144] > git rev-parse --show-toplevel
[2025-01-31 23:33:42.213] > git rev-parse --show-toplevel
[2025-01-31 23:33:42.287] > git rev-parse --show-toplevel
[2025-01-31 23:33:42.355] > git rev-parse --show-toplevel
[2025-01-31 23:33:42.405] > git rev-parse --show-toplevel
[2025-01-31 23:33:42.515] > git rev-parse --show-toplevel
[2025-01-31 23:33:42.641] > git rev-parse --show-toplevel
[2025-01-31 23:33:42.711] > git rev-parse --show-toplevel
[2025-01-31 23:33:42.781] > git rev-parse --show-toplevel
[2025-01-31 23:33:42.858] > git rev-parse --show-toplevel
[2025-01-31 23:33:42.922] > git rev-parse --show-toplevel
[2025-01-31 23:33:42.986] > git rev-parse --show-toplevel
[2025-01-31 23:33:43.051] > git rev-parse --show-toplevel
[2025-01-31 23:33:43.100] > git rev-parse --show-toplevel
[2025-01-31 23:33:43.154] > git rev-parse --show-toplevel
[2025-01-31 23:33:43.216] > git rev-parse --show-toplevel
[2025-01-31 23:33:43.276] > git rev-parse --show-toplevel
[2025-01-31 23:33:43.349] > git rev-parse --show-toplevel
[2025-01-31 23:33:43.413] > git rev-parse --show-toplevel
[2025-01-31 23:33:43.479] > git rev-parse --show-toplevel
[2025-01-31 23:33:43.529] > git rev-parse --show-toplevel
[2025-01-31 23:33:43.583] > git rev-parse --show-toplevel
[2025-01-31 23:33:43.642] > git rev-parse --show-toplevel
[2025-01-31 23:33:43.707] > git rev-parse --show-toplevel
[2025-01-31 23:33:43.758] > git rev-parse --show-toplevel
[2025-01-31 23:33:43.809] > git rev-parse --show-toplevel
[2025-01-31 23:33:43.860] > git rev-parse --show-toplevel
[2025-01-31 23:33:43.915] > git rev-parse --show-toplevel
[2025-01-31 23:33:43.975] > git rev-parse --show-toplevel
[2025-01-31 23:33:44.032] > git rev-parse --show-toplevel
[2025-01-31 23:33:44.101] > git rev-parse --show-toplevel
[2025-01-31 23:33:44.162] > git rev-parse --show-toplevel
[2025-01-31 23:33:44.217] > git rev-parse --show-toplevel
[2025-01-31 23:33:44.271] > git rev-parse --show-toplevel
[2025-01-31 23:33:44.324] > git rev-parse --show-toplevel
[2025-01-31 23:33:44.378] > git rev-parse --show-toplevel
[2025-01-31 23:33:44.437] > git rev-parse --show-toplevel
[2025-01-31 23:33:44.503] > git rev-parse --show-toplevel
[2025-01-31 23:33:44.561] > git rev-parse --show-toplevel
[2025-01-31 23:33:44.629] > git rev-parse --show-toplevel
[2025-01-31 23:33:44.704] > git rev-parse --show-toplevel
[2025-01-31 23:33:44.773] > git rev-parse --show-toplevel
[2025-01-31 23:33:44.837] > git rev-parse --show-toplevel
[2025-01-31 23:33:44.899] > git rev-parse --show-toplevel
[2025-01-31 23:33:44.961] > git rev-parse --show-toplevel
[2025-01-31 23:33:45.018] > git rev-parse --show-toplevel
[2025-01-31 23:33:45.077] > git rev-parse --show-toplevel
[2025-01-31 23:33:45.134] > git rev-parse --show-toplevel
[2025-01-31 23:33:45.194] > git rev-parse --show-toplevel
[2025-01-31 23:33:45.255] > git rev-parse --show-toplevel
[2025-01-31 23:33:45.311] > git rev-parse --show-toplevel
[2025-01-31 23:33:45.371] > git rev-parse --show-toplevel
[2025-01-31 23:33:45.428] > git rev-parse --show-toplevel
[2025-01-31 23:33:45.490] > git rev-parse --show-toplevel
[2025-01-31 23:33:45.550] > git rev-parse --show-toplevel
[2025-01-31 23:33:45.619] > git rev-parse --show-toplevel
[2025-01-31 23:33:45.684] > git rev-parse --show-toplevel
[2025-01-31 23:33:45.741] > git rev-parse --show-toplevel
[2025-01-31 23:33:45.796] > git rev-parse --show-toplevel
[2025-01-31 23:33:45.858] > git rev-parse --show-toplevel
[2025-01-31 23:33:45.927] > git rev-parse --show-toplevel
[2025-01-31 23:33:45.986] > git rev-parse --show-toplevel
[2025-01-31 23:33:46.060] > git rev-parse --show-toplevel
[2025-01-31 23:33:46.132] > git rev-parse --show-toplevel
[2025-01-31 23:33:46.200] > git rev-parse --show-toplevel
[2025-01-31 23:33:46.262] > git rev-parse --show-toplevel
[2025-01-31 23:33:46.323] > git rev-parse --show-toplevel
[2025-01-31 23:33:46.385] > git rev-parse --show-toplevel
[2025-01-31 23:33:46.437] > git rev-parse --show-toplevel
[2025-01-31 23:33:46.493] > git rev-parse --show-toplevel
[2025-01-31 23:33:46.546] > git rev-parse --show-toplevel
[2025-01-31 23:33:46.607] > git rev-parse --show-toplevel
[2025-01-31 23:33:46.677] > git rev-parse --show-toplevel
[2025-01-31 23:33:46.747] > git rev-parse --show-toplevel
[2025-01-31 23:33:46.801] > git rev-parse --show-toplevel
[2025-01-31 23:33:46.863] > git rev-parse --show-toplevel
[2025-01-31 23:33:46.934] > git rev-parse --show-toplevel
[2025-01-31 23:33:46.999] > git rev-parse --show-toplevel
[2025-01-31 23:33:47.056] > git rev-parse --show-toplevel
[2025-01-31 23:33:47.119] > git rev-parse --show-toplevel
[2025-01-31 23:33:47.211] > git rev-parse --show-toplevel
[2025-01-31 23:33:47.268] > git rev-parse --show-toplevel
[2025-01-31 23:33:47.335] > git rev-parse --show-toplevel
[2025-01-31 23:33:47.397] > git rev-parse --show-toplevel
[2025-01-31 23:33:47.464] > git rev-parse --show-toplevel
[2025-01-31 23:33:47.522] > git rev-parse --show-toplevel
[2025-01-31 23:33:47.591] > git rev-parse --show-toplevel
[2025-01-31 23:33:47.649] > git rev-parse --show-toplevel
[2025-01-31 23:33:47.714] > git rev-parse --show-toplevel
[2025-01-31 23:33:47.779] > git rev-parse --show-toplevel
[2025-01-31 23:33:47.838] > git rev-parse --show-toplevel
[2025-01-31 23:33:47.905] > git rev-parse --show-toplevel
[2025-01-31 23:33:48.047] > git rev-parse --show-toplevel
[2025-01-31 23:33:48.123] > git rev-parse --show-toplevel
[2025-01-31 23:33:48.195] > git rev-parse --show-toplevel
[2025-01-31 23:33:48.253] > git rev-parse --show-toplevel
[2025-01-31 23:33:48.308] > git rev-parse --show-toplevel
[2025-01-31 23:33:48.372] > git rev-parse --show-toplevel
[2025-01-31 23:33:48.431] > git rev-parse --show-toplevel
[2025-01-31 23:33:48.498] > git rev-parse --show-toplevel
[2025-01-31 23:33:48.553] > git rev-parse --show-toplevel
[2025-01-31 23:33:48.611] > git rev-parse --show-toplevel
[2025-01-31 23:33:48.666] > git rev-parse --show-toplevel
[2025-01-31 23:33:48.723] > git rev-parse --show-toplevel
[2025-01-31 23:33:48.813] > git rev-parse --show-toplevel
[2025-01-31 23:33:48.915] > git rev-parse --show-toplevel
[2025-01-31 23:33:48.987] > git rev-parse --show-toplevel
[2025-01-31 23:33:49.076] > git rev-parse --show-toplevel
[2025-01-31 23:33:49.193] > git rev-parse --show-toplevel
[2025-01-31 23:33:49.346] > git rev-parse --show-toplevel
[2025-01-31 23:33:49.420] > git rev-parse --show-toplevel
[2025-01-31 23:33:49.501] > git rev-parse --show-toplevel
[2025-01-31 23:33:49.574] > git rev-parse --show-toplevel
[2025-01-31 23:33:49.650] > git rev-parse --show-toplevel
[2025-01-31 23:33:49.740] > git rev-parse --show-toplevel
[2025-01-31 23:33:49.824] > git rev-parse --show-toplevel
[2025-01-31 23:33:49.899] > git rev-parse --show-toplevel
[2025-01-31 23:33:49.977] > git rev-parse --show-toplevel
[2025-01-31 23:33:50.079] > git rev-parse --show-toplevel
[2025-01-31 23:33:50.164] > git rev-parse --show-toplevel
[2025-01-31 23:33:50.250] > git rev-parse --show-toplevel
[2025-01-31 23:33:50.399] > git rev-parse --show-toplevel
[2025-01-31 23:33:50.569] > git rev-parse --show-toplevel
[2025-01-31 23:33:50.674] > git rev-parse --show-toplevel
[2025-01-31 23:33:50.830] > git rev-parse --show-toplevel
[2025-01-31 23:33:50.937] > git rev-parse --show-toplevel
[2025-01-31 23:33:51.046] > git rev-parse --show-toplevel
[2025-01-31 23:33:51.200] > git rev-parse --show-toplevel
[2025-01-31 23:33:51.287] > git rev-parse --show-toplevel
[2025-01-31 23:33:51.371] > git rev-parse --show-toplevel
[2025-01-31 23:33:51.453] > git rev-parse --show-toplevel
[2025-01-31 23:33:51.528] > git rev-parse --show-toplevel
[2025-01-31 23:33:51.606] > git rev-parse --show-toplevel
[2025-01-31 23:33:51.740] > git rev-parse --show-toplevel
[2025-01-31 23:33:51.814] > git rev-parse --show-toplevel
[2025-01-31 23:33:51.888] > git rev-parse --show-toplevel
[2025-01-31 23:33:51.964] > git rev-parse --show-toplevel
[2025-01-31 23:33:52.033] > git rev-parse --show-toplevel
[2025-01-31 23:33:52.103] > git rev-parse --show-toplevel
[2025-01-31 23:33:52.220] > git rev-parse --show-toplevel
[2025-01-31 23:33:52.318] > git rev-parse --show-toplevel
[2025-01-31 23:33:52.411] > git rev-parse --show-toplevel
[2025-01-31 23:33:52.507] > git rev-parse --show-toplevel
[2025-01-31 23:33:52.573] > git rev-parse --show-toplevel
[2025-01-31 23:33:52.648] > git rev-parse --show-toplevel
[2025-01-31 23:33:52.758] > git rev-parse --show-toplevel
[2025-01-31 23:33:52.845] > git rev-parse --show-toplevel
[2025-01-31 23:33:52.925] > git rev-parse --show-toplevel
[2025-01-31 23:33:53.004] > git rev-parse --show-toplevel
[2025-01-31 23:33:53.081] > git rev-parse --show-toplevel
[2025-01-31 23:33:53.155] > git rev-parse --show-toplevel
[2025-01-31 23:33:53.247] > git rev-parse --show-toplevel
[2025-01-31 23:33:53.364] > git rev-parse --show-toplevel
[2025-01-31 23:33:53.440] > git rev-parse --show-toplevel
[2025-01-31 23:33:53.513] > git rev-parse --show-toplevel
[2025-01-31 23:33:53.607] > git rev-parse --show-toplevel
[2025-01-31 23:33:53.798] > git rev-parse --show-toplevel
[2025-01-31 23:33:53.910] > git rev-parse --show-toplevel
[2025-01-31 23:33:53.986] > git rev-parse --show-toplevel
[2025-01-31 23:33:54.152] > git rev-parse --show-toplevel
[2025-01-31 23:33:54.240] > git rev-parse --show-toplevel
[2025-01-31 23:33:54.323] > git rev-parse --show-toplevel
[2025-01-31 23:33:54.417] > git rev-parse --show-toplevel
[2025-01-31 23:33:54.516] > git rev-parse --show-toplevel
[2025-01-31 23:33:54.590] > git rev-parse --show-toplevel
[2025-01-31 23:33:54.661] > git rev-parse --show-toplevel
[2025-01-31 23:33:54.727] > git rev-parse --show-toplevel
[2025-01-31 23:33:54.797] > git rev-parse --show-toplevel
[2025-01-31 23:33:54.876] > git rev-parse --show-toplevel
[2025-01-31 23:33:54.987] > git rev-parse --show-toplevel
[2025-01-31 23:33:55.082] > git rev-parse --show-toplevel
[2025-01-31 23:33:55.190] > git rev-parse --show-toplevel
[2025-01-31 23:33:55.300] > git rev-parse --show-toplevel
[2025-01-31 23:33:55.380] > git rev-parse --show-toplevel
[2025-01-31 23:33:55.473] > git rev-parse --show-toplevel
[2025-01-31 23:33:55.607] > git rev-parse --show-toplevel
[2025-01-31 23:33:55.717] > git rev-parse --show-toplevel
[2025-01-31 23:33:55.840] > git rev-parse --show-toplevel
[2025-01-31 23:33:55.967] > git rev-parse --show-toplevel
[2025-01-31 23:33:56.068] > git rev-parse --show-toplevel
[2025-01-31 23:33:56.150] > git rev-parse --show-toplevel
[2025-01-31 23:33:56.223] > git rev-parse --show-toplevel
[2025-01-31 23:33:56.303] > git rev-parse --show-toplevel
[2025-01-31 23:33:56.369] > git rev-parse --show-toplevel
[2025-01-31 23:33:56.435] > git rev-parse --show-toplevel
[2025-01-31 23:33:56.535] > git rev-parse --show-toplevel
[2025-01-31 23:33:56.613] > git rev-parse --show-toplevel
[2025-01-31 23:33:56.699] > git rev-parse --show-toplevel
[2025-01-31 23:33:56.776] > git rev-parse --show-toplevel
[2025-01-31 23:33:56.838] > git rev-parse --show-toplevel
[2025-01-31 23:33:56.921] > git rev-parse --show-toplevel
[2025-01-31 23:33:56.988] > git rev-parse --show-toplevel
[2025-01-31 23:33:57.061] > git rev-parse --show-toplevel
[2025-01-31 23:33:57.141] > git rev-parse --show-toplevel
[2025-01-31 23:33:57.247] > git rev-parse --show-toplevel
[2025-01-31 23:33:57.420] > git rev-parse --show-toplevel
[2025-01-31 23:33:57.547] > git rev-parse --show-toplevel
[2025-01-31 23:33:57.635] > git rev-parse --show-toplevel
[2025-01-31 23:33:57.707] > git rev-parse --show-toplevel
[2025-01-31 23:33:57.834] > git rev-parse --show-toplevel
[2025-01-31 23:33:57.908] > git rev-parse --show-toplevel
[2025-01-31 23:33:57.983] > git rev-parse --show-toplevel
[2025-01-31 23:33:58.051] > git rev-parse --show-toplevel
[2025-01-31 23:33:58.109] > git rev-parse --show-toplevel
[2025-01-31 23:33:58.197] > git rev-parse --show-toplevel
[2025-01-31 23:33:58.265] > git rev-parse --show-toplevel
[2025-01-31 23:33:58.351] > git rev-parse --show-toplevel
[2025-01-31 23:33:58.421] > git rev-parse --show-toplevel
[2025-01-31 23:33:58.493] > git rev-parse --show-toplevel
[2025-01-31 23:33:58.572] > git rev-parse --show-toplevel
[2025-01-31 23:33:58.650] > git rev-parse --show-toplevel
[2025-01-31 23:33:58.740] > git rev-parse --show-toplevel
[2025-01-31 23:33:59.020] > git rev-parse --show-toplevel
[2025-01-31 23:33:59.259] > git rev-parse --show-toplevel
[2025-01-31 23:33:59.464] > git rev-parse --show-toplevel
[2025-01-31 23:33:59.711] > git rev-parse --show-toplevel
[2025-01-31 23:33:59.798] > git rev-parse --show-toplevel
[2025-01-31 23:34:00.125] > git rev-parse --show-toplevel
[2025-01-31 23:34:00.310] > git rev-parse --show-toplevel
[2025-01-31 23:34:00.627] > git rev-parse --show-toplevel
[2025-01-31 23:34:00.713] > git rev-parse --show-toplevel
[2025-01-31 23:34:01.290] > git rev-parse --show-toplevel
[2025-01-31 23:34:01.742] > git rev-parse --show-toplevel
[2025-01-31 23:34:02.237] > git rev-parse --show-toplevel
[2025-01-31 23:34:02.885] > git rev-parse --show-toplevel
[2025-01-31 23:34:03.407] > git rev-parse --show-toplevel
[2025-01-31 23:34:04.180] > git rev-parse --show-toplevel
[2025-01-31 23:34:04.667] > git rev-parse --show-toplevel
[2025-01-31 23:34:04.983] > git rev-parse --show-toplevel
[2025-01-31 23:34:05.214] > git rev-parse --show-toplevel
[2025-01-31 23:34:05.633] > git rev-parse --show-toplevel
[2025-01-31 23:34:06.507] > git rev-parse --show-toplevel
[2025-01-31 23:34:06.709] > git rev-parse --show-toplevel
[2025-01-31 23:34:06.893] > git rev-parse --show-toplevel
[2025-01-31 23:34:07.137] > git rev-parse --show-toplevel
[2025-01-31 23:34:07.352] > git rev-parse --show-toplevel
[2025-01-31 23:34:07.519] > git rev-parse --show-toplevel
[2025-01-31 23:34:07.726] > git rev-parse --show-toplevel
[2025-01-31 23:34:07.983] > git rev-parse --show-toplevel
[2025-01-31 23:34:08.190] > git rev-parse --show-toplevel
[2025-01-31 23:34:08.270] > git rev-parse --show-toplevel
[2025-01-31 23:34:08.552] > git rev-parse --show-toplevel
[2025-01-31 23:34:08.807] > git rev-parse --show-toplevel
[2025-01-31 23:34:08.987] > git rev-parse --show-toplevel
[2025-01-31 23:34:09.625] > git rev-parse --show-toplevel
[2025-01-31 23:34:09.783] > git rev-parse --show-toplevel
[2025-01-31 23:34:10.087] > git rev-parse --show-toplevel
[2025-01-31 23:34:10.620] > git rev-parse --show-toplevel
[2025-01-31 23:34:10.915] > git rev-parse --show-toplevel
[2025-01-31 23:34:11.377] > git rev-parse --show-toplevel
[2025-01-31 23:34:11.527] > git rev-parse --show-toplevel
[2025-01-31 23:34:11.738] > git rev-parse --show-toplevel
[2025-01-31 23:34:11.975] > git rev-parse --show-toplevel
[2025-01-31 23:34:12.864] > git rev-parse --show-toplevel
[2025-01-31 23:34:13.091] > git rev-parse --show-toplevel
[2025-01-31 23:34:13.281] > git rev-parse --show-toplevel
[2025-01-31 23:34:13.534] > git rev-parse --show-toplevel
[2025-01-31 23:34:13.770] > git rev-parse --show-toplevel
[2025-01-31 23:34:13.860] > git rev-parse --show-toplevel
[2025-01-31 23:34:14.097] > git rev-parse --show-toplevel
[2025-01-31 23:34:14.383] > git rev-parse --show-toplevel
[2025-01-31 23:34:14.668] > git rev-parse --show-toplevel
[2025-01-31 23:34:14.887] > git rev-parse --show-toplevel
[2025-01-31 23:34:15.160] > git rev-parse --show-toplevel
[2025-01-31 23:34:15.371] > git rev-parse --show-toplevel
[2025-01-31 23:34:15.658] > git rev-parse --show-toplevel
[2025-01-31 23:34:15.830] > git rev-parse --show-toplevel
[2025-01-31 23:34:16.078] > git rev-parse --show-toplevel
[2025-01-31 23:34:16.155] > git rev-parse --show-toplevel
[2025-01-31 23:34:16.384] > git rev-parse --show-toplevel
[2025-01-31 23:34:16.631] > git rev-parse --show-toplevel
[2025-01-31 23:34:16.779] > git rev-parse --show-toplevel
[2025-01-31 23:34:17.003] > git rev-parse --show-toplevel
[2025-01-31 23:34:17.215] > git rev-parse --show-toplevel
[2025-01-31 23:34:17.283] > git rev-parse --show-toplevel
[2025-01-31 23:34:17.363] > git rev-parse --show-toplevel
[2025-01-31 23:34:17.430] > git rev-parse --show-toplevel
[2025-01-31 23:34:17.540] > git rev-parse --show-toplevel
[2025-01-31 23:34:17.634] > git rev-parse --show-toplevel
[2025-01-31 23:34:17.711] > git rev-parse --show-toplevel
[2025-01-31 23:34:17.806] > git rev-parse --show-toplevel
[2025-01-31 23:34:17.994] > git rev-parse --show-toplevel
[2025-01-31 23:34:18.158] > git rev-parse --show-toplevel
[2025-01-31 23:34:18.269] > git rev-parse --show-toplevel
[2025-01-31 23:34:18.347] > git rev-parse --show-toplevel
[2025-01-31 23:34:18.430] > git rev-parse --show-toplevel
[2025-01-31 23:34:18.509] > git rev-parse --show-toplevel
[2025-01-31 23:34:18.567] > git rev-parse --show-toplevel
[2025-01-31 23:34:18.656] > git rev-parse --show-toplevel
[2025-01-31 23:34:18.730] > git rev-parse --show-toplevel
[2025-01-31 23:34:18.794] > git rev-parse --show-toplevel
[2025-01-31 23:34:18.871] > git rev-parse --show-toplevel
[2025-01-31 23:34:18.957] > git rev-parse --show-toplevel
[2025-01-31 23:34:19.031] > git rev-parse --show-toplevel
[2025-01-31 23:34:19.123] > git rev-parse --show-toplevel
[2025-01-31 23:34:19.220] > git rev-parse --show-toplevel
[2025-01-31 23:34:19.299] > git rev-parse --show-toplevel
[2025-01-31 23:34:19.362] > git rev-parse --show-toplevel
[2025-01-31 23:34:19.439] > git rev-parse --show-toplevel
[2025-01-31 23:34:19.513] > git rev-parse --show-toplevel
[2025-01-31 23:34:19.600] > git rev-parse --show-toplevel
[2025-01-31 23:34:19.677] > git rev-parse --show-toplevel
[2025-01-31 23:34:19.754] > git rev-parse --show-toplevel
[2025-01-31 23:34:19.837] > git rev-parse --show-toplevel
[2025-01-31 23:34:19.903] > git rev-parse --show-toplevel
[2025-01-31 23:34:19.970] > git rev-parse --show-toplevel
[2025-01-31 23:34:20.078] > git rev-parse --show-toplevel
[2025-01-31 23:34:20.166] > git rev-parse --show-toplevel
[2025-01-31 23:34:20.289] > git rev-parse --show-toplevel
[2025-01-31 23:34:20.400] > git rev-parse --show-toplevel
[2025-01-31 23:34:20.480] > git rev-parse --show-toplevel
[2025-01-31 23:34:20.590] > git rev-parse --show-toplevel
[2025-01-31 23:34:20.667] > git rev-parse --show-toplevel
[2025-01-31 23:34:20.767] > git rev-parse --show-toplevel
[2025-01-31 23:34:20.858] > git rev-parse --show-toplevel
[2025-01-31 23:34:20.926] > git rev-parse --show-toplevel
[2025-01-31 23:34:20.997] > git rev-parse --show-toplevel
[2025-01-31 23:34:21.080] > git rev-parse --show-toplevel
[2025-01-31 23:34:21.158] > git rev-parse --show-toplevel
[2025-01-31 23:34:21.268] > git rev-parse --show-toplevel
[2025-01-31 23:34:21.358] > git rev-parse --show-toplevel
[2025-01-31 23:34:21.468] > git rev-parse --show-toplevel
[2025-01-31 23:34:21.529] > git rev-parse --show-toplevel
[2025-01-31 23:34:21.606] > git rev-parse --show-toplevel
[2025-01-31 23:34:21.667] > git rev-parse --show-toplevel
[2025-01-31 23:34:21.769] > git rev-parse --show-toplevel
[2025-01-31 23:34:21.846] > git rev-parse --show-toplevel
[2025-01-31 23:34:21.912] > git rev-parse --show-toplevel
[2025-01-31 23:34:22.040] > git rev-parse --show-toplevel
[2025-01-31 23:34:22.135] > git rev-parse --show-toplevel
[2025-01-31 23:34:22.224] > git rev-parse --show-toplevel
[2025-01-31 23:34:22.315] > git rev-parse --show-toplevel
[2025-01-31 23:34:22.423] > git rev-parse --show-toplevel
[2025-01-31 23:34:22.518] > git rev-parse --show-toplevel
[2025-01-31 23:34:22.633] > git rev-parse --show-toplevel
[2025-01-31 23:34:22.707] > git rev-parse --show-toplevel
[2025-01-31 23:34:22.777] > git rev-parse --show-toplevel
[2025-01-31 23:34:22.903] > git rev-parse --show-toplevel
[2025-01-31 23:34:22.990] > git rev-parse --show-toplevel
[2025-01-31 23:34:23.065] > git rev-parse --show-toplevel
[2025-01-31 23:34:23.140] > git rev-parse --show-toplevel
[2025-01-31 23:34:23.217] > git rev-parse --show-toplevel
[2025-01-31 23:34:23.291] > git rev-parse --show-toplevel
[2025-01-31 23:34:23.378] > git rev-parse --show-toplevel
[2025-01-31 23:34:23.497] > git rev-parse --show-toplevel
[2025-01-31 23:34:23.613] > git rev-parse --show-toplevel
[2025-01-31 23:34:23.687] > git rev-parse --show-toplevel
[2025-01-31 23:34:23.763] > git rev-parse --show-toplevel
[2025-01-31 23:34:23.850] > git rev-parse --show-toplevel
[2025-01-31 23:34:23.946] > git rev-parse --show-toplevel
[2025-01-31 23:34:24.026] > git rev-parse --show-toplevel
[2025-01-31 23:34:24.120] > git rev-parse --show-toplevel
[2025-01-31 23:34:24.185] > git rev-parse --show-toplevel
[2025-01-31 23:34:24.287] > git rev-parse --show-toplevel
[2025-01-31 23:34:24.370] > git rev-parse --show-toplevel
[2025-01-31 23:34:24.462] > git rev-parse --show-toplevel
[2025-01-31 23:34:24.557] > git rev-parse --show-toplevel
[2025-01-31 23:34:24.652] > git rev-parse --show-toplevel
[2025-01-31 23:34:24.729] > git rev-parse --show-toplevel
[2025-01-31 23:34:24.800] > git rev-parse --show-toplevel
[2025-01-31 23:34:24.863] > git rev-parse --show-toplevel
[2025-01-31 23:34:24.933] > git rev-parse --show-toplevel
[2025-01-31 23:34:25.003] > git rev-parse --show-toplevel
[2025-01-31 23:34:25.087] > git rev-parse --show-toplevel
[2025-01-31 23:34:25.170] > git rev-parse --show-toplevel
[2025-01-31 23:34:25.242] > git rev-parse --show-toplevel
[2025-01-31 23:34:25.329] > git rev-parse --show-toplevel
[2025-01-31 23:34:25.414] > git rev-parse --show-toplevel
[2025-01-31 23:34:25.490] > git rev-parse --show-toplevel
[2025-01-31 23:34:25.561] > git rev-parse --show-toplevel
[2025-01-31 23:34:25.642] > git rev-parse --show-toplevel
[2025-01-31 23:34:25.731] > git rev-parse --show-toplevel
[2025-01-31 23:34:25.842] > git rev-parse --show-toplevel
[2025-01-31 23:34:25.911] > git rev-parse --show-toplevel
[2025-01-31 23:34:25.983] > git rev-parse --show-toplevel
[2025-01-31 23:34:26.057] > git rev-parse --show-toplevel
[2025-01-31 23:34:26.133] > git rev-parse --show-toplevel
[2025-01-31 23:34:26.190] > git rev-parse --show-toplevel
[2025-01-31 23:34:26.270] > git rev-parse --show-toplevel
[2025-01-31 23:34:26.353] > git rev-parse --show-toplevel
[2025-01-31 23:34:26.430] > git rev-parse --show-toplevel
[2025-01-31 23:34:26.507] > git rev-parse --show-toplevel
[2025-01-31 23:34:26.583] > git rev-parse --show-toplevel
[2025-01-31 23:34:26.667] > git rev-parse --show-toplevel
[2025-01-31 23:34:26.834] > git rev-parse --show-toplevel
[2025-01-31 23:34:27.007] > git rev-parse --show-toplevel
[2025-01-31 23:34:27.169] > git rev-parse --show-toplevel
[2025-01-31 23:34:27.297] > git rev-parse --show-toplevel
[2025-01-31 23:34:27.413] > git rev-parse --show-toplevel
[2025-01-31 23:34:27.505] > git rev-parse --show-toplevel
[2025-01-31 23:34:27.577] > git rev-parse --show-toplevel
[2025-01-31 23:34:27.652] > git rev-parse --show-toplevel
[2025-01-31 23:34:27.786] > git rev-parse --show-toplevel
[2025-01-31 23:34:27.860] > git rev-parse --show-toplevel
[2025-01-31 23:34:27.926] > git rev-parse --show-toplevel
[2025-01-31 23:34:28.019] > git rev-parse --show-toplevel
[2025-01-31 23:34:28.096] > git rev-parse --show-toplevel
[2025-01-31 23:34:28.160] > git rev-parse --show-toplevel
[2025-01-31 23:34:28.237] > git rev-parse --show-toplevel
[2025-01-31 23:34:28.325] > git rev-parse --show-toplevel
[2025-01-31 23:34:28.430] > git rev-parse --show-toplevel
[2025-01-31 23:34:28.543] > git rev-parse --show-toplevel
[2025-01-31 23:34:28.623] > git rev-parse --show-toplevel
[2025-01-31 23:34:28.717] > git rev-parse --show-toplevel
[2025-01-31 23:34:28.817] > git rev-parse --show-toplevel
[2025-01-31 23:34:28.907] > git rev-parse --show-toplevel
[2025-01-31 23:34:29.031] > git rev-parse --show-toplevel
[2025-01-31 23:34:29.114] > git rev-parse --show-toplevel
[2025-01-31 23:34:29.155] Added new repo: /home/aditya/Desktop/website-sekolah
[2025-01-31 23:34:37.750] Showing "Git Graph" Status Bar Item
