[Info  - 11:30:32 PM] {"type":"usage","messageType":"initialize"}
[Error - 11:31:16 PM] WARNING: graphql-config error, only highlighting is enabled:
GraphQL Config file is not available in the provided config directory: /home/aditya/Desktop
Please check the config directory.
for more information on using 'graphql-config' with 'graphql-language-service-server', 
see the documentation at https://www.npmjs.com/package/graphql-language-service-server#user-content-graphql-configuration-file
[Error - 11:31:16 PM] WARNING: graphql-config error, only highlighting is enabled:
GraphQL Config file is not available in the provided config directory: /home/aditya/Desktop
Please check the config directory.
for more information on using 'graphql-config' with 'graphql-language-service-server', 
see the documentation at https://www.npmjs.com/package/graphql-language-service-server#user-content-graphql-configuration-file
[Error - 11:31:16 PM] WARNING: graphql-config error, only highlighting is enabled:
GraphQL Config file is not available in the provided config directory: /home/aditya/Desktop
Please check the config directory.
for more information on using 'graphql-config' with 'graphql-language-service-server', 
see the documentation at https://www.npmjs.com/package/graphql-language-service-server#user-content-graphql-configuration-file
[Error - 11:31:16 PM] WARNING: graphql-config error, only highlighting is enabled:
GraphQL Config file is not available in the provided config directory: /home/aditya/Desktop
Please check the config directory.
for more information on using 'graphql-config' with 'graphql-language-service-server', 
see the documentation at https://www.npmjs.com/package/graphql-language-service-server#user-content-graphql-configuration-file
[Error - 11:31:16 PM] WARNING: graphql-config error, only highlighting is enabled:
GraphQL Config file is not available in the provided config directory: /home/aditya/Desktop
Please check the config directory.
for more information on using 'graphql-config' with 'graphql-language-service-server', 
see the documentation at https://www.npmjs.com/package/graphql-language-service-server#user-content-graphql-configuration-file
[Error - 11:31:16 PM] WARNING: graphql-config error, only highlighting is enabled:
GraphQL Config file is not available in the provided config directory: /home/aditya/Desktop
Please check the config directory.
for more information on using 'graphql-config' with 'graphql-language-service-server', 
see the documentation at https://www.npmjs.com/package/graphql-language-service-server#user-content-graphql-configuration-file
[Error - 11:31:16 PM] WARNING: graphql-config error, only highlighting is enabled:
GraphQL Config file is not available in the provided config directory: /home/aditya/Desktop
Please check the config directory.
for more information on using 'graphql-config' with 'graphql-language-service-server', 
see the documentation at https://www.npmjs.com/package/graphql-language-service-server#user-content-graphql-configuration-file
[Error - 11:31:16 PM] WARNING: graphql-config error, only highlighting is enabled:
GraphQL Config file is not available in the provided config directory: /home/aditya/Desktop
Please check the config directory.
for more information on using 'graphql-config' with 'graphql-language-service-server', 
see the documentation at https://www.npmjs.com/package/graphql-language-service-server#user-content-graphql-configuration-file
[Error - 11:31:16 PM] WARNING: graphql-config error, only highlighting is enabled:
GraphQL Config file is not available in the provided config directory: /home/aditya/Desktop
Please check the config directory.
for more information on using 'graphql-config' with 'graphql-language-service-server', 
see the documentation at https://www.npmjs.com/package/graphql-language-service-server#user-content-graphql-configuration-file
[Info  - 11:35:49 PM] The graphql server has stopped running
