(VSCode) 2025-01-31 23:30:46.674 [INFO]: No proxy settings found
(VSCode) 2025-01-31 23:30:51.944 [ERROR]: Failed to initialize Unleash: undefined
(VSCode) 2025-01-31 23:30:51.947 [INFO]: Checking network connection...
(VSCode) 2025-01-31 23:31:01.665 [INFO]: No Network Issue connecting to https://server.codeium.com/healthz
(VSCode) 2025-01-31 23:31:02.716 [INFO]: Creating manager directory: /tmp/aea03ced-4f13-4b68-b226-83f7f212af0f/codeium/manager
(VSCode) 2025-01-31 23:31:06.829 [INFO]: Using cached LS with valid crc32: /home/aditya/.vscode/extensions/codeium.codeium-1.30.18/dist/1922b6ec8869ef782574fa5f5951f1c5e172c7b6/language_server_linux_x64
(VSCode) 2025-01-31 23:31:06.873 [INFO]: Language server started
2025/01/31 23:31:06 maxprocs: Leaving GOMAXPROCS=8: CPU quota undefined
I0131 23:31:07.177711 502474 main.go:568] [Language Server Manager] Setting GOMAXPROCS to 8
I0131 23:31:07.177871 502474 main.go:707] [Language Server Manager] Release 1.30.18 (1922b6ec8869ef782574fa5f5951f1c5e172c7b6)
I0131 23:31:07.177955 502474 main.go:786] [Language Server Manager] Starting language server manager with pid 502474
I0131 23:31:07.178163 502474 main.go:123] [Language Server Manager] Manager acquired its lock file /tmp/aea03ced-4f13-4b68-b226-83f7f212af0f/codeium/manager/locks/manager.lock
I0131 23:31:07.179662 502474 main.go:264] [Language Server Manager] Waiting for random port file in /tmp/aea03ced-4f13-4b68-b226-83f7f212af0f/codeium/manager/child_random_port_1738341067178401571_1708016730344196351 to be created
2025/01/31 23:31:07 maxprocs: Leaving GOMAXPROCS=8: CPU quota undefined
I0131 23:31:07.485653 502488 main.go:568] Setting GOMAXPROCS to 4
I0131 23:31:07.496446 502488 main.go:780] Starting language server process with pid 502488
I0131 23:31:07.496613 502488 server.go:220] Language server will attempt to listen on host 127.0.0.1
I0131 23:31:07.496884 502488 server.go:227] Language server listening on random port at 34167
I0131 23:31:08.396779 502488 unleash.go:92] Initializing Unleash
I0131 23:31:09.163504 502488 unleash.go:112] Successfully initialized Unleash
I0131 23:31:09.164221 502488 server.go:297] Extension server port not specified; skipping extension server client creation
I0131 23:31:09.203218 502488 web_server.go:258] Chat Web Server listening at ws://127.0.0.1:38911
E0131 23:31:09.249614 502488 client_manager.go:275] Metadata is nil when trying to refresh user JWT
I0131 23:31:09.253640 502488 server.go:528] Successfully created API server client
I0131 23:31:09.397101 502488 server.go:546] Successfully initialized tokenizer
I0131 23:31:10.162612 502488 server.go:721] Local search is enabled, will index local files.
I0131 23:31:10.162685 502488 server.go:725] Using 2 indexer workers
I0131 23:31:10.169439 502488 sqlite_faiss_db_client.go:64] Successfully created embedding search database in 6ms
I0131 23:31:10.170463 502488 indexer.go:213] Using 4 embed workers
I0131 23:31:10.170550 502488 search_provider.go:274] Successfully created and started indexer
I0131 23:31:10.170627 502488 search_provider.go:304] Successfully created embedding search provider
I0131 23:31:10.564375 502488 server.go:813] Successfully created completion provider
I0131 23:31:10.564492 502488 server.go:862] Child process attempting to acquire lock file /tmp/aea03ced-4f13-4b68-b226-83f7f212af0f/codeium/manager/locks/child_lock_1738341067178501989_3564348110803888242
I0131 23:31:10.564660 502488 server.go:870] Child process acquired lock file /tmp/aea03ced-4f13-4b68-b226-83f7f212af0f/codeium/manager/locks/child_lock_1738341067178501989_3564348110803888242
I0131 23:31:10.585803 502488 server.go:356] LSP listening on random port at 38319
38319
I0131 23:31:10.597376 502474 main.go:300] [Language Server Manager] Found random server port 34167
I0131 23:31:10.597546 502474 main.go:301] [Language Server Manager] Found random lsp port 38319
I0131 23:31:10.597650 502474 main.go:308] [Language Server Manager] Attempting to connect to language server at 127.0.0.1:34167
I0131 23:31:10.614830 502474 main.go:177] [Language Server Manager] Fixing language server port at 34167
I0131 23:31:10.614895 502474 main.go:360] [Language Server Manager] Successfully connected to new language server at 127.0.0.1:34167
(VSCode) 2025-01-31 23:31:10.700 [INFO]: Found language server running on port 34167
I0131 23:31:10.750719 502488 utils.go:228] Analyzing workspace files for /home/aditya/Desktop
I0131 23:31:10.767554 502488 utils.go:282] Done analyzing workspace files for /home/aditya/Desktop
(VSCode) 2025-01-31 23:31:11.123 [INFO]: openAllTextDocuments took 15.217982000001939ms
I0131 23:31:12.114574 502488 lazy_model.go:31] Successfully created embedding store
W0131 23:34:05.791429 502488 workspace_manager.go:727] Too many changes in DidChangeWatchedFiles: 11213
(VSCode) 2025-01-31 23:35:49.055 [INFO]: Disposing language server process
(VSCode) 2025-01-31 23:35:49.056 [INFO]: Deleting manager directory: /tmp/aea03ced-4f13-4b68-b226-83f7f212af0f/codeium/manager
(VSCode) 2025-01-31 23:35:49.059 [INFO]: Successfully disposed language server
W0131 23:35:49.055741 502474 main.go:127] [Language Server Manager] Got signal terminated, shutting down
E0131 23:35:49.276825 502474 main.go:374] [Language Server Manager] Failed to acquire lock on /tmp/aea03ced-4f13-4b68-b226-83f7f212af0f/codeium/manager/locks/child_lock_1738341067178501989_3564348110803888242: open /tmp/aea03ced-4f13-4b68-b226-83f7f212af0f/codeium/manager/locks/child_lock_1738341067178501989_3564348110803888242: no such file or directory
I0131 23:35:49.280707 502488 server.go:1035] Exit requested on language server process 502488
I0131 23:35:49.280913 502488 server.go:1012] Language server shutting down
I0131 23:35:49.334330 502474 cmd_wrapper.go:271] [Language Server Manager] LanguageServer exited with: success
(VSCode) 2025-01-31 23:35:49.452 [ERROR]: [unavailable] connect ECONNREFUSED 127.0.0.1:34167
(VSCode) 2025-01-31 23:35:49.476 [ERROR]: Failed to stop lsp
(VSCode) 2025-01-31 23:35:49.479 [INFO]: Language server exited with code 0
(VSCode) 2025-01-31 23:35:49.487 [ERROR]: Failed to stop exit
