Locating server…
Booting server...
Setting up server…
Listening for messages…
Searching for Tailwind CSS projects in the workspace's folders.
{"tailwind":{"version":"3.4.4","features":["layer:base","separator:root","content-list","jit","css-at-config-as-project","relative-content-paths","transpiled-configs"],"isDefaultVersion":true},"path":"/home/aditya/Desktop/website-sekolah/tailwind.config.ts"}
{"tailwind":{"version":"3.4.4","features":["layer:base","separator:root","content-list","jit","css-at-config-as-project","relative-content-paths","transpiled-configs"],"isDefaultVersion":true},"path":"/home/aditya/Desktop/website-sekolah/app/globals.css"}
{"tailwind":{"version":"3.4.17","features":["layer:base","separator:root","content-list","jit","css-at-config-as-project","relative-content-paths","transpiled-configs"],"isDefaultVersion":false},"path":"/home/aditya/Desktop/my-store/my-store/tailwind.config.ts"}
{"tailwind":{"version":"3.4.17","features":["layer:base","separator:root","content-list","jit","css-at-config-as-project","relative-content-paths","transpiled-configs"],"isDefaultVersion":false},"path":"/home/aditya/Desktop/my-store/my-store/app/globals.css"}
{"tailwind":{"version":"3.4.17","features":["layer:base","separator:root","content-list","jit","css-at-config-as-project","relative-content-paths","transpiled-configs"],"isDefaultVersion":false},"path":"/home/aditya/Desktop/adxx-blog/adxx-blog-v1/tailwind.config.ts"}
{"tailwind":{"version":"3.4.17","features":["layer:base","separator:root","content-list","jit","css-at-config-as-project","relative-content-paths","transpiled-configs"],"isDefaultVersion":false},"path":"/home/aditya/Desktop/adxx-blog/adxx-blog-v1/app/globals.css"}
[Global] Creating projects: [{"folder":"/home/aditya/Desktop","config":"/home/aditya/Desktop/adxx-blog/adxx-blog-v1/tailwind.config.ts","selectors":[{"pattern":"/home/aditya/Desktop/adxx-blog/adxx-blog-v1/tailwind.config.ts","priority":0},{"pattern":"/home/aditya/Desktop/adxx-blog/adxx-blog-v1/**","priority":3}],"user":false,"tailwind":{"version":"3.4.17","features":["layer:base","separator:root","content-list","jit","css-at-config-as-project","relative-content-paths","transpiled-configs"],"isDefaultVersion":false}},{"folder":"/home/aditya/Desktop","config":"/home/aditya/Desktop/my-store/my-store/tailwind.config.ts","selectors":[{"pattern":"/home/aditya/Desktop/my-store/my-store/tailwind.config.ts","priority":0},{"pattern":"/home/aditya/Desktop/my-store/my-store/**","priority":3}],"user":false,"tailwind":{"version":"3.4.17","features":["layer:base","separator:root","content-list","jit","css-at-config-as-project","relative-content-paths","transpiled-configs"],"isDefaultVersion":false}},{"folder":"/home/aditya/Desktop","config":"/home/aditya/Desktop/website-sekolah/tailwind.config.ts","selectors":[{"pattern":"/home/aditya/Desktop/website-sekolah/tailwind.config.ts","priority":0},{"pattern":"/home/aditya/Desktop/website-sekolah/**","priority":3}],"user":false,"tailwind":{"version":"3.4.4","features":["layer:base","separator:root","content-list","jit","css-at-config-as-project","relative-content-paths","transpiled-configs"],"isDefaultVersion":true}}]
[Global] Preparing projects...
[Global] Adding watch patterns: /home/aditya/Desktop/adxx-blog/adxx-blog-v1/tailwind.config.ts, /home/aditya/Desktop/adxx-blog/adxx-blog-v1, /home/aditya/Desktop/adxx-blog, /home/aditya/Desktop
[Global] Adding watch patterns: /home/aditya/Desktop/my-store/my-store/tailwind.config.ts, /home/aditya/Desktop/my-store/my-store, /home/aditya/Desktop/my-store
[Global] Adding watch patterns: /home/aditya/Desktop/website-sekolah/tailwind.config.ts, /home/aditya/Desktop/website-sekolah
[Global] Initializing projects...
[Global] Initialized 0 projects
----------
RESTARTING
----------
Searching for Tailwind CSS projects in the workspace's folders.
{"tailwind":{"version":"3.4.17","features":["layer:base","separator:root","content-list","jit","css-at-config-as-project","relative-content-paths","transpiled-configs"],"isDefaultVersion":false},"path":"/home/aditya/Desktop/website-sekolah/tailwind.config.ts"}
{"tailwind":{"version":"3.4.17","features":["layer:base","separator:root","content-list","jit","css-at-config-as-project","relative-content-paths","transpiled-configs"],"isDefaultVersion":false},"path":"/home/aditya/Desktop/website-sekolah/app/globals.css"}
{"tailwind":{"version":"3.4.17","features":["layer:base","separator:root","content-list","jit","css-at-config-as-project","relative-content-paths","transpiled-configs"],"isDefaultVersion":false},"path":"/home/aditya/Desktop/adxx-blog/adxx-blog-v1/tailwind.config.ts"}
{"tailwind":{"version":"3.4.17","features":["layer:base","separator:root","content-list","jit","css-at-config-as-project","relative-content-paths","transpiled-configs"],"isDefaultVersion":false},"path":"/home/aditya/Desktop/adxx-blog/adxx-blog-v1/app/globals.css"}
{"tailwind":{"version":"3.4.17","features":["layer:base","separator:root","content-list","jit","css-at-config-as-project","relative-content-paths","transpiled-configs"],"isDefaultVersion":false},"path":"/home/aditya/Desktop/my-store/my-store/tailwind.config.ts"}
{"tailwind":{"version":"3.4.17","features":["layer:base","separator:root","content-list","jit","css-at-config-as-project","relative-content-paths","transpiled-configs"],"isDefaultVersion":false},"path":"/home/aditya/Desktop/my-store/my-store/app/globals.css"}
[Global] Creating projects: [{"folder":"/home/aditya/Desktop","config":"/home/aditya/Desktop/adxx-blog/adxx-blog-v1/tailwind.config.ts","selectors":[{"pattern":"/home/aditya/Desktop/adxx-blog/adxx-blog-v1/tailwind.config.ts","priority":0},{"pattern":"/home/aditya/Desktop/adxx-blog/adxx-blog-v1/**","priority":3}],"user":false,"tailwind":{"version":"3.4.17","features":["layer:base","separator:root","content-list","jit","css-at-config-as-project","relative-content-paths","transpiled-configs"],"isDefaultVersion":false}},{"folder":"/home/aditya/Desktop","config":"/home/aditya/Desktop/my-store/my-store/tailwind.config.ts","selectors":[{"pattern":"/home/aditya/Desktop/my-store/my-store/tailwind.config.ts","priority":0},{"pattern":"/home/aditya/Desktop/my-store/my-store/**","priority":3}],"user":false,"tailwind":{"version":"3.4.17","features":["layer:base","separator:root","content-list","jit","css-at-config-as-project","relative-content-paths","transpiled-configs"],"isDefaultVersion":false}},{"folder":"/home/aditya/Desktop","config":"/home/aditya/Desktop/website-sekolah/tailwind.config.ts","selectors":[{"pattern":"/home/aditya/Desktop/website-sekolah/tailwind.config.ts","priority":0},{"pattern":"/home/aditya/Desktop/website-sekolah/**","priority":3}],"user":false,"tailwind":{"version":"3.4.17","features":["layer:base","separator:root","content-list","jit","css-at-config-as-project","relative-content-paths","transpiled-configs"],"isDefaultVersion":false}}]
[Global] Preparing projects...
[Global] Adding watch patterns: /home/aditya/Desktop/adxx-blog/adxx-blog-v1/tailwind.config.ts, /home/aditya/Desktop/adxx-blog/adxx-blog-v1, /home/aditya/Desktop/adxx-blog, /home/aditya/Desktop
[Global] Adding watch patterns: /home/aditya/Desktop/my-store/my-store/tailwind.config.ts, /home/aditya/Desktop/my-store/my-store, /home/aditya/Desktop/my-store
[Global] Adding watch patterns: /home/aditya/Desktop/website-sekolah/tailwind.config.ts, /home/aditya/Desktop/website-sekolah
[Global] Initializing projects...
[Global] Initialized 0 projects
