[Info  - 11:26:52 AM] {"type":"usage","messageType":"initialize"}
[Error - 12:18:18 PM] WARNING: graphql-config error, only highlighting is enabled:
GraphQL Config file is not available in the provided config directory: /home/aditya/Desktop/my-nocobase-app
Please check the config directory.
for more information on using 'graphql-config' with 'graphql-language-service-server', 
see the documentation at https://www.npmjs.com/package/graphql-language-service-server#user-content-graphql-configuration-file
[Error - 12:18:18 PM] WARNING: graphql-config error, only highlighting is enabled:
GraphQL Config file is not available in the provided config directory: /home/aditya/Desktop/my-nocobase-app
Please check the config directory.
for more information on using 'graphql-config' with 'graphql-language-service-server', 
see the documentation at https://www.npmjs.com/package/graphql-language-service-server#user-content-graphql-configuration-file
[Error - 12:18:18 PM] WARNING: graphql-config error, only highlighting is enabled:
GraphQL Config file is not available in the provided config directory: /home/aditya/Desktop/my-nocobase-app
Please check the config directory.
for more information on using 'graphql-config' with 'graphql-language-service-server', 
see the documentation at https://www.npmjs.com/package/graphql-language-service-server#user-content-graphql-configuration-file
[Error - 12:18:18 PM] WARNING: graphql-config error, only highlighting is enabled:
GraphQL Config file is not available in the provided config directory: /home/aditya/Desktop/my-nocobase-app
Please check the config directory.
for more information on using 'graphql-config' with 'graphql-language-service-server', 
see the documentation at https://www.npmjs.com/package/graphql-language-service-server#user-content-graphql-configuration-file
[Error - 12:18:18 PM] WARNING: graphql-config error, only highlighting is enabled:
GraphQL Config file is not available in the provided config directory: /home/aditya/Desktop/my-nocobase-app
Please check the config directory.
for more information on using 'graphql-config' with 'graphql-language-service-server', 
see the documentation at https://www.npmjs.com/package/graphql-language-service-server#user-content-graphql-configuration-file
[Error - 12:18:18 PM] WARNING: graphql-config error, only highlighting is enabled:
GraphQL Config file is not available in the provided config directory: /home/aditya/Desktop/my-nocobase-app
Please check the config directory.
for more information on using 'graphql-config' with 'graphql-language-service-server', 
see the documentation at https://www.npmjs.com/package/graphql-language-service-server#user-content-graphql-configuration-file
[Error - 12:18:18 PM] WARNING: graphql-config error, only highlighting is enabled:
GraphQL Config file is not available in the provided config directory: /home/aditya/Desktop/my-nocobase-app
Please check the config directory.
for more information on using 'graphql-config' with 'graphql-language-service-server', 
see the documentation at https://www.npmjs.com/package/graphql-language-service-server#user-content-graphql-configuration-file
[Error - 12:18:18 PM] WARNING: graphql-config error, only highlighting is enabled:
GraphQL Config file is not available in the provided config directory: /home/aditya/Desktop/my-nocobase-app
Please check the config directory.
for more information on using 'graphql-config' with 'graphql-language-service-server', 
see the documentation at https://www.npmjs.com/package/graphql-language-service-server#user-content-graphql-configuration-file
[Error - 12:18:18 PM] WARNING: graphql-config error, only highlighting is enabled:
GraphQL Config file is not available in the provided config directory: /home/aditya/Desktop/my-nocobase-app
Please check the config directory.
for more information on using 'graphql-config' with 'graphql-language-service-server', 
see the documentation at https://www.npmjs.com/package/graphql-language-service-server#user-content-graphql-configuration-file
[Error - 12:18:18 PM] WARNING: graphql-config error, only highlighting is enabled:
GraphQL Config file is not available in the provided config directory: /home/aditya/Desktop/my-nocobase-app
Please check the config directory.
for more information on using 'graphql-config' with 'graphql-language-service-server', 
see the documentation at https://www.npmjs.com/package/graphql-language-service-server#user-content-graphql-configuration-file
[Error - 12:18:18 PM] WARNING: graphql-config error, only highlighting is enabled:
GraphQL Config file is not available in the provided config directory: /home/aditya/Desktop/my-nocobase-app
Please check the config directory.
for more information on using 'graphql-config' with 'graphql-language-service-server', 
see the documentation at https://www.npmjs.com/package/graphql-language-service-server#user-content-graphql-configuration-file
[Error - 12:18:18 PM] WARNING: graphql-config error, only highlighting is enabled:
GraphQL Config file is not available in the provided config directory: /home/aditya/Desktop/my-nocobase-app
Please check the config directory.
for more information on using 'graphql-config' with 'graphql-language-service-server', 
see the documentation at https://www.npmjs.com/package/graphql-language-service-server#user-content-graphql-configuration-file
[Error - 12:18:18 PM] WARNING: graphql-config error, only highlighting is enabled:
GraphQL Config file is not available in the provided config directory: /home/aditya/Desktop/my-nocobase-app
Please check the config directory.
for more information on using 'graphql-config' with 'graphql-language-service-server', 
see the documentation at https://www.npmjs.com/package/graphql-language-service-server#user-content-graphql-configuration-file
[Error - 12:18:18 PM] WARNING: graphql-config error, only highlighting is enabled:
GraphQL Config file is not available in the provided config directory: /home/aditya/Desktop/my-nocobase-app
Please check the config directory.
for more information on using 'graphql-config' with 'graphql-language-service-server', 
see the documentation at https://www.npmjs.com/package/graphql-language-service-server#user-content-graphql-configuration-file
[Error - 12:18:18 PM] WARNING: graphql-config error, only highlighting is enabled:
GraphQL Config file is not available in the provided config directory: /home/aditya/Desktop/my-nocobase-app
Please check the config directory.
for more information on using 'graphql-config' with 'graphql-language-service-server', 
see the documentation at https://www.npmjs.com/package/graphql-language-service-server#user-content-graphql-configuration-file
[Error - 12:27:15 PM] Notification handler 'textDocument/didClose' failed with message: Cannot read properties of undefined (reading '_isInitialized')
[Info  - 12:31:20 PM] The graphql server has stopped running
