2025-02-02 17:51:27.916 [info] Deleted uninstalled extension from disk blackboxapp.blackboxagent /home/aditya/.vscode/extensions/blackboxapp.blackboxagent-2.8.42
2025-02-02 17:51:36.621 [info] Getting Manifest... blackboxapp.blackbox
2025-02-02 17:51:36.625 [info] Getting Manifest... ms-vscode.vscode-typescript-next
2025-02-02 17:51:36.631 [info] Getting Manifest... wallabyjs.console-ninja
2025-02-02 17:51:36.635 [info] Getting Manifest... zhuangtongfa.material-theme
2025-02-02 17:51:37.146 [info] Installing extension: ms-vscode.vscode-typescript-next {"productVersion":{"version":"1.96.4","date":"2025-01-16T00:16:19.038Z"},"pinned":false,"operation":3,"isApplicationScoped":false,"profileLocation":{"$mid":1,"external":"vscode-userdata:/home/aditya/.vscode/extensions/extensions.json","path":"/home/aditya/.vscode/extensions/extensions.json","scheme":"vscode-userdata"},"installOnlyNewlyAddedFromExtensionPack":true}
2025-02-02 17:51:37.235 [info] Installing extension: blackboxapp.blackbox {"productVersion":{"version":"1.96.4","date":"2025-01-16T00:16:19.038Z"},"pinned":false,"operation":3,"isApplicationScoped":false,"profileLocation":{"$mid":1,"external":"vscode-userdata:/home/aditya/.vscode/extensions/extensions.json","path":"/home/aditya/.vscode/extensions/extensions.json","scheme":"vscode-userdata"},"installOnlyNewlyAddedFromExtensionPack":true}
2025-02-02 17:51:37.349 [info] Installing extension: wallabyjs.console-ninja {"productVersion":{"version":"1.96.4","date":"2025-01-16T00:16:19.038Z"},"pinned":false,"operation":3,"isApplicationScoped":false,"profileLocation":{"$mid":1,"external":"vscode-userdata:/home/aditya/.vscode/extensions/extensions.json","path":"/home/aditya/.vscode/extensions/extensions.json","scheme":"vscode-userdata"},"installOnlyNewlyAddedFromExtensionPack":true}
2025-02-02 17:51:37.416 [info] Installing extension: zhuangtongfa.material-theme {"productVersion":{"version":"1.96.4","date":"2025-01-16T00:16:19.038Z"},"pinned":false,"operation":3,"isApplicationScoped":false,"profileLocation":{"$mid":1,"external":"vscode-userdata:/home/aditya/.vscode/extensions/extensions.json","path":"/home/aditya/.vscode/extensions/extensions.json","scheme":"vscode-userdata"},"installOnlyNewlyAddedFromExtensionPack":true}
2025-02-02 17:51:45.961 [info] Extension signature verification result for zhuangtongfa.material-theme: UnknownError. Executed: true. Duration: 35ms.
2025-02-02 17:51:46.330 [info] Extracted extension to file:///home/aditya/.vscode/extensions/zhuangtongfa.material-theme-3.18.0: zhuangtongfa.material-theme
2025-02-02 17:51:46.378 [info] Renamed to /home/aditya/.vscode/extensions/zhuangtongfa.material-theme-3.18.0
2025-02-02 17:51:46.467 [info] Marked extension as uninstalled zhuangtongfa.material-theme-3.17.7
2025-02-02 17:51:46.583 [error] [uncaught exception in sharedProcess]: Error: ENOENT: no such file or directory, stat '/home/aditya/.vscode/extensions/extensions.json.vsctmp': EntryNotFound (FileSystemError): Error: ENOENT: no such file or directory, stat '/home/aditya/.vscode/extensions/extensions.json.vsctmp'
    at Gm.create (file:///opt/visual-studio-code/resources/app/out/vs/code/electron-utility/sharedProcess/sharedProcessMain.js:35:39624)
    at xs (file:///opt/visual-studio-code/resources/app/out/vs/code/electron-utility/sharedProcess/sharedProcessMain.js:35:39731)
    at Vr.ib (file:///opt/visual-studio-code/resources/app/out/vs/code/electron-utility/sharedProcess/sharedProcessMain.js:78:22778)
    at Vr.stat (file:///opt/visual-studio-code/resources/app/out/vs/code/electron-utility/sharedProcess/sharedProcessMain.js:78:16010)
    at async wh.stat (file:///opt/visual-studio-code/resources/app/out/vs/code/electron-utility/sharedProcess/sharedProcessMain.js:77:85488)
    at async fh.Ab (file:///opt/visual-studio-code/resources/app/out/vs/code/electron-utility/sharedProcess/sharedProcessMain.js:77:67180)
2025-02-02 17:51:46.644 [info] Extension installed successfully: zhuangtongfa.material-theme vscode-userdata:/home/aditya/.vscode/extensions/extensions.json
2025-02-02 17:52:15.719 [info] Extension signature verification result for ms-vscode.vscode-typescript-next: UnknownError. Executed: true. Duration: 27ms.
2025-02-02 17:52:17.187 [info] Extracted extension to file:///home/aditya/.vscode/extensions/ms-vscode.vscode-typescript-next-5.8.20250201: ms-vscode.vscode-typescript-next
2025-02-02 17:52:17.218 [info] Renamed to /home/aditya/.vscode/extensions/ms-vscode.vscode-typescript-next-5.8.20250201
2025-02-02 17:52:17.279 [info] Marked extension as uninstalled ms-vscode.vscode-typescript-next-5.8.20250131
2025-02-02 17:52:17.377 [error] [uncaught exception in sharedProcess]: Error: ENOENT: no such file or directory, stat '/home/aditya/.vscode/extensions/extensions.json.vsctmp': EntryNotFound (FileSystemError): Error: ENOENT: no such file or directory, stat '/home/aditya/.vscode/extensions/extensions.json.vsctmp'
    at Gm.create (file:///opt/visual-studio-code/resources/app/out/vs/code/electron-utility/sharedProcess/sharedProcessMain.js:35:39624)
    at xs (file:///opt/visual-studio-code/resources/app/out/vs/code/electron-utility/sharedProcess/sharedProcessMain.js:35:39731)
    at Vr.ib (file:///opt/visual-studio-code/resources/app/out/vs/code/electron-utility/sharedProcess/sharedProcessMain.js:78:22778)
    at Vr.stat (file:///opt/visual-studio-code/resources/app/out/vs/code/electron-utility/sharedProcess/sharedProcessMain.js:78:16010)
    at async wh.stat (file:///opt/visual-studio-code/resources/app/out/vs/code/electron-utility/sharedProcess/sharedProcessMain.js:77:85488)
    at async fh.Ab (file:///opt/visual-studio-code/resources/app/out/vs/code/electron-utility/sharedProcess/sharedProcessMain.js:77:67180)
2025-02-02 17:52:17.485 [info] Extension installed successfully: ms-vscode.vscode-typescript-next vscode-userdata:/home/aditya/.vscode/extensions/extensions.json
2025-02-02 17:52:37.173 [info] Extension signature verification result for wallabyjs.console-ninja: UnknownError. Executed: true. Duration: 21ms.
2025-02-02 17:52:40.317 [info] Extracted extension to file:///home/aditya/.vscode/extensions/wallabyjs.console-ninja-1.0.385: wallabyjs.console-ninja
2025-02-02 17:52:40.394 [info] Renamed to /home/aditya/.vscode/extensions/wallabyjs.console-ninja-1.0.385
2025-02-02 17:52:40.452 [info] Marked extension as uninstalled wallabyjs.console-ninja-1.0.384
2025-02-02 17:52:40.543 [error] [uncaught exception in sharedProcess]: Error: ENOENT: no such file or directory, stat '/home/aditya/.vscode/extensions/extensions.json.vsctmp': EntryNotFound (FileSystemError): Error: ENOENT: no such file or directory, stat '/home/aditya/.vscode/extensions/extensions.json.vsctmp'
    at Gm.create (file:///opt/visual-studio-code/resources/app/out/vs/code/electron-utility/sharedProcess/sharedProcessMain.js:35:39624)
    at xs (file:///opt/visual-studio-code/resources/app/out/vs/code/electron-utility/sharedProcess/sharedProcessMain.js:35:39731)
    at Vr.ib (file:///opt/visual-studio-code/resources/app/out/vs/code/electron-utility/sharedProcess/sharedProcessMain.js:78:22778)
    at Vr.stat (file:///opt/visual-studio-code/resources/app/out/vs/code/electron-utility/sharedProcess/sharedProcessMain.js:78:16010)
    at async wh.stat (file:///opt/visual-studio-code/resources/app/out/vs/code/electron-utility/sharedProcess/sharedProcessMain.js:77:85488)
    at async fh.Ab (file:///opt/visual-studio-code/resources/app/out/vs/code/electron-utility/sharedProcess/sharedProcessMain.js:77:67180)
2025-02-02 17:52:40.628 [info] Extension installed successfully: wallabyjs.console-ninja vscode-userdata:/home/aditya/.vscode/extensions/extensions.json
2025-02-02 17:53:04.302 [info] Extension signature verification result for blackboxapp.blackbox: UnknownError. Executed: true. Duration: 21ms.
2025-02-02 17:53:26.976 [info] Extracted extension to file:///home/aditya/.vscode/extensions/blackboxapp.blackbox-2.8.27: blackboxapp.blackbox
2025-02-02 17:53:28.709 [info] Renamed to /home/aditya/.vscode/extensions/blackboxapp.blackbox-2.8.27
2025-02-02 17:53:28.765 [info] Marked extension as uninstalled blackboxapp.blackbox-2.8.26
2025-02-02 17:53:28.852 [error] [uncaught exception in sharedProcess]: Error: ENOENT: no such file or directory, stat '/home/aditya/.vscode/extensions/extensions.json.vsctmp': EntryNotFound (FileSystemError): Error: ENOENT: no such file or directory, stat '/home/aditya/.vscode/extensions/extensions.json.vsctmp'
    at Gm.create (file:///opt/visual-studio-code/resources/app/out/vs/code/electron-utility/sharedProcess/sharedProcessMain.js:35:39624)
    at xs (file:///opt/visual-studio-code/resources/app/out/vs/code/electron-utility/sharedProcess/sharedProcessMain.js:35:39731)
    at Vr.ib (file:///opt/visual-studio-code/resources/app/out/vs/code/electron-utility/sharedProcess/sharedProcessMain.js:78:22778)
    at Vr.stat (file:///opt/visual-studio-code/resources/app/out/vs/code/electron-utility/sharedProcess/sharedProcessMain.js:78:16010)
    at async wh.stat (file:///opt/visual-studio-code/resources/app/out/vs/code/electron-utility/sharedProcess/sharedProcessMain.js:77:85488)
    at async fh.Ab (file:///opt/visual-studio-code/resources/app/out/vs/code/electron-utility/sharedProcess/sharedProcessMain.js:77:67180)
2025-02-02 17:53:28.944 [info] Extension installed successfully: blackboxapp.blackbox vscode-userdata:/home/aditya/.vscode/extensions/extensions.json
