2025-02-01 19:04:18.466 [info] Using settings sync service https://vscode-sync.trafficmanager.net/
2025-02-01 19:04:18.466 [info] Auto Sync is enabled.
2025-02-01 19:04:18.467 [info] Auto Sync: Suspended until auth token is available.
2025-02-01 19:04:29.941 [info] Auto Sync: Triggered by Interval
2025-02-01 19:04:29.946 [info] Sync started.
2025-02-01 19:04:31.495 [info] Settings: No changes found during synchronizing settings.
2025-02-01 19:04:31.592 [info] Keybindings: No changes found during synchronizing keybindings.
2025-02-01 19:04:31.614 [info] Snippets: No changes found during synchronizing snippets.
2025-02-01 19:04:31.627 [info] Tasks: No changes found during synchronizing tasks.
2025-02-01 19:04:31.678 [info] GlobalState: No changes found during synchronizing ui state.
2025-02-01 19:04:31.980 [info] Extensions: No changes found during synchronizing extensions.
2025-02-01 19:04:31.993 [info] Profiles: No changes found during synchronizing profiles.
2025-02-01 19:04:32.001 [info] Sync done. Took 2064ms
2025-02-01 19:05:14.554 [info] Auto Sync: Triggered by Activity
2025-02-01 19:05:14.555 [info] Sync started.
2025-02-01 19:05:14.919 [info] Settings: No changes found during synchronizing settings.
2025-02-01 19:05:14.932 [info] Keybindings: No changes found during synchronizing keybindings.
2025-02-01 19:05:14.959 [info] Snippets: No changes found during synchronizing snippets.
2025-02-01 19:05:14.969 [info] Tasks: No changes found during synchronizing tasks.
2025-02-01 19:05:14.989 [info] GlobalState: No changes found during synchronizing ui state.
2025-02-01 19:05:15.329 [info] Extensions: No changes found during synchronizing extensions.
2025-02-01 19:05:15.334 [info] Profiles: No changes found during synchronizing profiles.
2025-02-01 19:05:15.339 [info] Sync done. Took 790ms
2025-02-01 19:06:15.180 [info] Auto Sync: Triggered by Activity
2025-02-01 19:06:15.181 [info] Sync started.
2025-02-01 19:06:15.272 [info] Settings: No changes found during synchronizing settings.
2025-02-01 19:06:15.286 [info] Keybindings: No changes found during synchronizing keybindings.
2025-02-01 19:06:15.299 [info] Snippets: No changes found during synchronizing snippets.
2025-02-01 19:06:15.312 [info] Tasks: No changes found during synchronizing tasks.
2025-02-01 19:06:15.330 [info] GlobalState: No changes found during synchronizing ui state.
2025-02-01 19:06:15.637 [info] Extensions: No changes found during synchronizing extensions.
2025-02-01 19:06:15.642 [info] Profiles: No changes found during synchronizing profiles.
2025-02-01 19:06:15.647 [info] Sync done. Took 468ms
2025-02-01 19:06:41.956 [info] Auto Sync: Triggered by Activity
2025-02-01 19:06:41.957 [info] Sync started.
2025-02-01 19:06:42.057 [info] Settings: No changes found during synchronizing settings.
2025-02-01 19:06:42.067 [info] Keybindings: No changes found during synchronizing keybindings.
2025-02-01 19:06:42.081 [info] Snippets: No changes found during synchronizing snippets.
2025-02-01 19:06:42.091 [info] Tasks: No changes found during synchronizing tasks.
2025-02-01 19:06:42.110 [info] GlobalState: No changes found during synchronizing ui state.
2025-02-01 19:06:42.448 [info] Extensions: No changes found during synchronizing extensions.
2025-02-01 19:06:42.452 [info] Profiles: No changes found during synchronizing profiles.
2025-02-01 19:06:42.456 [info] Sync done. Took 503ms
2025-02-01 19:07:22.824 [info] Auto Sync: Triggered by Activity
2025-02-01 19:07:22.825 [info] Sync started.
2025-02-01 19:07:22.927 [info] Settings: No changes found during synchronizing settings.
2025-02-01 19:07:22.938 [info] Keybindings: No changes found during synchronizing keybindings.
2025-02-01 19:07:22.951 [info] Snippets: No changes found during synchronizing snippets.
2025-02-01 19:07:22.959 [info] Tasks: No changes found during synchronizing tasks.
2025-02-01 19:07:22.976 [info] GlobalState: No changes found during synchronizing ui state.
2025-02-01 19:07:23.341 [info] Extensions: No changes found during synchronizing extensions.
2025-02-01 19:07:23.344 [info] Profiles: No changes found during synchronizing profiles.
2025-02-01 19:07:23.349 [info] Sync done. Took 526ms
2025-02-01 19:08:38.551 [info] Auto Sync: Triggered by Activity
2025-02-01 19:08:38.552 [info] Sync started.
2025-02-01 19:08:38.665 [info] Settings: No changes found during synchronizing settings.
2025-02-01 19:08:38.679 [info] Keybindings: No changes found during synchronizing keybindings.
2025-02-01 19:08:38.711 [info] Snippets: No changes found during synchronizing snippets.
2025-02-01 19:08:38.727 [info] Tasks: No changes found during synchronizing tasks.
2025-02-01 19:08:38.745 [info] GlobalState: No changes found during synchronizing ui state.
2025-02-01 19:08:39.144 [info] Extensions: No changes found during synchronizing extensions.
2025-02-01 19:08:39.148 [info] Profiles: No changes found during synchronizing profiles.
2025-02-01 19:08:39.152 [info] Sync done. Took 602ms
2025-02-01 19:13:39.156 [info] Auto Sync: Triggered by Interval
2025-02-01 19:13:39.157 [info] Sync started.
2025-02-01 19:13:39.513 [info] Settings: No changes found during synchronizing settings.
2025-02-01 19:13:39.524 [info] Keybindings: No changes found during synchronizing keybindings.
2025-02-01 19:13:39.540 [info] Snippets: No changes found during synchronizing snippets.
2025-02-01 19:13:39.550 [info] Tasks: No changes found during synchronizing tasks.
2025-02-01 19:13:39.565 [info] GlobalState: No changes found during synchronizing ui state.
2025-02-01 19:13:39.972 [info] Extensions: No changes found during synchronizing extensions.
2025-02-01 19:13:39.976 [info] Profiles: No changes found during synchronizing profiles.
2025-02-01 19:13:39.984 [info] Sync done. Took 827ms
2025-02-01 19:14:56.350 [info] Auto Sync: Triggered by Activity
2025-02-01 19:14:56.351 [info] Sync started.
2025-02-01 19:14:56.449 [info] Settings: No changes found during synchronizing settings.
2025-02-01 19:14:56.458 [info] Keybindings: No changes found during synchronizing keybindings.
2025-02-01 19:14:56.472 [info] Snippets: No changes found during synchronizing snippets.
2025-02-01 19:14:56.482 [info] Tasks: No changes found during synchronizing tasks.
2025-02-01 19:14:56.495 [info] GlobalState: No changes found during synchronizing ui state.
2025-02-01 19:14:56.783 [info] Extensions: No changes found during synchronizing extensions.
2025-02-01 19:14:56.786 [info] Profiles: No changes found during synchronizing profiles.
2025-02-01 19:14:56.790 [info] Sync done. Took 443ms
2025-02-01 19:15:31.969 [info] Auto Sync: Triggered by Activity
2025-02-01 19:15:31.970 [info] Sync started.
2025-02-01 19:15:32.299 [info] Settings: No changes found during synchronizing settings.
2025-02-01 19:15:32.309 [info] Keybindings: No changes found during synchronizing keybindings.
2025-02-01 19:15:32.323 [info] Snippets: No changes found during synchronizing snippets.
2025-02-01 19:15:32.334 [info] Tasks: No changes found during synchronizing tasks.
2025-02-01 19:15:32.352 [info] GlobalState: No changes found during synchronizing ui state.
2025-02-01 19:15:32.663 [info] Extensions: No changes found during synchronizing extensions.
2025-02-01 19:15:32.671 [info] Profiles: No changes found during synchronizing profiles.
2025-02-01 19:15:32.675 [info] Sync done. Took 708ms
2025-02-01 19:16:29.614 [info] Auto Sync: Triggered by Activity
2025-02-01 19:16:29.615 [info] Sync started.
2025-02-01 19:16:29.889 [info] Settings: No changes found during synchronizing settings.
2025-02-01 19:16:29.899 [info] Keybindings: No changes found during synchronizing keybindings.
2025-02-01 19:16:29.914 [info] Snippets: No changes found during synchronizing snippets.
2025-02-01 19:16:29.921 [info] Tasks: No changes found during synchronizing tasks.
2025-02-01 19:16:29.937 [info] GlobalState: No changes found during synchronizing ui state.
2025-02-01 19:16:30.307 [info] Extensions: No changes found during synchronizing extensions.
2025-02-01 19:16:30.315 [info] Profiles: No changes found during synchronizing profiles.
2025-02-01 19:16:30.320 [info] Sync done. Took 709ms
2025-02-01 19:16:54.448 [info] Auto Sync: Triggered by Activity
2025-02-01 19:16:54.449 [info] Sync started.
2025-02-01 19:16:54.574 [info] Settings: No changes found during synchronizing settings.
2025-02-01 19:16:54.592 [info] Keybindings: No changes found during synchronizing keybindings.
2025-02-01 19:16:54.613 [info] Snippets: No changes found during synchronizing snippets.
2025-02-01 19:16:54.627 [info] Tasks: No changes found during synchronizing tasks.
2025-02-01 19:16:54.644 [info] GlobalState: No changes found during synchronizing ui state.
2025-02-01 19:16:55.004 [info] Extensions: No changes found during synchronizing extensions.
2025-02-01 19:16:55.008 [info] Profiles: No changes found during synchronizing profiles.
2025-02-01 19:16:55.015 [info] Sync done. Took 569ms
2025-02-01 19:17:52.376 [info] Auto Sync: Triggered by Activity
2025-02-01 19:17:52.376 [info] Sync started.
2025-02-01 19:17:52.523 [info] Settings: No changes found during synchronizing settings.
2025-02-01 19:17:52.535 [info] Keybindings: No changes found during synchronizing keybindings.
2025-02-01 19:17:52.549 [info] Snippets: No changes found during synchronizing snippets.
2025-02-01 19:17:52.561 [info] Tasks: No changes found during synchronizing tasks.
2025-02-01 19:17:52.581 [info] GlobalState: No changes found during synchronizing ui state.
2025-02-01 19:17:52.990 [info] Extensions: No changes found during synchronizing extensions.
2025-02-01 19:17:52.991 [info] Profiles: No changes found during synchronizing profiles.
2025-02-01 19:17:52.992 [info] Sync done. Took 601ms
2025-02-01 19:18:16.325 [info] Auto Sync: Triggered by Activity
2025-02-01 19:18:16.326 [info] Sync started.
2025-02-01 19:18:16.489 [info] Settings: No changes found during synchronizing settings.
2025-02-01 19:18:16.503 [info] Keybindings: No changes found during synchronizing keybindings.
2025-02-01 19:18:16.523 [info] Snippets: No changes found during synchronizing snippets.
2025-02-01 19:18:16.536 [info] Tasks: No changes found during synchronizing tasks.
2025-02-01 19:18:16.559 [info] GlobalState: No changes found during synchronizing ui state.
2025-02-01 19:18:16.962 [info] Extensions: No changes found during synchronizing extensions.
2025-02-01 19:18:16.967 [info] Profiles: No changes found during synchronizing profiles.
2025-02-01 19:18:16.972 [info] Sync done. Took 649ms
2025-02-01 19:18:46.933 [info] Auto Sync: Triggered by Activity
2025-02-01 19:18:46.934 [info] Sync started.
2025-02-01 19:18:47.372 [info] Settings: No changes found during synchronizing settings.
2025-02-01 19:18:47.382 [info] Keybindings: No changes found during synchronizing keybindings.
2025-02-01 19:18:47.401 [info] Snippets: No changes found during synchronizing snippets.
2025-02-01 19:18:47.418 [info] Tasks: No changes found during synchronizing tasks.
2025-02-01 19:18:47.436 [info] GlobalState: No changes found during synchronizing ui state.
2025-02-01 19:18:47.816 [info] Extensions: No changes found during synchronizing extensions.
2025-02-01 19:18:47.820 [info] Profiles: No changes found during synchronizing profiles.
2025-02-01 19:18:47.824 [info] Sync done. Took 894ms
2025-02-01 19:19:06.958 [info] Auto Sync: Triggered by Activity
2025-02-01 19:19:06.958 [info] Sync started.
2025-02-01 19:19:07.077 [info] Settings: No changes found during synchronizing settings.
2025-02-01 19:19:07.087 [info] Keybindings: No changes found during synchronizing keybindings.
2025-02-01 19:19:07.099 [info] Snippets: No changes found during synchronizing snippets.
2025-02-01 19:19:07.108 [info] Tasks: No changes found during synchronizing tasks.
2025-02-01 19:19:07.121 [info] GlobalState: No changes found during synchronizing ui state.
2025-02-01 19:19:07.514 [info] Extensions: No changes found during synchronizing extensions.
2025-02-01 19:19:07.519 [info] Profiles: No changes found during synchronizing profiles.
2025-02-01 19:19:07.523 [info] Sync done. Took 567ms
