2025-01-31 00:03:04.912 [info] Reading sessions from keychain...
2025-01-31 00:03:04.912 [info] Getting sessions for all scopes...
2025-01-31 00:03:04.912 [info] Getting sessions for all scopes...
2025-01-31 00:03:04.912 [info] Getting sessions for all scopes...
2025-01-31 00:03:04.912 [info] Getting sessions for user:email...
2025-01-31 00:03:04.912 [info] Getting sessions for all scopes...
2025-01-31 00:03:04.912 [info] Getting sessions for all scopes...
2025-01-31 00:03:04.912 [info] Getting sessions for all scopes...
2025-01-31 00:03:04.912 [info] Getting sessions for all scopes...
2025-01-31 00:03:04.912 [info] Getting sessions for all scopes...
2025-01-31 00:03:04.912 [info] Got stored sessions!
2025-01-31 00:03:04.912 [info] Got 3 verified sessions.
2025-01-31 00:03:04.912 [info] Got 3 sessions for ...
2025-01-31 00:03:04.912 [info] Got 3 sessions for ...
2025-01-31 00:03:04.912 [info] Got 3 sessions for ...
2025-01-31 00:03:04.912 [info] Got 1 sessions for user:email...
2025-01-31 00:03:04.912 [info] Got 3 sessions for ...
2025-01-31 00:03:04.912 [info] Got 3 sessions for ...
2025-01-31 00:03:04.912 [info] Got 3 sessions for ...
2025-01-31 00:03:04.912 [info] Got 3 sessions for ...
2025-01-31 00:03:04.912 [info] Got 3 sessions for ...
2025-01-31 00:03:04.912 [info] Getting sessions for all scopes...
2025-01-31 00:03:04.912 [info] Got 3 sessions for ...
2025-01-31 00:03:05.432 [info] Getting sessions for read:user,repo,user:email,workflow...
2025-01-31 00:03:05.432 [info] Got 1 sessions for read:user,repo,user:email,workflow...
2025-01-31 00:03:09.669 [info] Getting sessions for read:user,repo,user:email,workflow...
2025-01-31 00:03:09.669 [info] Got 1 sessions for read:user,repo,user:email,workflow...
2025-01-31 00:03:09.670 [info] Getting sessions for all scopes...
2025-01-31 00:03:09.670 [info] Got 3 sessions for ...
2025-01-31 00:03:09.670 [info] Getting sessions for all scopes...
2025-01-31 00:03:09.670 [info] Got 3 sessions for ...
2025-01-31 00:03:09.733 [info] Getting sessions for read:user,repo,user:email,workflow...
2025-01-31 00:03:09.733 [info] Got 1 sessions for read:user,repo,user:email,workflow...
2025-01-31 00:03:11.013 [info] Getting sessions for all scopes...
2025-01-31 00:03:11.013 [info] Got 3 sessions for ...
2025-01-31 00:03:11.065 [info] Getting sessions for read:user,repo,user:email,workflow...
2025-01-31 00:03:11.065 [info] Got 1 sessions for read:user,repo,user:email,workflow...
2025-01-31 00:03:11.075 [info] Getting sessions for all scopes...
2025-01-31 00:03:11.075 [info] Got 3 sessions for ...
2025-01-31 00:03:11.091 [info] Getting sessions for read:user,repo,user:email,workflow...
2025-01-31 00:03:11.091 [info] Got 1 sessions for read:user,repo,user:email,workflow...
2025-01-31 00:03:12.586 [info] Getting sessions for read:user,repo,user:email,workflow...
2025-01-31 00:03:12.586 [info] Got 1 sessions for read:user,repo,user:email,workflow...
2025-01-31 00:03:13.788 [info] Getting sessions for all scopes...
2025-01-31 00:03:13.788 [info] Got 3 sessions for ...
2025-01-31 00:03:13.823 [info] Getting sessions for read:user,repo,user:email,workflow...
2025-01-31 00:03:13.823 [info] Got 1 sessions for read:user,repo,user:email,workflow...
2025-01-31 00:03:13.864 [info] Getting sessions for all scopes...
2025-01-31 00:03:13.864 [info] Got 3 sessions for ...
2025-01-31 00:03:13.874 [info] Getting sessions for all scopes...
2025-01-31 00:03:13.874 [info] Got 3 sessions for ...
2025-01-31 00:03:13.875 [info] Getting sessions for read:user,repo,user:email,workflow...
2025-01-31 00:03:13.876 [info] Got 1 sessions for read:user,repo,user:email,workflow...
2025-01-31 00:03:13.901 [info] Getting sessions for all scopes...
2025-01-31 00:03:13.901 [info] Got 3 sessions for ...
2025-01-31 00:03:13.903 [info] Getting sessions for read:user,repo,user:email,workflow...
2025-01-31 00:03:13.903 [info] Got 1 sessions for read:user,repo,user:email,workflow...
2025-01-31 00:03:13.958 [info] Getting sessions for all scopes...
2025-01-31 00:03:13.958 [info] Got 3 sessions for ...
2025-01-31 00:03:13.963 [info] Getting sessions for read:user,repo,user:email,workflow...
2025-01-31 00:03:13.963 [info] Got 1 sessions for read:user,repo,user:email,workflow...
2025-01-31 00:03:16.235 [info] Getting sessions for all scopes...
2025-01-31 00:03:16.235 [info] Got 3 sessions for ...
2025-01-31 00:03:16.237 [info] Getting sessions for read:user,repo,user:email,workflow...
2025-01-31 00:03:16.237 [info] Got 1 sessions for read:user,repo,user:email,workflow...
2025-01-31 00:03:17.565 [info] Getting sessions for read:user,repo,user:email,workflow...
2025-01-31 00:03:17.565 [info] Got 1 sessions for read:user,repo,user:email,workflow...
2025-01-31 00:03:18.458 [info] Getting sessions for read:user,repo,user:email,workflow...
2025-01-31 00:03:18.458 [info] Got 1 sessions for read:user,repo,user:email,workflow...
2025-01-31 00:03:34.570 [info] Reading sessions from keychain...
2025-01-31 00:03:34.570 [info] Getting sessions for all scopes...
2025-01-31 00:03:34.570 [info] Getting sessions for all scopes...
2025-01-31 00:03:34.570 [info] Getting sessions for all scopes...
2025-01-31 00:03:34.570 [info] Getting sessions for all scopes...
2025-01-31 00:03:34.570 [info] Getting sessions for all scopes...
2025-01-31 00:03:34.570 [info] Getting sessions for all scopes...
2025-01-31 00:03:34.570 [info] Getting sessions for all scopes...
2025-01-31 00:03:34.570 [info] Got stored sessions!
2025-01-31 00:03:34.570 [info] Got 3 verified sessions.
2025-01-31 00:03:34.570 [info] Got 3 sessions for ...
2025-01-31 00:03:34.570 [info] Got 3 sessions for ...
2025-01-31 00:03:34.570 [info] Got 3 sessions for ...
2025-01-31 00:03:34.570 [info] Got 3 sessions for ...
2025-01-31 00:03:34.570 [info] Got 3 sessions for ...
2025-01-31 00:03:34.570 [info] Got 3 sessions for ...
2025-01-31 00:03:34.570 [info] Got 3 sessions for ...
2025-01-31 00:03:34.570 [info] Getting sessions for all scopes...
2025-01-31 00:03:34.570 [info] Got 3 sessions for ...
2025-01-31 00:03:34.651 [info] Getting sessions for user:email...
2025-01-31 00:03:34.651 [info] Got 1 sessions for user:email...
2025-01-31 00:03:35.841 [info] Getting sessions for all scopes...
2025-01-31 00:03:35.841 [info] Got 3 sessions for ...
2025-01-31 00:03:41.576 [info] Getting sessions for read:user,repo,user:email,workflow...
2025-01-31 00:03:41.576 [info] Got 1 sessions for read:user,repo,user:email,workflow...
2025-01-31 00:03:41.576 [info] Getting sessions for all scopes...
2025-01-31 00:03:41.576 [info] Got 3 sessions for ...
2025-01-31 00:03:41.576 [info] Getting sessions for all scopes...
2025-01-31 00:03:41.576 [info] Got 3 sessions for ...
2025-01-31 00:03:41.820 [info] Getting sessions for read:user,repo,user:email,workflow...
2025-01-31 00:03:41.820 [info] Got 1 sessions for read:user,repo,user:email,workflow...
2025-01-31 00:03:41.962 [info] Getting sessions for all scopes...
2025-01-31 00:03:41.962 [info] Got 3 sessions for ...
2025-01-31 00:03:43.358 [info] Getting sessions for read:user,repo,user:email,workflow...
2025-01-31 00:03:43.358 [info] Got 1 sessions for read:user,repo,user:email,workflow...
2025-01-31 00:03:43.359 [info] Getting sessions for all scopes...
2025-01-31 00:03:43.359 [info] Got 3 sessions for ...
2025-01-31 00:03:43.360 [info] Getting sessions for read:user,repo,user:email,workflow...
2025-01-31 00:03:43.360 [info] Got 1 sessions for read:user,repo,user:email,workflow...
2025-01-31 00:03:44.070 [info] Getting sessions for all scopes...
2025-01-31 00:03:44.070 [info] Got 3 sessions for ...
2025-01-31 00:03:44.084 [info] Getting sessions for read:user,repo,user:email,workflow...
2025-01-31 00:03:44.084 [info] Got 1 sessions for read:user,repo,user:email,workflow...
2025-01-31 00:03:45.247 [info] Getting sessions for read:user,repo,user:email,workflow...
2025-01-31 00:03:45.247 [info] Got 1 sessions for read:user,repo,user:email,workflow...
2025-01-31 00:03:46.690 [info] Getting sessions for all scopes...
2025-01-31 00:03:46.690 [info] Got 3 sessions for ...
2025-01-31 00:03:46.691 [info] Getting sessions for all scopes...
2025-01-31 00:03:46.691 [info] Got 3 sessions for ...
2025-01-31 00:03:46.704 [info] Getting sessions for read:user,repo,user:email,workflow...
2025-01-31 00:03:46.704 [info] Got 1 sessions for read:user,repo,user:email,workflow...
2025-01-31 00:03:46.706 [info] Getting sessions for all scopes...
2025-01-31 00:03:46.706 [info] Got 3 sessions for ...
2025-01-31 00:03:46.708 [info] Getting sessions for read:user,repo,user:email,workflow...
2025-01-31 00:03:46.708 [info] Got 1 sessions for read:user,repo,user:email,workflow...
2025-01-31 00:03:46.752 [info] Getting sessions for all scopes...
2025-01-31 00:03:46.752 [info] Got 3 sessions for ...
2025-01-31 00:03:46.758 [info] Getting sessions for read:user,repo,user:email,workflow...
2025-01-31 00:03:46.758 [info] Got 1 sessions for read:user,repo,user:email,workflow...
2025-01-31 00:03:49.641 [info] Getting sessions for all scopes...
2025-01-31 00:03:49.642 [info] Got 3 sessions for ...
2025-01-31 00:03:49.656 [info] Getting sessions for read:user,repo,user:email,workflow...
2025-01-31 00:03:49.656 [info] Got 1 sessions for read:user,repo,user:email,workflow...
2025-01-31 00:03:49.939 [info] Getting sessions for read:user,repo,user:email,workflow...
2025-01-31 00:03:49.939 [info] Got 1 sessions for read:user,repo,user:email,workflow...
2025-01-31 00:16:31.400 [info] Getting sessions for read:user,repo,user:email,workflow...
2025-01-31 00:16:31.400 [info] Got 1 sessions for read:user,repo,user:email,workflow...
2025-01-31 00:18:49.662 [info] Getting sessions for all scopes...
2025-01-31 00:18:49.662 [info] Got 3 sessions for ...
2025-01-31 00:18:49.669 [info] Getting sessions for read:user,repo,user:email,workflow...
2025-01-31 00:18:49.669 [info] Got 1 sessions for read:user,repo,user:email,workflow...
2025-01-31 00:18:49.676 [info] Getting sessions for all scopes...
2025-01-31 00:18:49.676 [info] Got 3 sessions for ...
2025-01-31 00:18:49.681 [info] Getting sessions for read:user,repo,user:email,workflow...
2025-01-31 00:18:49.681 [info] Got 1 sessions for read:user,repo,user:email,workflow...
2025-01-31 00:22:50.578 [info] Getting sessions for read:user,repo,user:email,workflow...
2025-01-31 00:22:50.578 [info] Got 1 sessions for read:user,repo,user:email,workflow...
2025-01-31 00:28:45.219 [info] Getting sessions for read:user,repo,user:email,workflow...
2025-01-31 00:28:45.220 [info] Got 1 sessions for read:user,repo,user:email,workflow...
2025-01-31 00:28:46.680 [info] Getting sessions for all scopes...
2025-01-31 00:28:46.680 [info] Got 3 sessions for ...
2025-01-31 00:28:46.685 [info] Getting sessions for read:user,repo,user:email,workflow...
2025-01-31 00:28:46.685 [info] Got 1 sessions for read:user,repo,user:email,workflow...
2025-01-31 00:28:47.701 [info] Getting sessions for all scopes...
2025-01-31 00:28:47.701 [info] Got 3 sessions for ...
2025-01-31 00:28:47.704 [info] Getting sessions for all scopes...
2025-01-31 00:28:47.704 [info] Got 3 sessions for ...
2025-01-31 00:28:47.711 [info] Getting sessions for read:user,repo,user:email,workflow...
2025-01-31 00:28:47.712 [info] Got 1 sessions for read:user,repo,user:email,workflow...
2025-01-31 00:28:47.720 [info] Getting sessions for all scopes...
2025-01-31 00:28:47.720 [info] Got 3 sessions for ...
2025-01-31 00:28:47.729 [info] Getting sessions for read:user,repo,user:email,workflow...
2025-01-31 00:28:47.729 [info] Got 1 sessions for read:user,repo,user:email,workflow...
2025-01-31 00:28:47.840 [info] Getting sessions for all scopes...
2025-01-31 00:28:47.840 [info] Got 3 sessions for ...
2025-01-31 00:28:47.849 [info] Getting sessions for read:user,repo,user:email,workflow...
2025-01-31 00:28:47.849 [info] Got 1 sessions for read:user,repo,user:email,workflow...
2025-01-31 00:28:55.954 [info] Getting sessions for read:user,repo,user:email,workflow...
2025-01-31 00:28:55.955 [info] Got 1 sessions for read:user,repo,user:email,workflow...
2025-01-31 00:43:47.946 [info] Getting sessions for all scopes...
2025-01-31 00:43:47.946 [info] Got 3 sessions for ...
2025-01-31 00:43:47.952 [info] Getting sessions for read:user,repo,user:email,workflow...
2025-01-31 00:43:47.952 [info] Got 1 sessions for read:user,repo,user:email,workflow...
2025-01-31 00:43:47.968 [info] Getting sessions for all scopes...
2025-01-31 00:43:47.968 [info] Got 3 sessions for ...
2025-01-31 00:43:47.984 [info] Getting sessions for read:user,repo,user:email,workflow...
2025-01-31 00:43:47.984 [info] Got 1 sessions for read:user,repo,user:email,workflow...
2025-01-31 00:53:45.777 [info] Getting sessions for read:user,repo,user:email,workflow...
2025-01-31 00:53:45.777 [info] Got 1 sessions for read:user,repo,user:email,workflow...
2025-01-31 00:53:47.679 [info] Getting sessions for all scopes...
2025-01-31 00:53:47.679 [info] Got 3 sessions for ...
2025-01-31 00:53:47.683 [info] Getting sessions for read:user,repo,user:email,workflow...
2025-01-31 00:53:47.683 [info] Got 1 sessions for read:user,repo,user:email,workflow...
2025-01-31 00:53:48.976 [info] Getting sessions for all scopes...
2025-01-31 00:53:48.976 [info] Got 3 sessions for ...
2025-01-31 00:53:48.977 [info] Getting sessions for all scopes...
2025-01-31 00:53:48.977 [info] Got 3 sessions for ...
2025-01-31 00:53:48.983 [info] Getting sessions for read:user,repo,user:email,workflow...
2025-01-31 00:53:48.983 [info] Got 1 sessions for read:user,repo,user:email,workflow...
2025-01-31 00:53:48.987 [info] Getting sessions for all scopes...
2025-01-31 00:53:48.987 [info] Got 3 sessions for ...
2025-01-31 00:53:48.992 [info] Getting sessions for read:user,repo,user:email,workflow...
2025-01-31 00:53:48.992 [info] Got 1 sessions for read:user,repo,user:email,workflow...
2025-01-31 00:53:49.029 [info] Getting sessions for all scopes...
2025-01-31 00:53:49.029 [info] Got 3 sessions for ...
2025-01-31 00:53:49.033 [info] Getting sessions for read:user,repo,user:email,workflow...
2025-01-31 00:53:49.033 [info] Got 1 sessions for read:user,repo,user:email,workflow...
2025-01-31 00:53:49.045 [info] Getting sessions for all scopes...
2025-01-31 00:53:49.045 [info] Got 3 sessions for ...
2025-01-31 00:53:49.049 [info] Getting sessions for read:user,repo,user:email,workflow...
2025-01-31 00:53:49.049 [info] Got 1 sessions for read:user,repo,user:email,workflow...
2025-01-31 01:02:57.697 [info] Getting sessions for read:user,repo,user:email,workflow...
2025-01-31 01:02:57.697 [info] Got 1 sessions for read:user,repo,user:email,workflow...
2025-01-31 01:08:50.092 [info] Getting sessions for all scopes...
2025-01-31 01:08:50.092 [info] Got 3 sessions for ...
2025-01-31 01:08:50.096 [info] Getting sessions for read:user,repo,user:email,workflow...
2025-01-31 01:08:50.096 [info] Got 1 sessions for read:user,repo,user:email,workflow...
2025-01-31 01:08:50.101 [info] Getting sessions for all scopes...
2025-01-31 01:08:50.101 [info] Got 3 sessions for ...
2025-01-31 01:08:50.109 [info] Getting sessions for read:user,repo,user:email,workflow...
2025-01-31 01:08:50.109 [info] Got 1 sessions for read:user,repo,user:email,workflow...
2025-01-31 01:18:46.698 [info] Getting sessions for read:user,repo,user:email,workflow...
2025-01-31 01:18:46.698 [info] Got 1 sessions for read:user,repo,user:email,workflow...
2025-01-31 01:18:48.976 [info] Getting sessions for all scopes...
2025-01-31 01:18:48.976 [info] Got 3 sessions for ...
2025-01-31 01:18:48.980 [info] Getting sessions for read:user,repo,user:email,workflow...
2025-01-31 01:18:48.980 [info] Got 1 sessions for read:user,repo,user:email,workflow...
2025-01-31 01:18:49.993 [info] Getting sessions for all scopes...
2025-01-31 01:18:49.993 [info] Got 3 sessions for ...
2025-01-31 01:18:49.998 [info] Getting sessions for all scopes...
2025-01-31 01:18:49.998 [info] Got 3 sessions for ...
2025-01-31 01:18:50.017 [info] Getting sessions for read:user,repo,user:email,workflow...
2025-01-31 01:18:50.018 [info] Got 1 sessions for read:user,repo,user:email,workflow...
2025-01-31 01:18:50.023 [info] Getting sessions for all scopes...
2025-01-31 01:18:50.023 [info] Got 3 sessions for ...
2025-01-31 01:18:50.027 [info] Getting sessions for read:user,repo,user:email,workflow...
2025-01-31 01:18:50.027 [info] Got 1 sessions for read:user,repo,user:email,workflow...
2025-01-31 01:18:50.057 [info] Getting sessions for all scopes...
2025-01-31 01:18:50.057 [info] Got 3 sessions for ...
2025-01-31 01:18:50.061 [info] Getting sessions for read:user,repo,user:email,workflow...
2025-01-31 01:18:50.061 [info] Got 1 sessions for read:user,repo,user:email,workflow...
2025-01-31 01:33:50.076 [info] Getting sessions for all scopes...
2025-01-31 01:33:50.076 [info] Got 3 sessions for ...
2025-01-31 01:33:50.081 [info] Getting sessions for read:user,repo,user:email,workflow...
2025-01-31 01:33:50.081 [info] Got 1 sessions for read:user,repo,user:email,workflow...
2025-01-31 01:33:50.087 [info] Getting sessions for all scopes...
2025-01-31 01:33:50.087 [info] Got 3 sessions for ...
2025-01-31 01:33:50.091 [info] Getting sessions for read:user,repo,user:email,workflow...
2025-01-31 01:33:50.091 [info] Got 1 sessions for read:user,repo,user:email,workflow...
2025-01-31 01:43:47.511 [info] Getting sessions for read:user,repo,user:email,workflow...
2025-01-31 01:43:47.512 [info] Got 1 sessions for read:user,repo,user:email,workflow...
2025-01-31 01:43:49.906 [info] Getting sessions for all scopes...
2025-01-31 01:43:49.906 [info] Got 3 sessions for ...
2025-01-31 01:43:49.911 [info] Getting sessions for read:user,repo,user:email,workflow...
2025-01-31 01:43:49.911 [info] Got 1 sessions for read:user,repo,user:email,workflow...
2025-01-31 01:43:50.804 [info] Getting sessions for all scopes...
2025-01-31 01:43:50.804 [info] Got 3 sessions for ...
2025-01-31 01:43:50.805 [info] Getting sessions for all scopes...
2025-01-31 01:43:50.805 [info] Got 3 sessions for ...
2025-01-31 01:43:50.809 [info] Getting sessions for read:user,repo,user:email,workflow...
2025-01-31 01:43:50.809 [info] Got 1 sessions for read:user,repo,user:email,workflow...
2025-01-31 01:43:50.814 [info] Getting sessions for all scopes...
2025-01-31 01:43:50.814 [info] Got 3 sessions for ...
2025-01-31 01:43:50.820 [info] Getting sessions for read:user,repo,user:email,workflow...
2025-01-31 01:43:50.820 [info] Got 1 sessions for read:user,repo,user:email,workflow...
2025-01-31 01:43:50.850 [info] Getting sessions for all scopes...
2025-01-31 01:43:50.850 [info] Got 3 sessions for ...
2025-01-31 01:43:50.854 [info] Getting sessions for read:user,repo,user:email,workflow...
2025-01-31 01:43:50.854 [info] Got 1 sessions for read:user,repo,user:email,workflow...
2025-01-31 01:58:50.870 [info] Getting sessions for all scopes...
2025-01-31 01:58:50.870 [info] Got 3 sessions for ...
2025-01-31 01:58:50.874 [info] Getting sessions for read:user,repo,user:email,workflow...
2025-01-31 01:58:50.874 [info] Got 1 sessions for read:user,repo,user:email,workflow...
2025-01-31 01:58:50.879 [info] Getting sessions for all scopes...
2025-01-31 01:58:50.879 [info] Got 3 sessions for ...
2025-01-31 01:58:50.883 [info] Getting sessions for read:user,repo,user:email,workflow...
2025-01-31 01:58:50.883 [info] Got 1 sessions for read:user,repo,user:email,workflow...
