2025-01-31 02:37:23.682 [info] [main] Log level: Info
2025-01-31 02:37:23.682 [info] [main] Validating found git in: "git"
2025-01-31 02:37:23.682 [info] [main] Using git "2.48.1" from "git"
2025-01-31 02:37:23.682 [info] [Model][doInitialScan] Initial repository scan started
2025-01-31 02:37:23.682 [info] > git rev-parse --show-toplevel [6ms]
2025-01-31 02:37:23.682 [info] > git rev-parse --git-dir --git-common-dir [5ms]
2025-01-31 02:37:23.682 [info] [Model][openRepository] Opened repository: /home/aditya/dotfiles
2025-01-31 02:37:23.707 [info] > git rev-parse --show-toplevel [9ms]
2025-01-31 02:37:23.707 [info] > git config --get commit.template [18ms]
2025-01-31 02:37:23.728 [info] > git rev-parse --show-toplevel [12ms]
2025-01-31 02:37:23.731 [info] [Model][doInitialScan] Initial repository scan completed - repositories (1), closed repositories (0), parent repositories (0), unsafe repositories (0)
2025-01-31 02:37:23.740 [info] > git for-each-ref --format=%(refname)%00%(upstream:short)%00%(objectname)%00%(upstream:track)%00%(upstream:remotename)%00%(upstream:remoteref) refs/heads/master refs/remotes/master [14ms]
2025-01-31 02:37:27.149 [info] > git check-ignore -v -z --stdin [916ms]
2025-01-31 02:37:27.150 [info] > git show --textconv :.config/waybar/config.jsonc [133ms]
2025-01-31 02:37:27.150 [info] > git status -z -uall [18ms]
2025-01-31 02:37:27.152 [info] > git ls-files --stage -- /home/aditya/dotfiles/.config/waybar/config.jsonc [124ms]
2025-01-31 02:37:27.189 [info] > git for-each-ref --sort -committerdate --format %(refname) %(objectname) %(*objectname) [45ms]
2025-01-31 02:37:27.242 [info] > git blame --root --incremental 71f5663938f145258f20e8f7efc10e2454d2430a -- /home/aditya/dotfiles/.config/waybar/config.jsonc [17ms]
2025-01-31 02:37:27.242 [info] fatal: no such path .config/waybar/config.jsonc in 71f5663938f145258f20e8f7efc10e2454d2430a
2025-01-31 02:37:27.243 [info] > git for-each-ref --format=%(refname)%00%(upstream:short)%00%(objectname)%00%(upstream:track)%00%(upstream:remotename)%00%(upstream:remoteref) refs/heads/master refs/remotes/master [32ms]
2025-01-31 02:37:27.296 [info] > git config --local branch.master.vscode-merge-base [44ms]
2025-01-31 02:37:27.296 [warning] [Git][config] git config failed: Failed to execute git
2025-01-31 02:37:27.305 [info] > git config --get commit.template [67ms]
2025-01-31 02:37:27.362 [info] > git reflog master --grep-reflog=branch: Created from *. [57ms]
2025-01-31 02:37:27.394 [info] > git symbolic-ref --short refs/remotes/origin/HEAD [22ms]
2025-01-31 02:37:27.394 [info] fatal: ref refs/remotes/origin/HEAD is not a symbolic ref
2025-01-31 02:37:27.394 [warning] [Repository][getDefaultBranch] Failed to get default branch details: Failed to execute git.
2025-01-31 02:37:27.446 [info] > git merge-base refs/heads/master refs/remotes/origin/master [40ms]
2025-01-31 02:37:27.457 [info] > git for-each-ref --format=%(refname)%00%(upstream:short)%00%(objectname)%00%(upstream:track)%00%(upstream:remotename)%00%(upstream:remoteref) refs/heads/master refs/remotes/master [68ms]
2025-01-31 02:37:27.501 [info] > git diff --name-status -z --diff-filter=ADMR 71f5663938f145258f20e8f7efc10e2454d2430a...refs/remotes/origin/master [44ms]
2025-01-31 02:37:28.902 [info] > git status -z -uall [24ms]
2025-01-31 02:37:28.903 [info] > git for-each-ref --sort -committerdate --format %(refname) %(objectname) %(*objectname) [15ms]
2025-01-31 02:37:28.945 [info] > git config --get commit.template [12ms]
2025-01-31 02:37:28.957 [info] > git for-each-ref --format=%(refname)%00%(upstream:short)%00%(objectname)%00%(upstream:track)%00%(upstream:remotename)%00%(upstream:remoteref) refs/heads/master refs/remotes/master [2ms]
2025-01-31 02:37:28.988 [info] > git status -z -uall [16ms]
2025-01-31 02:37:28.990 [info] > git for-each-ref --sort -committerdate --format %(refname) %(objectname) %(*objectname) [8ms]
2025-01-31 02:42:56.981 [info] > git config --get commit.template [4ms]
2025-01-31 02:42:57.031 [info] > git for-each-ref --format=%(refname)%00%(upstream:short)%00%(objectname)%00%(upstream:track)%00%(upstream:remotename)%00%(upstream:remoteref) refs/heads/master refs/remotes/master [4ms]
2025-01-31 02:42:57.131 [info] > git status -z -uall [53ms]
2025-01-31 02:42:57.136 [info] > git for-each-ref --sort -committerdate --format %(refname) %(objectname) %(*objectname) [10ms]
2025-01-31 02:43:06.323 [info] > git check-ignore -v -z --stdin [5ms]
2025-01-31 02:43:24.334 [info] > git config --get commit.template [9ms]
2025-01-31 02:43:24.416 [info] > git for-each-ref --format=%(refname)%00%(upstream:short)%00%(objectname)%00%(upstream:track)%00%(upstream:remotename)%00%(upstream:remoteref) refs/heads/master refs/remotes/master [12ms]
2025-01-31 02:43:24.549 [info] > git status -z -uall [70ms]
2025-01-31 02:43:24.549 [info] > git for-each-ref --sort -committerdate --format %(refname) %(objectname) %(*objectname) [11ms]
2025-01-31 02:43:49.780 [info] > git check-ignore -v -z --stdin [5ms]
2025-01-31 02:44:03.448 [info] > git for-each-ref --format=%(refname)%00%(upstream:short)%00%(objectname)%00%(upstream:track)%00%(upstream:remotename)%00%(upstream:remoteref) refs/heads/master refs/remotes/master [9ms]
2025-01-31 02:44:03.449 [info] > git config --get commit.template [53ms]
2025-01-31 02:44:03.545 [info] > git status -z -uall [46ms]
2025-01-31 02:44:03.594 [info] > git for-each-ref --sort -committerdate --format %(refname) %(objectname) %(*objectname) [52ms]
2025-01-31 02:44:03.615 [info] > git ls-files --stage -- /home/aditya/dotfiles/.config/waybar/config.jsonc [23ms]
2025-01-31 02:44:03.676 [info] > git cat-file -s 0eb751aef209500033849b200bee53517b68ef07 [17ms]
2025-01-31 02:44:03.776 [info] > git show --textconv :.config/waybar/config.jsonc [52ms]
2025-01-31 02:44:04.132 [info] > git show --textconv HEAD:.config/waybar/config.jsonc [44ms]
2025-01-31 02:44:04.137 [info] > git ls-tree -l HEAD -- /home/aditya/dotfiles/.config/waybar/config.jsonc [7ms]
2025-01-31 02:44:17.391 [info] > git for-each-ref --format=%(refname)%00%(upstream:short)%00%(objectname)%00%(upstream:track)%00%(upstream:remotename)%00%(upstream:remoteref) refs/heads/master refs/remotes/master [8ms]
2025-01-31 02:44:17.392 [info] > git config --get commit.template [50ms]
2025-01-31 02:44:17.482 [info] > git status -z -uall [47ms]
2025-01-31 02:44:17.487 [info] > git for-each-ref --sort -committerdate --format %(refname) %(objectname) %(*objectname) [8ms]
2025-01-31 02:44:17.680 [info] > git ls-files --stage -- /home/aditya/dotfiles/.config/waybar/config.jsonc [50ms]
2025-01-31 02:44:17.721 [info] > git merge-base refs/heads/master refs/remotes/origin/master [139ms]
2025-01-31 02:44:17.765 [info] > git blame --root --incremental 1734be41775ae5fc957baffced006f12b4770451 -- /home/aditya/dotfiles/.config/waybar/config.jsonc [225ms]
2025-01-31 02:44:17.779 [info] > git diff --name-status -z --diff-filter=ADMR 71f5663938f145258f20e8f7efc10e2454d2430a...refs/remotes/origin/master [14ms]
2025-01-31 02:44:17.781 [info] > git cat-file -s 0eb751aef209500033849b200bee53517b68ef07 [60ms]
2025-01-31 02:44:17.782 [info] > git ls-tree -l HEAD -- /home/aditya/dotfiles/.config/waybar/config.jsonc [108ms]
2025-01-31 02:44:17.883 [info] > git show --textconv :.config/waybar/config.jsonc [45ms]
2025-01-31 02:44:17.888 [info] > git show --textconv HEAD:.config/waybar/config.jsonc [6ms]
2025-01-31 02:44:45.721 [info] > git config --get commit.template [46ms]
2025-01-31 02:44:45.723 [info] > git for-each-ref --format=%(refname)%00%(upstream:short)%00%(objectname)%00%(upstream:track)%00%(upstream:remotename)%00%(upstream:remoteref) refs/heads/master refs/remotes/master [6ms]
2025-01-31 02:44:45.813 [info] > git status -z -uall [47ms]
2025-01-31 02:44:45.814 [info] > git for-each-ref --sort -committerdate --format %(refname) %(objectname) %(*objectname) [6ms]
2025-01-31 02:44:45.869 [info] > git merge-base refs/heads/master refs/remotes/origin/master [6ms]
2025-01-31 02:44:45.969 [info] > git ls-files --stage -- /home/aditya/dotfiles/.config/waybar/config.jsonc [8ms]
2025-01-31 02:44:46.014 [info] > git diff --name-status -z --diff-filter=ADMR 1734be41775ae5fc957baffced006f12b4770451...refs/remotes/origin/master [103ms]
2025-01-31 02:44:46.023 [info] > git cat-file -s 0eb751aef209500033849b200bee53517b68ef07 [10ms]
2025-01-31 02:44:46.078 [info] > git show --textconv :.config/waybar/config.jsonc [5ms]
